Scenario - opto_replant
Logfile written - 11/11/2014 11:32:59

Subject	Trial	Event Type	Code	Time	TTime	Uncertainty	Duration	Uncertainty	ReqTime	ReqDur	Stim Type	Pair Index

03_36	1	Picture	begin	333	0	1	7142055	184	0	next	other	0
03_36	1	Response	6	4027718	4027385	2
03_36	1	Response	8	4029598	4029265	2
03_36	1	Response	6	4041948	4041615	2
03_36	1	Response	5	4042108	4041775	2
03_36	1	Response	7	4054398	4054065	2
03_36	1	Response	8	4054778	4054445	2
03_36	1	Response	6	4221535	4221202	2
03_36	1	Response	5	4222785	4222452	1
03_36	1	Response	7	4236255	4235922	1
03_36	1	Response	8	4236325	4235992	1
03_36	1	Response	5	4397222	4396889	1
03_36	1	Response	6	4399772	4399439	1
03_36	1	Response	7	4453591	4453258	1
03_36	1	Response	8	4453661	4453328	1
03_36	1	Response	6	4459910	4459577	2
03_36	1	Response	5	4460540	4460207	2
03_36	1	Response	7	4502900	4502567	1
03_36	1	Response	8	4503200	4502867	1
03_36	1	Response	6	4661427	4661094	2
03_36	1	Response	5	4662477	4662144	1
03_36	1	Response	8	4662747	4662414	1
03_36	1	Response	6	4665377	4665044	1
03_36	1	Response	8	4668616	4668283	2
03_36	1	Response	7	4669007	4668674	2
03_36	1	Response	6	4671157	4670824	1
03_36	1	Response	5	4671577	4671244	1
03_36	1	Response	7	4671667	4671334	1
03_36	1	Response	5	4671977	4671644	1
03_36	1	Response	8	4676657	4676324	1
03_36	1	Response	7	4676816	4676483	2
03_36	1	Response	6	4679206	4678873	2
03_36	1	Response	8	4681946	4681613	2
03_36	1	Response	5	4682606	4682273	2
03_36	1	Response	6	4683626	4683293	2
03_36	1	Response	7	4705096	4704763	2
03_36	1	Response	8	4706086	4705753	2
03_36	1	Response	6	4711666	4711333	2
03_36	1	Response	5	4711886	4711553	2
03_36	1	Response	7	4714826	4714493	2
03_36	1	Response	8	4715156	4714823	2
03_36	1	Response	6	4716596	4716263	1
03_36	1	Response	5	4717116	4716783	1
03_36	1	Response	8	4719176	4718843	2
03_36	1	Response	7	4719546	4719213	1
03_36	1	Response	6	4721196	4720863	1
03_36	1	Response	5	4721276	4720943	1
03_36	1	Response	8	4728716	4728383	1
03_36	1	Response	7	4728796	4728463	1
03_36	1	Response	6	4816444	4816111	2
03_36	1	Response	8	4819614	4819281	2
03_36	1	Response	5	4828964	4828631	1
03_36	1	Response	7	4844203	4843870	2
03_36	1	Response	5	4848163	4847830	2
03_36	1	Response	7	4848253	4847920	2
03_36	1	Response	5	4848823	4848490	2
03_36	1	Response	7	4849643	4849310	2
03_36	1	Response	5	4851093	4850760	2
03_36	1	Response	7	4855043	4854710	2
03_36	1	Response	5	4857233	4856900	2
03_36	1	Response	7	4857873	4857540	2
03_36	1	Response	5	4860743	4860410	2
03_36	1	Response	7	4867793	4867460	2
03_36	1	Response	6	4871333	4871000	2
03_36	1	Response	5	4871343	4871010	2
03_36	1	Response	8	4880743	4880410	2
03_36	1	Response	6	4939732	4939399	1
03_36	1	Response	8	4946312	4945979	1
03_36	1	Response	7	4949652	4949319	1
03_36	1	Response	5	5138658	5138325	2
03_36	1	Response	6	5141568	5141235	2
03_36	1	Response	8	5188907	5188574	2
03_36	1	Response	6	5233376	5233043	2
03_36	1	Response	7	5277686	5277353	1
03_36	1	Response	8	5278456	5278123	1
03_36	1	Response	6	5708328	5707995	2
03_36	1	Response	5	5708488	5708155	1
03_36	1	Response	7	5710028	5709695	1
03_36	1	Response	8	5710568	5710235	1
03_36	1	Response	5	5711228	5710895	2
03_36	1	Response	6	5711688	5711355	1
03_36	1	Response	8	5724877	5724544	2
03_36	1	Response	7	5813976	5813643	2
03_36	1	Response	6	5928664	5928331	2
03_36	1	Response	5	5929784	5929451	2
03_36	1	Response	8	5951753	5951420	2
03_36	1	Response	6	5990423	5990090	2
03_36	1	Response	8	5993583	5993250	1
03_36	1	Response	6	5993802	5993469	2
03_36	1	Response	8	6001262	6000929	2
03_36	1	Response	7	6002102	6001769	2
03_36	1	Response	5	6316447	6316114	1
03_36	1	Response	6	6316927	6316594	1
03_36	1	Response	7	6326766	6326433	2
03_36	1	Response	8	6326766	6326433	2
03_36	1	Response	6	6329556	6329223	2
03_36	1	Response	5	6330156	6329823	2
03_36	1	Response	7	6332756	6332423	2
03_36	1	Response	8	6332776	6332443	2
03_36	1	Response	6	6334396	6334063	2
03_36	1	Response	5	6334736	6334403	2
03_36	1	Response	8	6336566	6336233	2
03_36	1	Response	7	6336716	6336383	2
03_36	1	Response	6	6338236	6337903	2
03_36	1	Response	5	6338486	6338153	2
03_36	1	Response	7	6339236	6338903	2
03_36	1	Response	8	6339396	6339063	2
03_36	1	Response	6	6341556	6341223	2
03_36	1	Response	5	6341636	6341303	2
03_36	1	Response	7	6341936	6341603	2
03_36	1	Response	8	6343516	6343183	2
03_36	1	Response	6	6353076	6352743	2
03_36	1	Response	5	6353366	6353033	2
03_36	1	Response	7	6363866	6363533	1
03_36	1	Response	8	6363936	6363603	1
03_36	1	Response	6	6732139	6731806	2
03_36	1	Response	5	6732589	6732256	2
03_36	1	Response	8	6732589	6732256	2
03_36	1	Response	6	6737659	6737326	2
03_36	1	Response	8	6740889	6740556	2
03_36	1	Response	7	6741289	6740956	2
03_36	1	Response	6	6744279	6743946	2
03_36	1	Response	5	6745969	6745636	1
03_36	1	Response	7	6797498	6797165	2
03_36	1	Response	8	6798338	6798005	2
03_36	1	Response	6	6804838	6804505	1
03_36	1	Response	8	6812658	6812325	1
03_36	1	Response	6	6819247	6818914	2
03_36	1	Response	8	6821447	6821114	2
03_36	1	Response	6	6852967	6852634	2
03_36	1	Response	5	6877806	6877473	2
03_36	1	Response	8	6879016	6878683	2
03_36	1	Response	7	6881476	6881143	2
03_36	1	Response	6	6883046	6882713	2
03_36	1	Response	8	6884166	6883833	2
03_36	1	Response	6	6888506	6888173	2
03_36	1	Response	5	6889126	6888793	2
03_36	1	Response	7	6895446	6895113	2
03_36	1	Response	5	6912966	6912633	2
03_36	1	Response	7	6965995	6965662	2
03_36	1	Response	8	6966385	6966052	1
03_36	1	Response	6	6980695	6980362	1
03_36	1	Response	5	6980745	6980412	1
03_36	1	Response	7	6986014	6985681	2
03_36	1	Response	8	6986204	6985871	2
03_36	1	Response	6	7084553	7084220	1
03_36	1	Response	5	7084693	7084360	1
03_36	1	Response	9	7142332	7141999	1
03_36	1	Response	9	7142334	7142001	20
03_36	2	Picture	loadClose	7142388	0	183	155647	184	0	next	other	0
03_36	2	Response	9	7297879	155491	2
03_36	3	Picture	view	7298035	0	1	12980	187	0	next	other	0
03_36	3	Response	8	7310939	12904	1
03_36	4	Picture	move	7311015	0	186	50172	188	0	next	other	0
03_36	5	Picture	check	7361187	0	2	16330	4	0	next	other	0
03_36	5	Response	6	7376567	15380	2
03_36	5	Response	8	7377377	16190	2
03_36	6	Picture	wrongHand	7377517	0	2	1666	4	0	next	false_alarm	159
03_36	6	Response	6	7378987	1470	2
03_36	7	Picture	loadClose	7379183	0	2	108476	3	0	next	other	0
03_36	7	Response	9	7487535	108352	2
03_36	8	Picture	view	7487659	0	1	8312	189	0	next	other	0
03_36	8	Response	8	7495905	8246	2
03_36	9	Picture	move	7495971	0	188	46509	189	0	next	other	0
03_36	9	Response	6	7542314	46343	2
03_36	10	Picture	check	7542480	0	1	445901	2	0	next	other	0
03_36	10	Response	7	7988336	445856	2
03_36	11	Picture	wrongHand	7988381	0	1	9331	2	0	next	false_alarm	169
03_36	11	Response	8	7988516	135	2
03_36	11	Response	2	7989266	885	3
03_36	11	Response	6	7996306	7925	2
03_36	11	Response	5	7997626	9245	2
03_36	12	Picture	loadClose	7997712	0	1	1666	2	0	next	other	0
03_36	12	Response	8	7999276	1564	2
03_36	13	Picture	wrongHand	7999378	0	1	2484	184	0	next	false_alarm	176
03_36	13	Response	7	7999546	168	2
03_36	13	Response	6	8001816	2438	2
03_36	14	Picture	loadClose	8001862	0	183	89496	184	0	next	other	0
03_36	14	Response	5	8002406	544	2
03_36	14	Response	9	8091194	89332	2
03_36	15	Picture	view	8091358	0	1	11982	184	0	next	other	0
03_36	15	Response	8	8103254	11896	2
03_36	16	Picture	move	8103340	0	183	44838	184	0	next	other	0
03_36	16	Response	6	8148143	44803	2
03_36	17	Picture	check	8148178	0	1	3499	3	0	next	other	0
03_36	17	Response	2	8151503	3325	3
03_36	18	Picture	loadClose	8151677	0	2	64819	3	0	next	other	0
03_36	18	Response	9	8216422	64745	2
03_36	19	Picture	view	8216496	0	1	10831	3	0	next	other	0
03_36	19	Response	8	8227192	10696	2
03_36	20	Picture	move	8227327	0	2	40158	3	0	next	other	0
03_36	20	Response	2	8246541	19214	3
03_36	20	Response	6	8267271	39944	2
03_36	21	Picture	loadClose	8267485	0	1	82981	2	0	next	other	0
03_36	21	Response	9	8350350	82865	1
03_36	22	Picture	view	8350466	0	1	8332	2	0	next	other	0
03_36	22	Response	8	8358589	8123	2
03_36	23	Picture	move	8358798	0	1	44157	2	0	next	other	0
03_36	23	Response	6	8402829	44031	1
03_36	24	Picture	check	8402955	0	1	1166	2	0	next	other	0
03_36	24	Response	2	8403979	1024	2
03_36	25	Picture	loadClose	8404121	0	1	117140	3	0	next	other	0
03_36	25	Response	8	8521126	117005	2
03_36	26	Picture	wrongHand	8521261	0	2	56306	185	0	next	false_alarm	205
03_36	26	Response	7	8522156	895	2
03_36	26	Response	6	8577515	56254	2
03_36	27	Picture	loadClose	8577567	0	183	52170	184	0	next	other	0
03_36	27	Response	5	8580335	2768	2
03_36	27	Response	8	8629584	52017	2
03_36	28	Picture	wrongHand	8629737	0	1	26161	2	0	next	false_alarm	211
03_36	28	Response	7	8631174	1437	2
03_36	28	Response	6	8655814	26077	2
03_36	29	Picture	loadClose	8655898	0	1	59	610	0	next	other	0
03_36	29	Response	8	8655954	56	2
03_36	30	Picture	wrongHand	8655957	0	609	3274	610	0	next	false_alarm	216
03_36	30	Response	6	8659084	3127	2
03_36	31	Picture	loadClose	8659231	0	1	26827	2	0	next	other	0
03_36	31	Response	5	8663244	4013	2
03_36	31	Response	8	8685903	26672	2
03_36	32	Picture	wrongHand	8686058	0	1	833	2	0	next	false_alarm	221
03_36	32	Response	6	8686713	655	2
03_36	33	Picture	loadClose	8686891	0	1	667	2	0	next	other	0
03_36	33	Response	8	8687493	602	2
03_36	34	Picture	wrongHand	8687558	0	1	1665	3	0	next	false_alarm	225
03_36	34	Response	6	8689003	1445	2
03_36	35	Picture	loadClose	8689223	0	2	42991	3	0	next	other	0
03_36	35	Response	8	8732103	42880	1
03_36	36	Picture	wrongHand	8732214	0	1	3999	3	0	next	false_alarm	229
03_36	36	Response	7	8734513	2299	1
03_36	36	Response	6	8736013	3799	1
03_36	37	Picture	loadClose	8736213	0	2	18163	3	0	next	other	0
03_36	37	Response	5	8738962	2749	2
03_36	37	Response	8	8754292	18079	2
03_36	38	Picture	wrongHand	8754376	0	1	65152	2	0	next	false_alarm	235
03_36	38	Response	7	8816731	62355	2
03_36	38	Response	6	8819411	65035	2
03_36	39	Picture	loadClose	8819528	0	1	31992	3	0	next	other	0
03_36	39	Response	5	8820681	1153	2
03_36	39	Response	8	8851460	31932	2
03_36	40	Picture	wrongHand	8851520	0	2	2334	3	0	next	false_alarm	241
03_36	40	Response	6	8853770	2250	2
03_36	41	Picture	loadClose	8853854	0	1	8998	2	0	next	other	0
03_36	41	Response	8	8862830	8976	2
03_36	42	Picture	wrongHand	8862852	0	1	2999	2	0	next	false_alarm	245
03_36	42	Response	6	8865710	2858	2
03_36	43	Picture	loadClose	8865851	0	1	285270	2	0	next	other	0
03_36	43	Response	9	9150955	285104	2
03_36	44	Picture	view	9151121	0	1	12496	3	0	next	other	0
03_36	44	Response	8	9163415	12294	1
03_36	45	Picture	move	9163617	0	2	43272	222	0	next	other	0
03_36	45	Response	2	9184126	20509	1
03_36	45	Response	6	9206844	43227	2
03_36	46	Picture	loadClose	9206889	0	220	259661	221	0	next	other	0
03_36	46	Response	9	9466469	259580	2
03_36	47	Picture	view	9466550	0	1	7832	2	0	next	other	0
03_36	47	Response	8	9474199	7649	2
03_36	48	Picture	move	9474382	0	1	44156	3	0	next	other	0
03_36	48	Response	2	9498679	24297	2
03_36	48	Response	6	9518328	43946	2
03_36	49	Picture	loadClose	9518538	0	2	40158	3	0	next	other	0
03_36	49	Response	8	9558638	40100	1
03_36	50	Picture	wrongHand	9558696	0	1	3333	2	0	next	false_alarm	263
03_36	50	Response	6	9561887	3191	2
03_36	51	Picture	loadClose	9562029	0	1	4332	2	0	next	other	0
03_36	51	Response	8	9566307	4278	2
03_36	52	Picture	wrongHand	9566361	0	1	3833	2	0	next	false_alarm	267
03_36	52	Response	6	9570107	3746	2
03_36	53	Picture	loadClose	9570194	0	1	22661	2	0	next	other	0
03_36	53	Response	9	9592797	22603	2
03_36	54	Picture	view	9592855	0	1	5832	3	0	next	other	0
03_36	54	Response	8	9598567	5712	2
03_36	55	Picture	move	9598687	0	2	50156	3	0	next	other	0
03_36	55	Response	2	9631796	33109	3
03_36	56	Picture	loadClose	9648843	0	1	65318	3	0	next	other	0
03_36	56	Response	6	9648936	93	2
03_36	56	Response	9	9714015	65172	2
03_36	57	Picture	view	9714161	0	2	7332	3	0	next	other	0
03_36	57	Response	8	9721275	7114	1
03_36	58	Picture	move	9721493	0	1	40108	219	0	next	other	0
03_36	58	Response	2	9746994	25501	3
03_36	58	Response	6	9761554	40061	2
03_36	59	Picture	loadClose	9761601	0	218	205670	220	0	next	other	0
03_36	59	Response	9	9967180	205579	2
03_36	60	Picture	view	9967271	0	2	7832	3	0	next	other	0
03_36	60	Response	8	9974860	7589	2
03_36	61	Picture	move	9975103	0	1	47823	2	0	next	other	0
03_36	61	Response	2	9997070	21967	2
03_36	61	Response	6	10022739	47636	2
03_36	62	Picture	loadClose	10022926	0	1	69151	2	0	next	other	0
03_36	62	Response	9	10092058	69132	2
03_36	63	Picture	view	10092077	0	1	13664	2	0	next	other	0
03_36	63	Response	9	10092078	1	2
03_36	63	Response	8	10105618	13541	1
03_36	64	Picture	move	10105741	0	1	45623	202	0	next	other	0
03_36	64	Response	6	10151337	45596	2
03_36	65	Picture	check	10151364	0	201	7865	202	0	next	other	0
03_36	65	Response	2	10159147	7783	2
03_36	66	Picture	loadClose	10159229	0	1	63485	2	0	next	other	0
03_36	66	Response	9	10222595	63366	2
03_36	67	Picture	view	10222714	0	1	9151	183	0	next	other	0
03_36	67	Response	8	10231785	9071	2
03_36	68	Picture	move	10231865	0	182	46837	183	0	next	other	0
03_36	68	Response	2	10265545	33680	2
03_36	68	Response	6	10278574	46709	2
03_36	69	Picture	loadClose	10278702	0	1	84981	3	0	next	other	0
03_36	69	Response	9	10363633	84931	2
03_36	70	Picture	view	10363683	0	2	5665	3	0	next	other	0
03_36	70	Response	7	10369293	5610	2
03_36	71	Picture	wrongHand	10369348	0	1	249278	2	0	next	false_alarm	310
03_36	71	Response	8	10370593	1245	1
03_36	71	Response	2	10394342	24994	3
03_36	71	Response	6	10410962	41614	2
03_36	71	Response	8	10423152	53804	2
03_36	71	Response	6	10424632	55284	1
03_36	71	Response	8	10427182	57834	1
03_36	71	Response	6	10428552	59204	1
03_36	71	Response	8	10429442	60094	1
03_36	71	Response	6	10431012	61664	1
03_36	71	Response	8	10431672	62324	1
03_36	71	Response	6	10433232	63884	2
03_36	71	Response	8	10434002	64654	1
03_36	71	Response	6	10435482	66134	1
03_36	71	Response	8	10457041	87693	2
03_36	71	Response	6	10460901	91553	2
03_36	71	Response	8	10462991	93643	2
03_36	71	Response	6	10464741	95393	2
03_36	71	Response	8	10466111	96763	2
03_36	71	Response	6	10467831	98483	2
03_36	71	Response	8	10483801	114453	1
03_36	71	Response	6	10485291	115943	1
03_36	71	Response	9	10486981	117633	2
03_36	71	Response	8	10490531	121183	1
03_36	71	Response	6	10492191	122843	2
03_36	71	Response	8	10501030	131682	2
03_36	71	Response	6	10504350	135002	2
03_36	71	Response	8	10507320	137972	2
03_36	71	Response	6	10514770	145422	2
03_36	71	Response	8	10516480	147132	2
03_36	71	Response	6	10518150	148802	2
03_36	71	Response	8	10544930	175582	1
03_36	71	Response	5	10618528	249180	2
03_36	72	Picture	loadClose	10618626	0	1	5332	2	0	next	other	0
03_36	72	Response	6	10622598	3972	2
03_36	72	Response	8	10623838	5212	2
03_36	73	Picture	wrongHand	10623958	0	1	3832	3	0	next	false_alarm	346
03_36	73	Response	6	10627588	3630	2
03_36	74	Picture	loadClose	10627790	0	2	233115	3	0	next	other	0
03_36	74	Response	7	10860854	233064	2
03_36	75	Picture	wrongHand	10860905	0	1	3315	186	0	next	false_alarm	350
03_36	75	Response	5	10864174	3269	2
03_36	76	Picture	loadClose	10864220	0	185	62004	186	0	next	other	0
03_36	76	Response	9	10926123	61903	1
03_36	77	Picture	view	10926224	0	1	6165	2	0	next	other	0
03_36	77	Response	8	10932273	6049	1
03_36	78	Picture	move	10932389	0	1	36992	2	0	next	other	0
03_36	78	Response	2	10962172	29783	3
03_36	78	Response	6	10969162	36773	2
03_36	79	Picture	loadClose	10969381	0	1	97311	3	0	next	other	0
03_36	79	Response	9	11066650	97269	2
03_36	80	Picture	view	11066692	0	2	7165	4	0	next	other	0
03_36	80	Response	8	11073730	7038	2
03_36	81	Picture	move	11073857	0	2	37325	4	0	next	other	0
03_36	81	Response	2	11100889	27032	3
03_36	81	Response	6	11110969	37112	2
03_36	82	Picture	loadClose	11111182	0	2	226783	4	0	next	other	0
03_36	82	Response	9	11337815	226633	2
03_36	83	Picture	view	11337965	0	2	8665	3	0	next	other	0
03_36	83	Response	8	11346415	8450	2
03_36	84	Picture	move	11346630	0	1	41626	200	0	next	other	0
03_36	84	Response	2	11378484	31854	3
03_36	84	Response	6	11388214	41584	2
03_36	85	Picture	loadClose	11388256	0	199	172326	200	0	next	other	0
03_36	85	Response	9	11560411	172155	2
03_36	86	Picture	view	11560582	0	1	6832	2	0	next	other	0
03_36	86	Response	8	11567191	6609	2
03_36	87	Picture	move	11567414	0	1	41657	2	0	next	other	0
03_36	87	Response	2	11592720	25306	3
03_36	87	Response	6	11608890	41476	2
03_36	88	Picture	loadClose	11609071	0	1	159298	2	0	next	other	0
03_36	88	Response	9	11768257	159186	2
03_36	89	Picture	view	11768369	0	1	8831	3	0	next	other	0
03_36	89	Response	8	11777007	8638	2
03_36	90	Picture	move	11777200	0	2	41491	3	0	next	other	0
03_36	90	Response	2	11807757	30557	2
03_36	90	Response	6	11818566	41366	2
03_36	91	Picture	loadClose	11818691	0	1	63652	2	0	next	other	0
03_36	91	Response	9	11882225	63534	2
03_36	92	Picture	view	11882343	0	1	7999	2	0	next	other	0
03_36	92	Response	8	11890185	7842	2
03_36	93	Picture	move	11890342	0	1	36325	2	0	next	other	0
03_36	93	Response	6	11926484	36142	2
03_36	94	Picture	check	11926667	0	1	3999	2	0	next	other	0
03_36	94	Response	2	11930474	3807	3
03_36	95	Picture	loadClose	11930666	0	1	52155	2	0	next	other	0
03_36	95	Response	7	11982733	52067	2
03_36	96	Picture	wrongHand	11982821	0	1	3999	2	0	next	false_alarm	397
03_36	96	Response	5	11986743	3922	2
03_36	97	Picture	loadClose	11986820	0	1	25494	2	0	next	other	0
03_36	97	Response	9	12012283	25463	2
03_36	98	Picture	view	12012314	0	1	8998	3	0	next	other	0
03_36	98	Response	8	12021063	8749	1
03_36	99	Picture	move	12021312	0	2	35159	3	0	next	other	0
03_36	99	Response	2	12053992	32680	3
03_36	99	Response	6	12056312	35000	2
03_36	100	Picture	loadClose	12056471	0	1	71984	2	0	next	other	0
03_36	100	Response	9	12128371	71900	1
03_36	101	Picture	view	12128455	0	1	9831	2	0	next	other	0
03_36	101	Response	8	12138101	9646	1
03_36	102	Picture	move	12138286	0	1	36097	230	0	next	other	0
03_36	102	Response	2	12171270	32984	2
03_36	102	Response	6	12174340	36054	2
03_36	103	Picture	loadClose	12174383	0	229	78877	231	0	next	other	0
03_36	103	Response	9	12253188	78805	2
03_36	104	Picture	view	12253260	0	2	14997	3	0	next	other	0
03_36	104	Response	8	12268018	14758	2
03_36	105	Picture	move	12268257	0	1	44323	3	0	next	other	0
03_36	105	Response	2	12292548	24291	2
03_36	105	Response	6	12312387	44130	2
03_36	106	Picture	loadClose	12312580	0	2	64653	3	0	next	other	0
03_36	106	Response	9	12377196	64616	2
03_36	107	Picture	view	12377233	0	1	6641	193	0	next	other	0
03_36	107	Response	8	12383786	6553	2
03_36	108	Picture	move	12383874	0	192	37464	411	0	next	other	0
03_36	108	Response	2	12412866	28992	2
03_36	108	Response	6	12421295	37421	2
03_36	109	Picture	loadClose	12421338	0	219	79867	220	0	next	other	0
03_36	109	Response	9	12501084	79746	2
03_36	110	Picture	view	12501205	0	1	16496	3	0	next	other	0
03_36	110	Response	8	12517454	16249	1
03_36	111	Picture	move	12517701	0	2	2833	3	0	next	other	0
03_36	111	Response	7	12520454	2753	1
03_36	112	Picture	wrongHand	12520534	0	1	3333	2	0	next	false_alarm	433
03_36	112	Response	5	12523673	3139	2
03_36	113	Picture	loadClose	12523867	0	1	161630	2	0	next	other	0
03_36	113	Response	2	12525823	1956	3
03_36	113	Response	6	12582392	58525	2
03_36	113	Response	9	12685431	161564	1
03_36	114	Picture	view	12685497	0	1	6665	3	0	next	other	0
03_36	114	Response	8	12692070	6573	2
03_36	115	Picture	move	12692162	0	2	34811	185	0	next	other	0
03_36	115	Response	6	12726940	34778	2
03_36	116	Picture	check	12726973	0	183	848	184	0	next	other	0
03_36	116	Response	2	12727740	767	2
03_36	117	Picture	loadClose	12727821	0	1	40658	2	0	next	other	0
03_36	117	Response	8	12768359	40538	2
03_36	118	Picture	wrongHand	12768479	0	1	88147	2	0	next	false_alarm	447
03_36	118	Response	7	12768819	340	2
03_36	118	Response	5	12854587	86108	2
03_36	118	Response	6	12856477	87998	2
03_36	119	Picture	loadClose	12856626	0	1	31992	3	0	next	other	0
03_36	119	Response	9	12888517	31891	2
03_36	120	Picture	view	12888618	0	2	4333	3	0	next	other	0
03_36	120	Response	8	12892807	4189	2
03_36	121	Picture	move	12892951	0	1	32493	2	0	next	other	0
03_36	121	Response	2	12920376	27425	3
03_36	121	Response	6	12925316	32365	2
03_36	122	Picture	loadClose	12925444	0	1	69484	2	0	next	other	0
03_36	122	Response	9	12994875	69431	2
03_36	123	Picture	view	12994928	0	1	7332	2	0	next	other	0
03_36	123	Response	8	13002135	7207	2
03_36	124	Picture	move	13002260	0	1	36158	2	0	next	other	0
03_36	124	Response	2	13029974	27714	3
03_36	124	Response	6	13038234	35974	2
03_36	125	Picture	loadClose	13038418	0	1	85481	2	0	next	other	0
03_36	125	Response	9	13123783	85365	1
03_36	126	Picture	view	13123899	0	1	7499	2	0	next	other	0
03_36	126	Response	8	13131202	7303	2
03_36	127	Picture	move	13131398	0	1	33492	2	0	next	other	0
03_36	127	Response	2	13158772	27374	2
03_36	127	Response	6	13164832	33434	2
03_36	128	Picture	endBlock	13164890	0	1	30160	2	0	next	other	0
03_36	128	Response	8	13173242	8352	1
03_36	128	Response	6	13174902	10012	1
03_36	128	Response	8	13176292	11402	1
03_36	128	Response	6	13177932	13042	1
03_36	128	Response	8	13178752	13862	1
03_36	128	Response	6	13180442	15552	1
03_36	128	Response	8	13183731	18841	2
03_36	128	Response	6	13185391	20501	2
03_36	128	Response	8	13185871	20981	2
03_36	128	Response	6	13187571	22681	3
03_36	128	Response	8	13188001	23111	2
03_36	128	Response	6	13189621	24731	2
03_36	128	Response	8	13193701	28811	2
03_36	128	Response	7	13194801	29911	2
03_36	129	Picture	begin	13195050	0	1	411241	2	0	next	other	0
03_36	129	Response	5	13215641	20591	2
03_36	129	Response	6	13215921	20871	2
03_36	129	Response	8	13218391	23341	2
03_36	129	Response	7	13218491	23441	2
03_36	129	Response	5	13260800	65750	2
03_36	129	Response	7	13261610	66560	2
03_36	129	Response	5	13263010	67960	2
03_36	129	Response	6	13263320	68270	2
03_36	129	Response	7	13265120	70070	2
03_36	129	Response	5	13266530	71480	2
03_36	129	Response	7	13284850	89800	2
03_36	129	Response	8	13287350	92300	1
03_36	129	Response	6	13291620	96570	1
03_36	129	Response	5	13292010	96960	1
03_36	129	Response	7	13298939	103889	2
03_36	129	Response	8	13302709	107659	2
03_36	129	Response	5	13450397	255347	1
03_36	129	Response	7	13451297	256247	1
03_36	129	Response	6	13453367	258317	2
03_36	129	Response	5	13453577	258527	1
03_36	129	Response	8	13515615	320565	2
03_36	129	Response	6	13518315	323265	2
03_36	129	Response	8	13524545	329495	2
03_36	129	Response	6	13526305	331255	2
03_36	129	Response	7	13564065	369015	1
03_36	129	Response	5	13566884	371834	2
03_36	129	Response	9	13606154	411104	2
03_36	130	Picture	loadClose	13606291	0	1	42491	2	0	next	other	0
03_36	130	Response	9	13648723	42432	2
03_36	131	Picture	view	13648782	0	1	6998	3	0	next	other	0
03_36	131	Response	8	13655643	6861	2
03_36	132	Picture	move	13655780	0	2	27827	4	0	next	other	0
03_36	132	Response	2	13683082	27302	3
03_36	132	Response	6	13683402	27622	2
03_36	133	Picture	loadClose	13683607	0	2	50489	3	0	next	other	0
03_36	133	Response	9	13733971	50364	2
03_36	134	Picture	view	13734096	0	1	8831	3	0	next	other	0
03_36	134	Response	8	13742691	8595	2
03_36	135	Picture	move	13742927	0	2	25495	3	0	next	other	0
03_36	135	Response	2	13761321	18394	2
03_36	135	Response	6	13768211	25284	2
03_36	136	Picture	loadClose	13768422	0	1	5499	2	0	next	other	0
03_36	136	Response	7	13773851	5429	1
03_36	137	Picture	wrongHand	13773921	0	1	27493	3	0	next	false_alarm	531
03_36	137	Response	5	13801270	27349	2
03_36	138	Picture	loadClose	13801414	0	2	39658	3	0	next	other	0
03_36	138	Response	9	13840929	39515	2
03_36	139	Picture	view	13841072	0	1	4999	2	0	next	other	0
03_36	139	Response	8	13845899	4827	2
03_36	140	Picture	move	13846071	0	1	27827	2	0	next	other	0
03_36	140	Response	2	13865319	19248	2
03_36	140	Response	6	13873719	27648	2
03_36	141	Picture	loadClose	13873898	0	1	65652	2	0	next	other	0
03_36	141	Response	9	13939508	65610	1
03_36	142	Picture	view	13939550	0	1	7665	2	0	next	other	0
03_36	142	Response	8	13947038	7488	2
03_36	143	Picture	move	13947215	0	1	25994	2	0	next	other	0
03_36	143	Response	2	13963717	16502	3
03_36	143	Response	6	13972997	25782	2
03_36	144	Picture	loadClose	13973209	0	1	71818	2	0	next	other	0
03_36	144	Response	9	14044976	71767	2
03_36	145	Picture	view	14045027	0	1	6165	2	0	next	other	0
03_36	145	Response	8	14051046	6019	2
03_36	146	Picture	move	14051192	0	1	30993	2	0	next	other	0
03_36	146	Response	2	14078435	27243	3
03_36	146	Response	6	14081985	30793	2
03_36	147	Picture	loadClose	14082185	0	1	78482	3	0	next	other	0
03_36	147	Response	9	14160624	78439	1
03_36	148	Picture	view	14160667	0	2	8499	3	0	next	other	0
03_36	148	Response	8	14168994	8327	2
03_36	149	Picture	move	14169166	0	1	28493	2	0	next	other	0
03_36	149	Response	2	14187073	17907	3
03_36	149	Response	6	14197533	28367	2
03_36	150	Picture	loadClose	14197659	0	1	83648	2	0	next	other	0
03_36	150	Response	9	14281211	83552	2
03_36	151	Picture	view	14281307	0	1	9831	3	0	next	other	0
03_36	151	Response	8	14290971	9664	2
03_36	152	Picture	move	14291138	0	2	30327	3	0	next	other	0
03_36	152	Response	2	14312351	21213	2
03_36	152	Response	6	14321251	30113	1
03_36	153	Picture	loadClose	14321465	0	1	52488	2	0	next	other	0
03_36	153	Response	9	14373920	52455	2
03_36	154	Picture	view	14373953	0	1	9804	196	0	next	other	0
03_36	154	Response	8	14383670	9717	1
03_36	155	Picture	move	14383757	0	195	37186	196	0	next	other	0
03_36	155	Response	2	14407229	23472	3
03_36	155	Response	6	14420759	37002	2
03_36	156	Picture	loadClose	14420943	0	1	50155	3	0	next	other	0
03_36	156	Response	9	14471008	50065	2
03_36	157	Picture	view	14471098	0	2	12331	3	0	next	other	0
03_36	157	Response	8	14483228	12130	2
03_36	158	Picture	move	14483429	0	1	28160	2	0	next	other	0
03_36	158	Response	6	14511447	28018	2
03_36	159	Picture	check	14511589	0	1	6332	2	0	next	other	0
03_36	159	Response	2	14517787	6198	3
03_36	160	Picture	loadClose	14517921	0	1	49655	3	0	next	other	0
03_36	160	Response	9	14567386	49465	2
03_36	161	Picture	view	14567576	0	2	11498	3	0	next	other	0
03_36	161	Response	8	14578906	11330	2
03_36	162	Picture	move	14579074	0	1	28493	3	0	next	other	0
03_36	162	Response	2	14606266	27192	2
03_36	162	Response	6	14607346	28272	1
03_36	163	Picture	loadClose	14607567	0	2	301	203	0	next	other	0
03_36	163	Response	8	14607866	299	1
03_36	164	Picture	wrongHand	14607868	0	201	3199	202	0	next	false_alarm	592
03_36	164	Response	6	14610885	3017	2
03_36	165	Picture	loadClose	14611067	0	1	100477	3	0	next	other	0
03_36	165	Response	9	14711484	100417	1
03_36	166	Picture	view	14711544	0	2	10318	183	0	next	other	0
03_36	166	Response	8	14721783	10239	2
03_36	167	Picture	move	14721862	0	181	30340	182	0	next	other	0
03_36	167	Response	2	14746583	24721	2
03_36	167	Response	6	14752083	30221	2
03_36	168	Picture	loadClose	14752202	0	1	59320	3	0	next	other	0
03_36	168	Response	9	14811502	59300	2
03_36	169	Picture	view	14811522	0	2	12809	191	0	next	other	0
03_36	169	Response	8	14824252	12730	1
03_36	170	Picture	move	14824331	0	189	31848	190	0	next	other	0
03_36	170	Response	2	14843061	18730	3
03_36	170	Response	6	14855981	31650	2
03_36	171	Picture	loadClose	14856179	0	1	73816	3	0	next	other	0
03_36	171	Response	9	14929910	73731	1
03_36	172	Picture	view	14929995	0	2	12664	4	0	next	other	0
03_36	172	Response	8	14942469	12474	2
03_36	173	Picture	move	14942659	0	2	39158	3	0	next	other	0
03_36	173	Response	2	14965459	22800	3
03_36	173	Response	6	14981598	38939	3
03_36	174	Picture	loadClose	14981817	0	1	62819	3	0	next	other	0
03_36	174	Response	9	15044578	62761	1
03_36	175	Picture	view	15044636	0	2	15330	4	0	next	other	0
03_36	175	Response	8	15059857	15221	2
03_36	176	Picture	move	15059966	0	2	33493	3	0	next	other	0
03_36	176	Response	2	15087377	27411	2
03_36	176	Response	6	15093347	33381	1
03_36	177	Picture	loadClose	15093459	0	1	70651	2	0	next	other	0
03_36	177	Response	9	15164015	70556	3
03_36	178	Picture	view	15164110	0	1	12830	3	0	next	other	0
03_36	178	Response	8	15176765	12655	2
03_36	179	Picture	move	15176940	0	2	38658	3	0	next	other	0
03_36	179	Response	2	15205455	28515	2
03_36	179	Response	6	15215534	38594	2
03_36	180	Picture	loadClose	15215598	0	1	53322	2	0	next	other	0
03_36	180	Response	9	15268813	53215	2
03_36	181	Picture	view	15268920	0	1	17163	2	0	next	other	0
03_36	181	Response	8	15285863	16943	2
03_36	182	Picture	move	15286083	0	1	46156	2	0	next	other	0
03_36	182	Response	2	15301613	15530	2
03_36	182	Response	6	15332022	45939	2
03_36	183	Picture	loadClose	15332239	0	1	72984	2	0	next	other	0
03_36	183	Response	9	15405111	72872	2
03_36	184	Picture	view	15405223	0	1	14496	3	0	next	other	0
03_36	184	Response	8	15419531	14308	2
03_36	185	Picture	move	15419719	0	2	40325	3	0	next	other	0
03_36	185	Response	2	15439690	19971	3
03_36	185	Response	6	15459940	40221	2
03_36	186	Picture	loadClose	15460044	0	1	63152	2	0	next	other	0
03_36	186	Response	9	15523059	63015	2
03_36	186	Response	9	15523079	63035	2
03_36	187	Picture	view	15523196	0	1	11164	3	0	next	other	0
03_36	187	Response	8	15534109	10913	1
03_36	188	Picture	move	15534360	0	2	37159	3	0	next	other	0
03_36	188	Response	2	15560008	25648	3
03_36	188	Response	6	15571338	36978	2
03_36	189	Picture	loadClose	15571519	0	1	53488	2	0	next	other	0
03_36	189	Response	9	15624967	53448	2
03_36	190	Picture	view	15625007	0	1	14663	2	0	next	other	0
03_36	190	Response	8	15639527	14520	2
03_36	191	Picture	move	15639670	0	1	30493	2	0	next	other	0
03_36	191	Response	7	15670046	30376	2
03_36	192	Picture	wrongHand	15670163	0	1	39825	2	0	next	false_alarm	657
03_36	192	Response	2	15677126	6963	2
03_36	192	Response	5	15709785	39622	2
03_36	193	Picture	loadClose	15709988	0	1	138302	2	0	next	other	0
03_36	193	Response	6	15713165	3177	2
03_36	193	Response	9	15848123	138135	2
03_36	194	Picture	view	15848290	0	1	10831	2	0	next	other	0
03_36	194	Response	8	15858983	10693	1
03_36	195	Picture	move	15859121	0	1	26328	2	0	next	other	0
03_36	195	Response	2	15880002	20881	3
03_36	195	Response	6	15885242	26121	2
03_36	196	Picture	loadClose	15885449	0	1	30993	2	0	next	other	0
03_36	196	Response	7	15916342	30893	1
03_36	197	Picture	wrongHand	15916442	0	1	2499	2	0	next	false_alarm	670
03_36	197	Response	5	15918802	2360	1
03_36	198	Picture	loadClose	15918941	0	1	23328	2	0	next	other	0
03_36	198	Response	9	15942191	23250	2
03_36	199	Picture	view	15942269	0	1	8332	2	0	next	other	0
03_36	199	Response	8	15950451	8182	2
03_36	200	Picture	move	15950601	0	1	26494	2	0	next	other	0
03_36	200	Response	2	15975681	25080	2
03_36	200	Response	6	15977001	26400	1
03_36	201	Picture	loadClose	15977095	0	1	53821	2	0	next	other	0
03_36	201	Response	9	16030850	53755	2
03_36	202	Picture	view	16030916	0	1	7832	2	0	next	other	0
03_36	202	Response	8	16038589	7673	2
03_36	203	Picture	move	16038748	0	1	36973	187	0	next	other	0
03_36	203	Response	2	16064159	25411	2
03_36	203	Response	6	16075679	36931	2
03_36	204	Picture	loadClose	16075721	0	186	41176	187	0	next	other	0
03_36	204	Response	9	16116768	41047	2
03_36	205	Picture	view	16116897	0	1	8165	2	0	next	other	0
03_36	205	Response	8	16124908	8011	2
03_36	206	Picture	move	16125062	0	1	32492	3	0	next	other	0
03_36	206	Response	6	16157357	32295	2
03_36	207	Picture	check	16157554	0	2	2500	3	0	next	other	0
03_36	207	Response	2	16159997	2443	3
03_36	208	Picture	loadClose	16160054	0	1	47989	2	0	next	other	0
03_36	208	Response	9	16207956	47902	2
03_36	209	Picture	view	16208043	0	1	17473	193	0	next	other	0
03_36	209	Response	8	16225446	17403	2
03_36	210	Picture	move	16225516	0	192	35682	193	0	next	other	0
03_36	210	Response	2	16252156	26640	2
03_36	210	Response	6	16260965	35449	2
03_36	211	Picture	loadClose	16261198	0	1	60820	2	0	next	other	0
03_36	211	Response	9	16321914	60716	2
03_36	212	Picture	view	16322018	0	1	10997	3	0	next	other	0
03_36	212	Response	8	16332774	10756	2
03_36	213	Picture	move	16333015	0	2	37658	4	0	next	other	0
03_36	213	Response	2	16360954	27939	2
03_36	213	Response	6	16370523	37508	2
03_36	214	Picture	endBlock	16370673	0	2	30160	4	0	next	other	0
03_36	214	Response	8	16377773	7100	2
03_36	214	Response	6	16379433	8760	2
03_36	214	Response	7	16381833	11160	2
03_36	214	Response	8	16383173	12500	2
03_36	215	Picture	begin	16400833	0	2	5945338	3	0	next	other	0
03_36	215	Response	5	18897747	2496914	2
03_36	215	Response	7	18898327	2497494	2
03_36	215	Response	5	20642736	4241903	1
03_36	215	Response	7	20655685	4254852	2
03_36	215	Response	6	20696145	4295312	1
03_36	215	Response	5	20696695	4295862	1
03_36	215	Response	8	20699275	4298442	1
03_36	215	Response	7	20699505	4298672	1
03_36	215	Response	5	20873621	4472788	2
03_36	215	Response	7	20880561	4479728	2
03_36	215	Response	5	20921620	4520787	2
03_36	215	Response	7	20991859	4591026	2
03_36	215	Response	5	21030208	4629375	2
03_36	215	Response	7	21087447	4686614	2
03_36	215	Response	5	21147796	4746963	2
03_36	215	Response	7	21174066	4773233	2
03_36	215	Response	5	21395302	4994469	2
03_36	215	Response	7	21403842	5003009	1
03_36	215	Response	5	21464281	5063448	1
03_36	215	Response	7	21469670	5068837	2
03_36	215	Response	5	21504200	5103367	2
03_36	215	Response	7	21520610	5119777	1
03_36	215	Response	5	21546969	5146136	2
03_36	215	Response	6	21557039	5156206	2
03_36	215	Response	8	21752635	5351802	2
03_36	215	Response	7	21818804	5417971	2
03_36	215	Response	6	22190387	5789554	2
03_36	215	Response	5	22190907	5790074	2
03_36	215	Response	9	22346044	5945211	2
03_36	216	Picture	loadClose	22346171	0	1	126805	2	0	next	other	0
03_36	216	Response	9	22472812	126641	2
03_36	216	Response	9	22472842	126671	2
03_36	217	Picture	view	22472976	0	1	4166	3	0	next	other	0
03_36	217	Response	7	22476922	3946	2
03_36	218	Picture	move	22477142	0	2	32326	3	0	next	other	0
03_36	218	Response	2	22505802	28660	2
03_36	218	Response	5	22509342	32200	1
03_36	219	Picture	loadClose	22509468	0	1	80149	2	0	next	other	0
03_36	219	Response	9	22589540	80072	2
03_36	220	Picture	view	22589617	0	1	9164	3	0	next	other	0
03_36	220	Response	7	22598580	8963	2
03_36	221	Picture	move	22598781	0	2	31993	3	0	next	other	0
03_36	221	Response	2	22621639	22858	3
03_36	221	Response	5	22630699	31918	2
03_36	222	Picture	loadClose	22630774	0	1	65152	3	0	next	other	0
03_36	222	Response	9	22695818	65044	2
03_36	223	Picture	view	22695926	0	2	7332	4	0	next	other	0
03_36	223	Response	7	22703048	7122	2
03_36	224	Picture	move	22703258	0	2	34326	3	0	next	other	0
03_36	224	Response	2	22725638	22380	2
03_36	224	Response	5	22737437	34179	2
03_36	225	Picture	loadClose	22737584	0	1	62986	2	0	next	other	0
03_36	225	Response	9	22800496	62912	2
03_36	226	Picture	view	22800570	0	1	8331	3	0	next	other	0
03_36	226	Response	7	22808756	8186	2
03_36	227	Picture	move	22808901	0	2	1500	3	0	next	other	0
03_36	227	Response	8	22810246	1345	2
03_36	228	Picture	wrongHand	22810401	0	1	74983	2	0	next	false_alarm	771
03_36	228	Response	2	22825316	14915	2
03_36	228	Response	6	22885295	74894	1
03_36	229	Picture	loadClose	22885384	0	1	4166	2	0	next	other	0
03_36	229	Response	8	22889405	4021	1
03_36	230	Picture	wrongHand	22889550	0	1	4332	2	0	next	false_alarm	776
03_36	230	Response	6	22893725	4175	1
03_36	230	Response	5	22893824	4274	3
03_36	231	Picture	loadClose	22893882	0	1	20162	3	0	next	other	0
03_36	231	Response	8	22914014	20132	2
03_36	232	Picture	wrongHand	22914044	0	2	2666	4	0	next	false_alarm	781
03_36	232	Response	6	22916514	2470	2
03_36	233	Picture	loadClose	22916710	0	2	49989	3	0	next	other	0
03_36	233	Response	9	22966593	49883	2
03_36	234	Picture	view	22966699	0	1	7165	3	0	next	other	0
03_36	234	Response	7	22973633	6934	2
03_36	235	Picture	move	22973864	0	2	29327	3	0	next	other	0
03_36	235	Response	5	23003133	29269	1
03_36	236	Picture	check	23003191	0	1	66	436	0	next	other	0
03_36	236	Response	2	23003233	42	2
03_36	237	Picture	loadClose	23003257	0	435	53589	436	0	next	other	0
03_36	237	Response	9	23056802	53545	1
03_36	238	Picture	view	23056846	0	1	8331	3	0	next	other	0
03_36	238	Response	7	23064931	8085	2
03_36	239	Picture	move	23065177	0	2	26494	4	0	next	other	0
03_36	239	Response	2	23086751	21574	2
03_36	239	Response	5	23091461	26284	2
03_36	240	Picture	loadClose	23091671	0	2	59820	3	0	next	other	0
03_36	240	Response	9	23151330	59659	2
03_36	241	Picture	view	23151491	0	1	6332	3	0	next	other	0
03_36	241	Response	7	23157650	6159	2
03_36	242	Picture	move	23157823	0	2	27494	3	0	next	other	0
03_36	242	Response	5	23185129	27306	2
03_36	243	Picture	check	23185317	0	1	2166	2	0	next	other	0
03_36	243	Response	2	23187389	2072	3
03_36	244	Picture	loadClose	23187483	0	1	66319	2	0	next	other	0
03_36	244	Response	9	23253698	66215	2
03_36	245	Picture	view	23253802	0	1	10497	3	0	next	other	0
03_36	245	Response	7	23264078	10276	2
03_36	246	Picture	move	23264299	0	2	28661	3	0	next	other	0
03_36	246	Response	2	23284507	20208	3
03_36	246	Response	5	23292757	28458	2
03_36	247	Picture	loadClose	23292960	0	1	54154	2	0	next	other	0
03_36	247	Response	9	23347006	54046	2
03_36	248	Picture	view	23347114	0	1	7832	3	0	next	other	0
03_36	248	Response	7	23354796	7682	2
03_36	249	Picture	move	23354946	0	2	33492	3	0	next	other	0
03_36	249	Response	2	23375386	20440	2
03_36	249	Response	5	23388345	33399	2
03_36	250	Picture	loadClose	23388438	0	1	55988	2	0	next	other	0
03_36	250	Response	9	23444394	55956	2
03_36	251	Picture	view	23444426	0	1	8498	2	0	next	other	0
03_36	251	Response	7	23452794	8368	2
03_36	252	Picture	move	23452924	0	1	38158	2	0	next	other	0
03_36	252	Response	2	23479544	26620	2
03_36	252	Response	5	23490914	37990	1
03_36	253	Picture	loadClose	23491082	0	1	54155	2	0	next	other	0
03_36	253	Response	9	23545053	53971	1
03_36	254	Picture	view	23545237	0	1	7998	2	0	next	other	0
03_36	254	Response	7	23553002	7765	2
03_36	255	Picture	move	23553235	0	1	7498	2	0	next	other	0
03_36	255	Response	8	23560562	7327	2
03_36	256	Picture	wrongHand	23560733	0	1	21495	3	0	next	false_alarm	833
03_36	256	Response	2	23576502	15769	3
03_36	256	Response	6	23582012	21279	2
03_36	257	Picture	loadClose	23582228	0	2	101144	4	0	next	other	0
03_36	257	Response	5	23585272	3044	2
03_36	257	Response	9	23683190	100962	2
03_36	258	Picture	view	23683372	0	2	6832	4	0	next	other	0
03_36	258	Response	7	23689990	6618	2
03_36	259	Picture	move	23690204	0	2	31160	3	0	next	other	0
03_36	259	Response	2	23713300	23096	2
03_36	259	Response	5	23721269	31065	2
03_36	260	Picture	loadClose	23721364	0	1	55488	2	0	next	other	0
03_36	260	Response	9	23776818	55454	2
03_36	261	Picture	view	23776852	0	1	7498	2	0	next	other	0
03_36	261	Response	7	23784138	7286	2
03_36	262	Picture	move	23784350	0	1	28827	2	0	next	other	0
03_36	262	Response	2	23807698	23348	2
03_36	262	Response	5	23812998	28648	2
03_36	263	Picture	loadClose	23813177	0	1	50155	2	0	next	other	0
03_36	263	Response	9	23863217	50040	2
03_36	264	Picture	view	23863332	0	1	7165	3	0	next	other	0
03_36	264	Response	7	23870327	6995	1
03_36	265	Picture	move	23870497	0	2	26828	3	0	next	other	0
03_36	265	Response	2	23896816	26319	3
03_36	265	Response	5	23897136	26639	2
03_36	266	Picture	loadClose	23897325	0	1	53154	3	0	next	other	0
03_36	266	Response	9	23950415	53090	2
03_36	267	Picture	view	23950479	0	2	8665	3	0	next	other	0
03_36	267	Response	7	23958955	8476	2
03_36	268	Picture	move	23959144	0	1	29327	2	0	next	other	0
03_36	268	Response	2	23975215	16071	2
03_36	268	Response	5	23988335	29191	2
03_36	269	Picture	loadClose	23988471	0	1	151633	2	0	next	other	0
03_36	269	Response	9	24139952	151481	2
03_36	270	Picture	view	24140104	0	1	5832	2	0	next	other	0
03_36	270	Response	7	24145702	5598	1
03_36	271	Picture	move	24145936	0	1	25494	2	0	next	other	0
03_36	271	Response	2	24169131	23195	3
03_36	271	Response	5	24171371	25435	2
03_36	272	Picture	loadClose	24171430	0	1	80315	3	0	next	other	0
03_36	272	Response	9	24251690	80260	2
03_36	273	Picture	view	24251745	0	2	7665	4	0	next	other	0
03_36	273	Response	7	24259270	7525	1
03_36	274	Picture	move	24259410	0	2	30327	3	0	next	other	0
03_36	274	Response	2	24282249	22839	3
03_36	274	Response	5	24289629	30219	2
03_36	275	Picture	loadClose	24289737	0	1	199455	2	0	next	other	0
03_36	275	Response	9	24489045	199308	2
03_36	276	Picture	view	24489192	0	1	4666	2	0	next	other	0
03_36	276	Response	7	24493655	4463	2
03_36	277	Picture	move	24493858	0	1	25827	3	0	next	other	0
03_36	277	Response	2	24514565	20707	2
03_36	277	Response	5	24519535	25677	2
03_36	278	Picture	loadClose	24519685	0	2	73817	3	0	next	other	0
03_36	278	Response	9	24593454	73769	1
03_36	279	Picture	view	24593502	0	1	5666	2	0	next	other	0
03_36	279	Response	7	24598983	5481	2
03_36	280	Picture	move	24599168	0	1	28160	2	0	next	other	0
03_36	280	Response	2	24625603	26435	2
03_36	280	Response	5	24627233	28065	2
03_36	281	Picture	loadClose	24627328	0	1	94812	2	0	next	other	0
03_36	281	Response	9	24722061	94733	2
03_36	282	Picture	view	24722140	0	1	5832	3	0	next	other	0
03_36	282	Response	7	24727771	5631	2
03_36	283	Picture	move	24727972	0	2	32306	190	0	next	other	0
03_36	283	Response	2	24740481	12509	2
03_36	283	Response	2	24756001	28029	2
03_36	283	Response	5	24760231	32259	1
03_36	284	Picture	loadClose	24760278	0	188	54841	190	0	next	other	0
03_36	284	Response	9	24815089	54811	2
03_36	285	Picture	view	24815119	0	2	7999	3	0	next	other	0
03_36	285	Response	7	24822879	7760	3
03_36	286	Picture	move	24823118	0	1	30993	2	0	next	other	0
03_36	286	Response	2	24851359	28241	2
03_36	286	Response	5	24854039	30921	2
03_36	287	Picture	loadClose	24854111	0	1	61153	2	0	next	other	0
03_36	287	Response	9	24915138	61027	1
03_36	288	Picture	view	24915264	0	1	8475	192	0	next	other	0
03_36	288	Response	7	24923658	8394	1
03_36	289	Picture	move	24923739	0	191	32182	193	0	next	other	0
03_36	289	Response	2	24942557	18818	3
03_36	289	Response	5	24955707	31968	2
03_36	290	Picture	loadClose	24955921	0	2	57654	3	0	next	other	0
03_36	290	Response	9	25013436	57515	2
03_36	291	Picture	view	25013575	0	1	4666	2	0	next	other	0
03_36	291	Response	7	25018076	4501	2
03_36	292	Picture	move	25018241	0	1	33326	2	0	next	other	0
03_36	292	Response	2	25046235	27994	3
03_36	292	Response	5	25051445	33204	2
03_36	293	Picture	loadClose	25051567	0	1	60819	3	0	next	other	0
03_36	293	Response	9	25112284	60717	2
03_36	294	Picture	view	25112386	0	2	7165	4	0	next	other	0
03_36	294	Response	7	25119384	6998	2
03_36	295	Picture	move	25119551	0	2	31992	4	0	next	other	0
03_36	295	Response	2	25132154	12603	2
03_36	295	Response	5	25151383	31832	2
03_36	296	Picture	loadClose	25151543	0	2	79983	4	0	next	other	0
03_36	296	Response	9	25231352	79809	2
03_36	297	Picture	view	25231526	0	2	4999	4	0	next	other	0
03_36	297	Response	7	25236372	4846	2
03_36	298	Picture	move	25236525	0	2	25978	186	0	next	other	0
03_36	298	Response	2	25257911	21386	3
03_36	298	Response	5	25262441	25916	2
03_36	299	Picture	loadClose	25262503	0	184	45006	186	0	next	other	0
03_36	299	Response	9	25307381	44878	1
03_36	300	Picture	view	25307509	0	2	8331	4	0	next	other	0
03_36	300	Response	7	25315610	8101	2
03_36	301	Picture	move	25315840	0	2	10998	4	0	next	other	0
03_36	301	Response	8	25326780	10940	2
03_36	302	Picture	wrongHand	25326838	0	2	1833	3	0	next	false_alarm	942
03_36	302	Response	6	25328530	1692	2
03_36	303	Picture	loadClose	25328671	0	1	3166	3	0	next	other	0
03_36	303	Response	8	25331810	3139	2
03_36	304	Picture	wrongHand	25331837	0	2	5832	4	0	next	false_alarm	946
03_36	304	Response	6	25337540	5703	2
03_36	305	Picture	loadClose	25337669	0	2	43990	4	0	next	other	0
03_36	305	Response	2	25358550	20881	2
03_36	305	Response	5	25379719	42050	2
03_36	305	Response	7	25381499	43830	2
03_36	306	Picture	wrongHand	25381659	0	2	3655	181	0	next	false_alarm	952
03_36	306	Response	5	25385269	3610	2
03_36	307	Picture	loadClose	25385314	0	179	85659	180	0	next	other	0
03_36	307	Response	9	25470908	85594	1
03_36	307	Response	9	25470928	85614	1
03_36	308	Picture	view	25470973	0	1	4665	3	0	next	other	0
03_36	308	Response	7	25475417	4444	2
03_36	309	Picture	move	25475638	0	2	21162	4	0	next	other	0
03_36	309	Response	8	25496657	21019	2
03_36	310	Picture	wrongHand	25496800	0	2	4152	184	0	next	false_alarm	961
03_36	310	Response	6	25500907	4107	2
03_36	311	Picture	loadClose	25500952	0	182	60834	184	0	next	other	0
03_36	311	Response	5	25504347	3395	2
03_36	311	Response	3	25515027	14075	2
03_36	311	Response	9	25561696	60744	2
03_36	312	Picture	view	25561786	0	2	6665	4	0	next	other	0
03_36	312	Response	7	25568266	6480	2
03_36	313	Picture	move	25568451	0	2	28327	3	0	next	other	0
03_36	313	Response	2	25588785	20334	3
03_36	313	Response	5	25596735	28284	2
03_36	314	Picture	endBlock	25596778	0	1	30160	2	0	next	other	0
03_36	314	Response	7	25612445	15667	2
03_36	314	Response	8	25614565	17787	2
03_36	314	Response	5	25615045	18267	2
03_36	314	Response	7	25616765	19987	2
03_36	314	Response	6	25619515	22737	2
03_36	314	Response	8	25620495	23717	2
03_36	314	Response	5	25620535	23757	2
03_36	314	Response	7	25621755	24977	2
03_36	314	Response	6	25622345	25567	1
03_36	314	Response	8	25622705	25927	2
03_36	314	Response	5	25623105	26327	2
03_36	314	Response	7	25624035	27257	1
03_36	314	Response	6	25624415	27637	1
03_36	314	Response	8	25624975	28197	1
03_36	314	Response	5	25625285	28507	1
03_36	314	Response	6	25626275	29497	1
03_36	314	Response	7	25626435	29657	1
03_36	315	Picture	begin	25626938	0	1	399911	2	0	next	other	0
03_36	315	Response	8	25627185	247	2
03_36	315	Response	5	25627475	537	1
03_36	315	Response	7	25629185	2247	2
03_36	315	Response	6	26008878	381940	2
03_36	315	Response	8	26009538	382600	1
03_36	315	Response	5	26012048	385110	2
03_36	315	Response	6	26012058	385120	1
03_36	315	Response	9	26026617	399679	2
03_36	316	Picture	loadClose	26026849	0	1	120639	3	0	next	other	0
03_36	316	Response	3	26080936	54087	3
03_36	316	Response	9	26147305	120456	2
03_36	316	Response	9	26147332	120483	7
03_36	317	Picture	view	26147488	0	2	6814	188	0	next	other	0
03_36	317	Response	7	26154215	6727	2
03_36	318	Picture	move	26154302	0	186	33344	187	0	next	other	0
03_36	318	Response	2	26180615	26313	2
03_36	318	Response	5	26187464	33162	2
03_36	319	Picture	loadClose	26187646	0	1	74150	2	0	next	other	0
03_36	319	Response	9	26261743	74097	2
03_36	320	Picture	view	26261796	0	1	5166	2	0	next	other	0
03_36	320	Response	7	26266793	4997	2
03_36	321	Picture	move	26266962	0	1	39158	2	0	next	other	0
03_36	321	Response	2	26287013	20051	2
03_36	321	Response	5	26306062	39100	2
03_36	322	Picture	loadClose	26306120	0	1	84981	2	0	next	other	0
03_36	322	Response	9	26391011	84891	2
03_36	323	Picture	view	26391101	0	1	7165	2	0	next	other	0
03_36	323	Response	7	26398021	6920	1
03_36	324	Picture	move	26398266	0	1	39491	2	0	next	other	0
03_36	324	Response	2	26415170	16904	3
03_36	324	Response	5	26437600	39334	2
03_36	325	Picture	loadClose	26437757	0	1	359586	2	0	next	other	0
03_36	325	Response	9	26797283	359526	2
03_36	326	Picture	view	26797343	0	1	5332	3	0	next	other	0
03_36	326	Response	7	26802433	5090	2
03_36	327	Picture	move	26802675	0	2	33326	3	0	next	other	0
03_36	327	Response	2	26821083	18408	2
03_36	327	Response	5	26835863	33188	1
03_36	328	Picture	loadClose	26836001	0	1	67985	2	0	next	other	0
03_36	328	Response	9	26903941	67940	2
03_36	329	Picture	view	26903986	0	1	4832	3	0	next	other	0
03_36	329	Response	7	26908701	4715	2
03_36	330	Picture	move	26908818	0	2	33826	3	0	next	other	0
03_36	330	Response	2	26941401	32583	2
03_36	330	Response	5	26942561	33743	1
03_36	331	Picture	loadClose	26942644	0	1	4666	2	0	next	other	0
03_36	331	Response	8	26947181	4537	1
03_36	332	Picture	wrongHand	26947310	0	1	7331	2	0	next	false_alarm	1038
03_36	332	Response	6	26954461	7151	1
03_36	333	Picture	loadClose	26954641	0	1	55488	2	0	next	other	0
03_36	333	Response	9	27010000	55359	1
03_36	334	Picture	view	27010129	0	1	6498	3	0	next	other	0
03_36	334	Response	7	27016369	6240	2
03_36	335	Picture	move	27016627	0	2	30494	3	0	next	other	0
03_36	335	Response	2	27037239	20612	2
03_36	335	Response	5	27046939	30312	2
03_36	336	Picture	loadClose	27047121	0	1	126138	2	0	next	other	0
03_36	336	Response	9	27173087	125966	1
03_36	337	Picture	view	27173259	0	1	6165	3	0	next	other	0
03_36	337	Response	7	27179256	5997	2
03_36	338	Picture	move	27179424	0	2	35659	3	0	next	other	0
03_36	338	Response	2	27209076	29652	2
03_36	338	Response	5	27214866	35442	1
03_36	339	Picture	loadClose	27215083	0	1	76816	2	0	next	other	0
03_36	339	Response	9	27291714	76631	2
03_36	340	Picture	view	27291899	0	1	3833	2	0	next	other	0
03_36	340	Response	7	27295474	3575	2
03_36	341	Picture	move	27295732	0	1	41657	2	0	next	other	0
03_36	341	Response	2	27325874	30142	2
03_36	341	Response	5	27337284	41552	1
03_36	342	Picture	loadClose	27337389	0	1	62819	3	0	next	other	0
03_36	342	Response	9	27400152	62763	2
03_36	343	Picture	view	27400208	0	2	4499	4	0	next	other	0
03_36	343	Response	7	27404562	4354	2
03_36	344	Picture	move	27404707	0	2	39658	3	0	next	other	0
03_36	344	Response	2	27422352	17645	2
03_36	344	Response	5	27444272	39565	2
03_36	345	Picture	loadClose	27444365	0	1	76650	2	0	next	other	0
03_36	345	Response	9	27520950	76585	2
03_36	346	Picture	view	27521015	0	1	6498	3	0	next	other	0
03_36	346	Response	7	27527280	6265	2
03_36	347	Picture	move	27527513	0	2	22829	3	0	next	other	0
03_36	347	Response	2	27546030	18517	2
03_36	347	Response	8	27550290	22777	1
03_36	348	Picture	wrongHand	27550342	0	1	5165	2	0	next	false_alarm	1075
03_36	348	Response	6	27555370	5028	1
03_36	349	Picture	loadClose	27555507	0	1	96145	2	0	next	other	0
03_36	349	Response	5	27566569	11062	2
03_36	349	Response	9	27651558	96051	2
03_36	349	Response	9	27651578	96071	2
03_36	350	Picture	view	27651652	0	1	5666	3	0	next	other	0
03_36	350	Response	7	27657168	5516	1
03_36	351	Picture	move	27657318	0	2	42490	3	0	next	other	0
03_36	351	Response	2	27678347	21029	3
03_36	351	Response	5	27699637	42319	2
03_36	352	Picture	loadClose	27699808	0	1	91646	2	0	next	other	0
03_36	352	Response	9	27791285	91477	2
03_36	353	Picture	view	27791454	0	1	6332	3	0	next	other	0
03_36	353	Response	7	27797615	6161	2
03_36	354	Picture	move	27797786	0	2	37825	3	0	next	other	0
03_36	354	Response	2	27829385	31599	2
03_36	354	Response	5	27835424	37638	2
03_36	355	Picture	loadClose	27835611	0	1	68318	2	0	next	other	0
03_36	355	Response	9	27903903	68292	2
03_36	356	Picture	view	27903929	0	1	8998	3	0	next	other	0
03_36	356	Response	7	27912813	8884	2
03_36	357	Picture	move	27912927	0	2	34992	4	0	next	other	0
03_36	357	Response	2	27933063	20136	2
03_36	357	Response	5	27947842	34915	2
03_36	358	Picture	loadClose	27947919	0	2	73651	3	0	next	other	0
03_36	358	Response	9	28021411	73492	2
03_36	359	Picture	view	28021570	0	1	5332	2	0	next	other	0
03_36	359	Response	7	28026671	5101	2
03_36	360	Picture	move	28026902	0	1	40824	2	0	next	other	0
03_36	360	Response	5	28067560	40658	2
03_36	361	Picture	check	28067726	0	1	4499	2	0	next	other	0
03_36	361	Response	2	28072100	4374	3
03_36	362	Picture	loadClose	28072225	0	1	69818	2	0	next	other	0
03_36	362	Response	9	28141909	69684	2
03_36	363	Picture	view	28142043	0	1	6332	2	0	next	other	0
03_36	363	Response	7	28148209	6166	2
03_36	364	Picture	move	28148375	0	1	35492	2	0	next	other	0
03_36	364	Response	2	28167458	19083	3
03_36	364	Response	5	28183658	35283	2
03_36	365	Picture	loadClose	28183867	0	1	73483	2	0	next	other	0
03_36	365	Response	9	28257317	73450	2
03_36	366	Picture	view	28257350	0	1	6165	3	0	next	other	0
03_36	366	Response	7	28263387	6037	1
03_36	367	Picture	move	28263515	0	2	41491	4	0	next	other	0
03_36	367	Response	2	28293216	29701	3
03_36	367	Response	5	28304846	41331	2
03_36	368	Picture	loadClose	28305006	0	2	68652	3	0	next	other	0
03_36	368	Response	9	28373545	68539	1
03_36	369	Picture	view	28373658	0	1	7476	191	0	next	other	0
03_36	369	Response	7	28381055	7397	2
03_36	370	Picture	move	28381134	0	190	39513	191	0	next	other	0
03_36	370	Response	2	28408574	27440	2
03_36	370	Response	5	28420554	39420	2
03_36	371	Picture	loadClose	28420647	0	1	67985	2	0	next	other	0
03_36	371	Response	9	28488603	67956	1
03_36	371	Response	9	28488623	67976	1
03_36	372	Picture	view	28488632	0	1	5165	3	0	next	other	0
03_36	372	Response	7	28493582	4950	2
03_36	373	Picture	move	28493797	0	2	41324	4	0	next	other	0
03_36	373	Response	2	28520732	26935	2
03_36	373	Response	5	28534972	41175	2
03_36	374	Picture	loadClose	28535121	0	2	63820	3	0	next	other	0
03_36	374	Response	9	28598881	63760	1
03_36	375	Picture	view	28598941	0	1	4165	3	0	next	other	0
03_36	375	Response	7	28602900	3959	2
03_36	376	Picture	move	28603106	0	2	50156	3	0	next	other	0
03_36	376	Response	2	28650810	47704	2
03_36	377	Picture	loadClose	28653262	0	1	184625	2	0	next	other	0
03_36	377	Response	5	28837256	183994	2
03_36	377	Response	8	28837716	184454	2
03_36	378	Picture	wrongHand	28837887	0	1	2483	185	0	next	false_alarm	1146
03_36	378	Response	6	28840316	2429	2
03_36	379	Picture	loadClose	28840370	0	184	67335	186	0	next	other	0
03_36	379	Response	9	28907615	67245	2
03_36	380	Picture	view	28907705	0	2	5999	3	0	next	other	0
03_36	380	Response	7	28913525	5820	2
03_36	381	Picture	move	28913704	0	1	37658	2	0	next	other	0
03_36	381	Response	2	28938804	25100	3
03_36	381	Response	5	28951244	37540	2
03_36	382	Picture	loadClose	28951362	0	1	64819	2	0	next	other	0
03_36	382	Response	9	29016143	64781	2
03_36	383	Picture	view	29016181	0	1	6332	3	0	next	other	0
03_36	383	Response	7	29022323	6142	2
03_36	384	Picture	move	29022513	0	2	33325	4	0	next	other	0
03_36	384	Response	2	29045202	22689	3
03_36	384	Response	5	29055652	33139	2
03_36	385	Picture	loadClose	29055838	0	2	63820	3	0	next	other	0
03_36	385	Response	9	29119561	63723	2
03_36	386	Picture	view	29119658	0	1	5665	2	0	next	other	0
03_36	386	Response	7	29125111	5453	2
03_36	387	Picture	move	29125323	0	1	34326	2	0	next	other	0
03_36	387	Response	2	29148561	23238	2
03_36	387	Response	5	29159500	34177	2
03_36	388	Picture	loadClose	29159649	0	1	68484	2	0	next	other	0
03_36	388	Response	9	29228099	68450	2
03_36	389	Picture	view	29228133	0	1	4832	3	0	next	other	0
03_36	389	Response	7	29232819	4686	2
03_36	390	Picture	move	29232965	0	2	30327	3	0	next	other	0
03_36	390	Response	2	29256399	23434	2
03_36	390	Response	5	29263098	30133	2
03_36	391	Picture	loadClose	29263292	0	1	84481	2	0	next	other	0
03_36	391	Response	9	29347657	84365	2
03_36	391	Response	9	29347677	84385	2
03_36	392	Picture	view	29347773	0	1	5832	3	0	next	other	0
03_36	392	Response	7	29353447	5674	2
03_36	393	Picture	move	29353605	0	2	34493	3	0	next	other	0
03_36	393	Response	2	29384396	30791	3
03_36	393	Response	5	29387936	34331	2
03_36	394	Picture	loadClose	29388098	0	1	68151	2	0	next	other	0
03_36	394	Response	9	29456155	68057	2
03_36	395	Picture	view	29456249	0	1	7332	2	0	next	other	0
03_36	395	Response	7	29463435	7186	2
03_36	396	Picture	move	29463581	0	1	38991	2	0	next	other	0
03_36	396	Response	2	29481354	17773	3
03_36	396	Response	5	29502394	38813	2
03_36	397	Picture	endSession	29502572	0	1	35456	2	0	next	other	0
03_36	397	Response	7	29512074	9502	2
03_36	397	Response	5	29514124	11552	2
03_36	397	Response	7	29516414	13842	2
03_36	397	Response	8	29517804	15232	2
03_36	397	Response	5	29518154	15582	2
03_36	397	Response	7	29519844	17272	1
03_36	397	Response	5	29521844	19272	1
03_36	397	Response	6	29522204	19632	1
03_36	397	Response	7	29523444	20872	1
03_36	397	Response	8	29524444	21872	1
03_36	397	Response	5	29524824	22252	1
03_36	397	Response	6	29526064	23492	1
03_36	397	Response	7	29526444	23872	1
03_36	397	Response	8	29527964	25392	1


Event Type	Code	Type	Response	RT	RT Uncertainty	Time	Uncertainty	Duration	Uncertainty	ReqTime	ReqDur

Picture	begin	other				333	1	7142055	184	0	next
Picture	loadClose	other				7142388	183	155647	184	0	next
Picture	view	other				7298035	1	12980	187	0	next
Picture	move	other				7311015	186	50172	188	0	next
Picture	check	other				7361187	2	16330	4	0	next
Picture	wrongHand	false_alarm	6	1470	4	7377517	2	1666	4	0	next
Picture	loadClose	other				7379183	2	108476	3	0	next
Picture	view	other				7487659	1	8312	189	0	next
Picture	move	other				7495971	188	46509	189	0	next
Picture	check	other				7542480	1	445901	2	0	next
Picture	wrongHand	false_alarm	8	135	3	7988381	1	9331	2	0	next
Picture	loadClose	other				7997712	1	1666	2	0	next
Picture	wrongHand	false_alarm	7	168	3	7999378	1	2484	184	0	next
Picture	loadClose	other				8001862	183	89496	184	0	next
Picture	view	other				8091358	1	11982	184	0	next
Picture	move	other				8103340	183	44838	184	0	next
Picture	check	other				8148178	1	3499	3	0	next
Picture	loadClose	other				8151677	2	64819	3	0	next
Picture	view	other				8216496	1	10831	3	0	next
Picture	move	other				8227327	2	40158	3	0	next
Picture	loadClose	other				8267485	1	82981	2	0	next
Picture	view	other				8350466	1	8332	2	0	next
Picture	move	other				8358798	1	44157	2	0	next
Picture	check	other				8402955	1	1166	2	0	next
Picture	loadClose	other				8404121	1	117140	3	0	next
Picture	wrongHand	false_alarm	7	895	4	8521261	2	56306	185	0	next
Picture	loadClose	other				8577567	183	52170	184	0	next
Picture	wrongHand	false_alarm	7	1437	3	8629737	1	26161	2	0	next
Picture	loadClose	other				8655898	1	59	610	0	next
Picture	wrongHand	false_alarm	6	3127	611	8655957	609	3274	610	0	next
Picture	loadClose	other				8659231	1	26827	2	0	next
Picture	wrongHand	false_alarm	6	655	3	8686058	1	833	2	0	next
Picture	loadClose	other				8686891	1	667	2	0	next
Picture	wrongHand	false_alarm	6	1445	3	8687558	1	1665	3	0	next
Picture	loadClose	other				8689223	2	42991	3	0	next
Picture	wrongHand	false_alarm	7	2299	2	8732214	1	3999	3	0	next
Picture	loadClose	other				8736213	2	18163	3	0	next
Picture	wrongHand	false_alarm	7	62355	3	8754376	1	65152	2	0	next
Picture	loadClose	other				8819528	1	31992	3	0	next
Picture	wrongHand	false_alarm	6	2250	4	8851520	2	2334	3	0	next
Picture	loadClose	other				8853854	1	8998	2	0	next
Picture	wrongHand	false_alarm	6	2858	3	8862852	1	2999	2	0	next
Picture	loadClose	other				8865851	1	285270	2	0	next
Picture	view	other				9151121	1	12496	3	0	next
Picture	move	other				9163617	2	43272	222	0	next
Picture	loadClose	other				9206889	220	259661	221	0	next
Picture	view	other				9466550	1	7832	2	0	next
Picture	move	other				9474382	1	44156	3	0	next
Picture	loadClose	other				9518538	2	40158	3	0	next
Picture	wrongHand	false_alarm	6	3191	3	9558696	1	3333	2	0	next
Picture	loadClose	other				9562029	1	4332	2	0	next
Picture	wrongHand	false_alarm	6	3746	3	9566361	1	3833	2	0	next
Picture	loadClose	other				9570194	1	22661	2	0	next
Picture	view	other				9592855	1	5832	3	0	next
Picture	move	other				9598687	2	50156	3	0	next
Picture	loadClose	other				9648843	1	65318	3	0	next
Picture	view	other				9714161	2	7332	3	0	next
Picture	move	other				9721493	1	40108	219	0	next
Picture	loadClose	other				9761601	218	205670	220	0	next
Picture	view	other				9967271	2	7832	3	0	next
Picture	move	other				9975103	1	47823	2	0	next
Picture	loadClose	other				10022926	1	69151	2	0	next
Picture	view	other				10092077	1	13664	2	0	next
Picture	move	other				10105741	1	45623	202	0	next
Picture	check	other				10151364	201	7865	202	0	next
Picture	loadClose	other				10159229	1	63485	2	0	next
Picture	view	other				10222714	1	9151	183	0	next
Picture	move	other				10231865	182	46837	183	0	next
Picture	loadClose	other				10278702	1	84981	3	0	next
Picture	view	other				10363683	2	5665	3	0	next
Picture	wrongHand	false_alarm	8	1245	2	10369348	1	249278	2	0	next
Picture	loadClose	other				10618626	1	5332	2	0	next
Picture	wrongHand	false_alarm	6	3630	3	10623958	1	3832	3	0	next
Picture	loadClose	other				10627790	2	233115	3	0	next
Picture	wrongHand	false_alarm	5	3269	3	10860905	1	3315	186	0	next
Picture	loadClose	other				10864220	185	62004	186	0	next
Picture	view	other				10926224	1	6165	2	0	next
Picture	move	other				10932389	1	36992	2	0	next
Picture	loadClose	other				10969381	1	97311	3	0	next
Picture	view	other				11066692	2	7165	4	0	next
Picture	move	other				11073857	2	37325	4	0	next
Picture	loadClose	other				11111182	2	226783	4	0	next
Picture	view	other				11337965	2	8665	3	0	next
Picture	move	other				11346630	1	41626	200	0	next
Picture	loadClose	other				11388256	199	172326	200	0	next
Picture	view	other				11560582	1	6832	2	0	next
Picture	move	other				11567414	1	41657	2	0	next
Picture	loadClose	other				11609071	1	159298	2	0	next
Picture	view	other				11768369	1	8831	3	0	next
Picture	move	other				11777200	2	41491	3	0	next
Picture	loadClose	other				11818691	1	63652	2	0	next
Picture	view	other				11882343	1	7999	2	0	next
Picture	move	other				11890342	1	36325	2	0	next
Picture	check	other				11926667	1	3999	2	0	next
Picture	loadClose	other				11930666	1	52155	2	0	next
Picture	wrongHand	false_alarm	5	3922	3	11982821	1	3999	2	0	next
Picture	loadClose	other				11986820	1	25494	2	0	next
Picture	view	other				12012314	1	8998	3	0	next
Picture	move	other				12021312	2	35159	3	0	next
Picture	loadClose	other				12056471	1	71984	2	0	next
Picture	view	other				12128455	1	9831	2	0	next
Picture	move	other				12138286	1	36097	230	0	next
Picture	loadClose	other				12174383	229	78877	231	0	next
Picture	view	other				12253260	2	14997	3	0	next
Picture	move	other				12268257	1	44323	3	0	next
Picture	loadClose	other				12312580	2	64653	3	0	next
Picture	view	other				12377233	1	6641	193	0	next
Picture	move	other				12383874	192	37464	411	0	next
Picture	loadClose	other				12421338	219	79867	220	0	next
Picture	view	other				12501205	1	16496	3	0	next
Picture	move	other				12517701	2	2833	3	0	next
Picture	wrongHand	false_alarm	5	3139	3	12520534	1	3333	2	0	next
Picture	loadClose	other				12523867	1	161630	2	0	next
Picture	view	other				12685497	1	6665	3	0	next
Picture	move	other				12692162	2	34811	185	0	next
Picture	check	other				12726973	183	848	184	0	next
Picture	loadClose	other				12727821	1	40658	2	0	next
Picture	wrongHand	false_alarm	7	340	3	12768479	1	88147	2	0	next
Picture	loadClose	other				12856626	1	31992	3	0	next
Picture	view	other				12888618	2	4333	3	0	next
Picture	move	other				12892951	1	32493	2	0	next
Picture	loadClose	other				12925444	1	69484	2	0	next
Picture	view	other				12994928	1	7332	2	0	next
Picture	move	other				13002260	1	36158	2	0	next
Picture	loadClose	other				13038418	1	85481	2	0	next
Picture	view	other				13123899	1	7499	2	0	next
Picture	move	other				13131398	1	33492	2	0	next
Picture	endBlock	other				13164890	1	30160	2	0	next
Picture	begin	other				13195050	1	411241	2	0	next
Picture	loadClose	other				13606291	1	42491	2	0	next
Picture	view	other				13648782	1	6998	3	0	next
Picture	move	other				13655780	2	27827	4	0	next
Picture	loadClose	other				13683607	2	50489	3	0	next
Picture	view	other				13734096	1	8831	3	0	next
Picture	move	other				13742927	2	25495	3	0	next
Picture	loadClose	other				13768422	1	5499	2	0	next
Picture	wrongHand	false_alarm	5	27349	3	13773921	1	27493	3	0	next
Picture	loadClose	other				13801414	2	39658	3	0	next
Picture	view	other				13841072	1	4999	2	0	next
Picture	move	other				13846071	1	27827	2	0	next
Picture	loadClose	other				13873898	1	65652	2	0	next
Picture	view	other				13939550	1	7665	2	0	next
Picture	move	other				13947215	1	25994	2	0	next
Picture	loadClose	other				13973209	1	71818	2	0	next
Picture	view	other				14045027	1	6165	2	0	next
Picture	move	other				14051192	1	30993	2	0	next
Picture	loadClose	other				14082185	1	78482	3	0	next
Picture	view	other				14160667	2	8499	3	0	next
Picture	move	other				14169166	1	28493	2	0	next
Picture	loadClose	other				14197659	1	83648	2	0	next
Picture	view	other				14281307	1	9831	3	0	next
Picture	move	other				14291138	2	30327	3	0	next
Picture	loadClose	other				14321465	1	52488	2	0	next
Picture	view	other				14373953	1	9804	196	0	next
Picture	move	other				14383757	195	37186	196	0	next
Picture	loadClose	other				14420943	1	50155	3	0	next
Picture	view	other				14471098	2	12331	3	0	next
Picture	move	other				14483429	1	28160	2	0	next
Picture	check	other				14511589	1	6332	2	0	next
Picture	loadClose	other				14517921	1	49655	3	0	next
Picture	view	other				14567576	2	11498	3	0	next
Picture	move	other				14579074	1	28493	3	0	next
Picture	loadClose	other				14607567	2	301	203	0	next
Picture	wrongHand	false_alarm	6	3017	203	14607868	201	3199	202	0	next
Picture	loadClose	other				14611067	1	100477	3	0	next
Picture	view	other				14711544	2	10318	183	0	next
Picture	move	other				14721862	181	30340	182	0	next
Picture	loadClose	other				14752202	1	59320	3	0	next
Picture	view	other				14811522	2	12809	191	0	next
Picture	move	other				14824331	189	31848	190	0	next
Picture	loadClose	other				14856179	1	73816	3	0	next
Picture	view	other				14929995	2	12664	4	0	next
Picture	move	other				14942659	2	39158	3	0	next
Picture	loadClose	other				14981817	1	62819	3	0	next
Picture	view	other				15044636	2	15330	4	0	next
Picture	move	other				15059966	2	33493	3	0	next
Picture	loadClose	other				15093459	1	70651	2	0	next
Picture	view	other				15164110	1	12830	3	0	next
Picture	move	other				15176940	2	38658	3	0	next
Picture	loadClose	other				15215598	1	53322	2	0	next
Picture	view	other				15268920	1	17163	2	0	next
Picture	move	other				15286083	1	46156	2	0	next
Picture	loadClose	other				15332239	1	72984	2	0	next
Picture	view	other				15405223	1	14496	3	0	next
Picture	move	other				15419719	2	40325	3	0	next
Picture	loadClose	other				15460044	1	63152	2	0	next
Picture	view	other				15523196	1	11164	3	0	next
Picture	move	other				15534360	2	37159	3	0	next
Picture	loadClose	other				15571519	1	53488	2	0	next
Picture	view	other				15625007	1	14663	2	0	next
Picture	move	other				15639670	1	30493	2	0	next
Picture	wrongHand	false_alarm	2	6963	3	15670163	1	39825	2	0	next
Picture	loadClose	other				15709988	1	138302	2	0	next
Picture	view	other				15848290	1	10831	2	0	next
Picture	move	other				15859121	1	26328	2	0	next
Picture	loadClose	other				15885449	1	30993	2	0	next
Picture	wrongHand	false_alarm	5	2360	2	15916442	1	2499	2	0	next
Picture	loadClose	other				15918941	1	23328	2	0	next
Picture	view	other				15942269	1	8332	2	0	next
Picture	move	other				15950601	1	26494	2	0	next
Picture	loadClose	other				15977095	1	53821	2	0	next
Picture	view	other				16030916	1	7832	2	0	next
Picture	move	other				16038748	1	36973	187	0	next
Picture	loadClose	other				16075721	186	41176	187	0	next
Picture	view	other				16116897	1	8165	2	0	next
Picture	move	other				16125062	1	32492	3	0	next
Picture	check	other				16157554	2	2500	3	0	next
Picture	loadClose	other				16160054	1	47989	2	0	next
Picture	view	other				16208043	1	17473	193	0	next
Picture	move	other				16225516	192	35682	193	0	next
Picture	loadClose	other				16261198	1	60820	2	0	next
Picture	view	other				16322018	1	10997	3	0	next
Picture	move	other				16333015	2	37658	4	0	next
Picture	endBlock	other				16370673	2	30160	4	0	next
Picture	begin	other				16400833	2	5945338	3	0	next
Picture	loadClose	other				22346171	1	126805	2	0	next
Picture	view	other				22472976	1	4166	3	0	next
Picture	move	other				22477142	2	32326	3	0	next
Picture	loadClose	other				22509468	1	80149	2	0	next
Picture	view	other				22589617	1	9164	3	0	next
Picture	move	other				22598781	2	31993	3	0	next
Picture	loadClose	other				22630774	1	65152	3	0	next
Picture	view	other				22695926	2	7332	4	0	next
Picture	move	other				22703258	2	34326	3	0	next
Picture	loadClose	other				22737584	1	62986	2	0	next
Picture	view	other				22800570	1	8331	3	0	next
Picture	move	other				22808901	2	1500	3	0	next
Picture	wrongHand	false_alarm	2	14915	3	22810401	1	74983	2	0	next
Picture	loadClose	other				22885384	1	4166	2	0	next
Picture	wrongHand	false_alarm	6	4175	2	22889550	1	4332	2	0	next
Picture	loadClose	other				22893882	1	20162	3	0	next
Picture	wrongHand	false_alarm	6	2470	4	22914044	2	2666	4	0	next
Picture	loadClose	other				22916710	2	49989	3	0	next
Picture	view	other				22966699	1	7165	3	0	next
Picture	move	other				22973864	2	29327	3	0	next
Picture	check	other				23003191	1	66	436	0	next
Picture	loadClose	other				23003257	435	53589	436	0	next
Picture	view	other				23056846	1	8331	3	0	next
Picture	move	other				23065177	2	26494	4	0	next
Picture	loadClose	other				23091671	2	59820	3	0	next
Picture	view	other				23151491	1	6332	3	0	next
Picture	move	other				23157823	2	27494	3	0	next
Picture	check	other				23185317	1	2166	2	0	next
Picture	loadClose	other				23187483	1	66319	2	0	next
Picture	view	other				23253802	1	10497	3	0	next
Picture	move	other				23264299	2	28661	3	0	next
Picture	loadClose	other				23292960	1	54154	2	0	next
Picture	view	other				23347114	1	7832	3	0	next
Picture	move	other				23354946	2	33492	3	0	next
Picture	loadClose	other				23388438	1	55988	2	0	next
Picture	view	other				23444426	1	8498	2	0	next
Picture	move	other				23452924	1	38158	2	0	next
Picture	loadClose	other				23491082	1	54155	2	0	next
Picture	view	other				23545237	1	7998	2	0	next
Picture	move	other				23553235	1	7498	2	0	next
Picture	wrongHand	false_alarm	2	15769	4	23560733	1	21495	3	0	next
Picture	loadClose	other				23582228	2	101144	4	0	next
Picture	view	other				23683372	2	6832	4	0	next
Picture	move	other				23690204	2	31160	3	0	next
Picture	loadClose	other				23721364	1	55488	2	0	next
Picture	view	other				23776852	1	7498	2	0	next
Picture	move	other				23784350	1	28827	2	0	next
Picture	loadClose	other				23813177	1	50155	2	0	next
Picture	view	other				23863332	1	7165	3	0	next
Picture	move	other				23870497	2	26828	3	0	next
Picture	loadClose	other				23897325	1	53154	3	0	next
Picture	view	other				23950479	2	8665	3	0	next
Picture	move	other				23959144	1	29327	2	0	next
Picture	loadClose	other				23988471	1	151633	2	0	next
Picture	view	other				24140104	1	5832	2	0	next
Picture	move	other				24145936	1	25494	2	0	next
Picture	loadClose	other				24171430	1	80315	3	0	next
Picture	view	other				24251745	2	7665	4	0	next
Picture	move	other				24259410	2	30327	3	0	next
Picture	loadClose	other				24289737	1	199455	2	0	next
Picture	view	other				24489192	1	4666	2	0	next
Picture	move	other				24493858	1	25827	3	0	next
Picture	loadClose	other				24519685	2	73817	3	0	next
Picture	view	other				24593502	1	5666	2	0	next
Picture	move	other				24599168	1	28160	2	0	next
Picture	loadClose	other				24627328	1	94812	2	0	next
Picture	view	other				24722140	1	5832	3	0	next
Picture	move	other				24727972	2	32306	190	0	next
Picture	loadClose	other				24760278	188	54841	190	0	next
Picture	view	other				24815119	2	7999	3	0	next
Picture	move	other				24823118	1	30993	2	0	next
Picture	loadClose	other				24854111	1	61153	2	0	next
Picture	view	other				24915264	1	8475	192	0	next
Picture	move	other				24923739	191	32182	193	0	next
Picture	loadClose	other				24955921	2	57654	3	0	next
Picture	view	other				25013575	1	4666	2	0	next
Picture	move	other				25018241	1	33326	2	0	next
Picture	loadClose	other				25051567	1	60819	3	0	next
Picture	view	other				25112386	2	7165	4	0	next
Picture	move	other				25119551	2	31992	4	0	next
Picture	loadClose	other				25151543	2	79983	4	0	next
Picture	view	other				25231526	2	4999	4	0	next
Picture	move	other				25236525	2	25978	186	0	next
Picture	loadClose	other				25262503	184	45006	186	0	next
Picture	view	other				25307509	2	8331	4	0	next
Picture	move	other				25315840	2	10998	4	0	next
Picture	wrongHand	false_alarm	6	1692	4	25326838	2	1833	3	0	next
Picture	loadClose	other				25328671	1	3166	3	0	next
Picture	wrongHand	false_alarm	6	5703	4	25331837	2	5832	4	0	next
Picture	loadClose	other				25337669	2	43990	4	0	next
Picture	wrongHand	false_alarm	5	3610	4	25381659	2	3655	181	0	next
Picture	loadClose	other				25385314	179	85659	180	0	next
Picture	view	other				25470973	1	4665	3	0	next
Picture	move	other				25475638	2	21162	4	0	next
Picture	wrongHand	false_alarm	6	4107	4	25496800	2	4152	184	0	next
Picture	loadClose	other				25500952	182	60834	184	0	next
Picture	view	other				25561786	2	6665	4	0	next
Picture	move	other				25568451	2	28327	3	0	next
Picture	endBlock	other				25596778	1	30160	2	0	next
Picture	begin	other				25626938	1	399911	2	0	next
Picture	loadClose	other				26026849	1	120639	3	0	next
Picture	view	other				26147488	2	6814	188	0	next
Picture	move	other				26154302	186	33344	187	0	next
Picture	loadClose	other				26187646	1	74150	2	0	next
Picture	view	other				26261796	1	5166	2	0	next
Picture	move	other				26266962	1	39158	2	0	next
Picture	loadClose	other				26306120	1	84981	2	0	next
Picture	view	other				26391101	1	7165	2	0	next
Picture	move	other				26398266	1	39491	2	0	next
Picture	loadClose	other				26437757	1	359586	2	0	next
Picture	view	other				26797343	1	5332	3	0	next
Picture	move	other				26802675	2	33326	3	0	next
Picture	loadClose	other				26836001	1	67985	2	0	next
Picture	view	other				26903986	1	4832	3	0	next
Picture	move	other				26908818	2	33826	3	0	next
Picture	loadClose	other				26942644	1	4666	2	0	next
Picture	wrongHand	false_alarm	6	7151	2	26947310	1	7331	2	0	next
Picture	loadClose	other				26954641	1	55488	2	0	next
Picture	view	other				27010129	1	6498	3	0	next
Picture	move	other				27016627	2	30494	3	0	next
Picture	loadClose	other				27047121	1	126138	2	0	next
Picture	view	other				27173259	1	6165	3	0	next
Picture	move	other				27179424	2	35659	3	0	next
Picture	loadClose	other				27215083	1	76816	2	0	next
Picture	view	other				27291899	1	3833	2	0	next
Picture	move	other				27295732	1	41657	2	0	next
Picture	loadClose	other				27337389	1	62819	3	0	next
Picture	view	other				27400208	2	4499	4	0	next
Picture	move	other				27404707	2	39658	3	0	next
Picture	loadClose	other				27444365	1	76650	2	0	next
Picture	view	other				27521015	1	6498	3	0	next
Picture	move	other				27527513	2	22829	3	0	next
Picture	wrongHand	false_alarm	6	5028	2	27550342	1	5165	2	0	next
Picture	loadClose	other				27555507	1	96145	2	0	next
Picture	view	other				27651652	1	5666	3	0	next
Picture	move	other				27657318	2	42490	3	0	next
Picture	loadClose	other				27699808	1	91646	2	0	next
Picture	view	other				27791454	1	6332	3	0	next
Picture	move	other				27797786	2	37825	3	0	next
Picture	loadClose	other				27835611	1	68318	2	0	next
Picture	view	other				27903929	1	8998	3	0	next
Picture	move	other				27912927	2	34992	4	0	next
Picture	loadClose	other				27947919	2	73651	3	0	next
Picture	view	other				28021570	1	5332	2	0	next
Picture	move	other				28026902	1	40824	2	0	next
Picture	check	other				28067726	1	4499	2	0	next
Picture	loadClose	other				28072225	1	69818	2	0	next
Picture	view	other				28142043	1	6332	2	0	next
Picture	move	other				28148375	1	35492	2	0	next
Picture	loadClose	other				28183867	1	73483	2	0	next
Picture	view	other				28257350	1	6165	3	0	next
Picture	move	other				28263515	2	41491	4	0	next
Picture	loadClose	other				28305006	2	68652	3	0	next
Picture	view	other				28373658	1	7476	191	0	next
Picture	move	other				28381134	190	39513	191	0	next
Picture	loadClose	other				28420647	1	67985	2	0	next
Picture	view	other				28488632	1	5165	3	0	next
Picture	move	other				28493797	2	41324	4	0	next
Picture	loadClose	other				28535121	2	63820	3	0	next
Picture	view	other				28598941	1	4165	3	0	next
Picture	move	other				28603106	2	50156	3	0	next
Picture	loadClose	other				28653262	1	184625	2	0	next
Picture	wrongHand	false_alarm	6	2429	3	28837887	1	2483	185	0	next
Picture	loadClose	other				28840370	184	67335	186	0	next
Picture	view	other				28907705	2	5999	3	0	next
Picture	move	other				28913704	1	37658	2	0	next
Picture	loadClose	other				28951362	1	64819	2	0	next
Picture	view	other				29016181	1	6332	3	0	next
Picture	move	other				29022513	2	33325	4	0	next
Picture	loadClose	other				29055838	2	63820	3	0	next
Picture	view	other				29119658	1	5665	2	0	next
Picture	move	other				29125323	1	34326	2	0	next
Picture	loadClose	other				29159649	1	68484	2	0	next
Picture	view	other				29228133	1	4832	3	0	next
Picture	move	other				29232965	2	30327	3	0	next
Picture	loadClose	other				29263292	1	84481	2	0	next
Picture	view	other				29347773	1	5832	3	0	next
Picture	move	other				29353605	2	34493	3	0	next
Picture	loadClose	other				29388098	1	68151	2	0	next
Picture	view	other				29456249	1	7332	2	0	next
Picture	move	other				29463581	1	38991	2	0	next
Picture	endSession	other				29502572	1	35456	2	0	next
