Scenario - opto_replant
Logfile written - 10/04/2012 16:24:41

Subject	Trial	Event Type	Code	Time	TTime	Uncertainty	Duration	Uncertainty	ReqTime	ReqDur	Stim Type	Pair Index

121004_CS	1	Picture	begin	499	0	1	60984	2	0	next	other	0
121004_CS	1	Response	6	31693	31194	1
121004_CS	1	Response	7	61372	60873	1
121004_CS	2	Picture	loadClose	61483	0	1	36657	2	0	next	other	0
121004_CS	2	Response	4	79491	18008	2
121004_CS	2	Response	7	97971	36488	1
121004_CS	3	Picture	view	98140	0	1	7998	2	0	next	other	0
121004_CS	3	Response	6	105921	7781	1
121004_CS	4	Picture	move	106138	0	1	35657	2	0	next	other	0
121004_CS	4	Response	4	141620	35482	2
121004_CS	5	Picture	loadClose	141795	0	1	100307	3	0	next	other	0
121004_CS	5	Response	7	242058	100263	2
121004_CS	6	Picture	view	242102	0	2	8665	3	0	next	other	0
121004_CS	6	Response	6	250638	8536	1
121004_CS	7	Picture	move	250767	0	1	32158	2	0	next	other	0
121004_CS	7	Response	4	282828	32061	1
121004_CS	8	Picture	loadClose	282925	0	1	96808	2	0	next	other	0
121004_CS	8	Response	7	379625	96700	2
121004_CS	9	Picture	view	379733	0	1	5499	2	0	next	other	0
121004_CS	9	Response	6	385085	5352	2
121004_CS	10	Picture	move	385232	0	1	40156	2	0	next	other	0
121004_CS	11	Picture	loadClose	425388	0	1	196448	2	0	next	other	0
121004_CS	11	Response	4	443374	17986	2
121004_CS	11	Response	7	621780	196392	2
121004_CS	12	Picture	view	621836	0	1	7998	2	0	next	other	0
121004_CS	12	Response	6	629670	7834	2
121004_CS	13	Picture	move	629834	0	1	40156	2	0	next	other	0
121004_CS	14	Picture	loadClose	669990	0	1	49487	2	0	next	other	0
121004_CS	14	Response	4	671770	1780	1
121004_CS	14	Response	7	719329	49339	1
121004_CS	15	Picture	view	719477	0	1	5499	2	0	next	other	0
121004_CS	15	Response	6	724849	5372	1
121004_CS	16	Picture	move	724976	0	1	37323	2	0	next	other	0
121004_CS	16	Response	4	762098	37122	1
121004_CS	17	Picture	loadClose	762299	0	1	62651	2	0	next	other	0
121004_CS	17	Response	7	824887	62588	1
121004_CS	18	Picture	view	824950	0	1	5332	2	0	next	other	0
121004_CS	18	Response	6	830167	5217	1
121004_CS	19	Picture	move	830282	0	1	31658	2	0	next	other	0
121004_CS	19	Response	4	861826	31544	1
121004_CS	20	Picture	loadClose	861940	0	1	48487	2	0	next	other	0
121004_CS	20	Response	7	910385	48445	1
121004_CS	21	Picture	view	910427	0	1	6165	3	0	next	other	0
121004_CS	21	Response	6	916385	5958	1
121004_CS	22	Picture	move	916592	0	2	29659	3	0	next	other	0
121004_CS	22	Response	4	946174	29582	2
121004_CS	23	Picture	loadClose	946251	0	1	41323	2	0	next	other	0
121004_CS	23	Response	7	987443	41192	2
121004_CS	24	Picture	view	987574	0	1	5498	3	0	next	other	0
121004_CS	24	Response	6	992883	5309	2
121004_CS	25	Picture	move	993072	0	2	33491	4	0	next	other	0
121004_CS	25	Response	4	1026412	33340	2
121004_CS	26	Picture	loadClose	1026563	0	2	60818	3	0	next	other	0
121004_CS	26	Response	7	1087231	60668	2
121004_CS	27	Picture	view	1087381	0	1	4832	2	0	next	other	0
121004_CS	27	Response	6	1092032	4651	1
121004_CS	28	Picture	move	1092213	0	1	34991	2	0	next	other	0
121004_CS	28	Response	4	1127021	34808	1
121004_CS	29	Picture	loadClose	1127204	0	1	82978	2	0	next	other	0
121004_CS	29	Response	7	1210129	82925	1
121004_CS	30	Picture	view	1210182	0	1	5665	2	0	next	other	0
121004_CS	30	Response	6	1215709	5527	1
121004_CS	31	Picture	move	1215847	0	1	34158	2	0	next	other	0
121004_CS	31	Response	4	1249918	34071	2
121004_CS	32	Picture	loadClose	1250005	0	1	101640	2	0	next	other	0
121004_CS	32	Response	7	1351626	101621	2
121004_CS	33	Picture	view	1351645	0	1	7998	2	0	next	other	0
121004_CS	33	Response	6	1359526	7881	1
121004_CS	34	Picture	move	1359643	0	1	37823	2	0	next	other	0
121004_CS	34	Response	4	1397375	37732	2
121004_CS	35	Picture	loadClose	1397466	0	1	42656	2	0	next	other	0
121004_CS	35	Response	7	1440035	42569	1
121004_CS	36	Picture	view	1440122	0	1	9664	2	0	next	other	0
121004_CS	36	Response	6	1449595	9473	1
121004_CS	37	Picture	move	1449786	0	1	34158	2	0	next	other	0
121004_CS	37	Response	4	1483803	34017	2
121004_CS	38	Picture	loadClose	1483944	0	1	59317	3	0	next	other	0
121004_CS	38	Response	7	1543092	59148	2
121004_CS	39	Picture	view	1543261	0	2	8165	3	0	next	other	0
121004_CS	39	Response	6	1551292	8031	2
121004_CS	40	Picture	move	1551426	0	1	37157	2	0	next	other	0
121004_CS	40	Response	4	1588482	37056	1
121004_CS	41	Picture	loadClose	1588583	0	1	40323	2	0	next	other	0
121004_CS	41	Response	7	1628751	40168	1
121004_CS	42	Picture	view	1628906	0	1	5665	2	0	next	other	0
121004_CS	42	Response	6	1634451	5545	1
121004_CS	43	Picture	move	1634571	0	1	28326	2	0	next	other	0
121004_CS	43	Response	4	1662730	28159	1
121004_CS	44	Picture	loadClose	1662897	0	1	37490	2	0	next	other	0
121004_CS	44	Response	7	1700269	37372	2
121004_CS	45	Picture	view	1700387	0	1	6665	2	0	next	other	0
121004_CS	45	Response	6	1706949	6562	2
121004_CS	46	Picture	move	1707052	0	1	27326	2	0	next	other	0
121004_CS	46	Response	4	1734279	27227	1
121004_CS	47	Picture	loadClose	1734378	0	1	57652	2	0	next	other	0
121004_CS	47	Response	7	1791877	57499	2
121004_CS	48	Picture	view	1792030	0	1	7998	2	0	next	other	0
121004_CS	48	Response	6	1799918	7888	1
121004_CS	49	Picture	move	1800028	0	1	37656	2	0	next	other	0
121004_CS	49	Response	4	1837577	37549	1
121004_CS	50	Picture	loadClose	1837684	0	1	36991	2	0	next	other	0
121004_CS	50	Response	7	1874506	36822	1
121004_CS	51	Picture	view	1874675	0	1	6831	2	0	next	other	0
121004_CS	51	Response	6	1881406	6731	1
121004_CS	52	Picture	move	1881506	0	1	30492	2	0	next	other	0
121004_CS	52	Response	4	1911965	30459	1
121004_CS	53	Picture	loadClose	1911998	0	1	48987	2	0	next	other	0
121004_CS	53	Response	7	1960834	48836	2
121004_CS	54	Picture	view	1960985	0	1	8498	2	0	next	other	0
121004_CS	54	Response	6	1969374	8389	1
121004_CS	55	Picture	move	1969483	0	1	30492	2	0	next	other	0
121004_CS	55	Response	4	1999923	30440	2
121004_CS	56	Picture	loadClose	1999975	0	1	48654	2	0	next	other	0
121004_CS	56	Response	7	2048482	48507	2
121004_CS	57	Picture	view	2048629	0	1	7665	2	0	next	other	0
121004_CS	57	Response	6	2056183	7554	1
121004_CS	58	Picture	move	2056294	0	1	34657	2	0	next	other	0
121004_CS	58	Response	4	2090862	34568	1
121004_CS	59	Picture	loadClose	2090951	0	1	65317	2	0	next	other	0
121004_CS	59	Response	7	2156150	65199	2
121004_CS	60	Picture	view	2156268	0	1	7997	3	0	next	other	0
121004_CS	60	Response	6	2164030	7762	1
121004_CS	61	Picture	move	2164265	0	2	34658	3	0	next	other	0
121004_CS	61	Response	4	2198729	34464	2
121004_CS	62	Picture	loadClose	2198923	0	1	50487	2	0	next	other	0
121004_CS	62	Response	7	2249328	50405	2
121004_CS	63	Picture	view	2249410	0	1	7331	2	0	next	other	0
121004_CS	63	Response	6	2256509	7099	1
121004_CS	64	Picture	move	2256741	0	1	32992	2	0	next	other	0
121004_CS	64	Response	4	2289557	32816	2
121004_CS	65	Picture	loadClose	2289733	0	1	39656	2	0	next	other	0
121004_CS	65	Response	7	2329287	39554	1
121004_CS	66	Picture	view	2329389	0	1	10330	3	0	next	other	0
121004_CS	66	Response	6	2339487	10098	1
121004_CS	67	Picture	move	2339719	0	2	36491	3	0	next	other	0
121004_CS	67	Response	4	2376116	36397	1
121004_CS	68	Picture	loadClose	2376210	0	1	42322	2	0	next	other	0
121004_CS	68	Response	7	2418425	42215	1
121004_CS	69	Picture	view	2418532	0	1	6998	3	0	next	other	0
121004_CS	69	Response	6	2425405	6873	1
121004_CS	70	Picture	move	2425530	0	2	32492	3	0	next	other	0
121004_CS	70	Response	4	2457945	32415	1
121004_CS	71	Picture	loadClose	2458022	0	1	46988	2	0	next	other	0
121004_CS	71	Response	7	2504893	46871	2
121004_CS	72	Picture	view	2505010	0	1	6831	2	0	next	other	0
121004_CS	72	Response	6	2511734	6724	1
121004_CS	73	Picture	move	2511841	0	1	34491	2	0	next	other	0
121004_CS	73	Response	4	2546173	34332	1
121004_CS	74	Picture	endBlock	2546332	0	1	30159	2	0	next	other	0
121004_CS	75	Picture	begin	2576491	0	1	110138	2	0	next	other	0
121004_CS	75	Response	7	2686500	110009	1
121004_CS	76	Picture	loadClose	2686629	0	1	186284	2	0	next	other	0
121004_CS	76	Response	7	2872776	186147	1
121004_CS	77	Picture	view	2872913	0	1	9664	3	0	next	other	0
121004_CS	77	Response	6	2882416	9503	1
121004_CS	78	Picture	move	2882577	0	2	37990	4	0	next	other	0
121004_CS	78	Response	4	2920515	37938	2
121004_CS	79	Picture	loadClose	2920567	0	2	121135	4	0	next	other	0
121004_CS	79	Response	7	3041603	121036	1
121004_CS	80	Picture	view	3041702	0	2	8998	3	0	next	other	0
121004_CS	80	Response	6	3050462	8760	2
121004_CS	81	Picture	move	3050700	0	1	39490	2	0	next	other	0
121004_CS	81	Response	4	3090082	39382	1
121004_CS	82	Picture	loadClose	3090190	0	1	102473	2	0	next	other	0
121004_CS	82	Response	7	3192650	102460	1
121004_CS	83	Picture	view	3192663	0	1	7665	2	0	next	other	0
121004_CS	83	Response	6	3200169	7506	2
121004_CS	84	Picture	move	3200328	0	1	37323	2	0	next	other	0
121004_CS	84	Response	4	3237579	37251	1
121004_CS	85	Picture	loadClose	3237651	0	1	83812	2	0	next	other	0
121004_CS	85	Response	7	3321407	83756	2
121004_CS	86	Picture	view	3321463	0	1	7997	3	0	next	other	0
121004_CS	86	Response	6	3329247	7784	1
121004_CS	87	Picture	move	3329460	0	2	39490	3	0	next	other	0
121004_CS	87	Response	4	3368896	39436	2
121004_CS	88	Picture	loadClose	3368950	0	1	116969	3	0	next	other	0
121004_CS	88	Response	7	3485744	116794	1
121004_CS	89	Picture	view	3485919	0	2	17496	3	0	next	other	0
121004_CS	89	Response	6	3503184	17265	1
121004_CS	90	Picture	move	3503415	0	1	40156	2	0	next	other	0
121004_CS	91	Picture	loadClose	3543571	0	1	102973	2	0	next	other	0
121004_CS	91	Response	4	3550613	7042	1
121004_CS	91	Response	7	3646411	102840	1
121004_CS	92	Picture	view	3646544	0	1	13663	2	0	next	other	0
121004_CS	92	Response	6	3660090	13546	2
121004_CS	93	Picture	move	3660207	0	1	40156	2	0	next	other	0
121004_CS	94	Picture	loadClose	3700363	0	1	84645	2	0	next	other	0
121004_CS	94	Response	4	3705639	5276	2
121004_CS	94	Response	7	3784838	84475	1
121004_CS	95	Picture	view	3785008	0	1	11330	2	0	next	other	0
121004_CS	95	Response	6	3796138	11130	1
121004_CS	96	Picture	move	3796338	0	1	40156	3	0	next	other	0
121004_CS	97	Picture	loadClose	3836494	0	2	77813	3	0	next	other	0
121004_CS	97	Response	4	3836527	33	1
121004_CS	97	Response	7	3914136	77642	1
121004_CS	98	Picture	view	3914307	0	1	8165	2	0	next	other	0
121004_CS	98	Response	6	3922335	8028	2
121004_CS	99	Picture	move	3922472	0	1	40156	2	0	next	other	0
121004_CS	100	Picture	loadClose	3962628	0	1	99807	2	0	next	other	0
121004_CS	100	Response	4	3964265	1637	1
121004_CS	100	Response	7	4062412	99784	2
121004_CS	101	Picture	view	4062435	0	1	8665	2	0	next	other	0
121004_CS	101	Response	6	4070902	8467	2
121004_CS	102	Picture	move	4071100	0	1	40156	2	0	next	other	0
121004_CS	103	Picture	loadClose	4111256	0	1	85811	2	0	next	other	0
121004_CS	103	Response	4	4111932	676	1
121004_CS	103	Response	7	4196950	85694	1
121004_CS	104	Picture	view	4197067	0	1	8315	185	0	next	other	0
121004_CS	104	Response	6	4205309	8242	2
121004_CS	105	Picture	move	4205382	0	184	38839	185	0	next	other	0
121004_CS	105	Response	4	4244139	38757	1
121004_CS	106	Picture	loadClose	4244221	0	1	88810	2	0	next	other	0
121004_CS	106	Response	7	4332917	88696	2
121004_CS	107	Picture	view	4333031	0	1	7831	3	0	next	other	0
121004_CS	107	Response	6	4340657	7626	1
121004_CS	108	Picture	move	4340862	0	2	36824	3	0	next	other	0
121004_CS	108	Response	4	4377526	36664	2
121004_CS	109	Picture	loadClose	4377686	0	1	68816	2	0	next	other	0
121004_CS	109	Response	7	4446395	68709	1
121004_CS	110	Picture	view	4446502	0	1	14496	2	0	next	other	0
121004_CS	110	Response	6	4460834	14332	2
121004_CS	111	Picture	move	4460998	0	1	40156	2	0	next	other	0
121004_CS	112	Picture	loadClose	4501154	0	1	75813	2	0	next	other	0
121004_CS	112	Response	4	4501844	690	1
121004_CS	112	Response	7	4576903	75749	1
121004_CS	113	Picture	view	4576967	0	1	9665	2	0	next	other	0
121004_CS	113	Response	6	4586422	9455	2
121004_CS	114	Picture	move	4586632	0	1	38989	3	0	next	other	0
121004_CS	114	Response	4	4625511	38879	2
121004_CS	115	Picture	loadClose	4625621	0	2	91310	3	0	next	other	0
121004_CS	115	Response	7	4716879	91258	2
121004_CS	116	Picture	view	4716931	0	1	9664	2	0	next	other	0
121004_CS	116	Response	6	4726379	9448	2
121004_CS	117	Picture	move	4726595	0	1	40156	2	0	next	other	0
121004_CS	118	Picture	loadClose	4766751	0	1	74647	2	0	next	other	0
121004_CS	118	Response	4	4769308	2557	2
121004_CS	118	Response	7	4841297	74546	1
121004_CS	119	Picture	view	4841398	0	1	9664	3	0	next	other	0
121004_CS	119	Response	6	4850937	9539	1
121004_CS	120	Picture	move	4851062	0	2	36991	3	0	next	other	0
121004_CS	120	Response	4	4887976	36914	2
121004_CS	121	Picture	loadClose	4888053	0	1	68648	2	0	next	other	0
121004_CS	121	Response	7	4956665	68612	1
121004_CS	122	Picture	view	4956701	0	1	8498	2	0	next	other	0
121004_CS	122	Response	6	4965084	8383	2
121004_CS	123	Picture	move	4965199	0	1	40156	2	0	next	other	0
121004_CS	124	Picture	loadClose	5005355	0	1	203947	2	0	next	other	0
121004_CS	124	Response	4	5014954	9599	1
121004_CS	124	Response	7	5209150	203795	1
121004_CS	125	Picture	view	5209302	0	1	7165	2	0	next	other	0
121004_CS	125	Response	6	5216349	7047	2
121004_CS	126	Picture	move	5216467	0	1	38990	2	0	next	other	0
121004_CS	126	Response	4	5255369	38902	1
121004_CS	127	Picture	loadClose	5255457	0	1	89143	2	0	next	other	0
121004_CS	127	Response	7	5344487	89030	2
121004_CS	127	Response	7	5344507	89050	2
121004_CS	128	Picture	view	5344600	0	1	5998	3	0	next	other	0
121004_CS	128	Response	6	5350507	5907	1
121004_CS	129	Picture	move	5350598	0	2	40157	3	0	next	other	0
121004_CS	130	Picture	loadClose	5390755	0	1	178453	2	0	next	other	0
121004_CS	130	Response	4	5390857	102	1
121004_CS	130	Response	7	5569182	178427	2
121004_CS	131	Picture	view	5569208	0	1	6665	2	0	next	other	0
121004_CS	131	Response	6	5575683	6475	1
121004_CS	132	Picture	move	5575873	0	1	40156	2	0	next	other	0
121004_CS	133	Picture	loadClose	5616029	0	1	91310	2	0	next	other	0
121004_CS	133	Response	4	5620922	4893	1
121004_CS	133	Response	7	5707320	91291	1
121004_CS	134	Picture	view	5707339	0	1	7164	3	0	next	other	0
121004_CS	134	Response	6	5714320	6981	1
121004_CS	135	Picture	move	5714503	0	2	37324	3	0	next	other	0
121004_CS	135	Response	4	5751679	37176	1
121004_CS	136	Picture	loadClose	5751827	0	1	97308	2	0	next	other	0
121004_CS	136	Response	7	5849107	97280	2
121004_CS	137	Picture	view	5849135	0	1	13330	2	0	next	other	0
121004_CS	137	Response	6	5862247	13112	1
121004_CS	138	Picture	move	5862465	0	1	40156	2	0	next	other	0
121004_CS	139	Picture	loadClose	5902621	0	1	73314	2	0	next	other	0
121004_CS	139	Response	4	5905686	3065	1
121004_CS	139	Response	7	5975865	73244	1
121004_CS	140	Picture	view	5975935	0	1	6998	2	0	next	other	0
121004_CS	140	Response	6	5982765	6830	1
121004_CS	141	Picture	move	5982933	0	1	40156	2	0	next	other	0
121004_CS	142	Picture	loadClose	6023089	0	1	72815	2	0	next	other	0
121004_CS	142	Response	4	6023403	314	2
121004_CS	142	Response	7	6095823	72734	1
121004_CS	143	Picture	view	6095904	0	1	4832	2	0	next	other	0
121004_CS	143	Response	6	6100642	4738	2
121004_CS	144	Picture	move	6100736	0	1	40156	2	0	next	other	0
121004_CS	145	Picture	loadClose	6140892	0	1	75980	2	0	next	other	0
121004_CS	145	Response	4	6140992	100	1
121004_CS	145	Response	7	6216730	75838	1
121004_CS	146	Picture	view	6216872	0	1	7331	3	0	next	other	0
121004_CS	146	Response	6	6224050	7178	1
121004_CS	147	Picture	move	6224203	0	2	38824	3	0	next	other	0
121004_CS	147	Response	4	6262929	38726	1
121004_CS	148	Picture	endBlock	6263027	0	1	30158	3	0	next	other	0
121004_CS	149	Picture	begin	6293185	0	2	5887964	3	0	next	other	0
121004_CS	149	Response	6	6297519	4334	1
121004_CS	149	Response	3	8455625	2162440	2
121004_CS	149	Response	5	8456786	2163601	1
121004_CS	149	Response	3	8878717	2585532	2
121004_CS	149	Response	5	9003025	2709840	1
121004_CS	149	Response	3	11978056	5684871	1
121004_CS	149	Response	5	11986736	5693551	1
121004_CS	149	Response	3	12019375	5726190	1
121004_CS	149	Response	5	12023755	5730570	1
121004_CS	149	Response	1	12181060	5887875	1
121004_CS	150	Picture	loadClose	12181149	0	1	705982	2	0	next	other	0
121004_CS	150	Response	3	12717301	536152	2
121004_CS	150	Response	4	12718041	536892	1
121004_CS	150	Response	7	12887028	705879	1
121004_CS	151	Picture	view	12887131	0	1	9498	2	0	next	other	0
121004_CS	151	Response	5	12896428	9297	1
121004_CS	152	Picture	move	12896629	0	1	35324	2	0	next	other	0
121004_CS	152	Response	3	12931787	35158	1
121004_CS	153	Picture	loadClose	12931953	0	1	192283	2	0	next	other	0
121004_CS	153	Response	7	13124093	192140	1
121004_CS	154	Picture	view	13124236	0	1	7998	2	0	next	other	0
121004_CS	154	Response	5	13132073	7837	1
121004_CS	155	Picture	move	13132234	0	1	35990	3	0	next	other	0
121004_CS	155	Response	3	13168142	35908	2
121004_CS	156	Picture	loadClose	13168224	0	2	95476	3	0	next	other	0
121004_CS	156	Response	7	13263610	95386	2
121004_CS	157	Picture	view	13263700	0	1	6831	2	0	next	other	0
121004_CS	157	Response	5	13270330	6630	2
121004_CS	158	Picture	move	13270531	0	1	38657	2	0	next	other	0
121004_CS	158	Response	3	13309009	38478	2
121004_CS	159	Picture	loadClose	13309188	0	1	264097	2	0	next	other	0
121004_CS	159	Response	7	13573235	264047	1
121004_CS	160	Picture	view	13573285	0	1	6999	2	0	next	other	0
121004_CS	160	Response	5	13580174	6889	1
121004_CS	161	Picture	move	13580284	0	1	37656	3	0	next	other	0
121004_CS	161	Response	3	13617774	37490	1
121004_CS	162	Picture	loadClose	13617940	0	2	89310	4	0	next	other	0
121004_CS	162	Response	7	13707071	89131	2
121004_CS	163	Picture	view	13707250	0	2	4999	3	0	next	other	0
121004_CS	163	Response	5	13712152	4902	1
121004_CS	164	Picture	move	13712249	0	1	39490	2	0	next	other	0
121004_CS	164	Response	3	13751621	39372	1
121004_CS	165	Picture	loadClose	13751739	0	1	82478	2	0	next	other	0
121004_CS	165	Response	7	13834109	82370	1
121004_CS	166	Picture	view	13834217	0	1	6165	3	0	next	other	0
121004_CS	166	Response	5	13840209	5992	1
121004_CS	167	Picture	move	13840382	0	2	35324	4	0	next	other	0
121004_CS	167	Response	3	13875548	35166	2
121004_CS	168	Picture	loadClose	13875706	0	2	104973	3	0	next	other	0
121004_CS	168	Response	7	13980576	104870	2
121004_CS	169	Picture	view	13980679	0	1	6165	2	0	next	other	0
121004_CS	169	Response	5	13986656	5977	1
121004_CS	170	Picture	move	13986844	0	1	33991	2	0	next	other	0
121004_CS	170	Response	3	14020766	33922	1
121004_CS	171	Picture	loadClose	14020835	0	1	77480	2	0	next	other	0
121004_CS	171	Response	7	14098224	77389	1
121004_CS	172	Picture	view	14098315	0	1	5165	3	0	next	other	0
121004_CS	172	Response	5	14103344	5029	1
121004_CS	173	Picture	move	14103480	0	2	36658	3	0	next	other	0
121004_CS	173	Response	3	14140073	36593	1
121004_CS	174	Picture	loadClose	14140138	0	1	59317	2	0	next	other	0
121004_CS	174	Response	7	14199422	59284	1
121004_CS	175	Picture	view	14199455	0	1	5999	2	0	next	other	0
121004_CS	175	Response	5	14205262	5807	1
121004_CS	176	Picture	move	14205454	0	1	35157	2	0	next	other	0
121004_CS	176	Response	3	14240541	35087	1
121004_CS	177	Picture	loadClose	14240611	0	1	89810	2	0	next	other	0
121004_CS	177	Response	7	14330269	89658	2
121004_CS	178	Picture	view	14330421	0	1	6332	2	0	next	other	0
121004_CS	178	Response	5	14336609	6188	1
121004_CS	179	Picture	move	14336753	0	1	34491	2	0	next	other	0
121004_CS	179	Response	3	14371069	34316	1
121004_CS	180	Picture	loadClose	14371244	0	1	69648	3	0	next	other	0
121004_CS	180	Response	7	14440777	69533	1
121004_CS	181	Picture	view	14440892	0	2	5332	4	0	next	other	0
121004_CS	181	Response	5	14446137	5245	1
121004_CS	182	Picture	move	14446224	0	2	34491	3	0	next	other	0
121004_CS	182	Response	3	14480667	34443	1
121004_CS	183	Picture	loadClose	14480715	0	1	69149	2	0	next	other	0
121004_CS	183	Response	7	14549775	69060	1
121004_CS	184	Picture	view	14549864	0	1	5165	2	0	next	other	0
121004_CS	184	Response	5	14554875	5011	1
121004_CS	185	Picture	move	14555029	0	1	35491	2	0	next	other	0
121004_CS	185	Response	3	14590324	35295	2
121004_CS	186	Picture	loadClose	14590520	0	1	74314	2	0	next	other	0
121004_CS	186	Response	7	14664772	74252	2
121004_CS	187	Picture	view	14664834	0	1	6665	2	0	next	other	0
121004_CS	187	Response	5	14671373	6539	1
121004_CS	188	Picture	move	14671499	0	1	39656	2	0	next	other	0
121004_CS	188	Response	3	14711031	39532	2
121004_CS	189	Picture	loadClose	14711155	0	1	75980	2	0	next	other	0
121004_CS	189	Response	7	14787090	75935	2
121004_CS	190	Picture	view	14787135	0	1	5166	2	0	next	other	0
121004_CS	190	Response	5	14792210	5075	1
121004_CS	191	Picture	move	14792301	0	1	39489	3	0	next	other	0
121004_CS	191	Response	3	14831680	39379	1
121004_CS	192	Picture	loadClose	14831790	0	2	93809	3	0	next	other	0
121004_CS	192	Response	7	14925437	93647	2
121004_CS	192	Response	7	14925458	93668	1
121004_CS	193	Picture	view	14925599	0	1	4999	2	0	next	other	0
121004_CS	193	Response	5	14930518	4919	1
121004_CS	194	Picture	move	14930598	0	1	40156	2	0	next	other	0
121004_CS	195	Picture	loadClose	14970754	0	1	73148	2	0	next	other	0
121004_CS	195	Response	3	14981787	11033	1
121004_CS	195	Response	7	15043835	73081	2
121004_CS	196	Picture	view	15043902	0	1	6831	3	0	next	other	0
121004_CS	196	Response	5	15050535	6633	1
121004_CS	197	Picture	move	15050733	0	2	32658	4	0	next	other	0
121004_CS	197	Response	3	15083275	32542	1
121004_CS	198	Picture	loadClose	15083391	0	2	69982	3	0	next	other	0
121004_CS	198	Response	7	15153213	69822	1
121004_CS	199	Picture	view	15153373	0	1	7332	2	0	next	other	0
121004_CS	199	Response	5	15160573	7200	1
121004_CS	200	Picture	move	15160705	0	1	36657	2	0	next	other	0
121004_CS	200	Response	3	15197272	36567	2
121004_CS	201	Picture	loadClose	15197362	0	1	83645	2	0	next	other	0
121004_CS	201	Response	7	15280941	83579	1
121004_CS	202	Picture	view	15281007	0	1	6998	2	0	next	other	0
121004_CS	202	Response	5	15287820	6813	2
121004_CS	203	Picture	move	15288005	0	1	34657	3	0	next	other	0
121004_CS	203	Response	3	15322500	34495	1
121004_CS	204	Picture	loadClose	15322662	0	2	69649	3	0	next	other	0
121004_CS	204	Response	7	15392178	69516	2
121004_CS	205	Picture	view	15392311	0	1	4166	2	0	next	other	0
121004_CS	205	Response	5	15396258	3947	1
121004_CS	206	Picture	move	15396477	0	1	34824	2	0	next	other	0
121004_CS	206	Response	3	15431137	34660	2
121004_CS	207	Picture	loadClose	15431301	0	1	107972	2	0	next	other	0
121004_CS	207	Response	7	15539105	107804	2
121004_CS	208	Picture	view	15539273	0	1	4998	3	0	next	other	0
121004_CS	208	Response	5	15544125	4852	2
121004_CS	209	Picture	move	15544271	0	2	36324	3	0	next	other	0
121004_CS	209	Response	3	15580515	36244	1
121004_CS	210	Picture	loadClose	15580595	0	1	66483	2	0	next	other	0
121004_CS	210	Response	7	15646923	66328	2
121004_CS	210	Response	7	15646943	66348	2
121004_CS	211	Picture	view	15647078	0	1	4665	2	0	next	other	0
121004_CS	211	Response	5	15651583	4505	2
121004_CS	212	Picture	move	15651743	0	1	36324	2	0	next	other	0
121004_CS	212	Response	3	15687933	36190	1
121004_CS	213	Picture	loadClose	15688067	0	1	77147	2	0	next	other	0
121004_CS	213	Response	7	15765191	77124	1
121004_CS	213	Response	7	15765211	77144	1
121004_CS	214	Picture	view	15765214	0	1	6165	2	0	next	other	0
121004_CS	214	Response	5	15771291	6077	1
121004_CS	215	Picture	move	15771379	0	1	40156	2	0	next	other	0
121004_CS	216	Picture	loadClose	15811535	0	1	76313	2	0	next	other	0
121004_CS	216	Response	3	15812140	605	1
121004_CS	216	Response	7	15887679	76144	1
121004_CS	217	Picture	view	15887848	0	1	5166	2	0	next	other	0
121004_CS	217	Response	5	15892918	5070	2
121004_CS	218	Picture	move	15893014	0	1	39323	2	0	next	other	0
121004_CS	218	Response	3	15932157	39143	2
121004_CS	219	Picture	loadClose	15932337	0	1	76646	2	0	next	other	0
121004_CS	219	Response	7	16008956	76619	1
121004_CS	220	Picture	view	16008983	0	1	6165	3	0	next	other	0
121004_CS	220	Response	5	16014996	6013	1
121004_CS	221	Picture	move	16015148	0	2	40157	3	0	next	other	0
121004_CS	222	Picture	endBlock	16055305	0	1	30158	3	0	next	other	0
121004_CS	222	Response	3	16055385	80	1
121004_CS	222	Response	6	16084945	29640	1
121004_CS	222	Response	5	16085304	29999	2
121004_CS	223	Picture	begin	16085463	0	2	265098	3	0	next	other	0
121004_CS	223	Response	3	16314840	229377	1
121004_CS	223	Response	4	16315280	229817	1
121004_CS	223	Response	6	16324740	239277	1
121004_CS	223	Response	4	16331180	245717	1
121004_CS	223	Response	7	16350499	265036	2
121004_CS	224	Picture	loadClose	16350561	0	1	37324	2	0	next	other	0
121004_CS	224	Response	7	16387769	37208	1
121004_CS	225	Picture	view	16387885	0	1	6498	2	0	next	other	0
121004_CS	225	Response	5	16394168	6283	2
121004_CS	226	Picture	move	16394383	0	1	28659	2	0	next	other	0
121004_CS	226	Response	3	16422908	28525	1
121004_CS	227	Picture	loadClose	16423042	0	1	46155	2	0	next	other	0
121004_CS	227	Response	7	16469127	46085	1
121004_CS	228	Picture	view	16469197	0	1	5165	2	0	next	other	0
121004_CS	228	Response	5	16474247	5050	1
121004_CS	229	Picture	move	16474362	0	1	30992	2	0	next	other	0
121004_CS	229	Response	3	16505226	30864	2
121004_CS	230	Picture	loadClose	16505354	0	1	47821	2	0	next	other	0
121004_CS	230	Response	7	16553066	47712	1
121004_CS	231	Picture	view	16553175	0	1	5665	2	0	next	other	0
121004_CS	231	Response	5	16558725	5550	1
121004_CS	232	Picture	move	16558840	0	1	28659	2	0	next	other	0
121004_CS	232	Response	3	16587464	28624	2
121004_CS	233	Picture	loadClose	16587499	0	1	48821	2	0	next	other	0
121004_CS	233	Response	7	16636263	48764	2
121004_CS	234	Picture	view	16636320	0	1	5165	2	0	next	other	0
121004_CS	234	Response	5	16641363	5043	2
121004_CS	235	Picture	move	16641485	0	1	28993	2	0	next	other	0
121004_CS	235	Response	3	16670353	28868	1
121004_CS	236	Picture	loadClose	16670478	0	1	82645	2	0	next	other	0
121004_CS	236	Response	7	16753061	82583	2
121004_CS	237	Picture	view	16753123	0	1	6165	2	0	next	other	0
121004_CS	237	Response	5	16759141	6018	2
121004_CS	238	Picture	move	16759288	0	1	30492	2	0	next	other	0
121004_CS	238	Response	3	16789700	30412	2
121004_CS	239	Picture	loadClose	16789780	0	1	64483	2	0	next	other	0
121004_CS	239	Response	7	16854160	64380	1
121004_CS	240	Picture	view	16854263	0	1	5998	3	0	next	other	0
121004_CS	240	Response	5	16860119	5856	2
121004_CS	241	Picture	move	16860261	0	2	30326	3	0	next	other	0
121004_CS	241	Response	3	16890419	30158	1
121004_CS	242	Picture	loadClose	16890587	0	1	55485	3	0	next	other	0
121004_CS	242	Response	7	16945917	55330	2
121004_CS	243	Picture	view	16946072	0	2	5999	3	0	next	other	0
121004_CS	243	Response	5	16951958	5886	1
121004_CS	244	Picture	move	16952071	0	1	30325	2	0	next	other	0
121004_CS	244	Response	3	16982277	30206	1
121004_CS	245	Picture	loadClose	16982396	0	1	101807	2	0	next	other	0
121004_CS	245	Response	7	17084114	101718	2
121004_CS	246	Picture	view	17084203	0	1	4484	184	0	next	other	0
121004_CS	246	Response	5	17088614	4411	2
121004_CS	247	Picture	move	17088687	0	183	29341	184	0	next	other	0
121004_CS	247	Response	3	17117904	29217	1
121004_CS	248	Picture	loadClose	17118028	0	1	49653	2	0	next	other	0
121004_CS	248	Response	7	17167603	49575	1
121004_CS	249	Picture	view	17167681	0	1	4822	179	0	next	other	0
121004_CS	249	Response	5	17172443	4762	1
121004_CS	250	Picture	move	17172503	0	178	31502	179	0	next	other	0
121004_CS	250	Response	3	17203902	31399	2
121004_CS	251	Picture	loadClose	17204005	0	1	49987	2	0	next	other	0
121004_CS	251	Response	7	17253881	49876	2
121004_CS	252	Picture	view	17253992	0	1	5499	2	0	next	other	0
121004_CS	252	Response	5	17259261	5269	2
121004_CS	253	Picture	move	17259491	0	1	32658	2	0	next	other	0
121004_CS	253	Response	3	17292031	32540	1
121004_CS	254	Picture	loadClose	17292149	0	1	46321	2	0	next	other	0
121004_CS	254	Response	7	17338390	46241	1
121004_CS	255	Picture	view	17338470	0	1	4832	2	0	next	other	0
121004_CS	255	Response	5	17343170	4700	1
121004_CS	256	Picture	move	17343302	0	1	38823	2	0	next	other	0
121004_CS	256	Response	3	17381989	38687	1
121004_CS	257	Picture	loadClose	17382125	0	1	64150	2	0	next	other	0
121004_CS	257	Response	7	17446147	64022	2
121004_CS	258	Picture	view	17446275	0	1	6998	3	0	next	other	0
121004_CS	258	Response	5	17453047	6772	2
121004_CS	259	Picture	move	17453273	0	2	35658	3	0	next	other	0
121004_CS	259	Response	3	17488766	35493	2
121004_CS	260	Picture	loadClose	17488931	0	1	47321	2	0	next	other	0
121004_CS	260	Response	7	17536086	47155	1
121004_CS	261	Picture	view	17536252	0	1	5665	2	0	next	other	0
121004_CS	261	Response	5	17541766	5514	1
121004_CS	262	Picture	move	17541917	0	1	31492	2	0	next	other	0
121004_CS	262	Response	3	17573275	31358	1
121004_CS	263	Picture	loadClose	17573409	0	1	47987	2	0	next	other	0
121004_CS	263	Response	7	17621284	47875	1
121004_CS	264	Picture	view	17621396	0	1	6332	2	0	next	other	0
121004_CS	264	Response	5	17627504	6108	1
121004_CS	265	Picture	move	17627728	0	1	34658	2	0	next	other	0
121004_CS	265	Response	3	17662354	34626	1
121004_CS	266	Picture	loadClose	17662386	0	1	49820	2	0	next	other	0
121004_CS	266	Response	7	17712173	49787	1
121004_CS	267	Picture	view	17712206	0	1	6498	3	0	next	other	0
121004_CS	267	Response	5	17718472	6266	1
121004_CS	268	Picture	move	17718704	0	2	32992	3	0	next	other	0
121004_CS	268	Response	3	17751631	32927	2
121004_CS	269	Picture	loadClose	17751696	0	1	63483	2	0	next	other	0
121004_CS	269	Response	7	17815150	63454	2
121004_CS	270	Picture	view	17815179	0	1	5999	2	0	next	other	0
121004_CS	270	Response	5	17821050	5871	1
121004_CS	271	Picture	move	17821178	0	1	32658	2	0	next	other	0
121004_CS	271	Response	3	17853720	32542	1
121004_CS	272	Picture	loadClose	17853836	0	1	51153	2	0	next	other	0
121004_CS	272	Response	7	17904938	51102	2
121004_CS	273	Picture	view	17904989	0	1	5665	3	0	next	other	0
121004_CS	273	Response	5	17910419	5430	1
121004_CS	274	Picture	move	17910654	0	2	33991	4	0	next	other	0
121004_CS	274	Response	3	17944527	33873	2
121004_CS	275	Picture	loadClose	17944645	0	2	54986	3	0	next	other	0
121004_CS	275	Response	7	17999606	54961	2
121004_CS	276	Picture	view	17999631	0	1	6498	3	0	next	other	0
121004_CS	276	Response	5	18005967	6336	1
121004_CS	277	Picture	move	18006129	0	2	31992	3	0	next	other	0
121004_CS	277	Response	3	18038026	31897	1
121004_CS	278	Picture	loadClose	18038121	0	1	64317	2	0	next	other	0
121004_CS	278	Response	7	18102415	64294	1
121004_CS	279	Picture	view	18102438	0	1	6998	2	0	next	other	0
121004_CS	279	Response	5	18109275	6837	1
121004_CS	280	Picture	move	18109436	0	1	30492	2	0	next	other	0
121004_CS	280	Response	3	18139884	30448	1
121004_CS	281	Picture	loadClose	18139928	0	1	61317	2	0	next	other	0
121004_CS	281	Response	7	18201173	61245	1
121004_CS	282	Picture	view	18201245	0	1	3999	2	0	next	other	0
121004_CS	282	Response	5	18205052	3807	2
121004_CS	283	Picture	move	18205244	0	1	30659	2	0	next	other	0
121004_CS	283	Response	3	18235742	30498	1
121004_CS	284	Picture	loadClose	18235903	0	1	48321	2	0	next	other	0
121004_CS	284	Response	7	18284211	48308	1
121004_CS	285	Picture	view	18284224	0	1	6665	2	0	next	other	0
121004_CS	285	Response	5	18290751	6527	1
121004_CS	286	Picture	move	18290889	0	1	27826	2	0	next	other	0
121004_CS	286	Response	3	18318561	27672	1
121004_CS	287	Picture	loadClose	18318715	0	1	48487	2	0	next	other	0
121004_CS	287	Response	7	18367080	48365	1
121004_CS	288	Picture	view	18367202	0	1	4999	2	0	next	other	0
121004_CS	288	Response	5	18372059	4857	2
121004_CS	289	Picture	move	18372201	0	1	31991	2	0	next	other	0
121004_CS	289	Response	3	18404069	31868	1
121004_CS	290	Picture	loadClose	18404192	0	1	51320	2	0	next	other	0
121004_CS	290	Response	7	18455437	51245	2
121004_CS	291	Picture	view	18455512	0	1	5665	3	0	next	other	0
121004_CS	291	Response	5	18461078	5566	1
121004_CS	292	Picture	move	18461177	0	2	29160	3	0	next	other	0
121004_CS	292	Response	3	18490167	28990	1
121004_CS	293	Picture	loadClose	18490337	0	1	57485	2	0	next	other	0
121004_CS	293	Response	7	18547686	57349	1
121004_CS	294	Picture	view	18547822	0	1	4498	3	0	next	other	0
121004_CS	294	Response	5	18552145	4323	2
121004_CS	295	Picture	move	18552320	0	2	30992	3	0	next	other	0
121004_CS	295	Response	3	18583155	30835	1
121004_CS	296	Picture	endSession	18583312	0	1	35652	2	0	next	other	0
121004_CS	296	Response	5	18610135	26823	1
121004_CS	296	Response	6	18610435	27123	1
