Scenario - opto_replant
Logfile written - 07/29/2014 13:45:20

Subject	Trial	Event Type	Code	Time	TTime	Uncertainty	Duration	Uncertainty	ReqTime	ReqDur	Stim Type	Pair Index

03_25	1	Picture	begin	332	0	2	186957	4	0	next	other	0
03_25	1	Response	6	162926	162594	2
03_25	1	Response	5	173866	173534	2
03_25	1	Response	9	187206	186874	2
03_25	2	Picture	loadClose	187289	0	2	115307	4	0	next	other	0
03_25	2	Response	9	302513	115224	2
03_25	3	Picture	view	302596	0	2	6499	3	0	next	other	0
03_25	3	Response	7	308883	6287	1
03_25	4	Picture	move	309095	0	1	50155	2	0	next	other	0
03_25	4	Response	2	346242	37147	3
03_25	5	Picture	loadClose	359250	0	1	118473	2	0	next	other	0
03_25	5	Response	5	361231	1981	2
03_25	5	Response	7	477599	118349	2
03_25	6	Picture	wrongHand	477723	0	1	233613	2	0	next	false_alarm	15
03_25	6	Response	5	711223	233500	2
03_25	7	Picture	loadClose	711336	0	1	154631	3	0	next	other	0
03_25	7	Response	9	865929	154593	2
03_25	8	Picture	view	865967	0	2	4166	4	0	next	other	0
03_25	8	Response	7	869969	4002	2
03_25	9	Picture	move	870133	0	2	38461	200	0	next	other	0
03_25	9	Response	5	908568	38435	2
03_25	10	Picture	check	908594	0	198	8195	199	0	next	other	0
03_25	10	Response	2	916628	8034	3
03_25	11	Picture	loadClose	916789	0	1	71817	2	0	next	other	0
03_25	11	Response	9	988586	71797	2
03_25	12	Picture	view	988606	0	1	3666	2	0	next	other	0
03_25	12	Response	7	992146	3540	2
03_25	13	Picture	move	992272	0	1	36991	3	0	next	other	0
03_25	13	Response	2	1024467	32195	1
03_25	13	Response	5	1029055	36783	2
03_25	14	Picture	loadClose	1029263	0	2	65652	3	0	next	other	0
03_25	14	Response	9	1094794	65531	2
03_25	15	Picture	view	1094915	0	1	3833	2	0	next	other	0
03_25	15	Response	7	1098564	3649	1
03_25	16	Picture	move	1098748	0	1	43656	2	0	next	other	0
03_25	16	Response	2	1138865	40117	1
03_25	16	Response	5	1142293	43545	1
03_25	17	Picture	loadClose	1142404	0	1	68485	2	0	next	other	0
03_25	17	Response	9	1210731	68327	2
03_25	18	Picture	view	1210889	0	1	3665	3	0	next	other	0
03_25	18	Response	7	1214351	3462	2
03_25	19	Picture	move	1214554	0	2	36648	180	0	next	other	0
03_25	19	Response	5	1251180	36626	2
03_25	20	Picture	check	1251202	0	178	2010	179	0	next	other	0
03_25	20	Response	2	1253102	1900	1
03_25	21	Picture	loadClose	1253212	0	1	69318	2	0	next	other	0
03_25	21	Response	9	1322358	69146	2
03_25	22	Picture	view	1322530	0	1	4165	3	0	next	other	0
03_25	22	Response	7	1326578	4048	2
03_25	23	Picture	move	1326695	0	2	45157	3	0	next	other	0
03_25	23	Response	2	1354699	28004	1
03_25	23	Response	5	1371687	44992	2
03_25	24	Picture	loadClose	1371852	0	1	75816	2	0	next	other	0
03_25	24	Response	9	1447515	75663	2
03_25	24	Response	9	1447535	75683	2
03_25	25	Picture	view	1447668	0	1	3832	3	0	next	other	0
03_25	25	Response	7	1451385	3717	2
03_25	26	Picture	move	1451500	0	2	39991	3	0	next	other	0
03_25	26	Response	2	1479496	27996	1
03_25	26	Response	5	1491274	39774	2
03_25	27	Picture	loadClose	1491491	0	1	71150	2	0	next	other	0
03_25	27	Response	9	1562492	71001	2
03_25	28	Picture	view	1562641	0	1	3666	3	0	next	other	0
03_25	28	Response	7	1566192	3551	2
03_25	29	Picture	move	1566307	0	2	35992	3	0	next	other	0
03_25	29	Response	5	1602212	35905	2
03_25	29	Response	2	1602213	35906	1
03_25	30	Picture	loadClose	1602299	0	1	69651	2	0	next	other	0
03_25	30	Response	9	1671770	69471	2
03_25	31	Picture	view	1671950	0	1	3999	2	0	next	other	0
03_25	31	Response	7	1675760	3810	1
03_25	32	Picture	move	1675949	0	1	35158	2	0	next	other	0
03_25	32	Response	2	1698851	22902	1
03_25	32	Response	5	1710919	34970	2
03_25	33	Picture	loadClose	1711107	0	1	77149	2	0	next	other	0
03_25	33	Response	9	1788137	77030	2
03_25	33	Response	9	1788157	77050	2
03_25	34	Picture	view	1788256	0	1	3833	2	0	next	other	0
03_25	34	Response	7	1791887	3631	2
03_25	35	Picture	move	1792089	0	1	37824	3	0	next	other	0
03_25	35	Response	5	1829796	37707	2
03_25	36	Picture	check	1829913	0	2	3333	4	0	next	other	0
03_25	36	Response	2	1833088	3175	1
03_25	37	Picture	loadClose	1833246	0	2	73483	3	0	next	other	0
03_25	37	Response	9	1906584	73338	2
03_25	38	Picture	view	1906729	0	1	3666	2	0	next	other	0
03_25	38	Response	7	1910284	3555	2
03_25	39	Picture	move	1910395	0	1	39158	2	0	next	other	0
03_25	39	Response	2	1939645	29250	1
03_25	39	Response	5	1949423	39028	2
03_25	40	Picture	loadClose	1949553	0	1	70484	2	0	next	other	0
03_25	40	Response	9	2019881	70328	2
03_25	41	Picture	view	2020037	0	1	4665	3	0	next	other	0
03_25	41	Response	7	2024511	4474	2
03_25	42	Picture	move	2024702	0	2	41824	3	0	next	other	0
03_25	42	Response	5	2066380	41678	2
03_25	43	Picture	check	2066526	0	1	2833	2	0	next	other	0
03_25	43	Response	2	2069242	2716	1
03_25	44	Picture	loadClose	2069359	0	1	75982	2	0	next	other	0
03_25	44	Response	9	2145248	75889	2
03_25	45	Picture	view	2145341	0	1	3999	3	0	next	other	0
03_25	45	Response	7	2149088	3747	2
03_25	46	Picture	move	2149340	0	2	40157	4	0	next	other	0
03_25	46	Response	5	2189317	39977	2
03_25	47	Picture	check	2189497	0	2	3667	3	0	next	other	0
03_25	47	Response	2	2193079	3582	1
03_25	48	Picture	loadClose	2193164	0	1	72150	2	0	next	other	0
03_25	48	Response	9	2265196	72032	1
03_25	49	Picture	view	2265314	0	1	3832	3	0	next	other	0
03_25	49	Response	7	2268955	3641	2
03_25	50	Picture	move	2269146	0	2	41324	3	0	next	other	0
03_25	50	Response	2	2304756	35610	1
03_25	50	Response	5	2310354	41208	3
03_25	51	Picture	loadClose	2310470	0	1	122305	3	0	next	other	0
03_25	51	Response	9	2432652	122182	1
03_25	52	Picture	view	2432775	0	2	4166	4	0	next	other	0
03_25	52	Response	7	2436811	4036	2
03_25	53	Picture	move	2436941	0	2	37158	3	0	next	other	0
03_25	53	Response	2	2471632	34691	1
03_25	53	Response	5	2473890	36949	2
03_25	54	Picture	loadClose	2474099	0	1	89813	2	0	next	other	0
03_25	54	Response	9	2563808	89709	2
03_25	55	Picture	view	2563912	0	1	5832	2	0	next	other	0
03_25	55	Response	7	2569628	5716	2
03_25	56	Picture	move	2569744	0	1	40324	2	0	next	other	0
03_25	56	Response	5	2609957	40213	2
03_25	57	Picture	check	2610068	0	1	3833	2	0	next	other	0
03_25	57	Response	2	2613869	3801	1
03_25	58	Picture	loadClose	2613901	0	1	60819	2	0	next	other	0
03_25	58	Response	9	2674646	60745	1
03_25	59	Picture	view	2674720	0	1	4499	2	0	next	other	0
03_25	59	Response	7	2678986	4266	1
03_25	60	Picture	move	2679219	0	1	45823	2	0	next	other	0
03_25	60	Response	2	2717706	38487	1
03_25	60	Response	5	2724944	45725	2
03_25	61	Picture	loadClose	2725042	0	1	75316	2	0	next	other	0
03_25	61	Response	9	2800213	75171	1
03_25	62	Picture	view	2800358	0	1	4499	2	0	next	other	0
03_25	62	Response	7	2804653	4295	1
03_25	63	Picture	move	2804857	0	1	40657	2	0	next	other	0
03_25	63	Response	2	2839784	34927	1
03_25	63	Response	5	2845302	40445	1
03_25	64	Picture	loadClose	2845514	0	1	67818	2	0	next	other	0
03_25	64	Response	9	2913260	67746	2
03_25	65	Picture	view	2913332	0	1	4154	181	0	next	other	0
03_25	65	Response	7	2917410	4078	2
03_25	66	Picture	move	2917486	0	180	36003	182	0	next	other	0
03_25	66	Response	5	2953349	35863	2
03_25	67	Picture	check	2953489	0	2	334	3	0	next	other	0
03_25	67	Response	7	2953759	270	2
03_25	68	Picture	wrongHand	2953823	0	1	1333	2	0	next	false_alarm	152
03_25	68	Response	5	2955029	1206	2
03_25	69	Picture	loadClose	2955156	0	1	72983	2	0	next	other	0
03_25	69	Response	2	2955781	625	1
03_25	69	Response	9	3028097	72941	2
03_25	70	Picture	view	3028139	0	1	4332	3	0	next	other	0
03_25	70	Response	7	3032257	4118	2
03_25	71	Picture	move	3032471	0	2	38825	3	0	next	other	0
03_25	71	Response	5	3071176	38705	2
03_25	72	Picture	check	3071296	0	1	9944	222	0	next	other	0
03_25	72	Response	2	3081218	9922	1
03_25	73	Picture	loadClose	3081240	0	221	59207	222	0	next	other	0
03_25	73	Response	9	3140364	59124	2
03_25	74	Picture	view	3140447	0	1	3814	187	0	next	other	0
03_25	74	Response	7	3144174	3727	2
03_25	75	Picture	move	3144261	0	186	41842	187	0	next	other	0
03_25	75	Response	2	3180415	36154	1
03_25	75	Response	5	3185943	41682	2
03_25	76	Picture	loadClose	3186103	0	1	64652	2	0	next	other	0
03_25	76	Response	9	3250712	64609	2
03_25	77	Picture	view	3250755	0	1	3666	2	0	next	other	0
03_25	77	Response	7	3254262	3507	1
03_25	78	Picture	move	3254421	0	1	46156	2	0	next	other	0
03_25	78	Response	5	3300461	46040	1
03_25	79	Picture	check	3300577	0	1	4332	2	0	next	other	0
03_25	79	Response	2	3304732	4155	1
03_25	80	Picture	loadClose	3304909	0	1	73150	2	0	next	other	0
03_25	80	Response	9	3377959	73050	1
03_25	80	Response	9	3377979	73070	1
03_25	81	Picture	view	3378059	0	1	3832	3	0	next	other	0
03_25	81	Response	7	3381749	3690	1
03_25	82	Picture	move	3381891	0	2	42824	3	0	next	other	0
03_25	82	Response	2	3420890	38999	1
03_25	82	Response	5	3424568	42677	2
03_25	83	Picture	loadClose	3424715	0	1	69651	2	0	next	other	0
03_25	83	Response	9	3494236	69521	2
03_25	84	Picture	view	3494366	0	1	4998	3	0	next	other	0
03_25	84	Response	7	3499206	4840	2
03_25	85	Picture	move	3499364	0	2	38325	3	0	next	other	0
03_25	85	Response	2	3535287	35923	1
03_25	85	Response	5	3537455	38091	2
03_25	86	Picture	loadClose	3537689	0	1	73150	2	0	next	other	0
03_25	86	Response	9	3610803	73114	2
03_25	87	Picture	view	3610839	0	1	3666	2	0	next	other	0
03_25	87	Response	7	3614263	3424	2
03_25	88	Picture	move	3614505	0	1	41490	2	0	next	other	0
03_25	88	Response	2	3652564	38059	1
03_25	88	Response	5	3655852	41347	2
03_25	89	Picture	endSession	3655995	0	1	35597	2	0	next	other	0


Event Type	Code	Type	Response	RT	RT Uncertainty	Time	Uncertainty	Duration	Uncertainty	ReqTime	ReqDur

Picture	begin	other				332	2	186957	4	0	next
Picture	loadClose	other				187289	2	115307	4	0	next
Picture	view	other				302596	2	6499	3	0	next
Picture	move	other				309095	1	50155	2	0	next
Picture	loadClose	other				359250	1	118473	2	0	next
Picture	wrongHand	false_alarm	5	233500	3	477723	1	233613	2	0	next
Picture	loadClose	other				711336	1	154631	3	0	next
Picture	view	other				865967	2	4166	4	0	next
Picture	move	other				870133	2	38461	200	0	next
Picture	check	other				908594	198	8195	199	0	next
Picture	loadClose	other				916789	1	71817	2	0	next
Picture	view	other				988606	1	3666	2	0	next
Picture	move	other				992272	1	36991	3	0	next
Picture	loadClose	other				1029263	2	65652	3	0	next
Picture	view	other				1094915	1	3833	2	0	next
Picture	move	other				1098748	1	43656	2	0	next
Picture	loadClose	other				1142404	1	68485	2	0	next
Picture	view	other				1210889	1	3665	3	0	next
Picture	move	other				1214554	2	36648	180	0	next
Picture	check	other				1251202	178	2010	179	0	next
Picture	loadClose	other				1253212	1	69318	2	0	next
Picture	view	other				1322530	1	4165	3	0	next
Picture	move	other				1326695	2	45157	3	0	next
Picture	loadClose	other				1371852	1	75816	2	0	next
Picture	view	other				1447668	1	3832	3	0	next
Picture	move	other				1451500	2	39991	3	0	next
Picture	loadClose	other				1491491	1	71150	2	0	next
Picture	view	other				1562641	1	3666	3	0	next
Picture	move	other				1566307	2	35992	3	0	next
Picture	loadClose	other				1602299	1	69651	2	0	next
Picture	view	other				1671950	1	3999	2	0	next
Picture	move	other				1675949	1	35158	2	0	next
Picture	loadClose	other				1711107	1	77149	2	0	next
Picture	view	other				1788256	1	3833	2	0	next
Picture	move	other				1792089	1	37824	3	0	next
Picture	check	other				1829913	2	3333	4	0	next
Picture	loadClose	other				1833246	2	73483	3	0	next
Picture	view	other				1906729	1	3666	2	0	next
Picture	move	other				1910395	1	39158	2	0	next
Picture	loadClose	other				1949553	1	70484	2	0	next
Picture	view	other				2020037	1	4665	3	0	next
Picture	move	other				2024702	2	41824	3	0	next
Picture	check	other				2066526	1	2833	2	0	next
Picture	loadClose	other				2069359	1	75982	2	0	next
Picture	view	other				2145341	1	3999	3	0	next
Picture	move	other				2149340	2	40157	4	0	next
Picture	check	other				2189497	2	3667	3	0	next
Picture	loadClose	other				2193164	1	72150	2	0	next
Picture	view	other				2265314	1	3832	3	0	next
Picture	move	other				2269146	2	41324	3	0	next
Picture	loadClose	other				2310470	1	122305	3	0	next
Picture	view	other				2432775	2	4166	4	0	next
Picture	move	other				2436941	2	37158	3	0	next
Picture	loadClose	other				2474099	1	89813	2	0	next
Picture	view	other				2563912	1	5832	2	0	next
Picture	move	other				2569744	1	40324	2	0	next
Picture	check	other				2610068	1	3833	2	0	next
Picture	loadClose	other				2613901	1	60819	2	0	next
Picture	view	other				2674720	1	4499	2	0	next
Picture	move	other				2679219	1	45823	2	0	next
Picture	loadClose	other				2725042	1	75316	2	0	next
Picture	view	other				2800358	1	4499	2	0	next
Picture	move	other				2804857	1	40657	2	0	next
Picture	loadClose	other				2845514	1	67818	2	0	next
Picture	view	other				2913332	1	4154	181	0	next
Picture	move	other				2917486	180	36003	182	0	next
Picture	check	other				2953489	2	334	3	0	next
Picture	wrongHand	false_alarm	5	1206	3	2953823	1	1333	2	0	next
Picture	loadClose	other				2955156	1	72983	2	0	next
Picture	view	other				3028139	1	4332	3	0	next
Picture	move	other				3032471	2	38825	3	0	next
Picture	check	other				3071296	1	9944	222	0	next
Picture	loadClose	other				3081240	221	59207	222	0	next
Picture	view	other				3140447	1	3814	187	0	next
Picture	move	other				3144261	186	41842	187	0	next
Picture	loadClose	other				3186103	1	64652	2	0	next
Picture	view	other				3250755	1	3666	2	0	next
Picture	move	other				3254421	1	46156	2	0	next
Picture	check	other				3300577	1	4332	2	0	next
Picture	loadClose	other				3304909	1	73150	2	0	next
Picture	view	other				3378059	1	3832	3	0	next
Picture	move	other				3381891	2	42824	3	0	next
Picture	loadClose	other				3424715	1	69651	2	0	next
Picture	view	other				3494366	1	4998	3	0	next
Picture	move	other				3499364	2	38325	3	0	next
Picture	loadClose	other				3537689	1	73150	2	0	next
Picture	view	other				3610839	1	3666	2	0	next
Picture	move	other				3614505	1	41490	2	0	next
Picture	endSession	other				3655995	1	35597	2	0	next
