Scenario - opto_replant
Logfile written - 11/04/2014 11:25:32

Subject	Trial	Event Type	Code	Time	TTime	Uncertainty	Duration	Uncertainty	ReqTime	ReqDur	Stim Type	Pair Index

03_34	1	Picture	begin	332	0	1	10023837	2	0	next	other	0
03_34	1	Response	5	7861345	7861013	3
03_34	1	Response	7	7873065	7872733	2
03_34	1	Response	5	7913054	7912722	2
03_34	1	Response	6	7913084	7912752	2
03_34	1	Response	8	8028651	8028319	2
03_34	1	Response	6	8106619	8106287	2
03_34	1	Response	8	8135168	8134836	2
03_34	1	Response	6	8147098	8146766	2
03_34	1	Response	8	8179307	8178975	2
03_34	1	Response	6	8248585	8248253	2
03_34	1	Response	8	8291514	8291182	2
03_34	1	Response	6	8447820	8447488	1
03_34	1	Response	8	8480989	8480657	1
03_34	1	Response	6	8544407	8544075	2
03_34	1	Response	8	8619985	8619653	2
03_34	1	Response	6	8673483	8673151	3
03_34	1	Response	8	8778771	8778439	1
03_34	1	Response	7	8779491	8779159	1
03_34	1	Response	6	8865368	8865036	2
03_34	1	Response	5	8866828	8866496	2
03_34	1	Response	8	8948866	8948534	2
03_34	1	Response	7	8950766	8950434	2
03_34	1	Response	5	9628548	9628216	1
03_34	1	Response	6	9628888	9628556	1
03_34	1	Response	9	10024027	10023695	2
03_34	2	Picture	loadClose	10024169	0	1	419402	2	0	next	other	0
03_34	2	Response	9	10443386	419217	1
03_34	2	Response	9	10443406	419237	1
03_34	3	Picture	view	10443571	0	1	9498	2	0	next	other	0
03_34	3	Response	8	10452905	9334	2
03_34	4	Picture	move	10453069	0	1	50155	3	0	next	other	0
03_34	4	Response	2	10491034	37965	3
03_34	5	Picture	loadClose	10503224	0	2	79481	4	0	next	other	0
03_34	5	Response	6	10515014	11790	1
03_34	5	Response	9	10582562	79338	2
03_34	6	Picture	view	10582705	0	2	9665	3	0	next	other	0
03_34	6	Response	8	10592172	9467	1
03_34	7	Picture	move	10592370	0	1	50155	2	0	next	other	0
03_34	7	Response	2	10633590	41220	3
03_34	8	Picture	loadClose	10642525	0	1	117806	2	0	next	other	0
03_34	8	Response	6	10644150	1625	2
03_34	8	Response	9	10760147	117622	2
03_34	9	Picture	view	10760331	0	1	8831	2	0	next	other	0
03_34	9	Response	8	10768947	8616	2
03_34	10	Picture	move	10769162	0	1	47656	2	0	next	other	0
03_34	10	Response	2	10798706	29544	2
03_34	10	Response	6	10816655	47493	2
03_34	11	Picture	loadClose	10816818	0	1	66984	2	0	next	other	0
03_34	11	Response	9	10883664	66846	2
03_34	12	Picture	view	10883802	0	1	9665	2	0	next	other	0
03_34	12	Response	8	10893293	9491	2
03_34	13	Picture	move	10893467	0	1	49821	2	0	next	other	0
03_34	13	Response	2	10923183	29716	2
03_34	13	Response	6	10943132	49665	2
03_34	14	Picture	loadClose	10943288	0	1	80482	2	0	next	other	0
03_34	14	Response	9	11023590	80302	2
03_34	14	Response	9	11023610	80322	2
03_34	15	Picture	view	11023770	0	1	9331	2	0	next	other	0
03_34	15	Response	8	11032960	9190	1
03_34	16	Picture	move	11033101	0	1	49488	2	0	next	other	0
03_34	16	Response	2	11074539	41438	2
03_34	16	Response	6	11082378	49277	2
03_34	17	Picture	loadClose	11082589	0	1	50655	2	0	next	other	0
03_34	17	Response	9	11133057	50468	2
03_34	18	Picture	view	11133244	0	1	9310	190	0	next	other	0
03_34	18	Response	8	11142467	9223	1
03_34	19	Picture	move	11142554	0	189	47844	190	0	next	other	0
03_34	19	Response	2	11174056	31502	2
03_34	19	Response	6	11190265	47711	2
03_34	20	Picture	loadClose	11190398	0	1	51321	2	0	next	other	0
03_34	20	Response	9	11241684	51286	2
03_34	21	Picture	view	11241719	0	1	9664	3	0	next	other	0
03_34	21	Response	8	11251264	9545	1
03_34	22	Picture	move	11251383	0	2	48489	3	0	next	other	0
03_34	22	Response	2	11290693	39310	2
03_34	22	Response	6	11299722	48339	2
03_34	23	Picture	loadClose	11299872	0	1	47989	2	0	next	other	0
03_34	23	Response	9	11347751	47879	2
03_34	24	Picture	view	11347861	0	1	8331	3	0	next	other	0
03_34	24	Response	8	11356091	8230	2
03_34	25	Picture	move	11356192	0	2	49156	3	0	next	other	0
03_34	25	Response	2	11381730	25538	3
03_34	25	Response	6	11405130	48938	1
03_34	26	Picture	loadClose	11405348	0	1	49321	3	0	next	other	0
03_34	26	Response	9	11454608	49260	2
03_34	27	Picture	view	11454669	0	2	7975	194	0	next	other	0
03_34	27	Response	8	11462558	7889	2
03_34	28	Picture	move	11462644	0	192	45346	193	0	next	other	0
03_34	28	Response	2	11501087	38443	2
03_34	28	Response	6	11507777	45133	1
03_34	29	Picture	loadClose	11507990	0	1	61986	2	0	next	other	0
03_34	29	Response	9	11569895	61905	2
03_34	29	Response	9	11569911	61921	9
03_34	30	Picture	view	11569976	0	1	6165	2	0	next	other	0
03_34	30	Response	8	11575905	5929	2
03_34	31	Picture	move	11576141	0	1	47822	2	0	next	other	0
03_34	31	Response	2	11615804	39663	2
03_34	31	Response	6	11623804	47663	2
03_34	32	Picture	loadClose	11623963	0	1	60819	3	0	next	other	0
03_34	32	Response	9	11684742	60779	2
03_34	33	Picture	view	11684782	0	2	6666	3	0	next	other	0
03_34	33	Response	8	11691332	6550	2
03_34	34	Picture	move	11691448	0	1	45489	2	0	next	other	0
03_34	34	Response	6	11736621	45173	1
03_34	35	Response	2	11736761	115	2
03_34	36	Picture	loadClose	11736937	0	1	57487	2	0	next	other	0
03_34	36	Response	9	11794389	57452	2
03_34	37	Picture	view	11794424	0	1	5998	3	0	next	other	0
03_34	37	Response	8	11800249	5825	2
03_34	38	Picture	move	11800422	0	2	43990	3	0	next	other	0
03_34	38	Response	2	11844118	43696	2
03_34	38	Response	6	11844218	43796	1
03_34	39	Picture	loadClose	11844412	0	1	47656	2	0	next	other	0
03_34	39	Response	9	11891906	47494	2
03_34	40	Picture	view	11892068	0	1	7665	2	0	next	other	0
03_34	40	Response	8	11899486	7418	2
03_34	41	Picture	move	11899733	0	1	43823	2	0	next	other	0
03_34	41	Response	2	11917076	17343	2
03_34	41	Response	6	11943435	43702	2
03_34	42	Picture	loadClose	11943556	0	1	51155	2	0	next	other	0
03_34	42	Response	9	11994644	51088	1
03_34	43	Picture	view	11994711	0	1	7664	3	0	next	other	0
03_34	43	Response	8	12002193	7482	3
03_34	44	Picture	move	12002375	0	2	41991	3	0	next	other	0
03_34	44	Response	2	12027793	25418	2
03_34	44	Response	6	12044202	41827	2
03_34	45	Picture	loadClose	12044366	0	1	92645	2	0	next	other	0
03_34	45	Response	9	12136970	92604	2
03_34	46	Picture	view	12137011	0	1	7498	2	0	next	other	0
03_34	46	Response	8	12144380	7369	1
03_34	47	Picture	move	12144509	0	1	46310	182	0	next	other	0
03_34	47	Response	2	12173069	28560	2
03_34	47	Response	6	12190778	46269	2
03_34	48	Picture	loadClose	12190819	0	181	61165	182	0	next	other	0
03_34	48	Response	9	12251877	61058	1
03_34	49	Picture	view	12251984	0	1	7665	2	0	next	other	0
03_34	49	Response	8	12259476	7492	2
03_34	50	Picture	move	12259649	0	1	49822	2	0	next	other	0
03_34	50	Response	2	12284906	25257	2
03_34	50	Response	6	12309365	49716	2
03_34	51	Picture	loadClose	12309471	0	1	60152	3	0	next	other	0
03_34	51	Response	9	12369503	60032	2
03_34	52	Picture	view	12369623	0	2	5832	4	0	next	other	0
03_34	52	Response	8	12375243	5620	2
03_34	53	Picture	move	12375455	0	2	45323	3	0	next	other	0
03_34	53	Response	2	12398663	23208	2
03_34	53	Response	6	12420562	45107	2
03_34	54	Picture	loadClose	12420778	0	1	50488	3	0	next	other	0
03_34	54	Response	9	12471171	50393	1
03_34	55	Picture	view	12471266	0	2	6665	4	0	next	other	0
03_34	55	Response	8	12477811	6545	1
03_34	56	Picture	move	12477931	0	2	45157	3	0	next	other	0
03_34	56	Response	2	12513700	35769	2
03_34	56	Response	6	12522949	45018	2
03_34	57	Picture	loadClose	12523088	0	1	50488	2	0	next	other	0
03_34	57	Response	9	12573398	50310	2
03_34	58	Picture	view	12573576	0	1	6665	2	0	next	other	0
03_34	58	Response	8	12580108	6532	2
03_34	59	Picture	move	12580241	0	1	45655	3	0	next	other	0
03_34	59	Response	2	12615457	35216	2
03_34	59	Response	6	12625757	45516	1
03_34	60	Picture	loadClose	12625896	0	2	55988	3	0	next	other	0
03_34	60	Response	9	12681855	55959	2
03_34	61	Picture	view	12681884	0	1	6165	3	0	next	other	0
03_34	61	Response	8	12687855	5971	2
03_34	62	Picture	move	12688049	0	2	46656	3	0	next	other	0
03_34	62	Response	2	12705054	17005	3
03_34	62	Response	6	12734554	46505	1
03_34	63	Picture	loadClose	12734705	0	1	68318	2	0	next	other	0
03_34	63	Response	9	12802912	68207	1
03_34	64	Picture	view	12803023	0	1	5832	2	0	next	other	0
03_34	64	Response	8	12808742	5719	1
03_34	65	Picture	move	12808855	0	1	47822	2	0	next	other	0
03_34	65	Response	2	12843451	34596	2
03_34	65	Response	6	12856480	47625	2
03_34	66	Picture	loadClose	12856677	0	1	58986	2	0	next	other	0
03_34	66	Response	9	12915609	58932	2
03_34	67	Picture	view	12915663	0	1	8644	190	0	next	other	0
03_34	67	Response	8	12924228	8565	2
03_34	68	Picture	move	12924307	0	189	50176	190	0	next	other	0
03_34	68	Response	2	12955288	30981	2
03_34	69	Picture	loadClose	12974483	0	1	63818	2	0	next	other	0
03_34	69	Response	6	12975137	654	2
03_34	69	Response	9	13038175	63692	2
03_34	70	Picture	view	13038301	0	1	6665	3	0	next	other	0
03_34	70	Response	8	13044835	6534	2
03_34	71	Picture	move	13044966	0	2	50155	4	0	next	other	0
03_34	71	Response	2	13074804	29838	3
03_34	72	Picture	loadClose	13095121	0	2	57154	3	0	next	other	0
03_34	72	Response	6	13096834	1713	2
03_34	72	Response	9	13152242	57121	2
03_34	73	Picture	view	13152275	0	1	7331	3	0	next	other	0
03_34	73	Response	8	13159442	7167	2
03_34	74	Picture	move	13159606	0	2	46656	3	0	next	other	0
03_34	74	Response	2	13191921	32315	3
03_34	74	Response	6	13206161	46555	2
03_34	75	Picture	endBlock	13206262	0	1	26661	2	0	next	other	0
03_34	75	Response	9	13232880	26618	2
03_34	76	Picture	begin	13232923	0	1	189955	3	0	next	other	0
03_34	76	Response	9	13422755	189832	2
03_34	77	Picture	loadClose	13422878	0	2	104643	3	0	next	other	0
03_34	77	Response	9	13527352	104474	2
03_34	78	Picture	view	13527521	0	1	8665	2	0	next	other	0
03_34	78	Response	8	13535972	8451	2
03_34	79	Picture	move	13536186	0	1	50154	3	0	next	other	0
03_34	79	Response	2	13561831	25645	3
03_34	80	Picture	loadClose	13586340	0	2	96145	3	0	next	other	0
03_34	80	Response	6	13591750	5410	2
03_34	80	Response	9	13682328	95988	2
03_34	81	Picture	view	13682485	0	1	7998	2	0	next	other	0
03_34	81	Response	8	13690268	7783	1
03_34	82	Picture	move	13690483	0	1	50155	2	0	next	other	0
03_34	82	Response	3	13738306	47823	3
03_34	83	Picture	loadClose	13740638	0	1	101810	2	0	next	other	0
03_34	83	Response	6	13749776	9138	2
03_34	83	Response	9	13842394	101756	1
03_34	84	Picture	view	13842448	0	1	8831	2	0	next	other	0
03_34	84	Response	8	13851073	8625	2
03_34	85	Picture	move	13851279	0	1	50155	2	0	next	other	0
03_34	85	Response	2	13880703	29424	2
03_34	85	Response	6	13901252	49973	2
03_34	86	Picture	loadClose	13901434	0	1	77315	2	0	next	other	0
03_34	86	Response	9	13978700	77266	2
03_34	87	Picture	view	13978749	0	1	8998	3	0	next	other	0
03_34	87	Response	8	13987540	8791	1
03_34	88	Picture	move	13987747	0	2	50155	3	0	next	other	0
03_34	88	Response	2	14022139	34392	2
03_34	89	Picture	loadClose	14037902	0	1	88813	2	0	next	other	0
03_34	89	Response	6	14041698	3796	2
03_34	89	Response	9	14126576	88674	2
03_34	89	Response	9	14126596	88694	2
03_34	90	Picture	view	14126715	0	1	8153	181	0	next	other	0
03_34	90	Response	8	14134786	8071	1
03_34	91	Picture	move	14134868	0	180	50166	182	0	next	other	0
03_34	91	Response	2	14168535	33667	2
03_34	92	Picture	loadClose	14185034	0	2	81482	3	0	next	other	0
03_34	92	Response	6	14186004	970	2
03_34	92	Response	9	14266462	81428	2
03_34	93	Picture	view	14266516	0	1	6832	2	0	next	other	0
03_34	93	Response	8	14273232	6716	2
03_34	94	Picture	move	14273348	0	1	50155	2	0	next	other	0
03_34	94	Response	2	14305811	32463	3
03_34	94	Response	6	14323388	50040	62
03_34	95	Picture	loadClose	14323503	0	1	102309	2	0	next	other	0
03_34	95	Response	9	14425678	102175	2
03_34	96	Picture	view	14425812	0	1	7165	2	0	next	other	0
03_34	96	Response	8	14432818	7006	1
03_34	97	Picture	move	14432977	0	1	50155	2	0	next	other	0
03_34	97	Response	2	14465967	32990	2
03_34	98	Picture	loadClose	14483132	0	1	123138	2	0	next	other	0
03_34	98	Response	6	14485806	2674	2
03_34	98	Response	9	14606143	123011	2
03_34	99	Picture	view	14606270	0	1	8332	2	0	next	other	0
03_34	99	Response	8	14614373	8103	1
03_34	100	Picture	move	14614602	0	1	50154	3	0	next	other	0
03_34	100	Response	2	14647722	33120	2
03_34	101	Picture	loadClose	14664756	0	2	73150	3	0	next	other	0
03_34	101	Response	6	14668931	4175	2
03_34	101	Response	9	14737799	73043	2
03_34	102	Picture	view	14737906	0	1	31826	2	0	next	other	0
03_34	102	Response	8	14769588	31682	2
03_34	103	Picture	move	14769732	0	1	50155	3	0	next	other	0
03_34	103	Response	3	14816037	46305	3
03_34	104	Picture	loadClose	14819887	0	2	222587	198	0	next	other	0
03_34	104	Response	6	14821317	1430	2
03_34	104	Response	9	15042461	222574	2
03_34	105	Picture	view	15042474	0	196	7003	387	0	next	other	0
03_34	105	Response	8	15049391	6917	2
03_34	106	Picture	move	15049477	0	191	47846	192	0	next	other	0
03_34	106	Response	2	15094590	45113	2
03_34	106	Response	6	15097110	47633	1
03_34	107	Picture	loadClose	15097323	0	1	81147	3	0	next	other	0
03_34	107	Response	9	15178377	81054	2
03_34	108	Picture	view	15178470	0	2	7832	3	0	next	other	0
03_34	108	Response	8	15186157	7687	2
03_34	109	Picture	move	15186302	0	1	50155	2	0	next	other	0
03_34	109	Response	2	15229306	43004	2
03_34	110	Picture	loadClose	15236457	0	1	74649	2	0	next	other	0
03_34	110	Response	6	15238016	1559	2
03_34	110	Response	9	15310964	74507	2
03_34	111	Picture	view	15311106	0	1	6999	2	0	next	other	0
03_34	111	Response	8	15317944	6838	2
03_34	112	Picture	move	15318105	0	1	48988	2	0	next	other	0
03_34	112	Response	6	15366952	48847	2
03_34	113	Picture	check	15367093	0	1	2499	3	0	next	other	0
03_34	113	Response	2	15369462	2369	3
03_34	114	Picture	loadClose	15369592	0	2	89980	3	0	next	other	0
03_34	114	Response	9	15459500	89908	2
03_34	115	Picture	view	15459572	0	1	6665	2	0	next	other	0
03_34	115	Response	8	15466050	6478	1
03_34	116	Picture	move	15466237	0	1	50155	2	0	next	other	0
03_34	116	Response	2	15486419	20182	3
03_34	117	Picture	loadClose	15516392	0	1	94145	2	0	next	other	0
03_34	117	Response	6	15524398	8006	2
03_34	117	Response	9	15610486	94094	1
03_34	118	Picture	view	15610537	0	1	7815	185	0	next	other	0
03_34	118	Response	8	15618266	7729	1
03_34	119	Picture	move	15618352	0	184	50171	185	0	next	other	0
03_34	119	Response	2	15652175	33823	2
03_34	120	Picture	loadClose	15668523	0	1	106475	3	0	next	other	0
03_34	120	Response	6	15669294	771	2
03_34	120	Response	9	15774931	106408	2
03_34	120	Response	9	15774940	106417	33
03_34	121	Picture	view	15774998	0	2	7832	3	0	next	other	0
03_34	121	Response	8	15782611	7613	2
03_34	122	Picture	move	15782830	0	1	50155	2	0	next	other	0
03_34	122	Response	2	15816490	33660	3
03_34	123	Picture	loadClose	15832985	0	1	81148	2	0	next	other	0
03_34	123	Response	6	15835580	2595	1
03_34	123	Response	9	15914068	81083	1
03_34	124	Picture	view	15914133	0	1	7331	3	0	next	other	0
03_34	124	Response	8	15921237	7104	2
03_34	125	Picture	move	15921464	0	2	48989	3	0	next	other	0
03_34	125	Response	2	15951846	30382	3
03_34	125	Response	6	15970356	48892	2
03_34	126	Picture	loadClose	15970453	0	1	86313	2	0	next	other	0
03_34	126	Response	9	16056594	86141	2
03_34	127	Picture	view	16056766	0	1	7815	186	0	next	other	0
03_34	127	Response	8	16064503	7737	2
03_34	128	Picture	move	16064581	0	185	46173	186	0	next	other	0
03_34	128	Response	2	16092323	27742	2
03_34	128	Response	6	16110652	46071	2
03_34	129	Picture	loadClose	16110754	0	1	93978	2	0	next	other	0
03_34	129	Response	9	16204570	93816	1
03_34	130	Picture	view	16204732	0	1	8331	3	0	next	other	0
03_34	130	Response	8	16212959	8227	2
03_34	131	Picture	move	16213063	0	2	45323	3	0	next	other	0
03_34	131	Response	2	16244959	31896	2
03_34	131	Response	6	16258288	45225	2
03_34	132	Picture	loadClose	16258386	0	1	85813	3	0	next	other	0
03_34	132	Response	9	16344086	85700	2
03_34	133	Picture	view	16344199	0	2	7165	4	0	next	other	0
03_34	133	Response	8	16351146	6947	1
03_34	134	Picture	move	16351364	0	2	45490	3	0	next	other	0
03_34	134	Response	6	16396794	45430	2
03_34	135	Picture	check	16396854	0	1	16496	2	0	next	other	0
03_34	135	Response	2	16413274	16420	2
03_34	136	Picture	loadClose	16413350	0	1	59819	3	0	next	other	0
03_34	136	Response	9	16473002	59652	2
03_34	137	Picture	view	16473169	0	2	6332	4	0	next	other	0
03_34	137	Response	8	16479312	6143	2
03_34	138	Picture	move	16479501	0	2	42824	3	0	next	other	0
03_34	138	Response	2	16507031	27530	3
03_34	138	Response	6	16522241	42740	2
03_34	139	Picture	loadClose	16522325	0	1	78815	2	0	next	other	0
03_34	139	Response	9	16601039	78714	2
03_34	140	Picture	view	16601140	0	1	6831	3	0	next	other	0
03_34	140	Response	8	16607859	6719	2
03_34	141	Picture	move	16607971	0	2	45323	3	0	next	other	0
03_34	141	Response	2	16635188	27217	2
03_34	141	Response	6	16653127	45156	2
03_34	142	Picture	loadClose	16653294	0	1	92479	2	0	next	other	0
03_34	142	Response	9	16745675	92381	2
03_34	143	Picture	view	16745773	0	1	7998	2	0	next	other	0
03_34	143	Response	8	16753605	7832	2
03_34	144	Picture	move	16753771	0	1	46822	3	0	next	other	0
03_34	144	Response	2	16783344	29573	2
03_34	144	Response	6	16800434	46663	1
03_34	145	Picture	loadClose	16800593	0	2	67151	4	0	next	other	0
03_34	145	Response	9	16867602	67009	1
03_34	146	Picture	view	16867744	0	2	6999	3	0	next	other	0
03_34	146	Response	8	16874591	6847	2
03_34	147	Picture	move	16874743	0	1	45489	2	0	next	other	0
03_34	147	Response	2	16901741	26998	2
03_34	147	Response	6	16920070	45327	2
03_34	148	Picture	loadClose	16920232	0	1	77982	2	0	next	other	0
03_34	148	Response	9	16998148	77916	2
03_34	149	Picture	view	16998214	0	1	6832	2	0	next	other	0
03_34	149	Response	8	17004858	6644	2
03_34	150	Picture	move	17005046	0	1	48155	3	0	next	other	0
03_34	150	Response	2	17044137	39091	2
03_34	150	Response	6	17052997	47951	1
03_34	151	Picture	loadClose	17053201	0	2	78649	3	0	next	other	0
03_34	151	Response	9	17131695	78494	1
03_34	152	Picture	view	17131850	0	1	7831	3	0	next	other	0
03_34	152	Response	8	17139494	7644	2
03_34	153	Picture	move	17139681	0	2	46489	4	0	next	other	0
03_34	153	Response	2	17170214	30533	2
03_34	153	Response	6	17185943	46262	2
03_34	154	Picture	loadClose	17186170	0	2	78482	3	0	next	other	0
03_34	154	Response	9	17264481	78311	2
03_34	155	Picture	view	17264652	0	1	6832	2	0	next	other	0
03_34	155	Response	8	17271251	6599	2
03_34	156	Picture	move	17271484	0	1	44823	2	0	next	other	0
03_34	156	Response	2	17299010	27526	2
03_34	156	Response	6	17316180	44696	1
03_34	157	Picture	endBlock	17316307	0	1	25827	2	0	next	other	0
03_34	157	Response	9	17342069	25762	2
03_34	158	Picture	begin	17342134	0	1	4066722	2	0	next	other	0
03_34	158	Response	7	17390978	48844	1
03_34	158	Response	8	17393117	50983	2
03_34	158	Response	5	20909292	3567158	2
03_34	158	Response	7	20925152	3583018	2
03_34	158	Response	5	20983640	3641506	2
03_34	158	Response	6	21024619	3682485	2
03_34	158	Response	9	21408719	4066585	2
03_34	159	Picture	loadClose	21408856	0	1	56487	2	0	next	other	0
03_34	159	Response	9	21465217	56361	2
03_34	160	Picture	view	21465343	0	1	6831	3	0	next	other	0
03_34	160	Response	7	21472037	6694	2
03_34	161	Picture	move	21472174	0	2	50155	4	0	next	other	0
03_34	161	Response	2	21496496	24322	3
03_34	162	Picture	loadClose	21522329	0	2	61320	3	0	next	other	0
03_34	162	Response	5	21524616	2287	1
03_34	162	Response	9	21583464	61135	2
03_34	162	Response	9	21583484	61155	2
03_34	163	Picture	view	21583649	0	1	5831	3	0	next	other	0
03_34	163	Response	7	21589314	5665	2
03_34	164	Picture	move	21589480	0	2	47656	3	0	next	other	0
03_34	164	Response	2	21612653	23173	3
03_34	164	Response	5	21637043	47563	1
03_34	165	Picture	loadClose	21637136	0	1	76149	2	0	next	other	0
03_34	165	Response	9	21713161	76025	1
03_34	166	Picture	view	21713285	0	1	6665	3	0	next	other	0
03_34	166	Response	7	21719770	6485	2
03_34	167	Picture	move	21719950	0	2	50155	3	0	next	other	0
03_34	168	Picture	check	21770105	0	1	49989	2	0	next	other	0
03_34	168	Response	5	21773219	3114	2
03_34	168	Response	3	21820008	49903	2
03_34	169	Picture	loadClose	21820094	0	1	140634	2	0	next	other	0
03_34	169	Response	9	21960614	140520	2
03_34	170	Picture	view	21960728	0	1	8331	2	0	next	other	0
03_34	170	Response	7	21968874	8146	1
03_34	171	Picture	move	21969059	0	1	50155	2	0	next	other	0
03_34	171	Response	2	21994723	25664	2
03_34	172	Picture	loadClose	22019214	0	1	61152	3	0	next	other	0
03_34	172	Response	5	22021222	2008	2
03_34	172	Response	9	22080321	61107	2
03_34	173	Picture	view	22080366	0	2	7332	3	0	next	other	0
03_34	173	Response	7	22087570	7204	2
03_34	174	Picture	move	22087698	0	1	49322	2	0	next	other	0
03_34	174	Response	2	22111360	23662	2
03_34	174	Response	5	22136889	49191	2
03_34	175	Picture	loadClose	22137020	0	1	66151	2	0	next	other	0
03_34	175	Response	9	22203097	66077	2
03_34	176	Picture	view	22203171	0	1	5999	2	0	next	other	0
03_34	176	Response	7	22208957	5786	2
03_34	177	Picture	move	22209170	0	1	50155	2	0	next	other	0
03_34	177	Response	2	22229757	20587	2
03_34	178	Picture	loadClose	22259325	0	1	56487	2	0	next	other	0
03_34	178	Response	5	22262936	3611	1
03_34	178	Response	9	22315784	56459	2
03_34	179	Picture	view	22315812	0	1	7665	2	0	next	other	0
03_34	179	Response	7	22323224	7412	2
03_34	180	Picture	move	22323477	0	1	50155	2	0	next	other	0
03_34	180	Response	2	22353913	30436	3
03_34	181	Picture	loadClose	22373632	0	1	61652	2	0	next	other	0
03_34	181	Response	5	22374233	601	2
03_34	181	Response	9	22435131	61499	2
03_34	181	Response	9	22435139	61507	20
03_34	182	Picture	view	22435284	0	1	6332	2	0	next	other	0
03_34	182	Response	7	22441461	6177	2
03_34	183	Picture	move	22441616	0	1	50155	2	0	next	other	0
03_34	183	Response	2	22474230	32614	2
03_34	184	Picture	loadClose	22491771	0	1	53987	3	0	next	other	0
03_34	184	Response	5	22495169	3398	2
03_34	184	Response	9	22545718	53947	2
03_34	185	Picture	view	22545758	0	2	6832	3	0	next	other	0
03_34	185	Response	7	22552358	6600	2
03_34	186	Picture	move	22552590	0	1	50155	2	0	next	other	0
03_34	186	Response	2	22583027	30437	2
03_34	187	Picture	loadClose	22602745	0	1	50474	183	0	next	other	0
03_34	187	Response	5	22604846	2101	2
03_34	187	Response	9	22653205	50460	2
03_34	188	Picture	view	22653219	0	182	7013	183	0	next	other	0
03_34	188	Response	7	22660065	6846	2
03_34	189	Picture	move	22660232	0	1	50155	2	0	next	other	0
03_34	189	Response	2	22683664	23432	3
03_34	190	Picture	loadClose	22710387	0	1	55653	3	0	next	other	0
03_34	190	Response	5	22711463	1076	2
03_34	190	Response	9	22765922	55535	2
03_34	191	Picture	view	22766040	0	2	6166	3	0	next	other	0
03_34	191	Response	7	22772062	6022	2
03_34	192	Picture	move	22772206	0	1	49654	3	0	next	other	0
03_34	192	Response	2	22799821	27615	3
03_34	192	Response	5	22821801	49595	1
03_34	193	Picture	loadClose	22821860	0	2	56298	193	0	next	other	0
03_34	193	Response	9	22878149	56289	2
03_34	194	Picture	view	22878158	0	191	6828	219	0	next	other	0
03_34	194	Response	7	22884909	6751	2
03_34	195	Picture	move	22884986	0	28	50181	30	0	next	other	0
03_34	195	Response	2	22901098	16112	3
03_34	196	Picture	loadClose	22935167	0	2	50489	4	0	next	other	0
03_34	196	Response	5	22937007	1840	2
03_34	196	Response	9	22985516	50349	2
03_34	197	Picture	view	22985656	0	2	6486	183	0	next	other	0
03_34	197	Response	7	22992056	6400	2
03_34	198	Picture	move	22992142	0	181	49668	182	0	next	other	0
03_34	198	Response	2	23012135	19993	3
03_34	198	Response	5	23041715	49573	1
03_34	199	Picture	loadClose	23041810	0	1	47292	199	0	next	other	0
03_34	199	Response	9	23089093	47283	2
03_34	200	Picture	view	23089102	0	198	7028	200	0	next	other	0
03_34	200	Response	7	23095893	6791	2
03_34	201	Picture	move	23096130	0	2	50155	4	0	next	other	0
03_34	201	Response	2	23126212	30082	3
03_34	202	Picture	loadClose	23146285	0	2	50974	185	0	next	other	0
03_34	202	Response	5	23147632	1347	1
03_34	202	Response	9	23197250	50965	2
03_34	203	Picture	view	23197259	0	183	7013	184	0	next	other	0
03_34	203	Response	7	23204030	6771	2
03_34	204	Picture	move	23204272	0	1	50155	2	0	next	other	0
03_34	204	Response	2	23228929	24657	3
03_34	205	Picture	loadClose	23254427	0	1	56320	3	0	next	other	0
03_34	205	Response	5	23256939	2512	2
03_34	205	Response	9	23310597	56170	2
03_34	206	Picture	view	23310747	0	2	7498	4	0	next	other	0
03_34	206	Response	7	23318047	7300	2
03_34	207	Picture	move	23318245	0	2	50156	3	0	next	other	0
03_34	207	Response	2	23356606	38361	2
03_34	208	Picture	loadClose	23368401	0	1	41656	3	0	next	other	0
03_34	208	Response	5	23373456	5055	2
03_34	208	Response	9	23409915	41514	1
03_34	209	Picture	view	23410057	0	2	6832	3	0	next	other	0
03_34	209	Response	7	23416744	6687	2
03_34	210	Picture	move	23416889	0	1	50155	2	0	next	other	0
03_34	210	Response	2	23453723	36834	3
03_34	211	Picture	loadClose	23467044	0	1	52488	2	0	next	other	0
03_34	211	Response	5	23467203	159	2
03_34	211	Response	9	23519422	52378	1
03_34	212	Picture	view	23519532	0	1	7332	2	0	next	other	0
03_34	212	Response	7	23526751	7219	2
03_34	213	Picture	move	23526864	0	1	50155	2	0	next	other	0
03_34	213	Response	2	23548441	21577	2
03_34	214	Picture	loadClose	23577019	0	1	66484	2	0	next	other	0
03_34	214	Response	5	23578140	1121	2
03_34	214	Response	9	23643398	66379	2
03_34	215	Picture	view	23643503	0	1	6499	2	0	next	other	0
03_34	215	Response	7	23649778	6275	2
03_34	216	Picture	move	23650002	0	1	50155	3	0	next	other	0
03_34	216	Response	2	23681557	31555	3
03_34	217	Picture	loadClose	23700157	0	2	45988	4	0	next	other	0
03_34	217	Response	5	23703717	3560	1
03_34	217	Response	9	23746035	45878	2
03_34	218	Picture	view	23746145	0	2	6999	4	0	next	other	0
03_34	218	Response	7	23752915	6770	2
03_34	219	Picture	move	23753144	0	2	50155	4	0	next	other	0
03_34	219	Response	2	23784114	30970	3
03_34	220	Picture	loadClose	23803299	0	2	58320	3	0	next	other	0
03_34	220	Response	5	23805394	2095	2
03_34	220	Response	9	23861502	58203	2
03_34	221	Picture	view	23861619	0	1	6999	2	0	next	other	0
03_34	221	Response	7	23868392	6773	2
03_34	222	Picture	move	23868618	0	1	49321	3	0	next	other	0
03_34	222	Response	2	23884592	15974	2
03_34	222	Response	5	23917811	49193	2
03_34	223	Picture	loadClose	23917939	0	2	56654	3	0	next	other	0
03_34	223	Response	9	23974439	56500	2
03_34	224	Picture	view	23974593	0	1	6332	2	0	next	other	0
03_34	224	Response	7	23980679	6086	2
03_34	225	Picture	move	23980925	0	1	50155	2	0	next	other	0
03_34	225	Response	2	24006348	25423	3
03_34	226	Picture	loadClose	24031080	0	1	59819	2	0	next	other	0
03_34	226	Response	5	24031598	518	2
03_34	226	Response	9	24090796	59716	2
03_34	227	Picture	view	24090899	0	1	6832	2	0	next	other	0
03_34	227	Response	7	24097486	6587	2
03_34	228	Picture	move	24097731	0	1	50155	2	0	next	other	0
03_34	228	Response	2	24122505	24774	3
03_34	229	Picture	loadClose	24147886	0	1	58653	2	0	next	other	0
03_34	229	Response	5	24152244	4358	2
03_34	229	Response	9	24206423	58537	2
03_34	229	Response	9	24206432	58546	33
03_34	230	Picture	view	24206539	0	1	6665	3	0	next	other	0
03_34	230	Response	7	24213063	6524	2
03_34	231	Picture	move	24213204	0	2	46989	3	0	next	other	0
03_34	231	Response	2	24242182	28978	3
03_34	231	Response	5	24259972	46768	1
03_34	232	Picture	loadClose	24260193	0	1	56654	2	0	next	other	0
03_34	232	Response	9	24316750	56557	2
03_34	233	Picture	view	24316847	0	1	6332	2	0	next	other	0
03_34	233	Response	7	24322980	6133	2
03_34	234	Picture	move	24323179	0	1	50155	2	0	next	other	0
03_34	234	Response	2	24367459	44280	2
03_34	235	Picture	endBlock	24373334	0	1	30159	2	0	next	other	0
03_34	235	Response	5	24376828	3494	2
03_34	236	Picture	begin	24403493	0	1	317593	2	0	next	other	0
03_34	236	Response	1	24720889	317396	3
03_34	237	Picture	loadClose	24721086	0	1	86313	3	0	next	other	0
03_34	237	Response	9	24807347	86261	2
03_34	238	Picture	view	24807399	0	2	7499	3	0	next	other	0
03_34	238	Response	7	24814697	7298	1
03_34	239	Picture	move	24814898	0	1	50155	2	0	next	other	0
03_34	239	Response	2	24844566	29668	2
03_34	240	Picture	loadClose	24865053	0	1	128970	2	0	next	other	0
03_34	240	Response	5	24872425	7372	2
03_34	240	Response	9	24993922	128869	2
03_34	241	Picture	view	24994023	0	1	7165	2	0	next	other	0
03_34	241	Response	7	25000992	6969	1
03_34	242	Picture	move	25001188	0	1	50155	2	0	next	other	0
03_34	242	Response	2	25019921	18733	2
03_34	243	Picture	loadClose	25051343	0	1	87146	2	0	next	other	0
03_34	243	Response	5	25058900	7557	2
03_34	243	Response	9	25138318	86975	2
03_34	244	Picture	view	25138489	0	1	7332	2	0	next	other	0
03_34	244	Response	7	25145658	7169	1
03_34	245	Picture	move	25145821	0	1	50155	2	0	next	other	0
03_34	245	Response	2	25170797	24976	2
03_34	245	Response	5	25195936	50115	2
03_34	246	Picture	loadClose	25195976	0	1	129970	2	0	next	other	0
03_34	246	Response	9	25325883	129907	2
03_34	247	Picture	view	25325946	0	1	7165	2	0	next	other	0
03_34	247	Response	7	25332943	6997	1
03_34	248	Picture	move	25333111	0	1	49488	2	0	next	other	0
03_34	248	Response	2	25364392	31281	2
03_34	248	Response	5	25382511	49400	2
03_34	249	Picture	loadClose	25382599	0	1	91312	2	0	next	other	0
03_34	249	Response	9	25473779	91180	2
03_34	250	Picture	view	25473911	0	1	6999	2	0	next	other	0
03_34	250	Response	7	25480679	6768	1
03_34	251	Picture	move	25480910	0	1	50155	2	0	next	other	0
03_34	251	Response	2	25504548	23638	2
03_34	252	Picture	loadClose	25531065	0	1	90312	2	0	next	other	0
03_34	252	Response	5	25536777	5712	2
03_34	252	Response	9	25621195	90130	2
03_34	252	Response	9	25621215	90150	1
03_34	253	Picture	view	25621377	0	1	7665	2	0	next	other	0
03_34	253	Response	7	25628915	7538	1
03_34	254	Picture	move	25629042	0	1	50155	2	0	next	other	0
03_34	254	Response	2	25658464	29422	2
03_34	255	Picture	loadClose	25679197	0	1	89802	179	0	next	other	0
03_34	255	Response	5	25688253	9056	2
03_34	255	Response	9	25768991	89794	1
03_34	256	Picture	view	25768999	0	178	6675	180	0	next	other	0
03_34	256	Response	7	25775481	6482	1
03_34	257	Picture	move	25775674	0	2	50155	4	0	next	other	0
03_34	257	Response	2	25800700	25026	2
03_34	258	Picture	loadClose	25825829	0	2	99644	3	0	next	other	0
03_34	258	Response	5	25834509	8680	2
03_34	258	Response	9	25925406	99577	2
03_34	259	Picture	view	25925473	0	1	6998	3	0	next	other	0
03_34	259	Response	7	25932296	6823	2
03_34	260	Picture	move	25932471	0	2	50155	3	0	next	other	0
03_34	260	Response	2	25960856	28385	2
03_34	261	Picture	loadClose	25982626	0	1	77149	2	0	next	other	0
03_34	261	Response	5	25983505	879	2
03_34	261	Response	9	26059683	77057	2
03_34	262	Picture	view	26059775	0	1	6665	3	0	next	other	0
03_34	262	Response	7	26066223	6448	1
03_34	263	Picture	move	26066440	0	2	48322	3	0	next	other	0
03_34	263	Response	2	26093492	27052	2
03_34	263	Response	5	26114561	48121	2
03_34	264	Picture	loadClose	26114762	0	1	75816	2	0	next	other	0
03_34	264	Response	9	26190519	75757	2
03_34	265	Picture	view	26190578	0	1	6665	2	0	next	other	0
03_34	265	Response	7	26197109	6531	2
03_34	266	Picture	move	26197243	0	1	50155	2	0	next	other	0
03_34	266	Response	2	26225968	28725	3
03_34	266	Response	5	26247292	50049	23
03_34	267	Picture	loadClose	26247398	0	1	72137	182	0	next	other	0
03_34	267	Response	9	26319526	72128	2
03_34	268	Picture	view	26319535	0	181	7678	182	0	next	other	0
03_34	268	Response	7	26327036	7501	1
03_34	269	Picture	move	26327213	0	1	50155	2	0	next	other	0
03_34	269	Response	2	26362605	35392	2
03_34	270	Picture	loadClose	26377368	0	1	83481	2	0	next	other	0
03_34	270	Response	5	26380844	3476	2
03_34	270	Response	9	26460782	83414	2
03_34	271	Picture	view	26460849	0	1	6998	2	0	next	other	0
03_34	271	Response	7	26467672	6823	2
03_34	272	Picture	move	26467847	0	1	47656	2	0	next	other	0
03_34	272	Response	2	26495881	28034	3
03_34	272	Response	5	26515381	47534	1
03_34	273	Picture	loadClose	26515503	0	1	63818	2	0	next	other	0
03_34	273	Response	9	26579209	63706	2
03_34	274	Picture	view	26579321	0	1	7832	2	0	next	other	0
03_34	274	Response	7	26587029	7708	1
03_34	275	Picture	move	26587153	0	1	49821	2	0	next	other	0
03_34	275	Response	2	26611078	23925	2
03_34	275	Response	5	26636807	49654	2
03_34	276	Picture	loadClose	26636974	0	1	74483	2	0	next	other	0
03_34	276	Response	9	26711335	74361	2
03_34	277	Picture	view	26711457	0	1	6665	2	0	next	other	0
03_34	277	Response	7	26718015	6558	2
03_34	278	Picture	move	26718122	0	1	50155	2	0	next	other	0
03_34	278	Response	2	26762434	44312	2
03_34	279	Picture	loadClose	26768277	0	1	86813	2	0	next	other	0
03_34	279	Response	5	26774274	5997	2
03_34	279	Response	9	26854961	86684	2
03_34	279	Response	9	26854970	86693	34
03_34	280	Picture	view	26855090	0	1	5666	2	0	next	other	0
03_34	280	Response	7	26860561	5471	2
03_34	281	Picture	move	26860756	0	1	50154	3	0	next	other	0
03_34	281	Response	2	26895710	34954	3
03_34	282	Picture	loadClose	26910910	0	2	74797	189	0	next	other	0
03_34	282	Response	5	26915320	4410	1
03_34	282	Response	9	26985698	74788	2
03_34	283	Picture	view	26985707	0	187	6518	188	0	next	other	0
03_34	283	Response	7	26992088	6381	1
03_34	284	Picture	move	26992225	0	1	50155	2	0	next	other	0
03_34	284	Response	2	27020827	28602	2
03_34	285	Picture	loadClose	27042380	0	1	74483	2	0	next	other	0
03_34	285	Response	5	27047226	4846	2
03_34	285	Response	9	27116794	74414	2
03_34	286	Picture	view	27116863	0	1	5499	2	0	next	other	0
03_34	286	Response	7	27122174	5311	2
03_34	287	Picture	move	27122362	0	1	50155	2	0	next	other	0
03_34	287	Response	2	27149943	27581	3
03_34	288	Picture	loadClose	27172517	0	1	76982	2	0	next	other	0
03_34	288	Response	5	27174483	1966	1
03_34	288	Response	9	27249321	76804	1
03_34	289	Picture	view	27249499	0	1	6165	2	0	next	other	0
03_34	289	Response	7	27255550	6051	2
03_34	290	Picture	move	27255664	0	1	50155	2	0	next	other	0
03_34	290	Response	2	27290420	34756	2
03_34	291	Picture	loadClose	27305819	0	1	76982	2	0	next	other	0
03_34	291	Response	5	27311869	6050	2
03_34	291	Response	9	27382717	76898	2
03_34	292	Picture	view	27382801	0	1	5665	3	0	next	other	0
03_34	292	Response	7	27388337	5536	2
03_34	293	Picture	move	27388466	0	2	50155	4	0	next	other	0
03_34	293	Response	2	27423856	35390	2
03_34	293	Response	5	27438416	49950	1
03_34	294	Picture	loadClose	27438621	0	2	76982	4	0	next	other	0
03_34	294	Response	9	27515543	76922	2
03_34	295	Picture	view	27515603	0	2	6480	189	0	next	other	0
03_34	295	Response	7	27522003	6400	2
03_34	296	Picture	move	27522083	0	187	50174	188	0	next	other	0
03_34	296	Response	2	27553452	31369	3
03_34	297	Picture	loadClose	27572257	0	1	72650	2	0	next	other	0
03_34	297	Response	5	27577622	5365	2
03_34	297	Response	9	27644770	72513	2
03_34	298	Picture	view	27644907	0	1	5665	2	0	next	other	0
03_34	298	Response	7	27650390	5483	2
03_34	299	Picture	move	27650572	0	1	50155	2	0	next	other	0
03_34	299	Response	2	27676969	26397	3
03_34	300	Picture	loadClose	27700727	0	1	69984	2	0	next	other	0
03_34	300	Response	5	27701988	1261	2
03_34	300	Response	9	27770577	69850	1
03_34	301	Picture	view	27770711	0	1	6165	3	0	next	other	0
03_34	301	Response	7	27776726	6015	2
03_34	302	Picture	move	27776876	0	2	48656	3	0	next	other	0
03_34	302	Response	2	27806086	29210	2
03_34	302	Response	5	27825365	48489	2
03_34	303	Picture	loadClose	27825532	0	1	82480	2	0	next	other	0
03_34	303	Response	9	27907933	82401	2
03_34	304	Picture	view	27908012	0	1	6665	3	0	next	other	0
03_34	304	Response	7	27914463	6451	1
03_34	305	Picture	move	27914677	0	2	48989	3	0	next	other	0
03_34	305	Response	2	27942402	27725	2
03_34	305	Response	5	27963581	48904	2
03_34	306	Picture	loadClose	27963666	0	1	72150	2	0	next	other	0
03_34	306	Response	9	28035729	72063	2
03_34	306	Response	9	28035739	72073	33
03_34	307	Picture	view	28035816	0	1	6665	2	0	next	other	0
03_34	307	Response	7	28042239	6423	2
03_34	308	Picture	move	28042481	0	1	50155	2	0	next	other	0
03_34	308	Response	2	28053279	10798	2
03_34	309	Picture	endSession	28092636	0	1	35459	2	0	next	other	0
03_34	309	Response	5	28100828	8192	1


Event Type	Code	Type	Response	RT	RT Uncertainty	Time	Uncertainty	Duration	Uncertainty	ReqTime	ReqDur

Picture	begin	other				332	1	10023837	2	0	next
Picture	loadClose	other				10024169	1	419402	2	0	next
Picture	view	other				10443571	1	9498	2	0	next
Picture	move	other				10453069	1	50155	3	0	next
Picture	loadClose	other				10503224	2	79481	4	0	next
Picture	view	other				10582705	2	9665	3	0	next
Picture	move	other				10592370	1	50155	2	0	next
Picture	loadClose	other				10642525	1	117806	2	0	next
Picture	view	other				10760331	1	8831	2	0	next
Picture	move	other				10769162	1	47656	2	0	next
Picture	loadClose	other				10816818	1	66984	2	0	next
Picture	view	other				10883802	1	9665	2	0	next
Picture	move	other				10893467	1	49821	2	0	next
Picture	loadClose	other				10943288	1	80482	2	0	next
Picture	view	other				11023770	1	9331	2	0	next
Picture	move	other				11033101	1	49488	2	0	next
Picture	loadClose	other				11082589	1	50655	2	0	next
Picture	view	other				11133244	1	9310	190	0	next
Picture	move	other				11142554	189	47844	190	0	next
Picture	loadClose	other				11190398	1	51321	2	0	next
Picture	view	other				11241719	1	9664	3	0	next
Picture	move	other				11251383	2	48489	3	0	next
Picture	loadClose	other				11299872	1	47989	2	0	next
Picture	view	other				11347861	1	8331	3	0	next
Picture	move	other				11356192	2	49156	3	0	next
Picture	loadClose	other				11405348	1	49321	3	0	next
Picture	view	other				11454669	2	7975	194	0	next
Picture	move	other				11462644	192	45346	193	0	next
Picture	loadClose	other				11507990	1	61986	2	0	next
Picture	view	other				11569976	1	6165	2	0	next
Picture	move	other				11576141	1	47822	2	0	next
Picture	loadClose	other				11623963	1	60819	3	0	next
Picture	view	other				11684782	2	6666	3	0	next
Picture	move	other				11691448	1	45489	2	0	next
Picture	loadClose	other				11736937	1	57487	2	0	next
Picture	view	other				11794424	1	5998	3	0	next
Picture	move	other				11800422	2	43990	3	0	next
Picture	loadClose	other				11844412	1	47656	2	0	next
Picture	view	other				11892068	1	7665	2	0	next
Picture	move	other				11899733	1	43823	2	0	next
Picture	loadClose	other				11943556	1	51155	2	0	next
Picture	view	other				11994711	1	7664	3	0	next
Picture	move	other				12002375	2	41991	3	0	next
Picture	loadClose	other				12044366	1	92645	2	0	next
Picture	view	other				12137011	1	7498	2	0	next
Picture	move	other				12144509	1	46310	182	0	next
Picture	loadClose	other				12190819	181	61165	182	0	next
Picture	view	other				12251984	1	7665	2	0	next
Picture	move	other				12259649	1	49822	2	0	next
Picture	loadClose	other				12309471	1	60152	3	0	next
Picture	view	other				12369623	2	5832	4	0	next
Picture	move	other				12375455	2	45323	3	0	next
Picture	loadClose	other				12420778	1	50488	3	0	next
Picture	view	other				12471266	2	6665	4	0	next
Picture	move	other				12477931	2	45157	3	0	next
Picture	loadClose	other				12523088	1	50488	2	0	next
Picture	view	other				12573576	1	6665	2	0	next
Picture	move	other				12580241	1	45655	3	0	next
Picture	loadClose	other				12625896	2	55988	3	0	next
Picture	view	other				12681884	1	6165	3	0	next
Picture	move	other				12688049	2	46656	3	0	next
Picture	loadClose	other				12734705	1	68318	2	0	next
Picture	view	other				12803023	1	5832	2	0	next
Picture	move	other				12808855	1	47822	2	0	next
Picture	loadClose	other				12856677	1	58986	2	0	next
Picture	view	other				12915663	1	8644	190	0	next
Picture	move	other				12924307	189	50176	190	0	next
Picture	loadClose	other				12974483	1	63818	2	0	next
Picture	view	other				13038301	1	6665	3	0	next
Picture	move	other				13044966	2	50155	4	0	next
Picture	loadClose	other				13095121	2	57154	3	0	next
Picture	view	other				13152275	1	7331	3	0	next
Picture	move	other				13159606	2	46656	3	0	next
Picture	endBlock	other				13206262	1	26661	2	0	next
Picture	begin	other				13232923	1	189955	3	0	next
Picture	loadClose	other				13422878	2	104643	3	0	next
Picture	view	other				13527521	1	8665	2	0	next
Picture	move	other				13536186	1	50154	3	0	next
Picture	loadClose	other				13586340	2	96145	3	0	next
Picture	view	other				13682485	1	7998	2	0	next
Picture	move	other				13690483	1	50155	2	0	next
Picture	loadClose	other				13740638	1	101810	2	0	next
Picture	view	other				13842448	1	8831	2	0	next
Picture	move	other				13851279	1	50155	2	0	next
Picture	loadClose	other				13901434	1	77315	2	0	next
Picture	view	other				13978749	1	8998	3	0	next
Picture	move	other				13987747	2	50155	3	0	next
Picture	loadClose	other				14037902	1	88813	2	0	next
Picture	view	other				14126715	1	8153	181	0	next
Picture	move	other				14134868	180	50166	182	0	next
Picture	loadClose	other				14185034	2	81482	3	0	next
Picture	view	other				14266516	1	6832	2	0	next
Picture	move	other				14273348	1	50155	2	0	next
Picture	loadClose	other				14323503	1	102309	2	0	next
Picture	view	other				14425812	1	7165	2	0	next
Picture	move	other				14432977	1	50155	2	0	next
Picture	loadClose	other				14483132	1	123138	2	0	next
Picture	view	other				14606270	1	8332	2	0	next
Picture	move	other				14614602	1	50154	3	0	next
Picture	loadClose	other				14664756	2	73150	3	0	next
Picture	view	other				14737906	1	31826	2	0	next
Picture	move	other				14769732	1	50155	3	0	next
Picture	loadClose	other				14819887	2	222587	198	0	next
Picture	view	other				15042474	196	7003	387	0	next
Picture	move	other				15049477	191	47846	192	0	next
Picture	loadClose	other				15097323	1	81147	3	0	next
Picture	view	other				15178470	2	7832	3	0	next
Picture	move	other				15186302	1	50155	2	0	next
Picture	loadClose	other				15236457	1	74649	2	0	next
Picture	view	other				15311106	1	6999	2	0	next
Picture	move	other				15318105	1	48988	2	0	next
Picture	check	other				15367093	1	2499	3	0	next
Picture	loadClose	other				15369592	2	89980	3	0	next
Picture	view	other				15459572	1	6665	2	0	next
Picture	move	other				15466237	1	50155	2	0	next
Picture	loadClose	other				15516392	1	94145	2	0	next
Picture	view	other				15610537	1	7815	185	0	next
Picture	move	other				15618352	184	50171	185	0	next
Picture	loadClose	other				15668523	1	106475	3	0	next
Picture	view	other				15774998	2	7832	3	0	next
Picture	move	other				15782830	1	50155	2	0	next
Picture	loadClose	other				15832985	1	81148	2	0	next
Picture	view	other				15914133	1	7331	3	0	next
Picture	move	other				15921464	2	48989	3	0	next
Picture	loadClose	other				15970453	1	86313	2	0	next
Picture	view	other				16056766	1	7815	186	0	next
Picture	move	other				16064581	185	46173	186	0	next
Picture	loadClose	other				16110754	1	93978	2	0	next
Picture	view	other				16204732	1	8331	3	0	next
Picture	move	other				16213063	2	45323	3	0	next
Picture	loadClose	other				16258386	1	85813	3	0	next
Picture	view	other				16344199	2	7165	4	0	next
Picture	move	other				16351364	2	45490	3	0	next
Picture	check	other				16396854	1	16496	2	0	next
Picture	loadClose	other				16413350	1	59819	3	0	next
Picture	view	other				16473169	2	6332	4	0	next
Picture	move	other				16479501	2	42824	3	0	next
Picture	loadClose	other				16522325	1	78815	2	0	next
Picture	view	other				16601140	1	6831	3	0	next
Picture	move	other				16607971	2	45323	3	0	next
Picture	loadClose	other				16653294	1	92479	2	0	next
Picture	view	other				16745773	1	7998	2	0	next
Picture	move	other				16753771	1	46822	3	0	next
Picture	loadClose	other				16800593	2	67151	4	0	next
Picture	view	other				16867744	2	6999	3	0	next
Picture	move	other				16874743	1	45489	2	0	next
Picture	loadClose	other				16920232	1	77982	2	0	next
Picture	view	other				16998214	1	6832	2	0	next
Picture	move	other				17005046	1	48155	3	0	next
Picture	loadClose	other				17053201	2	78649	3	0	next
Picture	view	other				17131850	1	7831	3	0	next
Picture	move	other				17139681	2	46489	4	0	next
Picture	loadClose	other				17186170	2	78482	3	0	next
Picture	view	other				17264652	1	6832	2	0	next
Picture	move	other				17271484	1	44823	2	0	next
Picture	endBlock	other				17316307	1	25827	2	0	next
Picture	begin	other				17342134	1	4066722	2	0	next
Picture	loadClose	other				21408856	1	56487	2	0	next
Picture	view	other				21465343	1	6831	3	0	next
Picture	move	other				21472174	2	50155	4	0	next
Picture	loadClose	other				21522329	2	61320	3	0	next
Picture	view	other				21583649	1	5831	3	0	next
Picture	move	other				21589480	2	47656	3	0	next
Picture	loadClose	other				21637136	1	76149	2	0	next
Picture	view	other				21713285	1	6665	3	0	next
Picture	move	other				21719950	2	50155	3	0	next
Picture	check	other				21770105	1	49989	2	0	next
Picture	loadClose	other				21820094	1	140634	2	0	next
Picture	view	other				21960728	1	8331	2	0	next
Picture	move	other				21969059	1	50155	2	0	next
Picture	loadClose	other				22019214	1	61152	3	0	next
Picture	view	other				22080366	2	7332	3	0	next
Picture	move	other				22087698	1	49322	2	0	next
Picture	loadClose	other				22137020	1	66151	2	0	next
Picture	view	other				22203171	1	5999	2	0	next
Picture	move	other				22209170	1	50155	2	0	next
Picture	loadClose	other				22259325	1	56487	2	0	next
Picture	view	other				22315812	1	7665	2	0	next
Picture	move	other				22323477	1	50155	2	0	next
Picture	loadClose	other				22373632	1	61652	2	0	next
Picture	view	other				22435284	1	6332	2	0	next
Picture	move	other				22441616	1	50155	2	0	next
Picture	loadClose	other				22491771	1	53987	3	0	next
Picture	view	other				22545758	2	6832	3	0	next
Picture	move	other				22552590	1	50155	2	0	next
Picture	loadClose	other				22602745	1	50474	183	0	next
Picture	view	other				22653219	182	7013	183	0	next
Picture	move	other				22660232	1	50155	2	0	next
Picture	loadClose	other				22710387	1	55653	3	0	next
Picture	view	other				22766040	2	6166	3	0	next
Picture	move	other				22772206	1	49654	3	0	next
Picture	loadClose	other				22821860	2	56298	193	0	next
Picture	view	other				22878158	191	6828	219	0	next
Picture	move	other				22884986	28	50181	30	0	next
Picture	loadClose	other				22935167	2	50489	4	0	next
Picture	view	other				22985656	2	6486	183	0	next
Picture	move	other				22992142	181	49668	182	0	next
Picture	loadClose	other				23041810	1	47292	199	0	next
Picture	view	other				23089102	198	7028	200	0	next
Picture	move	other				23096130	2	50155	4	0	next
Picture	loadClose	other				23146285	2	50974	185	0	next
Picture	view	other				23197259	183	7013	184	0	next
Picture	move	other				23204272	1	50155	2	0	next
Picture	loadClose	other				23254427	1	56320	3	0	next
Picture	view	other				23310747	2	7498	4	0	next
Picture	move	other				23318245	2	50156	3	0	next
Picture	loadClose	other				23368401	1	41656	3	0	next
Picture	view	other				23410057	2	6832	3	0	next
Picture	move	other				23416889	1	50155	2	0	next
Picture	loadClose	other				23467044	1	52488	2	0	next
Picture	view	other				23519532	1	7332	2	0	next
Picture	move	other				23526864	1	50155	2	0	next
Picture	loadClose	other				23577019	1	66484	2	0	next
Picture	view	other				23643503	1	6499	2	0	next
Picture	move	other				23650002	1	50155	3	0	next
Picture	loadClose	other				23700157	2	45988	4	0	next
Picture	view	other				23746145	2	6999	4	0	next
Picture	move	other				23753144	2	50155	4	0	next
Picture	loadClose	other				23803299	2	58320	3	0	next
Picture	view	other				23861619	1	6999	2	0	next
Picture	move	other				23868618	1	49321	3	0	next
Picture	loadClose	other				23917939	2	56654	3	0	next
Picture	view	other				23974593	1	6332	2	0	next
Picture	move	other				23980925	1	50155	2	0	next
Picture	loadClose	other				24031080	1	59819	2	0	next
Picture	view	other				24090899	1	6832	2	0	next
Picture	move	other				24097731	1	50155	2	0	next
Picture	loadClose	other				24147886	1	58653	2	0	next
Picture	view	other				24206539	1	6665	3	0	next
Picture	move	other				24213204	2	46989	3	0	next
Picture	loadClose	other				24260193	1	56654	2	0	next
Picture	view	other				24316847	1	6332	2	0	next
Picture	move	other				24323179	1	50155	2	0	next
Picture	endBlock	other				24373334	1	30159	2	0	next
Picture	begin	other				24403493	1	317593	2	0	next
Picture	loadClose	other				24721086	1	86313	3	0	next
Picture	view	other				24807399	2	7499	3	0	next
Picture	move	other				24814898	1	50155	2	0	next
Picture	loadClose	other				24865053	1	128970	2	0	next
Picture	view	other				24994023	1	7165	2	0	next
Picture	move	other				25001188	1	50155	2	0	next
Picture	loadClose	other				25051343	1	87146	2	0	next
Picture	view	other				25138489	1	7332	2	0	next
Picture	move	other				25145821	1	50155	2	0	next
Picture	loadClose	other				25195976	1	129970	2	0	next
Picture	view	other				25325946	1	7165	2	0	next
Picture	move	other				25333111	1	49488	2	0	next
Picture	loadClose	other				25382599	1	91312	2	0	next
Picture	view	other				25473911	1	6999	2	0	next
Picture	move	other				25480910	1	50155	2	0	next
Picture	loadClose	other				25531065	1	90312	2	0	next
Picture	view	other				25621377	1	7665	2	0	next
Picture	move	other				25629042	1	50155	2	0	next
Picture	loadClose	other				25679197	1	89802	179	0	next
Picture	view	other				25768999	178	6675	180	0	next
Picture	move	other				25775674	2	50155	4	0	next
Picture	loadClose	other				25825829	2	99644	3	0	next
Picture	view	other				25925473	1	6998	3	0	next
Picture	move	other				25932471	2	50155	3	0	next
Picture	loadClose	other				25982626	1	77149	2	0	next
Picture	view	other				26059775	1	6665	3	0	next
Picture	move	other				26066440	2	48322	3	0	next
Picture	loadClose	other				26114762	1	75816	2	0	next
Picture	view	other				26190578	1	6665	2	0	next
Picture	move	other				26197243	1	50155	2	0	next
Picture	loadClose	other				26247398	1	72137	182	0	next
Picture	view	other				26319535	181	7678	182	0	next
Picture	move	other				26327213	1	50155	2	0	next
Picture	loadClose	other				26377368	1	83481	2	0	next
Picture	view	other				26460849	1	6998	2	0	next
Picture	move	other				26467847	1	47656	2	0	next
Picture	loadClose	other				26515503	1	63818	2	0	next
Picture	view	other				26579321	1	7832	2	0	next
Picture	move	other				26587153	1	49821	2	0	next
Picture	loadClose	other				26636974	1	74483	2	0	next
Picture	view	other				26711457	1	6665	2	0	next
Picture	move	other				26718122	1	50155	2	0	next
Picture	loadClose	other				26768277	1	86813	2	0	next
Picture	view	other				26855090	1	5666	2	0	next
Picture	move	other				26860756	1	50154	3	0	next
Picture	loadClose	other				26910910	2	74797	189	0	next
Picture	view	other				26985707	187	6518	188	0	next
Picture	move	other				26992225	1	50155	2	0	next
Picture	loadClose	other				27042380	1	74483	2	0	next
Picture	view	other				27116863	1	5499	2	0	next
Picture	move	other				27122362	1	50155	2	0	next
Picture	loadClose	other				27172517	1	76982	2	0	next
Picture	view	other				27249499	1	6165	2	0	next
Picture	move	other				27255664	1	50155	2	0	next
Picture	loadClose	other				27305819	1	76982	2	0	next
Picture	view	other				27382801	1	5665	3	0	next
Picture	move	other				27388466	2	50155	4	0	next
Picture	loadClose	other				27438621	2	76982	4	0	next
Picture	view	other				27515603	2	6480	189	0	next
Picture	move	other				27522083	187	50174	188	0	next
Picture	loadClose	other				27572257	1	72650	2	0	next
Picture	view	other				27644907	1	5665	2	0	next
Picture	move	other				27650572	1	50155	2	0	next
Picture	loadClose	other				27700727	1	69984	2	0	next
Picture	view	other				27770711	1	6165	3	0	next
Picture	move	other				27776876	2	48656	3	0	next
Picture	loadClose	other				27825532	1	82480	2	0	next
Picture	view	other				27908012	1	6665	3	0	next
Picture	move	other				27914677	2	48989	3	0	next
Picture	loadClose	other				27963666	1	72150	2	0	next
Picture	view	other				28035816	1	6665	2	0	next
Picture	move	other				28042481	1	50155	2	0	next
Picture	endSession	other				28092636	1	35459	2	0	next
