Scenario - opto_replant
Logfile written - 11/07/2014 11:32:06

Subject	Trial	Event Type	Code	Time	TTime	Uncertainty	Duration	Uncertainty	ReqTime	ReqDur	Stim Type	Pair Index

03_35	1	Picture	begin	332	0	2	1452505	3	0	next	other	0
03_35	1	Response	5	1170216	1169884	2
03_35	1	Response	6	1181926	1181594	1
03_35	1	Response	9	1452750	1452418	2
03_35	2	Picture	loadClose	1452837	0	1	132470	2	0	next	other	0
03_35	2	Response	9	1585227	132390	2
03_35	3	Picture	view	1585307	0	1	8331	3	0	next	other	0
03_35	3	Response	8	1593387	8080	2
03_35	4	Picture	move	1593638	0	2	50156	3	0	next	other	0
03_35	4	Response	2	1634286	40648	3
03_35	5	Picture	loadClose	1643794	0	1	197955	2	0	next	other	0
03_35	5	Response	6	1667245	23451	2
03_35	5	Response	9	1841602	197808	1
03_35	6	Picture	view	1841749	0	1	6832	2	0	next	other	0
03_35	6	Response	8	1848391	6642	2
03_35	7	Picture	move	1848581	0	1	50155	2	0	next	other	0
03_35	7	Response	2	1876201	27620	3
03_35	8	Picture	loadClose	1898736	0	1	224449	2	0	next	other	0
03_35	8	Response	6	1905810	7074	2
03_35	8	Response	9	2123026	224290	1
03_35	9	Picture	view	2123185	0	1	6665	3	0	next	other	0
03_35	9	Response	8	2129656	6471	1
03_35	10	Picture	move	2129850	0	2	31307	189	0	next	other	0
03_35	10	Response	2	2157955	28105	3
03_35	10	Response	6	2161115	31265	2
03_35	11	Picture	loadClose	2161157	0	187	289454	188	0	next	other	0
03_35	11	Response	9	2450509	289352	2
03_35	11	Response	9	2450529	289372	2
03_35	12	Picture	view	2450611	0	1	72650	3	0	next	other	0
03_35	12	Response	3	2498748	48137	3
03_35	12	Response	9	2515327	64716	2
03_35	12	Response	8	2523047	72436	2
03_35	13	Picture	move	2523261	0	2	3999	3	0	next	other	0
03_35	13	Response	6	2527127	3866	2
03_35	14	Picture	check	2527260	0	1	7665	2	0	next	other	0
03_35	14	Response	3	2534749	7489	1
03_35	15	Picture	loadClose	2534925	0	1	77316	2	0	next	other	0
03_35	15	Response	9	2612085	77160	2
03_35	16	Picture	view	2612241	0	1	10498	2	0	next	other	0
03_35	16	Response	8	2622625	10384	2
03_35	17	Picture	move	2622739	0	1	28106	223	0	next	other	0
03_35	17	Response	2	2640187	17448	1
03_35	17	Response	6	2650794	28055	2
03_35	18	Picture	loadClose	2650845	0	222	57041	223	0	next	other	0
03_35	18	Response	9	2707753	56908	2
03_35	19	Picture	view	2707886	0	1	7998	2	0	next	other	0
03_35	19	Response	8	2715643	7757	2
03_35	20	Picture	move	2715884	0	1	26273	223	0	next	other	0
03_35	20	Response	6	2742133	26249	1
03_35	21	Picture	check	2742157	0	222	5720	223	0	next	other	0
03_35	21	Response	2	2747705	5548	1
03_35	22	Picture	loadClose	2747877	0	1	67818	2	0	next	other	0
03_35	22	Response	9	2815571	67694	2
03_35	23	Picture	view	2815695	0	1	9164	3	0	next	other	0
03_35	23	Response	8	2824681	8986	2
03_35	24	Picture	move	2824859	0	2	25828	3	0	next	other	0
03_35	24	Response	2	2846422	21563	1
03_35	24	Response	6	2850590	25731	2
03_35	25	Picture	loadClose	2850687	0	1	51822	2	0	next	other	0
03_35	25	Response	9	2902479	51792	2
03_35	26	Picture	view	2902509	0	1	5306	195	0	next	other	0
03_35	26	Response	8	2907729	5220	2
03_35	27	Picture	move	2907815	0	194	30852	195	0	next	other	0
03_35	27	Response	2	2923701	15886	1
03_35	27	Response	6	2938528	30713	2
03_35	28	Picture	loadClose	2938667	0	1	46323	2	0	next	other	0
03_35	28	Response	9	2984867	46200	2
03_35	29	Picture	view	2984990	0	1	7318	182	0	next	other	0
03_35	29	Response	8	2992227	7237	2
03_35	30	Picture	move	2992308	0	181	28285	404	0	next	other	0
03_35	30	Response	2	3012179	19871	1
03_35	30	Response	6	3020547	28239	1
03_35	31	Picture	loadClose	3020593	0	223	271827	224	0	next	other	0
03_35	31	Response	9	3292301	271708	2
03_35	32	Picture	view	3292420	0	1	6665	3	0	next	other	0
03_35	32	Response	8	3298861	6441	1
03_35	33	Picture	move	3299085	0	2	26661	3	0	next	other	0
03_35	33	Response	2	3320170	21085	3
03_35	33	Response	6	3325660	26575	2
03_35	34	Picture	loadClose	3325746	0	1	45656	2	0	next	other	0
03_35	34	Response	9	3371379	45633	2
03_35	35	Picture	view	3371402	0	1	5832	3	0	next	other	0
03_35	35	Response	8	3377069	5667	2
03_35	36	Picture	move	3377234	0	2	25828	3	0	next	other	0
03_35	36	Response	2	3390411	13177	1
03_35	36	Response	6	3402909	25675	1
03_35	37	Picture	loadClose	3403062	0	1	46489	2	0	next	other	0
03_35	37	Response	9	3449528	46466	1
03_35	38	Picture	view	3449551	0	1	6332	2	0	next	other	0
03_35	38	Response	8	3455747	6196	2
03_35	39	Picture	move	3455883	0	1	25828	2	0	next	other	0
03_35	39	Response	2	3475209	19326	1
03_35	39	Response	6	3481617	25734	2
03_35	40	Picture	loadClose	3481711	0	1	53654	2	0	next	other	0
03_35	40	Response	9	3535346	53635	1
03_35	41	Picture	view	3535365	0	1	4666	2	0	next	other	0
03_35	41	Response	9	3535366	1	2
03_35	41	Response	8	3539896	4531	1
03_35	42	Picture	move	3540031	0	1	26660	2	0	next	other	0
03_35	42	Response	2	3557767	17736	1
03_35	42	Response	6	3566585	26554	2
03_35	43	Picture	loadClose	3566691	0	1	53822	2	0	next	other	0
03_35	43	Response	9	3620474	53783	2
03_35	44	Picture	view	3620513	0	1	6331	3	0	next	other	0
03_35	44	Response	8	3626654	6141	2
03_35	45	Picture	move	3626844	0	2	25328	3	0	next	other	0
03_35	45	Response	2	3645445	18601	1
03_35	45	Response	6	3652003	25159	2
03_35	46	Picture	loadClose	3652172	0	1	47656	2	0	next	other	0
03_35	46	Response	9	3699702	47530	2
03_35	47	Picture	view	3699828	0	1	5332	2	0	next	other	0
03_35	47	Response	8	3704942	5114	2
03_35	48	Picture	move	3705160	0	1	27149	180	0	next	other	0
03_35	48	Response	2	3724964	19804	1
03_35	48	Response	6	3732262	27102	1
03_35	49	Picture	loadClose	3732309	0	179	46667	181	0	next	other	0
03_35	49	Response	9	3778801	46492	2
03_35	50	Picture	view	3778976	0	2	4666	3	0	next	other	0
03_35	50	Response	8	3783470	4494	2
03_35	51	Picture	move	3783642	0	1	28480	182	0	next	other	0
03_35	51	Response	2	3805602	21960	1
03_35	51	Response	6	3812080	28438	2
03_35	52	Picture	loadClose	3812122	0	181	55501	182	0	next	other	0
03_35	52	Response	9	3867529	55407	1
03_35	52	Response	9	3867549	55427	2
03_35	53	Picture	view	3867623	0	1	4832	3	0	next	other	0
03_35	53	Response	8	3872259	4636	1
03_35	54	Picture	move	3872455	0	2	32326	3	0	next	other	0
03_35	54	Response	2	3890240	17785	1
03_35	54	Response	6	3904558	32103	2
03_35	55	Picture	loadClose	3904781	0	1	61320	2	0	next	other	0
03_35	55	Response	9	3965977	61196	1
03_35	55	Response	9	3965997	61216	1
03_35	56	Picture	view	3966101	0	1	4832	2	0	next	other	0
03_35	56	Response	8	3970777	4676	1
03_35	57	Picture	move	3970933	0	1	29160	2	0	next	other	0
03_35	57	Response	2	3985918	14985	1
03_35	57	Response	6	3999896	28963	2
03_35	58	Picture	loadClose	4000093	0	1	53821	2	0	next	other	0
03_35	58	Response	9	4053825	53732	2
03_35	59	Picture	view	4053914	0	1	4832	3	0	next	other	0
03_35	59	Response	8	4058525	4611	1
03_35	60	Picture	move	4058746	0	2	31993	3	0	next	other	0
03_35	60	Response	2	4069756	11010	1
03_35	60	Response	6	4090524	31778	2
03_35	61	Picture	loadClose	4090739	0	1	54821	2	0	next	other	0
03_35	61	Response	9	4145503	54764	2
03_35	62	Picture	view	4145560	0	1	7498	3	0	next	other	0
03_35	62	Response	8	4152873	7313	1
03_35	63	Picture	move	4153058	0	2	27328	3	0	next	other	0
03_35	63	Response	2	4163834	10776	1
03_35	63	Response	6	4180232	27174	2
03_35	64	Picture	loadClose	4180386	0	1	51155	2	0	next	other	0
03_35	64	Response	9	4231441	51055	2
03_35	65	Picture	view	4231541	0	1	5165	3	0	next	other	0
03_35	65	Response	8	4236501	4960	2
03_35	66	Picture	move	4236706	0	2	28494	3	0	next	other	0
03_35	66	Response	6	4265020	28314	2
03_35	67	Picture	check	4265200	0	1	6665	2	0	next	other	0
03_35	67	Response	2	4271832	6632	1
03_35	68	Picture	loadClose	4271865	0	1	48156	2	0	next	other	0
03_35	68	Response	9	4319939	48074	2
03_35	69	Picture	view	4320021	0	1	4165	3	0	next	other	0
03_35	69	Response	8	4324039	4018	2
03_35	70	Picture	move	4324186	0	2	28161	3	0	next	other	0
03_35	70	Response	2	4330551	6365	1
03_35	70	Response	6	4352148	27962	2
03_35	71	Picture	loadClose	4352347	0	1	55487	2	0	next	other	0
03_35	71	Response	9	4407787	55440	2
03_35	72	Picture	view	4407834	0	1	4999	2	0	next	other	0
03_35	72	Response	8	4412687	4853	2
03_35	73	Picture	move	4412833	0	1	28327	2	0	next	other	0
03_35	73	Response	2	4426389	13556	1
03_35	73	Response	6	4440947	28114	2
03_35	74	Picture	loadClose	4441160	0	1	53488	2	0	next	other	0
03_35	74	Response	9	4494525	53365	2
03_35	74	Response	9	4494545	53385	3
03_35	75	Picture	view	4494648	0	1	5165	2	0	next	other	0
03_35	75	Response	8	4499665	5017	2
03_35	76	Picture	move	4499813	0	1	27327	2	0	next	other	0
03_35	76	Response	2	4511667	11854	1
03_35	76	Response	6	4526955	27142	1
03_35	77	Picture	loadClose	4527140	0	1	58153	3	0	next	other	0
03_35	77	Response	9	4585124	57984	1
03_35	78	Picture	view	4585293	0	2	4000	3	0	next	other	0
03_35	78	Response	8	4589163	3870	2
03_35	79	Picture	move	4589293	0	1	29493	2	0	next	other	0
03_35	79	Response	2	4593425	4132	1
03_35	79	Response	6	4618633	29340	2
03_35	80	Picture	endBlock	4618786	0	1	30160	2	0	next	other	0
03_35	81	Picture	begin	4648946	0	1	450380	187	0	next	other	0
03_35	81	Response	9	5099273	450327	2
03_35	82	Picture	loadClose	5099326	0	186	88498	187	0	next	other	0
03_35	82	Response	9	5187681	88355	2
03_35	83	Picture	view	5187824	0	1	17329	3	0	next	other	0
03_35	83	Response	8	5204960	17136	2
03_35	84	Picture	move	5205153	0	2	33159	4	0	next	other	0
03_35	84	Response	2	5218370	13217	3
03_35	84	Response	6	5238210	33057	2
03_35	85	Picture	loadClose	5238312	0	2	1126578	4	0	next	other	0
03_35	85	Response	9	6364856	1126544	2
03_35	85	Response	9	6364876	1126564	2
03_35	86	Picture	view	6364890	0	2	6666	4	0	next	other	0
03_35	86	Response	8	6371376	6486	1
03_35	87	Picture	move	6371556	0	2	29659	4	0	next	other	0
03_35	87	Response	2	6393065	21509	3
03_35	87	Response	6	6401035	29479	2
03_35	88	Picture	loadClose	6401215	0	2	87814	3	0	next	other	0
03_35	88	Response	9	6488853	87638	2
03_35	89	Picture	view	6489029	0	1	4999	2	0	next	other	0
03_35	89	Response	8	6493863	4834	2
03_35	90	Picture	move	6494028	0	1	31826	2	0	next	other	0
03_35	90	Response	2	6521544	27516	1
03_35	90	Response	6	6525682	31654	2
03_35	91	Picture	loadClose	6525854	0	1	77149	2	0	next	other	0
03_35	91	Response	9	6602931	77077	2
03_35	92	Picture	view	6603003	0	1	14663	3	0	next	other	0
03_35	92	Response	8	6617550	14547	2
03_35	93	Picture	move	6617666	0	2	29160	4	0	next	other	0
03_35	93	Response	2	6646342	28676	1
03_35	93	Response	6	6646730	29064	2
03_35	94	Picture	loadClose	6646826	0	2	98645	3	0	next	other	0
03_35	94	Response	9	6745308	98482	2
03_35	95	Picture	view	6745471	0	1	6305	196	0	next	other	0
03_35	95	Response	8	6751698	6227	1
03_35	96	Picture	move	6751776	0	195	37518	196	0	next	other	0
03_35	96	Response	2	6768899	17123	1
03_35	96	Response	6	6789217	37441	2
03_35	97	Picture	loadClose	6789294	0	1	84981	2	0	next	other	0
03_35	97	Response	9	6874175	84881	2
03_35	98	Picture	view	6874275	0	1	9998	2	0	next	other	0
03_35	98	Response	8	6884025	9750	2
03_35	99	Picture	move	6884273	0	1	29326	2	0	next	other	0
03_35	99	Response	2	6904736	20463	1
03_35	99	Response	6	6913494	29221	2
03_35	100	Picture	loadClose	6913599	0	1	109476	2	0	next	other	0
03_35	100	Response	9	7023032	109433	2
03_35	101	Picture	view	7023075	0	1	6498	2	0	next	other	0
03_35	101	Response	8	7029322	6247	2
03_35	102	Picture	move	7029573	0	1	29993	2	0	next	other	0
03_35	102	Response	2	7047613	18040	1
03_35	102	Response	6	7059481	29908	2
03_35	103	Picture	loadClose	7059566	0	1	70817	3	0	next	other	0
03_35	103	Response	9	7130350	70784	1
03_35	104	Picture	view	7130383	0	2	7153	183	0	next	other	0
03_35	104	Response	8	7137459	7076	2
03_35	105	Picture	move	7137536	0	181	27006	183	0	next	other	0
03_35	105	Response	2	7156731	19195	1
03_35	105	Response	6	7164449	26913	2
03_35	106	Picture	loadClose	7164542	0	2	76483	3	0	next	other	0
03_35	106	Response	9	7240897	76355	2
03_35	107	Picture	view	7241025	0	1	5832	3	0	next	other	0
03_35	107	Response	8	7246677	5652	2
03_35	108	Picture	move	7246857	0	2	27494	3	0	next	other	0
03_35	108	Response	2	7271928	25071	1
03_35	108	Response	6	7274247	27390	1
03_35	109	Picture	loadClose	7274351	0	1	71484	2	0	next	other	0
03_35	109	Response	9	7345745	71394	2
03_35	110	Picture	view	7345835	0	1	6316	185	0	next	other	0
03_35	110	Response	8	7352085	6250	2
03_35	111	Picture	move	7352151	0	184	30842	185	0	next	other	0
03_35	111	Response	2	7375766	23615	1
03_35	111	Response	6	7382784	30633	2
03_35	112	Picture	loadClose	7382993	0	1	80148	3	0	next	other	0
03_35	112	Response	9	7463043	80050	1
03_35	113	Picture	view	7463141	0	2	5333	3	0	next	other	0
03_35	113	Response	8	7468272	5131	2
03_35	114	Picture	move	7468474	0	1	28993	2	0	next	other	0
03_35	114	Response	2	7491764	23290	1
03_35	114	Response	6	7497372	28898	2
03_35	115	Picture	loadClose	7497467	0	1	68651	2	0	next	other	0
03_35	115	Response	3	7510963	13496	1
03_35	115	Response	3	7513363	15896	1
03_35	115	Response	9	7566090	68623	2
03_35	116	Picture	view	7566118	0	1	6332	3	0	next	other	0
03_35	116	Response	8	7572330	6212	2
03_35	117	Picture	move	7572450	0	2	29660	3	0	next	other	0
03_35	117	Response	2	7601202	28752	1
03_35	117	Response	6	7602050	29600	1
03_35	118	Picture	loadClose	7602110	0	1	70984	2	0	next	other	0
03_35	118	Response	9	7672968	70858	2
03_35	119	Picture	view	7673094	0	1	5665	3	0	next	other	0
03_35	119	Response	8	7678598	5504	2
03_35	120	Picture	move	7678759	0	2	25661	3	0	next	other	0
03_35	120	Response	2	7700879	22120	1
03_35	120	Response	6	7704347	25588	2
03_35	121	Picture	loadClose	7704420	0	1	69818	2	0	next	other	0
03_35	121	Response	9	7774156	69736	2
03_35	122	Picture	view	7774238	0	1	5498	3	0	next	other	0
03_35	122	Response	8	7779596	5358	2
03_35	123	Picture	move	7779736	0	2	28660	4	0	next	other	0
03_35	123	Response	2	7803277	23541	1
03_35	123	Response	6	7808295	28559	2
03_35	124	Picture	loadClose	7808396	0	2	79816	3	0	next	other	0
03_35	124	Response	9	7888034	79638	1
03_35	125	Picture	view	7888212	0	1	5831	3	0	next	other	0
03_35	125	Response	8	7893923	5711	2
03_35	126	Picture	move	7894043	0	2	27495	3	0	next	other	0
03_35	126	Response	6	7921453	27410	2
03_35	127	Picture	check	7921538	0	1	499	3	0	next	other	0
03_35	127	Response	3	7921835	297	1
03_35	128	Picture	loadClose	7922037	0	2	76983	3	0	next	other	0
03_35	128	Response	9	7998851	76814	2
03_35	129	Picture	view	7999020	0	1	5332	2	0	next	other	0
03_35	129	Response	8	8004231	5211	2
03_35	130	Picture	move	8004352	0	1	42324	2	0	next	other	0
03_35	130	Response	3	8041992	37640	1
03_35	130	Response	6	8046480	42128	2
03_35	131	Picture	loadClose	8046676	0	1	73983	2	0	next	other	0
03_35	131	Response	9	8120489	73813	1
03_35	132	Picture	view	8120659	0	1	10331	2	0	next	other	0
03_35	132	Response	8	8130858	10199	2
03_35	133	Picture	move	8130990	0	1	29993	2	0	next	other	0
03_35	133	Response	2	8154150	23160	1
03_35	133	Response	6	8160888	29898	2
03_35	134	Picture	loadClose	8160983	0	1	69818	2	0	next	other	0
03_35	134	Response	9	8230626	69643	2
03_35	135	Picture	view	8230801	0	1	5665	3	0	next	other	0
03_35	135	Response	8	8236236	5435	2
03_35	136	Picture	move	8236466	0	2	30160	4	0	next	other	0
03_35	136	Response	2	8261668	25202	1
03_35	136	Response	6	8266536	30070	1
03_35	137	Picture	loadClose	8266626	0	2	84814	3	0	next	other	0
03_35	137	Response	9	8351264	84638	2
03_35	138	Picture	view	8351440	0	1	5332	3	0	next	other	0
03_35	138	Response	8	8356604	5164	1
03_35	139	Picture	move	8356772	0	2	33493	3	0	next	other	0
03_35	139	Response	2	8389185	32413	1
03_35	139	Response	6	8390113	33341	2
03_35	140	Picture	loadClose	8390265	0	1	68651	2	0	next	other	0
03_35	140	Response	9	8458822	68557	1
03_35	141	Picture	view	8458916	0	1	5665	3	0	next	other	0
03_35	141	Response	8	8464331	5415	2
03_35	142	Picture	move	8464581	0	2	32993	3	0	next	other	0
03_35	142	Response	2	8493183	28602	1
03_35	142	Response	6	8497391	32810	1
03_35	143	Picture	loadClose	8497574	0	1	68151	2	0	next	other	0
03_35	143	Response	9	8565559	67985	2
03_35	144	Picture	view	8565725	0	1	4332	3	0	next	other	0
03_35	144	Response	8	8569929	4204	2
03_35	145	Picture	move	8570057	0	2	31826	3	0	next	other	0
03_35	145	Response	2	8595580	25523	1
03_35	145	Response	6	8601688	31631	2
03_35	146	Picture	loadClose	8601883	0	1	80815	2	0	next	other	0
03_35	146	Response	9	8682617	80734	2
03_35	147	Picture	view	8682698	0	1	4499	3	0	next	other	0
03_35	147	Response	8	8686967	4269	1
03_35	148	Picture	move	8687197	0	2	29327	3	0	next	other	0
03_35	148	Response	2	8711258	24061	1
03_35	148	Response	6	8716426	29229	2
03_35	149	Picture	loadClose	8716524	0	1	93479	2	0	next	other	0
03_35	149	Response	9	8809884	93360	2
03_35	150	Picture	view	8810003	0	1	4832	2	0	next	other	0
03_35	150	Response	8	8814654	4651	2
03_35	151	Picture	move	8814835	0	1	28660	2	0	next	other	0
03_35	151	Response	2	8841175	26340	1
03_35	151	Response	6	8843423	28588	2
03_35	152	Picture	loadClose	8843495	0	1	76150	2	0	next	other	0
03_35	152	Response	9	8919522	76027	2
03_35	153	Picture	view	8919645	0	1	5498	3	0	next	other	0
03_35	153	Response	8	8924992	5347	1
03_35	154	Picture	move	8925143	0	2	28161	3	0	next	other	0
03_35	154	Response	2	8951413	26270	1
03_35	154	Response	6	8953151	28008	2
03_35	155	Picture	loadClose	8953304	0	1	81814	3	0	next	other	0
03_35	155	Response	9	9035049	81745	2
03_35	156	Picture	view	9035118	0	2	4499	4	0	next	other	0
03_35	156	Response	8	9039489	4371	2
03_35	157	Picture	move	9039617	0	2	30327	3	0	next	other	0
03_35	157	Response	6	9069889	30272	1
03_35	158	Picture	check	9069944	0	1	666	2	0	next	other	0
03_35	158	Response	2	9070450	506	1
03_35	159	Picture	loadClose	9070610	0	1	84481	2	0	next	other	0
03_35	159	Response	9	9154927	84317	2
03_35	160	Picture	view	9155091	0	1	7473	195	0	next	other	0
03_35	160	Response	8	9162487	7396	1
03_35	161	Picture	move	9162564	0	194	28186	195	0	next	other	0
03_35	161	Response	6	9190716	28152	2
03_35	162	Picture	endBlock	9190750	0	1	30160	2	0	next	other	0
03_35	162	Response	2	9195728	4978	1
03_35	163	Picture	begin	9220910	0	1	4129564	2	0	next	other	0
03_35	163	Response	8	9233565	12655	2
03_35	163	Response	7	9234035	13125	2
03_35	163	Response	6	10277333	1056423	2
03_35	163	Response	8	10277503	1056593	2
03_35	163	Response	6	10360431	1139521	2
03_35	163	Response	8	10362221	1141311	2
03_35	163	Response	5	12018156	2797246	2
03_35	163	Response	6	12185853	2964943	1
03_35	163	Response	7	12189813	2968903	1
03_35	163	Response	5	12215292	2994382	2
03_35	163	Response	7	12225692	3004782	1
03_35	163	Response	5	12248921	3028011	2
03_35	163	Response	7	12249301	3028391	2
03_35	163	Response	5	12251791	3030881	2
03_35	163	Response	7	12264141	3043231	2
03_35	163	Response	5	12265771	3044861	2
03_35	163	Response	8	12311430	3090520	2
03_35	163	Response	7	12312240	3091330	2
03_35	163	Response	6	12512886	3291976	1
03_35	163	Response	8	12520356	3299446	1
03_35	163	Response	5	12532045	3311135	2
03_35	163	Response	6	12535315	3314405	2
03_35	163	Response	8	12556225	3335315	1
03_35	163	Response	7	12558055	3337145	2
03_35	163	Response	5	12628173	3407263	2
03_35	163	Response	6	12628743	3407833	2
03_35	163	Response	7	12645893	3424983	2
03_35	163	Response	5	12691812	3470902	2
03_35	163	Response	7	12725501	3504591	2
03_35	163	Response	5	12751341	3530431	1
03_35	163	Response	7	12804309	3583399	2
03_35	163	Response	5	12837799	3616889	2
03_35	163	Response	9	13350378	4129468	2
03_35	164	Picture	loadClose	13350474	0	1	211785	2	0	next	other	0
03_35	164	Response	9	13562233	211759	2
03_35	165	Picture	view	13562259	0	1	6499	2	0	next	other	0
03_35	165	Response	7	13568623	6364	2
03_35	166	Picture	move	13568758	0	1	38324	2	0	next	other	0
03_35	166	Response	2	13593713	24955	3
03_35	166	Response	5	13607003	38245	1
03_35	167	Picture	loadClose	13607082	0	1	76816	2	0	next	other	0
03_35	167	Response	9	13683771	76689	2
03_35	168	Picture	view	13683898	0	1	5999	2	0	next	other	0
03_35	168	Response	7	13689781	5883	2
03_35	169	Picture	move	13689897	0	1	34159	2	0	next	other	0
03_35	169	Response	2	13710992	21095	1
03_35	169	Response	5	13723930	34033	2
03_35	170	Picture	loadClose	13724056	0	1	69984	2	0	next	other	0
03_35	170	Response	9	13793939	69883	1
03_35	171	Picture	view	13794040	0	1	4666	2	0	next	other	0
03_35	171	Response	7	13798528	4488	2
03_35	172	Picture	move	13798706	0	1	32659	2	0	next	other	0
03_35	172	Response	2	13821870	23164	1
03_35	172	Response	5	13831248	32542	2
03_35	173	Picture	loadClose	13831365	0	1	68818	2	0	next	other	0
03_35	173	Response	9	13900116	68751	2
03_35	174	Picture	view	13900183	0	1	5832	2	0	next	other	0
03_35	174	Response	7	13905816	5633	2
03_35	175	Picture	move	13906015	0	1	31659	2	0	next	other	0
03_35	175	Response	2	13929868	23853	1
03_35	175	Response	5	13937605	31590	2
03_35	176	Picture	loadClose	13937674	0	1	70984	2	0	next	other	0
03_35	176	Response	9	14008534	70860	2
03_35	177	Picture	view	14008658	0	1	6665	2	0	next	other	0
03_35	177	Response	7	14015144	6486	2
03_35	178	Picture	move	14015323	0	1	32326	2	0	next	other	0
03_35	178	Response	2	14040265	24942	1
03_35	178	Response	5	14047503	32180	2
03_35	179	Picture	loadClose	14047649	0	1	73817	2	0	next	other	0
03_35	179	Response	9	14121302	73653	1
03_35	180	Picture	view	14121466	0	1	4665	3	0	next	other	0
03_35	180	Response	7	14126002	4536	1
03_35	181	Picture	move	14126131	0	2	31826	4	0	next	other	0
03_35	181	Response	2	14150503	24372	1
03_35	181	Response	5	14157751	31620	2
03_35	182	Picture	loadClose	14157957	0	2	66652	3	0	next	other	0
03_35	182	Response	9	14224539	66582	2
03_35	183	Picture	view	14224609	0	1	5832	2	0	next	other	0
03_35	183	Response	7	14230239	5630	2
03_35	184	Picture	move	14230441	0	1	32826	2	0	next	other	0
03_35	184	Response	2	14254181	23740	1
03_35	184	Response	5	14263109	32668	1
03_35	185	Picture	loadClose	14263267	0	1	74316	3	0	next	other	0
03_35	185	Response	9	14337497	74230	2
03_35	186	Picture	view	14337583	0	2	4999	4	0	next	other	0
03_35	186	Response	7	14342387	4804	2
03_35	187	Picture	move	14342582	0	2	30827	3	0	next	other	0
03_35	187	Response	3	14367618	25036	1
03_35	187	Response	5	14373266	30684	2
03_35	188	Picture	loadClose	14373409	0	1	68817	2	0	next	other	0
03_35	188	Response	9	14442185	68776	2
03_35	189	Picture	view	14442226	0	1	5666	2	0	next	other	0
03_35	189	Response	7	14447755	5529	1
03_35	190	Picture	move	14447892	0	1	32159	2	0	next	other	0
03_35	190	Response	2	14470016	22124	1
03_35	190	Response	5	14479864	31972	2
03_35	191	Picture	loadClose	14480051	0	1	59320	2	0	next	other	0
03_35	191	Response	9	14539203	59152	2
03_35	192	Picture	view	14539371	0	1	5999	2	0	next	other	0
03_35	192	Response	7	14545223	5852	1
03_35	193	Picture	move	14545370	0	1	33992	3	0	next	other	0
03_35	193	Response	2	14573854	28484	1
03_35	193	Response	5	14579242	33872	2
03_35	194	Picture	loadClose	14579362	0	2	63486	3	0	next	other	0
03_35	194	Response	9	14642711	63349	1
03_35	195	Picture	view	14642848	0	1	5665	2	0	next	other	0
03_35	195	Response	7	14648300	5452	2
03_35	196	Picture	move	14648513	0	1	32826	2	0	next	other	0
03_35	196	Response	2	14678172	29659	1
03_35	196	Response	5	14681260	32747	2
03_35	197	Picture	loadClose	14681339	0	1	57819	3	0	next	other	0
03_35	197	Response	9	14739109	57770	1
03_35	198	Picture	view	14739158	0	2	6166	4	0	next	other	0
03_35	198	Response	7	14745208	6050	2
03_35	199	Picture	move	14745324	0	2	38825	3	0	next	other	0
03_35	199	Response	2	14775610	30286	1
03_35	199	Response	5	14783958	38634	1
03_35	200	Picture	loadClose	14784149	0	1	57154	2	0	next	other	0
03_35	200	Response	9	14841156	57007	2
03_35	201	Picture	view	14841303	0	1	4998	3	0	next	other	0
03_35	201	Response	7	14846146	4843	2
03_35	202	Picture	move	14846301	0	2	31827	3	0	next	other	0
03_35	202	Response	2	14873848	27547	1
03_35	202	Response	5	14877956	31655	1
03_35	203	Picture	loadClose	14878128	0	1	65151	3	0	next	other	0
03_35	203	Response	9	14943164	65036	2
03_35	204	Picture	view	14943279	0	2	5832	4	0	next	other	0
03_35	204	Response	7	14948894	5615	2
03_35	205	Picture	move	14949111	0	2	32826	3	0	next	other	0
03_35	205	Response	2	14977205	28094	1
03_35	205	Response	5	14981803	32692	2
03_35	206	Picture	loadClose	14981937	0	1	59987	2	0	next	other	0
03_35	206	Response	9	15041742	59805	2
03_35	207	Picture	view	15041924	0	1	6665	2	0	next	other	0
03_35	207	Response	7	15048372	6448	2
03_35	208	Picture	move	15048589	0	1	34825	2	0	next	other	0
03_35	208	Response	5	15083281	34692	2
03_35	209	Picture	check	15083414	0	1	1000	2	0	next	other	0
03_35	209	Response	2	15084243	829	1
03_35	210	Picture	loadClose	15084414	0	1	61153	2	0	next	other	0
03_35	210	Response	9	15145470	61056	2
03_35	211	Picture	view	15145567	0	1	5999	2	0	next	other	0
03_35	211	Response	7	15151370	5803	2
03_35	212	Picture	move	15151566	0	1	29326	2	0	next	other	0
03_35	212	Response	2	15176561	24995	1
03_35	212	Response	5	15180769	29203	2
03_35	213	Picture	loadClose	15180892	0	1	61320	2	0	next	other	0
03_35	213	Response	9	15242178	61286	2
03_35	214	Picture	view	15242212	0	1	4832	2	0	next	other	0
03_35	214	Response	7	15246798	4586	2
03_35	215	Picture	move	15247044	0	1	33326	2	0	next	other	0
03_35	215	Response	2	15276239	29195	1
03_35	215	Response	5	15280187	33143	2
03_35	216	Picture	loadClose	15280370	0	1	59320	2	0	next	other	0
03_35	216	Response	9	15339566	59196	2
03_35	217	Picture	view	15339690	0	1	6831	3	0	next	other	0
03_35	217	Response	7	15346296	6606	1
03_35	218	Picture	move	15346521	0	2	30827	3	0	next	other	0
03_35	218	Response	2	15369037	22516	1
03_35	218	Response	5	15377285	30764	2
03_35	219	Picture	loadClose	15377348	0	1	67818	2	0	next	other	0
03_35	219	Response	9	15445084	67736	1
03_35	219	Response	9	15445104	67756	1
03_35	220	Picture	view	15445166	0	1	4665	3	0	next	other	0
03_35	220	Response	7	15449723	4557	2
03_35	221	Picture	move	15449831	0	2	31493	3	0	next	other	0
03_35	221	Response	2	15473515	23684	1
03_35	221	Response	5	15481113	31282	2
03_35	222	Picture	loadClose	15481324	0	1	63153	2	0	next	other	0
03_35	222	Response	9	15544431	63107	2
03_35	223	Picture	view	15544477	0	1	5332	2	0	next	other	0
03_35	223	Response	7	15549581	5104	2
03_35	224	Picture	move	15549809	0	1	30493	2	0	next	other	0
03_35	224	Response	2	15577673	27864	1
03_35	224	Response	5	15580121	30312	1
03_35	225	Picture	loadClose	15580302	0	1	53821	2	0	next	other	0
03_35	225	Response	9	15634000	53698	1
03_35	226	Picture	view	15634123	0	1	7665	2	0	next	other	0
03_35	226	Response	7	15641669	7546	2
03_35	227	Picture	move	15641788	0	1	30160	2	0	next	other	0
03_35	227	Response	5	15671809	30021	2
03_35	228	Picture	check	15671948	0	1	6165	2	0	next	other	0
03_35	228	Response	3	15677990	6042	1
03_35	229	Picture	loadClose	15678113	0	1	52654	3	0	next	other	0
03_35	229	Response	9	15730628	52515	2
03_35	230	Picture	view	15730767	0	2	4833	3	0	next	other	0
03_35	230	Response	7	15735467	4700	2
03_35	231	Picture	move	15735600	0	1	33159	2	0	next	other	0
03_35	231	Response	2	15758789	23189	1
03_35	231	Response	5	15768657	33057	1
03_35	232	Picture	loadClose	15768759	0	1	62319	2	0	next	other	0
03_35	232	Response	9	15830945	62186	2
03_35	233	Picture	view	15831078	0	1	5332	3	0	next	other	0
03_35	233	Response	7	15836235	5157	2
03_35	234	Picture	move	15836410	0	2	32326	4	0	next	other	0
03_35	234	Response	2	15861827	25417	1
03_35	234	Response	5	15868545	32135	2
03_35	235	Picture	loadClose	15868736	0	2	64819	3	0	next	other	0
03_35	235	Response	9	15933373	64637	2
03_35	235	Response	9	15933393	64657	2
03_35	236	Picture	view	15933555	0	1	4999	2	0	next	other	0
03_35	236	Response	7	15938393	4838	2
03_35	237	Picture	move	15938554	0	1	31659	3	0	next	other	0
03_35	237	Response	2	15963584	25030	1
03_35	237	Response	5	15970142	31588	2
03_35	238	Picture	loadClose	15970213	0	2	59154	3	0	next	other	0
03_35	238	Response	9	16029291	59078	2
03_35	239	Picture	view	16029367	0	1	5303	198	0	next	other	0
03_35	239	Response	7	16034601	5234	2
03_35	240	Picture	move	16034670	0	197	34688	198	0	next	other	0
03_35	240	Response	2	16061982	27312	1
03_35	240	Response	5	16069240	34570	2
03_35	241	Picture	loadClose	16069358	0	1	59819	3	0	next	other	0
03_35	241	Response	9	16129089	59731	2
03_35	242	Picture	view	16129177	0	2	4832	4	0	next	other	0
03_35	242	Response	7	16133879	4702	2
03_35	243	Picture	move	16134009	0	2	33493	3	0	next	other	0
03_35	243	Response	2	16159420	25411	1
03_35	243	Response	5	16167418	33409	2
03_35	244	Picture	endBlock	16167502	0	1	30160	2	0	next	other	0
03_35	244	Response	7	16190438	22936	2
03_35	244	Response	8	16191068	23566	2
03_35	245	Picture	begin	16197662	0	1	468227	2	0	next	other	0
03_35	245	Response	5	16369274	171612	2
03_35	245	Response	6	16369574	171912	2
03_35	245	Response	9	16665808	468146	2
03_35	246	Picture	loadClose	16665889	0	1	37158	3	0	next	other	0
03_35	246	Response	9	16702877	36988	2
03_35	247	Picture	view	16703047	0	2	5999	3	0	next	other	0
03_35	247	Response	7	16708897	5850	2
03_35	248	Picture	move	16709046	0	1	26660	3	0	next	other	0
03_35	248	Response	2	16715087	6041	3
03_35	248	Response	5	16735566	26520	2
03_35	249	Picture	loadClose	16735706	0	2	49489	4	0	next	other	0
03_35	249	Response	9	16785045	49339	2
03_35	250	Picture	view	16785195	0	2	4999	4	0	next	other	0
03_35	250	Response	7	16790005	4810	2
03_35	251	Picture	move	16790194	0	2	23495	3	0	next	other	0
03_35	251	Response	2	16804207	14013	1
03_35	251	Response	5	16813535	23341	1
03_35	252	Picture	loadClose	16813689	0	1	196121	3	0	next	other	0
03_35	252	Response	9	17009740	196051	2
03_35	253	Picture	view	17009810	0	2	4167	3	0	next	other	0
03_35	253	Response	7	17013820	4010	2
03_35	254	Picture	move	17013977	0	1	25994	2	0	next	other	0
03_35	254	Response	2	17034440	20463	3
03_35	254	Response	5	17039800	25823	2
03_35	255	Picture	loadClose	17039971	0	1	57987	2	0	next	other	0
03_35	255	Response	9	17097859	57888	1
03_35	256	Picture	view	17097958	0	1	3832	3	0	next	other	0
03_35	256	Response	7	17101599	3641	1
03_35	257	Picture	move	17101790	0	2	26161	3	0	next	other	0
03_35	257	Response	5	17127798	26008	2
03_35	258	Picture	check	17127951	0	1	7665	2	0	next	other	0
03_35	258	Response	2	17135560	7609	1
03_35	259	Picture	loadClose	17135616	0	1	36158	3	0	next	other	0
03_35	259	Response	9	17171727	36111	2
03_35	260	Picture	view	17171774	0	2	6499	3	0	next	other	0
03_35	260	Response	7	17178027	6253	2
03_35	261	Picture	move	17178273	0	1	24661	2	0	next	other	0
03_35	261	Response	2	17193798	15525	1
03_35	261	Response	5	17202856	24583	2
03_35	262	Picture	loadClose	17202934	0	1	56321	2	0	next	other	0
03_35	262	Response	9	17259235	56301	2
03_35	263	Picture	view	17259255	0	1	3332	3	0	next	other	0
03_35	263	Response	7	17262415	3160	2
03_35	264	Picture	move	17262587	0	2	25661	3	0	next	other	0
03_35	264	Response	2	17278277	15690	1
03_35	264	Response	5	17288165	25578	1
03_35	265	Picture	loadClose	17288248	0	1	47489	2	0	next	other	0
03_35	265	Response	9	17335604	47356	1
03_35	266	Picture	view	17335737	0	1	4999	2	0	next	other	0
03_35	266	Response	7	17340533	4796	2
03_35	267	Picture	move	17340736	0	1	43646	180	0	next	other	0
03_35	267	Response	3	17376035	35299	1
03_35	267	Response	5	17384333	43597	1
03_35	268	Picture	loadClose	17384382	0	179	43335	180	0	next	other	0
03_35	268	Response	9	17427592	43210	1
03_35	269	Picture	view	17427717	0	1	5998	2	0	next	other	0
03_35	269	Response	7	17433551	5834	2
03_35	270	Picture	move	17433715	0	1	24661	2	0	next	other	0
03_35	270	Response	2	17453633	19918	1
03_35	270	Response	5	17458241	24526	2
03_35	271	Picture	loadClose	17458376	0	1	48323	2	0	next	other	0
03_35	271	Response	9	17506610	48234	2
03_35	272	Picture	view	17506699	0	1	4665	2	0	next	other	0
03_35	272	Response	7	17511140	4441	2
03_35	273	Picture	move	17511364	0	1	24328	2	0	next	other	0
03_35	273	Response	2	17532991	21627	1
03_35	273	Response	5	17535559	24195	2
03_35	274	Picture	loadClose	17535692	0	1	41157	3	0	next	other	0
03_35	274	Response	9	17576668	40976	2
03_35	275	Picture	view	17576849	0	2	5499	4	0	next	other	0
03_35	275	Response	7	17582128	5279	2
03_35	276	Picture	move	17582348	0	2	25661	3	0	next	other	0
03_35	276	Response	2	17604030	21682	1
03_35	276	Response	5	17607798	25450	2
03_35	277	Picture	loadClose	17608009	0	1	47822	3	0	next	other	0
03_35	277	Response	9	17655757	47748	2
03_35	278	Picture	view	17655831	0	2	4999	4	0	next	other	0
03_35	278	Response	7	17660587	4756	1
03_35	279	Picture	move	17660830	0	2	28827	3	0	next	other	0
03_35	279	Response	2	17675548	14718	1
03_35	279	Response	5	17689586	28756	2
03_35	280	Picture	loadClose	17689657	0	1	48656	2	0	next	other	0
03_35	280	Response	9	17738185	48528	2
03_35	281	Picture	view	17738313	0	1	3832	3	0	next	other	0
03_35	281	Response	7	17741975	3662	2
03_35	282	Picture	move	17742145	0	2	30659	4	0	next	other	0
03_35	282	Response	2	17759386	17241	1
03_35	282	Response	5	17772684	30539	2
03_35	283	Picture	loadClose	17772804	0	2	43824	4	0	next	other	0
03_35	283	Response	9	17816603	43799	2
03_35	284	Picture	view	17816628	0	2	5499	3	0	next	other	0
03_35	284	Response	7	17821943	5315	2
03_35	285	Picture	move	17822127	0	1	30327	2	0	next	other	0
03_35	285	Response	2	17838585	16458	1
03_35	285	Response	5	17852283	30156	1
03_35	286	Picture	loadClose	17852454	0	1	46989	2	0	next	other	0
03_35	286	Response	9	17899312	46858	1
03_35	287	Picture	view	17899443	0	1	4498	3	0	next	other	0
03_35	287	Response	7	17903702	4259	1
03_35	288	Picture	move	17903941	0	2	29328	3	0	next	other	0
03_35	288	Response	2	17924023	20082	1
03_35	288	Response	5	17933091	29150	2
03_35	289	Picture	loadClose	17933269	0	1	46322	3	0	next	other	0
03_35	289	Response	9	17979570	46301	2
03_35	290	Picture	view	17979591	0	2	4999	4	0	next	other	0
03_35	290	Response	7	17984460	4869	2
03_35	291	Picture	move	17984590	0	2	30327	3	0	next	other	0
03_35	291	Response	2	18005941	21351	1
03_35	291	Response	5	18014739	30149	2
03_35	292	Picture	loadClose	18014917	0	1	50821	3	0	next	other	0
03_35	292	Response	9	18065648	50731	2
03_35	293	Picture	view	18065738	0	2	4833	3	0	next	other	0
03_35	293	Response	7	18070348	4610	2
03_35	294	Picture	move	18070571	0	1	27326	3	0	next	other	0
03_35	294	Response	2	18092819	22248	1
03_35	294	Response	5	18097687	27116	2
03_35	295	Picture	loadClose	18097897	0	2	52989	3	0	next	other	0
03_35	295	Response	9	18150826	52929	2
03_35	296	Picture	view	18150886	0	1	4166	2	0	next	other	0
03_35	296	Response	7	18154916	4030	2
03_35	297	Picture	move	18155052	0	1	25994	2	0	next	other	0
03_35	297	Response	2	18174738	19686	1
03_35	297	Response	5	18180896	25844	2
03_35	298	Picture	loadClose	18181046	0	1	49322	2	0	next	other	0
03_35	298	Response	9	18230285	49239	1
03_35	299	Picture	view	18230368	0	1	3832	3	0	next	other	0
03_35	299	Response	7	18234025	3657	1
03_35	300	Picture	move	18234200	0	2	26494	4	0	next	other	0
03_35	300	Response	2	18250896	16696	1
03_35	300	Response	5	18260574	26374	2
03_35	301	Picture	loadClose	18260694	0	2	43324	3	0	next	other	0
03_35	301	Response	9	18303943	43249	2
03_35	302	Picture	view	18304018	0	1	4832	3	0	next	other	0
03_35	302	Response	7	18308673	4655	2
03_35	303	Picture	move	18308850	0	2	26494	3	0	next	other	0
03_35	303	Response	2	18329614	20764	1
03_35	303	Response	5	18335242	26392	2
03_35	304	Picture	loadClose	18335344	0	1	36492	2	0	next	other	0
03_35	304	Response	9	18371712	36368	1
03_35	305	Picture	view	18371836	0	1	3665	4	0	next	other	0
03_35	305	Response	7	18375352	3516	1
03_35	306	Picture	move	18375501	0	3	26661	4	0	next	other	0
03_35	306	Response	2	18392973	17472	1
03_35	306	Response	5	18402091	26590	2
03_35	307	Picture	loadClose	18402162	0	1	45490	2	0	next	other	0
03_35	307	Response	9	18447600	45438	2
03_35	308	Picture	view	18447652	0	1	3166	2	0	next	other	0
03_35	308	Response	7	18450680	3028	2
03_35	309	Picture	move	18450818	0	1	27494	2	0	next	other	0
03_35	309	Response	2	18472971	22153	1
03_35	309	Response	5	18478219	27401	2
03_35	310	Picture	loadClose	18478312	0	1	46489	2	0	next	other	0
03_35	310	Response	9	18524778	46466	2
03_35	311	Picture	view	18524801	0	1	3833	2	0	next	other	0
03_35	311	Response	7	18528488	3687	2
03_35	312	Picture	move	18528634	0	1	25994	3	0	next	other	0
03_35	312	Response	2	18546570	17936	1
03_35	312	Response	5	18554518	25884	1
03_35	313	Picture	loadClose	18554628	0	2	45989	4	0	next	other	0
03_35	313	Response	9	18600517	45889	2
03_35	314	Picture	view	18600617	0	2	4833	3	0	next	other	0
03_35	314	Response	7	18605287	4670	2
03_35	315	Picture	move	18605450	0	1	26494	2	0	next	other	0
03_35	315	Response	2	18626088	20638	1
03_35	315	Response	5	18631816	26366	2
03_35	316	Picture	loadClose	18631944	0	1	56653	3	0	next	other	0
03_35	316	Response	9	18688485	56541	2
03_35	317	Picture	view	18688597	0	2	3644	192	0	next	other	0
03_35	317	Response	7	18692165	3568	2
03_35	318	Picture	move	18692241	0	190	25350	191	0	next	other	0
03_35	318	Response	2	18712486	20245	1
03_35	318	Response	5	18717484	25243	2
03_35	319	Picture	loadClose	18717591	0	1	50488	3	0	next	other	0
03_35	319	Response	9	18768053	50462	2
03_35	320	Picture	view	18768079	0	2	4499	4	0	next	other	0
03_35	320	Response	7	18772453	4374	2
03_35	321	Picture	move	18772578	0	2	25328	3	0	next	other	0
03_35	321	Response	2	18787685	15107	1
03_35	321	Response	5	18797743	25165	1
03_35	322	Picture	endSession	18797906	0	1	35727	2	0	next	other	0
03_35	322	Response	8	18815612	17706	2
03_35	322	Response	7	18815632	17726	2


Event Type	Code	Type	Response	RT	RT Uncertainty	Time	Uncertainty	Duration	Uncertainty	ReqTime	ReqDur

Picture	begin	other				332	2	1452505	3	0	next
Picture	loadClose	other				1452837	1	132470	2	0	next
Picture	view	other				1585307	1	8331	3	0	next
Picture	move	other				1593638	2	50156	3	0	next
Picture	loadClose	other				1643794	1	197955	2	0	next
Picture	view	other				1841749	1	6832	2	0	next
Picture	move	other				1848581	1	50155	2	0	next
Picture	loadClose	other				1898736	1	224449	2	0	next
Picture	view	other				2123185	1	6665	3	0	next
Picture	move	other				2129850	2	31307	189	0	next
Picture	loadClose	other				2161157	187	289454	188	0	next
Picture	view	other				2450611	1	72650	3	0	next
Picture	move	other				2523261	2	3999	3	0	next
Picture	check	other				2527260	1	7665	2	0	next
Picture	loadClose	other				2534925	1	77316	2	0	next
Picture	view	other				2612241	1	10498	2	0	next
Picture	move	other				2622739	1	28106	223	0	next
Picture	loadClose	other				2650845	222	57041	223	0	next
Picture	view	other				2707886	1	7998	2	0	next
Picture	move	other				2715884	1	26273	223	0	next
Picture	check	other				2742157	222	5720	223	0	next
Picture	loadClose	other				2747877	1	67818	2	0	next
Picture	view	other				2815695	1	9164	3	0	next
Picture	move	other				2824859	2	25828	3	0	next
Picture	loadClose	other				2850687	1	51822	2	0	next
Picture	view	other				2902509	1	5306	195	0	next
Picture	move	other				2907815	194	30852	195	0	next
Picture	loadClose	other				2938667	1	46323	2	0	next
Picture	view	other				2984990	1	7318	182	0	next
Picture	move	other				2992308	181	28285	404	0	next
Picture	loadClose	other				3020593	223	271827	224	0	next
Picture	view	other				3292420	1	6665	3	0	next
Picture	move	other				3299085	2	26661	3	0	next
Picture	loadClose	other				3325746	1	45656	2	0	next
Picture	view	other				3371402	1	5832	3	0	next
Picture	move	other				3377234	2	25828	3	0	next
Picture	loadClose	other				3403062	1	46489	2	0	next
Picture	view	other				3449551	1	6332	2	0	next
Picture	move	other				3455883	1	25828	2	0	next
Picture	loadClose	other				3481711	1	53654	2	0	next
Picture	view	other				3535365	1	4666	2	0	next
Picture	move	other				3540031	1	26660	2	0	next
Picture	loadClose	other				3566691	1	53822	2	0	next
Picture	view	other				3620513	1	6331	3	0	next
Picture	move	other				3626844	2	25328	3	0	next
Picture	loadClose	other				3652172	1	47656	2	0	next
Picture	view	other				3699828	1	5332	2	0	next
Picture	move	other				3705160	1	27149	180	0	next
Picture	loadClose	other				3732309	179	46667	181	0	next
Picture	view	other				3778976	2	4666	3	0	next
Picture	move	other				3783642	1	28480	182	0	next
Picture	loadClose	other				3812122	181	55501	182	0	next
Picture	view	other				3867623	1	4832	3	0	next
Picture	move	other				3872455	2	32326	3	0	next
Picture	loadClose	other				3904781	1	61320	2	0	next
Picture	view	other				3966101	1	4832	2	0	next
Picture	move	other				3970933	1	29160	2	0	next
Picture	loadClose	other				4000093	1	53821	2	0	next
Picture	view	other				4053914	1	4832	3	0	next
Picture	move	other				4058746	2	31993	3	0	next
Picture	loadClose	other				4090739	1	54821	2	0	next
Picture	view	other				4145560	1	7498	3	0	next
Picture	move	other				4153058	2	27328	3	0	next
Picture	loadClose	other				4180386	1	51155	2	0	next
Picture	view	other				4231541	1	5165	3	0	next
Picture	move	other				4236706	2	28494	3	0	next
Picture	check	other				4265200	1	6665	2	0	next
Picture	loadClose	other				4271865	1	48156	2	0	next
Picture	view	other				4320021	1	4165	3	0	next
Picture	move	other				4324186	2	28161	3	0	next
Picture	loadClose	other				4352347	1	55487	2	0	next
Picture	view	other				4407834	1	4999	2	0	next
Picture	move	other				4412833	1	28327	2	0	next
Picture	loadClose	other				4441160	1	53488	2	0	next
Picture	view	other				4494648	1	5165	2	0	next
Picture	move	other				4499813	1	27327	2	0	next
Picture	loadClose	other				4527140	1	58153	3	0	next
Picture	view	other				4585293	2	4000	3	0	next
Picture	move	other				4589293	1	29493	2	0	next
Picture	endBlock	other				4618786	1	30160	2	0	next
Picture	begin	other				4648946	1	450380	187	0	next
Picture	loadClose	other				5099326	186	88498	187	0	next
Picture	view	other				5187824	1	17329	3	0	next
Picture	move	other				5205153	2	33159	4	0	next
Picture	loadClose	other				5238312	2	1126578	4	0	next
Picture	view	other				6364890	2	6666	4	0	next
Picture	move	other				6371556	2	29659	4	0	next
Picture	loadClose	other				6401215	2	87814	3	0	next
Picture	view	other				6489029	1	4999	2	0	next
Picture	move	other				6494028	1	31826	2	0	next
Picture	loadClose	other				6525854	1	77149	2	0	next
Picture	view	other				6603003	1	14663	3	0	next
Picture	move	other				6617666	2	29160	4	0	next
Picture	loadClose	other				6646826	2	98645	3	0	next
Picture	view	other				6745471	1	6305	196	0	next
Picture	move	other				6751776	195	37518	196	0	next
Picture	loadClose	other				6789294	1	84981	2	0	next
Picture	view	other				6874275	1	9998	2	0	next
Picture	move	other				6884273	1	29326	2	0	next
Picture	loadClose	other				6913599	1	109476	2	0	next
Picture	view	other				7023075	1	6498	2	0	next
Picture	move	other				7029573	1	29993	2	0	next
Picture	loadClose	other				7059566	1	70817	3	0	next
Picture	view	other				7130383	2	7153	183	0	next
Picture	move	other				7137536	181	27006	183	0	next
Picture	loadClose	other				7164542	2	76483	3	0	next
Picture	view	other				7241025	1	5832	3	0	next
Picture	move	other				7246857	2	27494	3	0	next
Picture	loadClose	other				7274351	1	71484	2	0	next
Picture	view	other				7345835	1	6316	185	0	next
Picture	move	other				7352151	184	30842	185	0	next
Picture	loadClose	other				7382993	1	80148	3	0	next
Picture	view	other				7463141	2	5333	3	0	next
Picture	move	other				7468474	1	28993	2	0	next
Picture	loadClose	other				7497467	1	68651	2	0	next
Picture	view	other				7566118	1	6332	3	0	next
Picture	move	other				7572450	2	29660	3	0	next
Picture	loadClose	other				7602110	1	70984	2	0	next
Picture	view	other				7673094	1	5665	3	0	next
Picture	move	other				7678759	2	25661	3	0	next
Picture	loadClose	other				7704420	1	69818	2	0	next
Picture	view	other				7774238	1	5498	3	0	next
Picture	move	other				7779736	2	28660	4	0	next
Picture	loadClose	other				7808396	2	79816	3	0	next
Picture	view	other				7888212	1	5831	3	0	next
Picture	move	other				7894043	2	27495	3	0	next
Picture	check	other				7921538	1	499	3	0	next
Picture	loadClose	other				7922037	2	76983	3	0	next
Picture	view	other				7999020	1	5332	2	0	next
Picture	move	other				8004352	1	42324	2	0	next
Picture	loadClose	other				8046676	1	73983	2	0	next
Picture	view	other				8120659	1	10331	2	0	next
Picture	move	other				8130990	1	29993	2	0	next
Picture	loadClose	other				8160983	1	69818	2	0	next
Picture	view	other				8230801	1	5665	3	0	next
Picture	move	other				8236466	2	30160	4	0	next
Picture	loadClose	other				8266626	2	84814	3	0	next
Picture	view	other				8351440	1	5332	3	0	next
Picture	move	other				8356772	2	33493	3	0	next
Picture	loadClose	other				8390265	1	68651	2	0	next
Picture	view	other				8458916	1	5665	3	0	next
Picture	move	other				8464581	2	32993	3	0	next
Picture	loadClose	other				8497574	1	68151	2	0	next
Picture	view	other				8565725	1	4332	3	0	next
Picture	move	other				8570057	2	31826	3	0	next
Picture	loadClose	other				8601883	1	80815	2	0	next
Picture	view	other				8682698	1	4499	3	0	next
Picture	move	other				8687197	2	29327	3	0	next
Picture	loadClose	other				8716524	1	93479	2	0	next
Picture	view	other				8810003	1	4832	2	0	next
Picture	move	other				8814835	1	28660	2	0	next
Picture	loadClose	other				8843495	1	76150	2	0	next
Picture	view	other				8919645	1	5498	3	0	next
Picture	move	other				8925143	2	28161	3	0	next
Picture	loadClose	other				8953304	1	81814	3	0	next
Picture	view	other				9035118	2	4499	4	0	next
Picture	move	other				9039617	2	30327	3	0	next
Picture	check	other				9069944	1	666	2	0	next
Picture	loadClose	other				9070610	1	84481	2	0	next
Picture	view	other				9155091	1	7473	195	0	next
Picture	move	other				9162564	194	28186	195	0	next
Picture	endBlock	other				9190750	1	30160	2	0	next
Picture	begin	other				9220910	1	4129564	2	0	next
Picture	loadClose	other				13350474	1	211785	2	0	next
Picture	view	other				13562259	1	6499	2	0	next
Picture	move	other				13568758	1	38324	2	0	next
Picture	loadClose	other				13607082	1	76816	2	0	next
Picture	view	other				13683898	1	5999	2	0	next
Picture	move	other				13689897	1	34159	2	0	next
Picture	loadClose	other				13724056	1	69984	2	0	next
Picture	view	other				13794040	1	4666	2	0	next
Picture	move	other				13798706	1	32659	2	0	next
Picture	loadClose	other				13831365	1	68818	2	0	next
Picture	view	other				13900183	1	5832	2	0	next
Picture	move	other				13906015	1	31659	2	0	next
Picture	loadClose	other				13937674	1	70984	2	0	next
Picture	view	other				14008658	1	6665	2	0	next
Picture	move	other				14015323	1	32326	2	0	next
Picture	loadClose	other				14047649	1	73817	2	0	next
Picture	view	other				14121466	1	4665	3	0	next
Picture	move	other				14126131	2	31826	4	0	next
Picture	loadClose	other				14157957	2	66652	3	0	next
Picture	view	other				14224609	1	5832	2	0	next
Picture	move	other				14230441	1	32826	2	0	next
Picture	loadClose	other				14263267	1	74316	3	0	next
Picture	view	other				14337583	2	4999	4	0	next
Picture	move	other				14342582	2	30827	3	0	next
Picture	loadClose	other				14373409	1	68817	2	0	next
Picture	view	other				14442226	1	5666	2	0	next
Picture	move	other				14447892	1	32159	2	0	next
Picture	loadClose	other				14480051	1	59320	2	0	next
Picture	view	other				14539371	1	5999	2	0	next
Picture	move	other				14545370	1	33992	3	0	next
Picture	loadClose	other				14579362	2	63486	3	0	next
Picture	view	other				14642848	1	5665	2	0	next
Picture	move	other				14648513	1	32826	2	0	next
Picture	loadClose	other				14681339	1	57819	3	0	next
Picture	view	other				14739158	2	6166	4	0	next
Picture	move	other				14745324	2	38825	3	0	next
Picture	loadClose	other				14784149	1	57154	2	0	next
Picture	view	other				14841303	1	4998	3	0	next
Picture	move	other				14846301	2	31827	3	0	next
Picture	loadClose	other				14878128	1	65151	3	0	next
Picture	view	other				14943279	2	5832	4	0	next
Picture	move	other				14949111	2	32826	3	0	next
Picture	loadClose	other				14981937	1	59987	2	0	next
Picture	view	other				15041924	1	6665	2	0	next
Picture	move	other				15048589	1	34825	2	0	next
Picture	check	other				15083414	1	1000	2	0	next
Picture	loadClose	other				15084414	1	61153	2	0	next
Picture	view	other				15145567	1	5999	2	0	next
Picture	move	other				15151566	1	29326	2	0	next
Picture	loadClose	other				15180892	1	61320	2	0	next
Picture	view	other				15242212	1	4832	2	0	next
Picture	move	other				15247044	1	33326	2	0	next
Picture	loadClose	other				15280370	1	59320	2	0	next
Picture	view	other				15339690	1	6831	3	0	next
Picture	move	other				15346521	2	30827	3	0	next
Picture	loadClose	other				15377348	1	67818	2	0	next
Picture	view	other				15445166	1	4665	3	0	next
Picture	move	other				15449831	2	31493	3	0	next
Picture	loadClose	other				15481324	1	63153	2	0	next
Picture	view	other				15544477	1	5332	2	0	next
Picture	move	other				15549809	1	30493	2	0	next
Picture	loadClose	other				15580302	1	53821	2	0	next
Picture	view	other				15634123	1	7665	2	0	next
Picture	move	other				15641788	1	30160	2	0	next
Picture	check	other				15671948	1	6165	2	0	next
Picture	loadClose	other				15678113	1	52654	3	0	next
Picture	view	other				15730767	2	4833	3	0	next
Picture	move	other				15735600	1	33159	2	0	next
Picture	loadClose	other				15768759	1	62319	2	0	next
Picture	view	other				15831078	1	5332	3	0	next
Picture	move	other				15836410	2	32326	4	0	next
Picture	loadClose	other				15868736	2	64819	3	0	next
Picture	view	other				15933555	1	4999	2	0	next
Picture	move	other				15938554	1	31659	3	0	next
Picture	loadClose	other				15970213	2	59154	3	0	next
Picture	view	other				16029367	1	5303	198	0	next
Picture	move	other				16034670	197	34688	198	0	next
Picture	loadClose	other				16069358	1	59819	3	0	next
Picture	view	other				16129177	2	4832	4	0	next
Picture	move	other				16134009	2	33493	3	0	next
Picture	endBlock	other				16167502	1	30160	2	0	next
Picture	begin	other				16197662	1	468227	2	0	next
Picture	loadClose	other				16665889	1	37158	3	0	next
Picture	view	other				16703047	2	5999	3	0	next
Picture	move	other				16709046	1	26660	3	0	next
Picture	loadClose	other				16735706	2	49489	4	0	next
Picture	view	other				16785195	2	4999	4	0	next
Picture	move	other				16790194	2	23495	3	0	next
Picture	loadClose	other				16813689	1	196121	3	0	next
Picture	view	other				17009810	2	4167	3	0	next
Picture	move	other				17013977	1	25994	2	0	next
Picture	loadClose	other				17039971	1	57987	2	0	next
Picture	view	other				17097958	1	3832	3	0	next
Picture	move	other				17101790	2	26161	3	0	next
Picture	check	other				17127951	1	7665	2	0	next
Picture	loadClose	other				17135616	1	36158	3	0	next
Picture	view	other				17171774	2	6499	3	0	next
Picture	move	other				17178273	1	24661	2	0	next
Picture	loadClose	other				17202934	1	56321	2	0	next
Picture	view	other				17259255	1	3332	3	0	next
Picture	move	other				17262587	2	25661	3	0	next
Picture	loadClose	other				17288248	1	47489	2	0	next
Picture	view	other				17335737	1	4999	2	0	next
Picture	move	other				17340736	1	43646	180	0	next
Picture	loadClose	other				17384382	179	43335	180	0	next
Picture	view	other				17427717	1	5998	2	0	next
Picture	move	other				17433715	1	24661	2	0	next
Picture	loadClose	other				17458376	1	48323	2	0	next
Picture	view	other				17506699	1	4665	2	0	next
Picture	move	other				17511364	1	24328	2	0	next
Picture	loadClose	other				17535692	1	41157	3	0	next
Picture	view	other				17576849	2	5499	4	0	next
Picture	move	other				17582348	2	25661	3	0	next
Picture	loadClose	other				17608009	1	47822	3	0	next
Picture	view	other				17655831	2	4999	4	0	next
Picture	move	other				17660830	2	28827	3	0	next
Picture	loadClose	other				17689657	1	48656	2	0	next
Picture	view	other				17738313	1	3832	3	0	next
Picture	move	other				17742145	2	30659	4	0	next
Picture	loadClose	other				17772804	2	43824	4	0	next
Picture	view	other				17816628	2	5499	3	0	next
Picture	move	other				17822127	1	30327	2	0	next
Picture	loadClose	other				17852454	1	46989	2	0	next
Picture	view	other				17899443	1	4498	3	0	next
Picture	move	other				17903941	2	29328	3	0	next
Picture	loadClose	other				17933269	1	46322	3	0	next
Picture	view	other				17979591	2	4999	4	0	next
Picture	move	other				17984590	2	30327	3	0	next
Picture	loadClose	other				18014917	1	50821	3	0	next
Picture	view	other				18065738	2	4833	3	0	next
Picture	move	other				18070571	1	27326	3	0	next
Picture	loadClose	other				18097897	2	52989	3	0	next
Picture	view	other				18150886	1	4166	2	0	next
Picture	move	other				18155052	1	25994	2	0	next
Picture	loadClose	other				18181046	1	49322	2	0	next
Picture	view	other				18230368	1	3832	3	0	next
Picture	move	other				18234200	2	26494	4	0	next
Picture	loadClose	other				18260694	2	43324	3	0	next
Picture	view	other				18304018	1	4832	3	0	next
Picture	move	other				18308850	2	26494	3	0	next
Picture	loadClose	other				18335344	1	36492	2	0	next
Picture	view	other				18371836	1	3665	4	0	next
Picture	move	other				18375501	3	26661	4	0	next
Picture	loadClose	other				18402162	1	45490	2	0	next
Picture	view	other				18447652	1	3166	2	0	next
Picture	move	other				18450818	1	27494	2	0	next
Picture	loadClose	other				18478312	1	46489	2	0	next
Picture	view	other				18524801	1	3833	2	0	next
Picture	move	other				18528634	1	25994	3	0	next
Picture	loadClose	other				18554628	2	45989	4	0	next
Picture	view	other				18600617	2	4833	3	0	next
Picture	move	other				18605450	1	26494	2	0	next
Picture	loadClose	other				18631944	1	56653	3	0	next
Picture	view	other				18688597	2	3644	192	0	next
Picture	move	other				18692241	190	25350	191	0	next
Picture	loadClose	other				18717591	1	50488	3	0	next
Picture	view	other				18768079	2	4499	4	0	next
Picture	move	other				18772578	2	25328	3	0	next
Picture	endSession	other				18797906	1	35727	2	0	next
