Scenario - opto_replant
Logfile written - 04/22/2013 14:38:55

Subject	Trial	Event Type	Code	Time	TTime	Uncertainty	Duration	Uncertainty	ReqTime	ReqDur	Stim Type	Pair Index

03_05	1	Picture	begin	332	0	2	1892416	3	0	next	other	0
03_05	1	Response	3	1435	1103	2
03_05	1	Response	5	7685	7353	2
03_05	1	Response	3	37244	36912	2
03_05	1	Response	5	245861	245529	2
03_05	1	Response	3	763573	763241	2
03_05	1	Response	5	773593	773261	2
03_05	1	Response	3	973530	973198	2
03_05	1	Response	5	977250	976918	2
03_05	1	Response	3	1261556	1261224	1
03_05	1	Response	5	1275085	1274753	2
03_05	1	Response	4	1309235	1308903	2
03_05	1	Response	3	1323035	1322703	1
03_05	1	Response	6	1340604	1340272	2
03_05	1	Response	4	1346894	1346562	2
03_05	1	Response	6	1369964	1369632	2
03_05	1	Response	4	1407773	1407441	2
03_05	1	Response	5	1412043	1411711	2
03_05	1	Response	3	1417653	1417321	2
03_05	1	Response	5	1528841	1528509	2
03_05	1	Response	3	1536131	1535799	2
03_05	1	Response	5	1776428	1776096	2
03_05	1	Response	3	1847427	1847095	1
03_05	1	Response	7	1892606	1892274	2
03_05	2	Picture	loadClose	1892748	0	1	61130	192	0	next	other	0
03_05	2	Response	7	1953875	61127	2
03_05	3	Picture	view	1953878	0	191	6022	192	0	next	other	0
03_05	3	Response	5	1959735	5857	2
03_05	4	Picture	move	1959900	0	1	42157	3	0	next	other	0
03_05	4	Response	3	2001874	41974	2
03_05	5	Picture	loadClose	2002057	0	2	78650	3	0	next	other	0
03_05	5	Response	7	2080673	78616	2
03_05	6	Picture	view	2080707	0	1	6332	2	0	next	other	0
03_05	6	Response	5	2086873	6166	2
03_05	7	Picture	move	2087039	0	1	42157	2	0	next	other	0
03_05	7	Response	3	2129052	42013	2
03_05	8	Picture	loadClose	2129196	0	1	53488	2	0	next	other	0
03_05	8	Response	7	2182562	53366	1
03_05	9	Picture	view	2182684	0	1	6306	195	0	next	other	0
03_05	9	Response	5	2188911	6227	2
03_05	10	Picture	move	2188990	0	194	42850	195	0	next	other	0
03_05	10	Response	3	2231701	42711	2
03_05	11	Picture	loadClose	2231840	0	1	47656	2	0	next	other	0
03_05	11	Response	7	2279410	47570	2
03_05	12	Picture	view	2279496	0	1	6499	2	0	next	other	0
03_05	12	Response	5	2285870	6374	2
03_05	13	Picture	move	2285995	0	1	41990	3	0	next	other	0
03_05	13	Response	3	2327879	41884	2
03_05	14	Picture	loadClose	2327985	0	2	54488	4	0	next	other	0
03_05	14	Response	7	2382428	54443	2
03_05	15	Picture	view	2382473	0	2	5499	4	0	next	other	0
03_05	15	Response	5	2387758	5285	2
03_05	16	Picture	move	2387972	0	2	41824	3	0	next	other	0
03_05	16	Response	3	2429598	41626	2
03_05	17	Picture	loadClose	2429796	0	1	833	3	0	next	other	0
03_05	17	Response	5	2430458	662	2
03_05	18	Picture	wrongHand	2430629	0	2	10165	3	0	next	false_alarm	58
03_05	18	Response	3	2440608	9979	1
03_05	19	Picture	loadClose	2440794	0	1	45323	2	0	next	other	0
03_05	19	Response	5	2486047	45253	2
03_05	20	Picture	wrongHand	2486117	0	1	93313	2	0	next	false_alarm	62
03_05	20	Response	7	2491677	5560	2
03_05	20	Response	3	2579275	93158	2
03_05	21	Picture	loadClose	2579430	0	1	17163	2	0	next	other	0
03_05	21	Response	5	2596445	17015	2
03_05	22	Picture	wrongHand	2596593	0	1	265275	2	0	next	false_alarm	67
03_05	22	Response	6	2618435	21842	2
03_05	22	Response	3	2861681	265088	2
03_05	23	Picture	loadClose	2861868	0	1	6998	2	0	next	other	0
03_05	23	Response	5	2868781	6913	2
03_05	24	Picture	wrongHand	2868866	0	1	84315	2	0	next	false_alarm	72
03_05	24	Response	3	2953050	84184	2
03_05	25	Picture	loadClose	2953181	0	1	5165	2	0	next	other	0
03_05	25	Response	5	2958210	5029	2
03_05	26	Picture	wrongHand	2958346	0	1	5499	2	0	next	false_alarm	76
03_05	26	Response	3	2963670	5324	1
03_05	27	Picture	loadClose	2963845	0	1	9165	2	0	next	other	0
03_05	27	Response	5	2972899	9054	2
03_05	28	Picture	wrongHand	2973010	0	1	91813	2	0	next	false_alarm	80
03_05	28	Response	3	3064688	91678	2
03_05	29	Picture	loadClose	3064823	0	1	833	2	0	next	other	0
03_05	29	Response	5	3065628	805	2
03_05	30	Picture	wrongHand	3065656	0	1	18662	3	0	next	false_alarm	84
03_05	30	Response	3	3084188	18532	2
03_05	31	Picture	loadClose	3084318	0	2	4666	3	0	next	other	0
03_05	31	Response	5	3088878	4560	2
03_05	32	Picture	wrongHand	3088984	0	1	199456	2	0	next	false_alarm	88
03_05	32	Response	3	3288275	199291	2
03_05	33	Picture	loadClose	3288440	0	1	16996	2	0	next	other	0
03_05	33	Response	5	3305344	16904	2
03_05	34	Picture	wrongHand	3305436	0	1	4666	2	0	next	false_alarm	92
03_05	34	Response	3	3309914	4478	2
03_05	35	Picture	loadClose	3310102	0	1	58987	2	0	next	other	0
03_05	35	Response	4	3320274	10172	2
03_05	35	Response	7	3368943	58841	2
03_05	36	Picture	view	3369089	0	1	8498	2	0	next	other	0
03_05	36	Response	6	3377423	8334	2
03_05	37	Picture	wrongHand	3377587	0	1	6486	15	0	next	false_alarm	99
03_05	37	Response	5	3378423	836	2
03_05	37	Response	4	3384053	6466	2
03_05	38	Picture	loadClose	3384073	0	14	263	265	0	next	other	0
03_05	38	Response	6	3384333	260	2
03_05	39	Picture	wrongHand	3384336	0	251	2416	252	0	next	false_alarm	104
03_05	39	Response	4	3386583	2247	2
03_05	40	Picture	loadClose	3386752	0	1	7165	2	0	next	other	0
03_05	40	Response	6	3393783	7031	2
03_05	41	Picture	wrongHand	3393917	0	1	54821	2	0	next	false_alarm	108
03_05	41	Response	4	3448632	54715	2
03_05	42	Picture	loadClose	3448738	0	1	20662	2	0	next	other	0
03_05	42	Response	3	3460512	11774	2
03_05	42	Response	5	3469372	20634	2
03_05	43	Picture	wrongHand	3469400	0	1	1321	181	0	next	false_alarm	113
03_05	43	Response	3	3470702	1302	2
03_05	44	Picture	loadClose	3470721	0	180	28839	181	0	next	other	0
03_05	44	Response	7	3499471	28750	2
03_05	45	Picture	view	3499560	0	1	11331	3	0	next	other	0
03_05	45	Response	5	3510651	11091	2
03_05	46	Picture	move	3510891	0	2	37992	3	0	next	other	0
03_05	46	Response	3	3548751	37860	2
03_05	47	Picture	loadClose	3548883	0	1	49489	2	0	next	other	0
03_05	47	Response	7	3598300	49417	2
03_05	48	Picture	view	3598372	0	1	7665	2	0	next	other	0
03_05	48	Response	5	3605840	7468	2
03_05	49	Picture	move	3606037	0	1	37158	2	0	next	other	0
03_05	49	Response	3	3643119	37082	2
03_05	50	Picture	loadClose	3643195	0	1	41158	2	0	next	other	0
03_05	50	Response	7	3684209	41014	1
03_05	51	Picture	view	3684353	0	1	5665	2	0	next	other	0
03_05	51	Response	5	3689758	5405	2
03_05	52	Picture	move	3690018	0	1	41158	2	0	next	other	0
03_05	52	Response	3	3731068	41050	2
03_05	53	Picture	loadClose	3731176	0	1	52655	2	0	next	other	0
03_05	53	Response	7	3783787	52611	2
03_05	54	Picture	view	3783831	0	1	5498	3	0	next	other	0
03_05	54	Response	5	3789177	5346	2
03_05	55	Picture	move	3789329	0	2	37825	4	0	next	other	0
03_05	55	Response	3	3827016	37687	2
03_05	56	Picture	loadClose	3827154	0	2	49656	3	0	next	other	0
03_05	56	Response	7	3876746	49592	2
03_05	57	Picture	view	3876810	0	1	5999	2	0	next	other	0
03_05	57	Response	5	3882626	5816	2
03_05	58	Picture	move	3882809	0	1	43490	2	0	next	other	0
03_05	58	Response	3	3926225	43416	2
03_05	59	Picture	loadClose	3926299	0	1	41158	2	0	next	other	0
03_05	59	Response	7	3967384	41085	2
03_05	60	Picture	view	3967457	0	1	5665	2	0	next	other	0
03_05	60	Response	5	3972894	5437	2
03_05	61	Picture	move	3973122	0	1	40325	2	0	next	other	0
03_05	61	Response	3	4013394	40272	2
03_05	62	Picture	loadClose	4013447	0	1	42490	2	0	next	other	0
03_05	62	Response	7	4055783	42336	2
03_05	63	Picture	view	4055937	0	1	5666	2	0	next	other	0
03_05	63	Response	5	4061463	5526	2
03_05	64	Picture	move	4061603	0	1	40324	2	0	next	other	0
03_05	64	Response	3	4101802	40199	2
03_05	65	Picture	loadClose	4101927	0	1	42657	2	0	next	other	0
03_05	65	Response	7	4144412	42485	1
03_05	66	Picture	view	4144584	0	1	4999	3	0	next	other	0
03_05	66	Response	5	4149361	4777	2
03_05	67	Picture	move	4149583	0	2	37825	3	0	next	other	0
03_05	67	Response	3	4187321	37738	2
03_05	68	Picture	loadClose	4187408	0	1	61653	2	0	next	other	0
03_05	68	Response	7	4249010	61602	2
03_05	69	Picture	view	4249061	0	1	5666	2	0	next	other	0
03_05	69	Response	5	4254600	5539	2
03_05	70	Picture	move	4254727	0	1	47489	2	0	next	other	0
03_05	70	Response	3	4302049	47322	3
03_05	71	Picture	loadClose	4302216	0	1	76150	2	0	next	other	0
03_05	71	Response	7	4378238	76022	2
03_05	72	Picture	view	4378366	0	1	6499	3	0	next	other	0
03_05	72	Response	5	4384668	6302	2
03_05	73	Picture	move	4384865	0	2	39824	3	0	next	other	0
03_05	73	Response	3	4424547	39682	2
03_05	74	Picture	loadClose	4424689	0	1	45323	3	0	next	other	0
03_05	74	Response	7	4469897	45208	1
03_05	75	Picture	view	4470012	0	2	5666	3	0	next	other	0
03_05	75	Response	5	4475506	5494	2
03_05	76	Picture	move	4475678	0	1	40991	2	0	next	other	0
03_05	76	Response	3	4516516	40838	2
03_05	77	Picture	loadClose	4516669	0	1	60486	3	0	next	other	0
03_05	77	Response	7	4577105	60436	2
03_05	78	Picture	view	4577155	0	2	5833	3	0	next	other	0
03_05	78	Response	5	4582735	5580	2
03_05	79	Picture	move	4582988	0	1	45323	2	0	next	other	0
03_05	79	Response	3	4628204	45216	2
03_05	80	Picture	loadClose	4628311	0	1	11164	2	0	next	other	0
03_05	80	Response	5	4639384	11073	2
03_05	81	Picture	wrongHand	4639475	0	1	1000	2	0	next	false_alarm	189
03_05	81	Response	3	4640424	949	2
03_05	82	Picture	loadClose	4640475	0	1	48989	2	0	next	other	0
03_05	82	Response	7	4689403	48928	2
03_05	83	Picture	view	4689464	0	1	5665	3	0	next	other	0
03_05	83	Response	5	4695013	5549	2
03_05	84	Picture	move	4695129	0	2	37992	3	0	next	other	0
03_05	84	Response	3	4733083	37954	1
03_05	85	Picture	loadClose	4733121	0	1	46823	2	0	next	other	0
03_05	85	Response	7	4779882	46761	2
03_05	86	Picture	view	4779944	0	1	5832	2	0	next	other	0
03_05	86	Response	5	4785572	5628	2
03_05	87	Picture	move	4785776	0	1	40991	2	0	next	other	0
03_05	87	Response	3	4826681	40905	2
03_05	88	Picture	loadClose	4826767	0	1	48823	2	0	next	other	0
03_05	88	Response	7	4875570	48803	2
03_05	89	Picture	view	4875590	0	1	6165	2	0	next	other	0
03_05	89	Response	5	4881520	5930	2
03_05	90	Picture	move	4881755	0	1	51654	3	0	next	other	0
03_05	90	Response	3	4933219	51464	2
03_05	91	Picture	loadClose	4933409	0	2	52323	3	0	next	other	0
03_05	91	Response	7	4985699	52290	2
03_05	92	Picture	view	4985732	0	1	5999	2	0	next	other	0
03_05	92	Response	5	4991499	5767	1
03_05	93	Picture	move	4991731	0	1	40324	2	0	next	other	0
03_05	93	Response	3	5031868	40137	2
03_05	94	Picture	loadClose	5032055	0	1	46990	2	0	next	other	0
03_05	94	Response	7	5078887	46832	2
03_05	94	Response	7	5078917	46862	2
03_05	95	Picture	view	5079045	0	1	6165	2	0	next	other	0
03_05	95	Response	5	5084987	5942	2
03_05	96	Picture	move	5085210	0	1	45656	3	0	next	other	0
03_05	96	Response	3	5130716	45506	2
03_05	97	Picture	loadClose	5130866	0	2	49323	3	0	next	other	0
03_05	97	Response	7	5180136	49270	2
03_05	98	Picture	view	5180189	0	1	6665	2	0	next	other	0
03_05	98	Response	5	5186606	6417	1
03_05	99	Picture	move	5186854	0	1	42991	2	0	next	other	0
03_05	99	Response	3	5229775	42921	2
03_05	100	Picture	loadClose	5229845	0	1	42157	2	0	next	other	0
03_05	100	Response	7	5271824	41979	2
03_05	100	Response	7	5271844	41999	2
03_05	101	Picture	view	5272002	0	1	6332	2	0	next	other	0
03_05	101	Response	5	5278214	6212	2
03_05	102	Picture	move	5278334	0	1	43990	2	0	next	other	0
03_05	102	Response	3	5322284	43950	1
03_05	103	Picture	endBlock	5322324	0	1	30160	2	0	next	other	0
03_05	103	Response	5	5337163	14839	2
03_05	103	Response	6	5339193	16869	2
03_05	104	Picture	begin	5352484	0	1	5410639	2	0	next	other	0
03_05	104	Response	3	6604754	1252270	2
03_05	104	Response	5	6604854	1252370	2
03_05	104	Response	3	6616784	1264300	2
03_05	104	Response	5	6619484	1267000	2
03_05	104	Response	3	6621324	1268840	2
03_05	104	Response	5	6623184	1270700	2
03_05	104	Response	3	6905849	1553365	2
03_05	104	Response	5	6908609	1556125	2
03_05	104	Response	3	6911939	1559455	2
03_05	104	Response	5	6914539	1562055	2
03_05	104	Response	3	6917859	1565375	2
03_05	104	Response	5	6920159	1567675	2
03_05	104	Response	3	6923279	1570795	2
03_05	104	Response	5	6926159	1573675	2
03_05	104	Response	3	7367672	2015188	2
03_05	104	Response	5	7369812	2017328	2
03_05	104	Response	3	7373202	2020718	2
03_05	104	Response	5	7375502	2023018	2
03_05	104	Response	3	7383872	2031388	2
03_05	104	Response	5	7401792	2049308	2
03_05	104	Response	3	7409322	2056838	1
03_05	104	Response	5	7415342	2062858	1
03_05	104	Response	3	7422771	2070287	2
03_05	104	Response	5	7429171	2076687	2
03_05	104	Response	3	7554829	2202345	2
03_05	104	Response	5	7562129	2209645	2
03_05	104	Response	3	7566589	2214105	2
03_05	104	Response	5	7570839	2218355	2
03_05	104	Response	3	7575979	2223495	2
03_05	104	Response	5	7580279	2227795	2
03_05	104	Response	3	7583489	2231005	2
03_05	104	Response	5	7586069	2233585	2
03_05	104	Response	3	7588569	2236085	2
03_05	104	Response	5	7591329	2238845	2
03_05	104	Response	3	7602609	2250125	2
03_05	104	Response	5	7602989	2250505	2
03_05	104	Response	3	7658268	2305784	2
03_05	104	Response	5	7659928	2307444	2
03_05	104	Response	3	7711567	2359083	2
03_05	104	Response	5	7725247	2372763	2
03_05	104	Response	3	7754036	2401552	2
03_05	104	Response	5	7780036	2427552	2
03_05	104	Response	3	7936094	2583610	2
03_05	104	Response	5	7943704	2591220	1
03_05	104	Response	3	7949953	2597469	2
03_05	104	Response	5	7954653	2602169	2
03_05	104	Response	3	7959993	2607509	2
03_05	104	Response	5	7963363	2610879	2
03_05	104	Response	3	7969333	2616849	2
03_05	104	Response	5	7974873	2622389	2
03_05	104	Response	4	7983763	2631279	2
03_05	104	Response	3	7987553	2635069	2
03_05	104	Response	5	7992363	2639879	2
03_05	104	Response	3	7997623	2645139	2
03_05	104	Response	5	8001533	2649049	1
03_05	104	Response	3	8007273	2654789	1
03_05	104	Response	5	8012092	2659608	2
03_05	104	Response	3	8026802	2674318	2
03_05	104	Response	5	8032182	2679698	2
03_05	104	Response	3	8037752	2685268	2
03_05	104	Response	5	8042872	2690388	2
03_05	104	Response	3	8066092	2713608	1
03_05	104	Response	5	8071292	2718808	1
03_05	104	Response	6	8145720	2793236	2
03_05	104	Response	3	8558754	3206270	2
03_05	104	Response	5	8561424	3208940	2
03_05	104	Response	3	8644623	3292139	2
03_05	104	Response	5	8651023	3298539	2
03_05	104	Response	3	8656683	3304199	1
03_05	104	Response	5	8661153	3308669	1
03_05	104	Response	3	8667092	3314608	2
03_05	104	Response	5	8681382	3328898	2
03_05	104	Response	3	8689532	3337048	2
03_05	104	Response	5	8694572	3342088	2
03_05	104	Response	3	8700492	3348008	2
03_05	104	Response	5	8712202	3359718	2
03_05	104	Response	3	8906629	3554145	2
03_05	104	Response	5	8909339	3556855	2
03_05	104	Response	3	9043097	3690613	2
03_05	104	Response	5	9048107	3695623	1
03_05	104	Response	3	9055867	3703383	1
03_05	104	Response	5	9062816	3710332	2
03_05	104	Response	3	9068076	3715592	2
03_05	104	Response	5	9071636	3719152	2
03_05	104	Response	3	9113556	3761072	1
03_05	104	Response	5	9118276	3765792	1
03_05	104	Response	3	9123685	3771201	2
03_05	104	Response	5	9127555	3775071	2
03_05	104	Response	3	9132985	3780501	2
03_05	104	Response	5	9140165	3787681	2
03_05	104	Response	3	9176075	3823591	2
03_05	104	Response	5	9186885	3834401	1
03_05	104	Response	3	9224814	3872330	2
03_05	104	Response	5	9230014	3877530	2
03_05	104	Response	3	9237404	3884920	2
03_05	104	Response	5	9241424	3888940	2
03_05	104	Response	3	9258693	3906209	2
03_05	104	Response	5	9264473	3911989	2
03_05	104	Response	3	9285243	3932759	2
03_05	104	Response	5	9297433	3944949	2
03_05	104	Response	3	9307653	3955169	2
03_05	104	Response	5	9318282	3965798	2
03_05	104	Response	3	10177809	4825325	2
03_05	104	Response	5	10183149	4830665	2
03_05	104	Response	3	10187069	4834585	2
03_05	104	Response	5	10192969	4840485	2
03_05	104	Response	3	10197399	4844915	2
03_05	104	Response	5	10202999	4850515	2
03_05	104	Response	3	10209129	4856645	2
03_05	104	Response	5	10215909	4863425	2
03_05	104	Response	3	10321267	4968783	2
03_05	104	Response	5	10324527	4972043	2
03_05	104	Response	4	10448145	5095661	2
03_05	104	Response	6	10458025	5105541	2
03_05	104	Response	4	10677942	5325458	2
03_05	104	Response	7	10763060	5410576	2
03_05	105	Picture	loadClose	10763123	0	1	108642	2	0	next	other	0
03_05	105	Response	3	10834789	71666	2
03_05	105	Response	5	10871639	108516	2
03_05	106	Picture	wrongHand	10871765	0	1	13663	3	0	next	false_alarm	358
03_05	106	Response	3	10885349	13584	1
03_05	107	Picture	loadClose	10885428	0	2	5333	3	0	next	other	0
03_05	107	Response	5	10890698	5270	2
03_05	108	Picture	wrongHand	10890761	0	1	33479	183	0	next	false_alarm	362
03_05	108	Response	3	10924218	33457	2
03_05	109	Picture	loadClose	10924240	0	182	6679	183	0	next	other	0
03_05	109	Response	5	10930818	6578	2
03_05	110	Picture	wrongHand	10930919	0	1	245112	3	0	next	false_alarm	366
03_05	110	Response	6	10994857	63938	2
03_05	110	Response	4	11070216	139297	2
03_05	110	Response	6	11079066	148147	1
03_05	110	Response	3	11175954	245035	2
03_05	111	Picture	loadClose	11176031	0	2	19330	3	0	next	other	0
03_05	111	Response	5	11195274	19243	2
03_05	112	Picture	wrongHand	11195361	0	1	40990	3	0	next	false_alarm	373
03_05	112	Response	3	11236253	40892	2
03_05	113	Picture	loadClose	11236351	0	2	13331	3	0	next	other	0
03_05	113	Response	5	11249503	13152	2
03_05	114	Picture	wrongHand	11249682	0	1	31993	2	0	next	false_alarm	377
03_05	114	Response	3	11281562	31880	2
03_05	115	Picture	loadClose	11281675	0	1	9997	3	0	next	other	0
03_05	115	Response	5	11291512	9837	2
03_05	116	Picture	wrongHand	11291672	0	2	5499	4	0	next	false_alarm	381
03_05	116	Response	3	11297052	5380	2
03_05	117	Picture	loadClose	11297171	0	2	88980	4	0	next	other	0
03_05	117	Response	4	11328762	31591	2
03_05	117	Response	5	11386111	88940	2
03_05	118	Picture	wrongHand	11386151	0	2	16330	4	0	next	false_alarm	386
03_05	118	Response	3	11402311	16160	2
03_05	119	Picture	loadClose	11402481	0	2	33826	3	0	next	other	0
03_05	119	Response	7	11436280	33799	2
03_05	120	Picture	view	11436307	0	1	12498	2	0	next	other	0
03_05	120	Response	5	11448580	12273	2
03_05	121	Picture	move	11448805	0	1	45323	2	0	next	other	0
03_05	121	Response	3	11493939	45134	2
03_05	122	Picture	loadClose	11494128	0	1	85648	2	0	next	other	0
03_05	122	Response	7	11579678	85550	2
03_05	123	Picture	view	11579776	0	1	10151	182	0	next	other	0
03_05	123	Response	5	11589848	10072	2
03_05	124	Picture	move	11589927	0	181	60166	183	0	next	other	0
03_05	125	Picture	loadClose	11650093	0	2	27661	3	0	next	other	0
03_05	125	Response	3	11656757	6664	2
03_05	125	Response	5	11677646	27553	2
03_05	126	Picture	wrongHand	11677754	0	1	54321	2	0	next	false_alarm	402
03_05	126	Response	3	11731976	54222	2
03_05	127	Picture	loadClose	11732075	0	1	91813	3	0	next	other	0
03_05	127	Response	7	11823744	91669	2
03_05	128	Picture	view	11823888	0	2	10665	3	0	next	other	0
03_05	128	Response	5	11834384	10496	2
03_05	129	Picture	move	11834553	0	1	55154	2	0	next	other	0
03_05	129	Response	3	11889643	55090	2
03_05	130	Picture	loadClose	11889707	0	1	100978	2	0	next	other	0
03_05	130	Response	7	11990512	100805	2
03_05	131	Picture	view	11990685	0	1	8665	2	0	next	other	0
03_05	131	Response	5	11999202	8517	1
03_05	132	Picture	move	11999350	0	1	60153	2	0	next	other	0
03_05	133	Picture	loadClose	12059503	0	1	63153	2	0	next	other	0
03_05	133	Response	3	12118920	59417	2
03_05	133	Response	5	12122510	63007	2
03_05	134	Picture	wrongHand	12122656	0	1	1333	2	0	next	false_alarm	418
03_05	134	Response	3	12123820	1164	2
03_05	135	Picture	loadClose	12123989	0	1	125639	3	0	next	other	0
03_05	135	Response	5	12249468	125479	2
03_05	136	Picture	wrongHand	12249628	0	2	42657	3	0	next	false_alarm	422
03_05	136	Response	3	12292207	42579	2
03_05	137	Picture	loadClose	12292285	0	1	58820	2	0	next	other	0
03_05	137	Response	7	12350946	58661	2
03_05	137	Response	7	12350966	58681	2
03_05	138	Picture	view	12351105	0	1	9831	3	0	next	other	0
03_05	138	Response	5	12360696	9591	2
03_05	139	Picture	move	12360936	0	2	49989	4	0	next	other	0
03_05	139	Response	3	12410795	49859	2
03_05	140	Picture	loadClose	12410925	0	2	2000	3	0	next	other	0
03_05	140	Response	5	12412805	1880	2
03_05	141	Picture	wrongHand	12412925	0	1	833	2	0	next	false_alarm	433
03_05	141	Response	3	12413665	740	2
03_05	142	Picture	loadClose	12413758	0	1	83982	2	0	next	other	0
03_05	142	Response	7	12497654	83896	2
03_05	143	Picture	view	12497740	0	1	11997	2	0	next	other	0
03_05	143	Response	5	12509524	11784	2
03_05	144	Picture	move	12509737	0	1	48156	2	0	next	other	0
03_05	144	Response	3	12557793	48056	2
03_05	145	Picture	loadClose	12557893	0	1	95479	2	0	next	other	0
03_05	145	Response	7	12653202	95309	1
03_05	146	Picture	view	12653372	0	1	8831	3	0	next	other	0
03_05	146	Response	5	12661951	8579	3
03_05	147	Picture	move	12662203	0	2	60154	3	0	next	other	0
03_05	148	Picture	loadClose	12722357	0	1	140135	3	0	next	other	0
03_05	148	Response	3	12797279	74922	2
03_05	148	Response	7	12862388	140031	2
03_05	149	Picture	view	12862492	0	2	8499	3	0	next	other	0
03_05	149	Response	5	12870768	8276	2
03_05	150	Picture	move	12870991	0	1	60153	2	0	next	other	0
03_05	151	Picture	loadClose	12931144	0	1	108643	2	0	next	other	0
03_05	151	Response	3	12932417	1273	2
03_05	151	Response	7	13039626	108482	2
03_05	152	Picture	view	13039787	0	1	7998	2	0	next	other	0
03_05	152	Response	5	13047586	7799	1
03_05	153	Picture	move	13047785	0	1	52655	2	0	next	other	0
03_05	153	Response	3	13100315	52530	2
03_05	154	Picture	loadClose	13100440	0	1	70651	2	0	next	other	0
03_05	154	Response	7	13170964	70524	2
03_05	155	Picture	view	13171091	0	1	11331	2	0	next	other	0
03_05	155	Response	5	13182323	11232	2
03_05	156	Picture	move	13182422	0	1	47989	2	0	next	other	0
03_05	156	Response	3	13230223	47801	2
03_05	157	Picture	loadClose	13230411	0	1	2999	3	0	next	other	0
03_05	157	Response	5	13233313	2902	2
03_05	158	Picture	wrongHand	13233410	0	2	396	274	0	next	false_alarm	467
03_05	158	Response	3	13233783	373	2
03_05	159	Picture	loadClose	13233806	0	272	73588	273	0	next	other	0
03_05	159	Response	7	13307262	73456	1
03_05	160	Picture	view	13307394	0	1	7832	2	0	next	other	0
03_05	160	Response	5	13315051	7657	2
03_05	161	Picture	move	13315226	0	1	51322	2	0	next	other	0
03_05	161	Response	3	13366491	51265	2
03_05	162	Picture	loadClose	13366548	0	1	62986	2	0	next	other	0
03_05	162	Response	7	13429400	62852	2
03_05	163	Picture	view	13429534	0	1	10664	2	0	next	other	0
03_05	163	Response	5	13440040	10506	1
03_05	164	Picture	move	13440198	0	1	49656	2	0	next	other	0
03_05	164	Response	3	13489699	49501	2
03_05	165	Picture	loadClose	13489854	0	1	88647	2	0	next	other	0
03_05	165	Response	7	13578337	88483	2
03_05	166	Picture	view	13578501	0	1	11831	2	0	next	other	0
03_05	166	Response	5	13590137	11636	2
03_05	167	Picture	move	13590332	0	1	50988	3	0	next	other	0
03_05	167	Response	3	13641146	50814	3
03_05	168	Picture	loadClose	13641320	0	2	2166	4	0	next	other	0
03_05	168	Response	5	13643436	2116	2
03_05	169	Picture	wrongHand	13643486	0	2	1500	3	0	next	false_alarm	489
03_05	169	Response	3	13644906	1420	2
03_05	170	Picture	loadClose	13644986	0	1	69485	2	0	next	other	0
03_05	170	Response	7	13714325	69339	2
03_05	171	Picture	view	13714471	0	1	12997	2	0	next	other	0
03_05	171	Response	5	13727215	12744	2
03_05	172	Picture	move	13727468	0	1	43990	2	0	next	other	0
03_05	172	Response	3	13771364	43896	3
03_05	173	Picture	loadClose	13771458	0	1	76983	3	0	next	other	0
03_05	173	Response	7	13848323	76865	2
03_05	174	Picture	view	13848441	0	2	10831	4	0	next	other	0
03_05	174	Response	5	13859063	10622	2
03_05	175	Picture	move	13859272	0	2	54488	3	0	next	other	0
03_05	175	Response	3	13913632	54360	2
03_05	176	Picture	loadClose	13913760	0	1	103311	3	0	next	other	0
03_05	176	Response	5	14016931	103171	2
03_05	177	Picture	wrongHand	14017071	0	2	17163	3	0	next	false_alarm	505
03_05	177	Response	3	14034160	17089	2
03_05	178	Picture	loadClose	14034234	0	1	63319	2	0	next	other	0
03_05	178	Response	7	14097429	63195	2
03_05	179	Picture	view	14097553	0	1	8831	3	0	next	other	0
03_05	179	Response	5	14106229	8676	2
03_05	180	Picture	move	14106384	0	2	60154	3	0	next	other	0
03_05	181	Picture	loadClose	14166538	0	1	46823	2	0	next	other	0
03_05	181	Response	3	14209418	42880	2
03_05	181	Response	5	14213308	46770	2
03_05	182	Picture	wrongHand	14213361	0	1	1999	2	0	next	false_alarm	515
03_05	182	Response	3	14215308	1947	2
03_05	183	Picture	loadClose	14215360	0	1	41158	2	0	next	other	0
03_05	183	Response	7	14256367	41007	2
03_05	184	Picture	view	14256518	0	1	9165	2	0	next	other	0
03_05	184	Response	5	14265437	8919	2
03_05	185	Picture	move	14265683	0	1	48489	2	0	next	other	0
03_05	185	Response	3	14314026	48343	2
03_05	186	Picture	loadClose	14314172	0	1	77483	2	0	next	other	0
03_05	186	Response	5	14391635	77463	2
03_05	187	Picture	wrongHand	14391655	0	1	41491	2	0	next	false_alarm	525
03_05	187	Response	7	14395365	3710	2
03_05	187	Response	3	14433024	41369	2
03_05	188	Picture	loadClose	14433146	0	1	50655	2	0	next	other	0
03_05	188	Response	7	14483724	50578	1
03_05	189	Picture	view	14483801	0	1	8332	2	0	next	other	0
03_05	189	Response	5	14491913	8112	3
03_05	190	Picture	move	14492133	0	1	45656	2	0	next	other	0
03_05	190	Response	3	14537603	45470	2
03_05	191	Picture	loadClose	14537789	0	1	73151	2	0	next	other	0
03_05	191	Response	7	14610852	73063	2
03_05	192	Picture	view	14610940	0	1	8998	2	0	next	other	0
03_05	192	Response	5	14619822	8882	1
03_05	193	Picture	move	14619938	0	1	43990	2	0	next	other	0
03_05	193	Response	3	14663781	43843	2
03_05	194	Picture	loadClose	14663928	0	1	36159	2	0	next	other	0
03_05	194	Response	5	14700040	36112	2
03_05	195	Picture	wrongHand	14700087	0	1	11830	2	0	next	false_alarm	542
03_05	195	Response	3	14711780	11693	2
03_05	196	Picture	loadClose	14711917	0	1	57654	2	0	next	other	0
03_05	196	Response	7	14769409	57492	2
03_05	197	Picture	view	14769571	0	1	6832	2	0	next	other	0
03_05	197	Response	5	14776279	6708	2
03_05	198	Picture	move	14776403	0	1	60154	2	0	next	other	0
03_05	199	Picture	loadClose	14836557	0	1	67651	2	0	next	other	0
03_05	199	Response	3	14838198	1641	2
03_05	199	Response	7	14904157	67600	2
03_05	200	Picture	view	14904208	0	1	10498	2	0	next	other	0
03_05	200	Response	5	14914517	10309	2
03_05	201	Picture	move	14914706	0	1	44657	2	0	next	other	0
03_05	201	Response	3	14959316	44610	2
03_05	202	Picture	loadClose	14959363	0	1	77149	3	0	next	other	0
03_05	202	Response	7	15036385	77022	2
03_05	202	Response	7	15036395	77032	2
03_05	203	Picture	view	15036512	0	2	8498	4	0	next	other	0
03_05	203	Response	5	15044805	8293	2
03_05	204	Picture	move	15045010	0	2	60154	3	0	next	other	0
03_05	205	Picture	loadClose	15105164	0	1	97645	2	0	next	other	0
03_05	205	Response	3	15108954	3790	2
03_05	205	Response	7	15202763	97599	1
03_05	206	Picture	view	15202809	0	1	10498	2	0	next	other	0
03_05	206	Response	5	15213092	10283	2
03_05	207	Picture	move	15213307	0	1	44656	3	0	next	other	0
03_05	207	Response	3	15257802	44495	2
03_05	208	Picture	loadClose	15257963	0	2	68485	3	0	next	other	0
03_05	208	Response	7	15326271	68308	2
03_05	209	Picture	view	15326448	0	1	8832	2	0	next	other	0
03_05	209	Response	5	15335191	8743	1
03_05	210	Picture	move	15335280	0	1	45156	3	0	next	other	0
03_05	210	Response	3	15380340	45060	2
03_05	211	Picture	endBlock	15380436	0	2	30160	4	0	next	other	0
03_05	211	Response	5	15395770	15334	2
03_05	211	Response	6	15408549	28113	2
03_05	212	Picture	begin	15410596	0	2	9042171	3	0	next	other	0
03_05	212	Response	4	19727943	4317347	2
03_05	212	Response	6	19732493	4321897	2
03_05	212	Response	3	19941670	4531074	2
03_05	212	Response	5	19943260	4532664	2
03_05	212	Response	3	19980720	4570124	1
03_05	212	Response	5	19992889	4582293	2
03_05	212	Response	3	20024159	4613563	2
03_05	212	Response	5	20040229	4629633	2
03_05	212	Response	4	20110678	4700082	2
03_05	212	Response	6	20118838	4708242	1
03_05	212	Response	4	20152477	4741881	2
03_05	212	Response	6	20161367	4750771	2
03_05	212	Response	4	20271875	4861279	2
03_05	212	Response	6	20285095	4874499	2
03_05	212	Response	4	20290995	4880399	2
03_05	212	Response	6	20301015	4890419	2
03_05	212	Response	4	20304605	4894009	2
03_05	212	Response	6	20309665	4899069	1
03_05	212	Response	4	20311605	4901009	2
03_05	212	Response	6	20313915	4903319	1
03_05	212	Response	3	21072143	5661547	2
03_05	212	Response	4	21125362	5714766	2
03_05	212	Response	6	21135862	5725266	2
03_05	212	Response	5	21138082	5727486	2
03_05	212	Response	3	21148402	5737806	2
03_05	212	Response	5	21166852	5756256	2
03_05	212	Response	4	21268130	5857534	2
03_05	212	Response	3	21293680	5883084	1
03_05	212	Response	5	21297310	5886714	1
03_05	212	Response	3	21307989	5897393	2
03_05	212	Response	6	21412658	6002062	2
03_05	212	Response	4	21457287	6046691	2
03_05	212	Response	6	21477267	6066671	2
03_05	212	Response	5	21522896	6112300	2
03_05	212	Response	3	22633169	7222573	2
03_05	212	Response	4	22639859	7229263	2
03_05	212	Response	6	22660039	7249443	2
03_05	212	Response	4	22694948	7284352	2
03_05	212	Response	6	22718198	7307602	2
03_05	212	Response	5	22719328	7308732	2
03_05	212	Response	3	23172181	7761585	2
03_05	212	Response	4	23192321	7781725	1
03_05	212	Response	6	23196251	7785655	1
03_05	212	Response	4	23202680	7792084	2
03_05	212	Response	6	23247450	7836854	2
03_05	212	Response	4	23260030	7849434	1
03_05	212	Response	6	23266889	7856293	2
03_05	212	Response	4	23340708	7930112	2
03_05	212	Response	6	23406827	7996231	2
03_05	212	Response	4	23437887	8027291	2
03_05	212	Response	6	23910560	8499964	2
03_05	212	Response	5	23910640	8500044	1
03_05	212	Response	3	24025068	8614472	2
03_05	212	Response	4	24039128	8628532	1
03_05	212	Response	6	24047248	8636652	1
03_05	212	Response	5	24098607	8688011	2
03_05	212	Response	3	24139586	8728990	2
03_05	212	Response	4	24166676	8756080	2
03_05	212	Response	6	24279424	8868828	2
03_05	212	Response	4	24308953	8898357	2
03_05	212	Response	6	24312013	8901417	2
03_05	212	Response	4	24315053	8904457	2
03_05	212	Response	6	24315653	8905057	2
03_05	212	Response	4	24316673	8906077	2
03_05	212	Response	7	24452601	9042005	3
03_05	213	Picture	loadClose	24452767	0	1	38658	2	0	next	other	0
03_05	213	Response	7	24491311	38544	2
03_05	214	Picture	view	24491425	0	1	10998	2	0	next	other	0
03_05	214	Response	6	24502261	10836	1
03_05	215	Picture	move	24502423	0	1	30826	3	0	next	other	0
03_05	215	Response	4	24533060	30637	2
03_05	216	Picture	loadClose	24533249	0	2	50656	3	0	next	other	0
03_05	216	Response	7	24583809	50560	2
03_05	217	Picture	view	24583905	0	1	5165	3	0	next	other	0
03_05	217	Response	6	24588879	4974	2
03_05	218	Picture	move	24589070	0	2	25995	3	0	next	other	0
03_05	218	Response	4	24615009	25939	2
03_05	219	Picture	loadClose	24615065	0	1	454066	2	0	next	other	0
03_05	219	Response	7	25068972	453907	2
03_05	220	Picture	view	25069131	0	1	7832	2	0	next	other	0
03_05	220	Response	6	25076742	7611	2
03_05	221	Picture	move	25076963	0	1	28827	2	0	next	other	0
03_05	221	Response	4	25105651	28688	2
03_05	222	Picture	loadClose	25105790	0	1	33326	2	0	next	other	0
03_05	222	Response	7	25139031	33241	2
03_05	223	Picture	wait	25139116	0	1	7998	2	0	next	other	0
03_05	224	Picture	view	25147114	0	1	4805	196	0	next	other	0
03_05	224	Response	6	25151851	4737	2
03_05	225	Picture	move	25151919	0	195	28188	196	0	next	other	0
03_05	225	Response	4	25180000	28081	2
03_05	226	Picture	loadClose	25180107	0	1	46822	3	0	next	other	0
03_05	226	Response	7	25226869	46762	2
03_05	227	Picture	view	25226929	0	2	5000	3	0	next	other	0
03_05	227	Response	6	25231689	4760	2
03_05	228	Picture	move	25231929	0	1	27327	2	0	next	other	0
03_05	228	Response	4	25259059	27130	2
03_05	229	Picture	loadClose	25259256	0	1	50822	2	0	next	other	0
03_05	229	Response	7	25309898	50642	2
03_05	230	Picture	view	25310078	0	1	5665	3	0	next	other	0
03_05	230	Response	6	25315608	5530	2
03_05	231	Picture	move	25315743	0	2	26661	3	0	next	other	0
03_05	231	Response	4	25342238	26495	2
03_05	232	Picture	loadClose	25342404	0	1	76817	2	0	next	other	0
03_05	232	Response	7	25419167	76763	1
03_05	233	Picture	view	25419221	0	1	5332	2	0	next	other	0
03_05	233	Response	6	25424426	5205	2
03_05	234	Picture	move	25424553	0	1	25327	3	0	next	other	0
03_05	234	Response	4	25449796	25243	2
03_05	235	Picture	loadClose	25449880	0	2	38825	3	0	next	other	0
03_05	235	Response	7	25488625	38745	2
03_05	236	Picture	wait	25488705	0	1	5999	2	0	next	other	0
03_05	237	Picture	view	25494704	0	1	5831	3	0	next	other	0
03_05	237	Response	6	25500415	5711	2
03_05	238	Picture	move	25500535	0	2	30494	3	0	next	other	0
03_05	238	Response	4	25530835	30300	2
03_05	239	Picture	loadClose	25531029	0	1	50822	2	0	next	other	0
03_05	239	Response	7	25581684	50655	2
03_05	240	Picture	view	25581851	0	1	5166	2	0	next	other	0
03_05	240	Response	6	25586844	4993	2
03_05	241	Picture	move	25587017	0	1	28660	2	0	next	other	0
03_05	241	Response	4	25615474	28457	1
03_05	242	Picture	loadClose	25615677	0	1	36492	2	0	next	other	0
03_05	242	Response	7	25652043	36366	2
03_05	243	Picture	wait	25652169	0	1	4999	2	0	next	other	0
03_05	244	Picture	view	25657168	0	1	5665	3	0	next	other	0
03_05	244	Response	6	25662623	5455	2
03_05	245	Picture	move	25662833	0	2	26161	3	0	next	other	0
03_05	245	Response	4	25688932	26099	2
03_05	246	Picture	loadClose	25688994	0	1	42491	2	0	next	other	0
03_05	246	Response	7	25731332	42338	2
03_05	247	Picture	wait	25731485	0	1	1666	2	0	next	other	0
03_05	248	Picture	view	25733151	0	1	5666	2	0	next	other	0
03_05	248	Response	6	25738612	5461	2
03_05	249	Picture	move	25738817	0	1	29993	2	0	next	other	0
03_05	249	Response	4	25768731	29914	2
03_05	250	Picture	loadClose	25768810	0	1	38658	2	0	next	other	0
03_05	250	Response	7	25807431	38621	2
03_05	251	Picture	wait	25807468	0	1	1500	2	0	next	other	0
03_05	252	Picture	view	25808968	0	1	4832	2	0	next	other	0
03_05	252	Response	6	25813581	4613	1
03_05	253	Picture	move	25813800	0	1	31493	2	0	next	other	0
03_05	253	Response	4	25845160	31360	2
03_05	254	Picture	loadClose	25845293	0	1	37492	2	0	next	other	0
03_05	254	Response	7	25882709	37416	2
03_05	255	Picture	wait	25882785	0	1	1166	2	0	next	other	0
03_05	256	Picture	view	25883951	0	1	5166	2	0	next	other	0
03_05	256	Response	6	25888999	5048	2
03_05	257	Picture	move	25889117	0	1	31493	2	0	next	other	0
03_05	257	Response	4	25920459	31342	2
03_05	258	Picture	loadClose	25920610	0	1	37825	2	0	next	other	0
03_05	258	Response	7	25958358	37748	2
03_05	259	Picture	wait	25958435	0	1	833	2	0	next	other	0
03_05	260	Picture	view	25959268	0	1	5649	185	0	next	other	0
03_05	260	Response	6	25964848	5580	2
03_05	261	Picture	move	25964917	0	184	30676	185	0	next	other	0
03_05	261	Response	4	25995488	30571	2
03_05	262	Picture	loadClose	25995593	0	1	47490	2	0	next	other	0
03_05	262	Response	7	26042977	47384	2
03_05	263	Picture	view	26043083	0	1	5999	2	0	next	other	0
03_05	263	Response	6	26048907	5824	2
03_05	264	Picture	move	26049082	0	1	30993	2	0	next	other	0
03_05	264	Response	4	26080006	30924	2
03_05	265	Picture	loadClose	26080075	0	1	35992	2	0	next	other	0
03_05	265	Response	7	26116006	35931	2
03_05	266	Picture	wait	26116067	0	1	3166	2	0	next	other	0
03_05	267	Picture	view	26119233	0	1	5499	2	0	next	other	0
03_05	267	Response	6	26124546	5313	2
03_05	268	Picture	move	26124732	0	1	30659	3	0	next	other	0
03_05	268	Response	4	26155215	30483	2
03_05	269	Picture	loadClose	26155391	0	2	46324	3	0	next	other	0
03_05	269	Response	7	26201655	46264	1
03_05	270	Picture	view	26201715	0	1	5998	3	0	next	other	0
03_05	270	Response	6	26207594	5879	3
03_05	271	Picture	move	26207713	0	2	28494	3	0	next	other	0
03_05	271	Response	4	26236074	28361	2
03_05	272	Picture	loadClose	26236207	0	1	42824	2	0	next	other	0
03_05	272	Response	7	26278943	42736	2
03_05	273	Picture	view	26279031	0	1	6832	2	0	next	other	0
03_05	273	Response	6	26285703	6672	2
03_05	274	Picture	move	26285863	0	1	50489	2	0	next	other	0
03_05	274	Response	4	26336253	50390	1
03_05	275	Picture	loadClose	26336352	0	1	44656	2	0	next	other	0
03_05	275	Response	7	26380842	44490	2
03_05	276	Picture	view	26381008	0	1	5166	2	0	next	other	0
03_05	276	Response	6	26386012	5004	2
03_05	277	Picture	move	26386174	0	1	33326	2	0	next	other	0
03_05	277	Response	4	26419331	33157	2
03_05	278	Picture	loadClose	26419500	0	1	52988	2	0	next	other	0
03_05	278	Response	7	26472340	52840	3
03_05	279	Picture	view	26472488	0	1	5166	2	0	next	other	0
03_05	279	Response	6	26477500	5012	2
03_05	280	Picture	move	26477654	0	1	32826	2	0	next	other	0
03_05	280	Response	4	26510320	32666	2
03_05	281	Picture	loadClose	26510480	0	1	40324	2	0	next	other	0
03_05	281	Response	7	26550659	40179	2
03_05	282	Picture	view	26550804	0	1	6332	2	0	next	other	0
03_05	282	Response	6	26556919	6115	2
03_05	283	Picture	move	26557136	0	1	33159	3	0	next	other	0
03_05	283	Response	4	26590229	33093	2
03_05	284	Picture	loadClose	26590295	0	2	51989	3	0	next	other	0
03_05	284	Response	7	26642118	51823	2
03_05	285	Picture	view	26642284	0	1	5999	2	0	next	other	0
03_05	285	Response	6	26648078	5794	2
03_05	286	Picture	move	26648283	0	1	30993	2	0	next	other	0
03_05	286	Response	4	26679097	30814	2
03_05	287	Picture	loadClose	26679276	0	1	43490	2	0	next	other	0
03_05	287	Response	7	26722737	43461	2
03_05	288	Picture	view	26722766	0	1	5832	3	0	next	other	0
03_05	288	Response	6	26728487	5721	1
03_05	289	Picture	move	26728598	0	2	29994	3	0	next	other	0
03_05	289	Response	4	26758426	29828	2
03_05	290	Picture	loadClose	26758592	0	1	41823	3	0	next	other	0
03_05	290	Response	7	26800365	41773	2
03_05	291	Picture	view	26800415	0	2	4819	184	0	next	other	0
03_05	291	Response	6	26805155	4740	2
03_05	292	Picture	move	26805234	0	182	31174	183	0	next	other	0
03_05	292	Response	4	26836295	31061	2
03_05	293	Picture	endBlock	26836408	0	1	30160	2	0	next	other	0
03_05	293	Response	6	26845675	9267	2
03_05	293	Response	5	26847155	10747	2
03_05	294	Picture	begin	26866568	0	1	764331	2	0	next	other	0
03_05	294	Response	3	26998852	132284	2
03_05	294	Response	5	27010222	143654	2
03_05	294	Response	3	27416876	550308	2
03_05	294	Response	5	27568394	701826	2
03_05	294	Response	3	27581944	715376	1
03_05	294	Response	4	27593963	727395	2
03_05	294	Response	7	27630703	764135	2
03_05	295	Picture	loadClose	27630899	0	1	70318	2	0	next	other	0
03_05	295	Response	7	27701052	70153	2
03_05	296	Picture	view	27701217	0	1	9164	3	0	next	other	0
03_05	296	Response	6	27710202	8985	1
03_05	297	Picture	move	27710381	0	2	33827	3	0	next	other	0
03_05	297	Response	4	27744121	33740	2
03_05	298	Picture	loadClose	27744208	0	1	65152	2	0	next	other	0
03_05	298	Response	7	27809340	65132	2
03_05	299	Picture	view	27809360	0	1	7331	3	0	next	other	0
03_05	299	Response	6	27816600	7240	2
03_05	300	Picture	move	27816691	0	2	38159	3	0	next	other	0
03_05	300	Response	4	27854789	38098	2
03_05	301	Picture	loadClose	27854850	0	1	54488	2	0	next	other	0
03_05	301	Response	7	27909169	54319	2
03_05	302	Picture	view	27909338	0	1	7331	3	0	next	other	0
03_05	302	Response	6	27916528	7190	2
03_05	303	Picture	move	27916669	0	2	37992	3	0	next	other	0
03_05	303	Response	4	27954528	37859	2
03_05	304	Picture	loadClose	27954661	0	1	49656	2	0	next	other	0
03_05	304	Response	7	28004287	49626	2
03_05	305	Picture	view	28004317	0	1	7665	2	0	next	other	0
03_05	305	Response	6	28011857	7540	2
03_05	306	Picture	move	28011982	0	1	44823	2	0	next	other	0
03_05	306	Response	4	28056746	44764	2
03_05	307	Picture	loadClose	28056805	0	1	50489	2	0	next	other	0
03_05	307	Response	7	28107275	50470	2
03_05	308	Picture	view	28107294	0	1	7332	2	0	next	other	0
03_05	308	Response	6	28114415	7121	2
03_05	309	Picture	move	28114626	0	1	36992	2	0	next	other	0
03_05	309	Response	4	28151445	36819	2
03_05	310	Picture	loadClose	28151618	0	1	61819	2	0	next	other	0
03_05	310	Response	7	28213314	61696	2
03_05	311	Picture	view	28213437	0	1	8165	3	0	next	other	0
03_05	311	Response	6	28221454	8017	2
03_05	312	Picture	move	28221602	0	2	34826	3	0	next	other	0
03_05	312	Response	4	28256353	34751	2
03_05	313	Picture	loadClose	28256428	0	1	55821	2	0	next	other	0
03_05	313	Response	7	28312102	55674	3
03_05	314	Picture	view	28312249	0	1	6972	195	0	next	other	0
03_05	314	Response	6	28319152	6903	2
03_05	315	Picture	move	28319221	0	194	33686	195	0	next	other	0
03_05	315	Response	4	28352722	33501	2
03_05	316	Picture	loadClose	28352907	0	1	54487	3	0	next	other	0
03_05	316	Response	7	28407271	54364	2
03_05	316	Response	7	28407281	54374	2
03_05	317	Picture	view	28407394	0	2	7332	4	0	next	other	0
03_05	317	Response	6	28414541	7147	2
03_05	318	Picture	move	28414726	0	2	35659	3	0	next	other	0
03_05	318	Response	4	28450310	35584	2
03_05	319	Picture	loadClose	28450385	0	1	59987	2	0	next	other	0
03_05	319	Response	7	28510299	59914	2
03_05	319	Response	7	28510309	59924	2
03_05	320	Picture	view	28510372	0	1	7831	3	0	next	other	0
03_05	320	Response	6	28518049	7677	2
03_05	321	Picture	move	28518203	0	2	36492	3	0	next	other	0
03_05	321	Response	4	28554599	36396	2
03_05	322	Picture	loadClose	28554695	0	1	70318	2	0	next	other	0
03_05	322	Response	7	28624988	70293	1
03_05	323	Picture	view	28625013	0	1	9664	4	0	next	other	0
03_05	323	Response	6	28634427	9414	2
03_05	324	Picture	move	28634677	0	3	36659	4	0	next	other	0
03_05	324	Response	4	28671277	36600	2
03_05	325	Picture	loadClose	28671336	0	1	71318	2	0	next	other	0
03_05	325	Response	7	28742606	71270	2
03_05	326	Picture	view	28742654	0	1	6998	3	0	next	other	0
03_05	326	Response	6	28749526	6872	2
03_05	327	Picture	move	28749652	0	2	38492	3	0	next	other	0
03_05	327	Response	4	28787945	38293	2
03_05	328	Picture	loadClose	28788144	0	1	72650	3	0	next	other	0
03_05	328	Response	7	28860724	72580	2
03_05	329	Picture	view	28860794	0	2	6666	3	0	next	other	0
03_05	329	Response	6	28867304	6510	2
03_05	330	Picture	move	28867460	0	1	35159	2	0	next	other	0
03_05	330	Response	4	28902453	34993	2
03_05	331	Picture	loadClose	28902619	0	1	55821	2	0	next	other	0
03_05	331	Response	7	28958372	55753	2
03_05	332	Picture	view	28958440	0	1	8331	2	0	next	other	0
03_05	332	Response	6	28966642	8202	2
03_05	333	Picture	move	28966771	0	1	38991	3	0	next	other	0
03_05	333	Response	4	29005562	38791	2
03_05	334	Picture	loadClose	29005762	0	2	59154	3	0	next	other	0
03_05	334	Response	7	29064901	59139	2
03_05	335	Picture	view	29064916	0	1	8831	3	0	next	other	0
03_05	335	Response	6	29073531	8615	2
03_05	336	Picture	move	29073747	0	2	37992	3	0	next	other	0
03_05	336	Response	4	29111680	37933	2
03_05	337	Picture	loadClose	29111739	0	1	67985	2	0	next	other	0
03_05	337	Response	7	29179599	67860	2
03_05	338	Picture	view	29179724	0	1	8332	2	0	next	other	0
03_05	338	Response	6	29187819	8095	2
03_05	339	Picture	move	29188056	0	1	39491	2	0	next	other	0
03_05	339	Response	4	29227348	39292	2
03_05	340	Picture	loadClose	29227547	0	1	69651	2	0	next	other	0
03_05	340	Response	7	29297177	69630	2
03_05	341	Picture	view	29297198	0	1	7498	3	0	next	other	0
03_05	341	Response	6	29304527	7329	2
03_05	342	Picture	move	29304696	0	2	34660	3	0	next	other	0
03_05	342	Response	4	29339297	34601	2
03_05	343	Picture	loadClose	29339356	0	1	54321	2	0	next	other	0
03_05	343	Response	7	29393636	54280	2
03_05	344	Picture	view	29393677	0	1	5999	2	0	next	other	0
03_05	344	Response	6	29399496	5819	2
03_05	345	Picture	move	29399676	0	1	38324	3	0	next	other	0
03_05	345	Response	4	29437955	38279	2
03_05	346	Picture	loadClose	29438000	0	2	57321	3	0	next	other	0
03_05	346	Response	7	29495184	57184	2
03_05	347	Picture	view	29495321	0	1	7998	3	0	next	other	0
03_05	347	Response	6	29503064	7743	2
03_05	348	Picture	move	29503319	0	2	36492	3	0	next	other	0
03_05	348	Response	4	29539674	36355	2
03_05	349	Picture	loadClose	29539811	0	1	76817	2	0	next	other	0
03_05	349	Response	7	29616612	76801	2
03_05	350	Picture	view	29616628	0	1	7164	3	0	next	other	0
03_05	350	Response	6	29623622	6994	2
03_05	351	Picture	move	29623792	0	2	37659	3	0	next	other	0
03_05	351	Response	4	29661252	37460	2
03_05	352	Picture	loadClose	29661451	0	1	63319	3	0	next	other	0
03_05	352	Response	7	29724631	63180	2
03_05	353	Picture	view	29724770	0	2	7665	4	0	next	other	0
03_05	353	Response	6	29732251	7481	2
03_05	354	Picture	move	29732435	0	2	31827	3	0	next	other	0
03_05	354	Response	4	29764150	31715	2
03_05	355	Picture	loadClose	29764262	0	1	833	2	0	next	other	0
03_05	355	Response	6	29764940	678	2
03_05	356	Picture	wrongHand	29765095	0	1	2833	2	0	next	false_alarm	931
03_05	356	Response	4	29767730	2635	2
03_05	357	Picture	loadClose	29767928	0	1	67318	2	0	next	other	0
03_05	357	Response	7	29835199	67271	2
03_05	358	Picture	view	29835246	0	1	6639	195	0	next	other	0
03_05	358	Response	6	29841799	6553	2
03_05	359	Picture	move	29841885	0	194	36852	195	0	next	other	0
03_05	359	Response	4	29878678	36793	2
03_05	360	Picture	loadClose	29878737	0	1	65318	3	0	next	other	0
03_05	360	Response	7	29943907	65170	2
03_05	361	Picture	view	29944055	0	2	7665	4	0	next	other	0
03_05	361	Response	6	29951467	7412	2
03_05	362	Picture	move	29951720	0	2	40158	3	0	next	other	0
03_05	362	Response	4	29991837	40117	2
03_05	363	Picture	loadClose	29991878	0	1	73817	2	0	next	other	0
03_05	363	Response	7	30065556	73678	1
03_05	364	Picture	view	30065695	0	1	6665	3	0	next	other	0
03_05	364	Response	6	30072255	6560	2
03_05	365	Picture	move	30072360	0	2	39158	4	0	next	other	0
03_05	365	Response	4	30111405	39045	2
03_05	366	Picture	loadClose	30111518	0	2	67652	3	0	next	other	0
03_05	366	Response	7	30179064	67546	2
03_05	367	Picture	view	30179170	0	1	11140	193	0	next	other	0
03_05	367	Response	6	30190244	11074	2
03_05	368	Picture	move	30190310	0	192	32683	194	0	next	other	0
03_05	368	Response	4	30222963	32653	2
03_05	369	Picture	endSession	30222993	0	2	35806	3	0	next	other	0
03_05	369	Response	5	30244083	21090	2
03_05	369	Response	6	30244503	21510	2


Event Type	Code	Type	Response	RT	RT Uncertainty	Time	Uncertainty	Duration	Uncertainty	ReqTime	ReqDur

Picture	begin	other				332	2	1892416	3	0	next
Picture	loadClose	other				1892748	1	61130	192	0	next
Picture	view	other				1953878	191	6022	192	0	next
Picture	move	other				1959900	1	42157	3	0	next
Picture	loadClose	other				2002057	2	78650	3	0	next
Picture	view	other				2080707	1	6332	2	0	next
Picture	move	other				2087039	1	42157	2	0	next
Picture	loadClose	other				2129196	1	53488	2	0	next
Picture	view	other				2182684	1	6306	195	0	next
Picture	move	other				2188990	194	42850	195	0	next
Picture	loadClose	other				2231840	1	47656	2	0	next
Picture	view	other				2279496	1	6499	2	0	next
Picture	move	other				2285995	1	41990	3	0	next
Picture	loadClose	other				2327985	2	54488	4	0	next
Picture	view	other				2382473	2	5499	4	0	next
Picture	move	other				2387972	2	41824	3	0	next
Picture	loadClose	other				2429796	1	833	3	0	next
Picture	wrongHand	false_alarm	3	9979	3	2430629	2	10165	3	0	next
Picture	loadClose	other				2440794	1	45323	2	0	next
Picture	wrongHand	false_alarm	7	5560	3	2486117	1	93313	2	0	next
Picture	loadClose	other				2579430	1	17163	2	0	next
Picture	wrongHand	false_alarm	6	21842	3	2596593	1	265275	2	0	next
Picture	loadClose	other				2861868	1	6998	2	0	next
Picture	wrongHand	false_alarm	3	84184	3	2868866	1	84315	2	0	next
Picture	loadClose	other				2953181	1	5165	2	0	next
Picture	wrongHand	false_alarm	3	5324	2	2958346	1	5499	2	0	next
Picture	loadClose	other				2963845	1	9165	2	0	next
Picture	wrongHand	false_alarm	3	91678	3	2973010	1	91813	2	0	next
Picture	loadClose	other				3064823	1	833	2	0	next
Picture	wrongHand	false_alarm	3	18532	3	3065656	1	18662	3	0	next
Picture	loadClose	other				3084318	2	4666	3	0	next
Picture	wrongHand	false_alarm	3	199291	3	3088984	1	199456	2	0	next
Picture	loadClose	other				3288440	1	16996	2	0	next
Picture	wrongHand	false_alarm	3	4478	3	3305436	1	4666	2	0	next
Picture	loadClose	other				3310102	1	58987	2	0	next
Picture	view	other				3369089	1	8498	2	0	next
Picture	wrongHand	false_alarm	5	836	3	3377587	1	6486	15	0	next
Picture	loadClose	other				3384073	14	263	265	0	next
Picture	wrongHand	false_alarm	4	2247	253	3384336	251	2416	252	0	next
Picture	loadClose	other				3386752	1	7165	2	0	next
Picture	wrongHand	false_alarm	4	54715	3	3393917	1	54821	2	0	next
Picture	loadClose	other				3448738	1	20662	2	0	next
Picture	wrongHand	false_alarm	3	1302	3	3469400	1	1321	181	0	next
Picture	loadClose	other				3470721	180	28839	181	0	next
Picture	view	other				3499560	1	11331	3	0	next
Picture	move	other				3510891	2	37992	3	0	next
Picture	loadClose	other				3548883	1	49489	2	0	next
Picture	view	other				3598372	1	7665	2	0	next
Picture	move	other				3606037	1	37158	2	0	next
Picture	loadClose	other				3643195	1	41158	2	0	next
Picture	view	other				3684353	1	5665	2	0	next
Picture	move	other				3690018	1	41158	2	0	next
Picture	loadClose	other				3731176	1	52655	2	0	next
Picture	view	other				3783831	1	5498	3	0	next
Picture	move	other				3789329	2	37825	4	0	next
Picture	loadClose	other				3827154	2	49656	3	0	next
Picture	view	other				3876810	1	5999	2	0	next
Picture	move	other				3882809	1	43490	2	0	next
Picture	loadClose	other				3926299	1	41158	2	0	next
Picture	view	other				3967457	1	5665	2	0	next
Picture	move	other				3973122	1	40325	2	0	next
Picture	loadClose	other				4013447	1	42490	2	0	next
Picture	view	other				4055937	1	5666	2	0	next
Picture	move	other				4061603	1	40324	2	0	next
Picture	loadClose	other				4101927	1	42657	2	0	next
Picture	view	other				4144584	1	4999	3	0	next
Picture	move	other				4149583	2	37825	3	0	next
Picture	loadClose	other				4187408	1	61653	2	0	next
Picture	view	other				4249061	1	5666	2	0	next
Picture	move	other				4254727	1	47489	2	0	next
Picture	loadClose	other				4302216	1	76150	2	0	next
Picture	view	other				4378366	1	6499	3	0	next
Picture	move	other				4384865	2	39824	3	0	next
Picture	loadClose	other				4424689	1	45323	3	0	next
Picture	view	other				4470012	2	5666	3	0	next
Picture	move	other				4475678	1	40991	2	0	next
Picture	loadClose	other				4516669	1	60486	3	0	next
Picture	view	other				4577155	2	5833	3	0	next
Picture	move	other				4582988	1	45323	2	0	next
Picture	loadClose	other				4628311	1	11164	2	0	next
Picture	wrongHand	false_alarm	3	949	3	4639475	1	1000	2	0	next
Picture	loadClose	other				4640475	1	48989	2	0	next
Picture	view	other				4689464	1	5665	3	0	next
Picture	move	other				4695129	2	37992	3	0	next
Picture	loadClose	other				4733121	1	46823	2	0	next
Picture	view	other				4779944	1	5832	2	0	next
Picture	move	other				4785776	1	40991	2	0	next
Picture	loadClose	other				4826767	1	48823	2	0	next
Picture	view	other				4875590	1	6165	2	0	next
Picture	move	other				4881755	1	51654	3	0	next
Picture	loadClose	other				4933409	2	52323	3	0	next
Picture	view	other				4985732	1	5999	2	0	next
Picture	move	other				4991731	1	40324	2	0	next
Picture	loadClose	other				5032055	1	46990	2	0	next
Picture	view	other				5079045	1	6165	2	0	next
Picture	move	other				5085210	1	45656	3	0	next
Picture	loadClose	other				5130866	2	49323	3	0	next
Picture	view	other				5180189	1	6665	2	0	next
Picture	move	other				5186854	1	42991	2	0	next
Picture	loadClose	other				5229845	1	42157	2	0	next
Picture	view	other				5272002	1	6332	2	0	next
Picture	move	other				5278334	1	43990	2	0	next
Picture	endBlock	other				5322324	1	30160	2	0	next
Picture	begin	other				5352484	1	5410639	2	0	next
Picture	loadClose	other				10763123	1	108642	2	0	next
Picture	wrongHand	false_alarm	3	13584	2	10871765	1	13663	3	0	next
Picture	loadClose	other				10885428	2	5333	3	0	next
Picture	wrongHand	false_alarm	3	33457	3	10890761	1	33479	183	0	next
Picture	loadClose	other				10924240	182	6679	183	0	next
Picture	wrongHand	false_alarm	6	63938	3	10930919	1	245112	3	0	next
Picture	loadClose	other				11176031	2	19330	3	0	next
Picture	wrongHand	false_alarm	3	40892	3	11195361	1	40990	3	0	next
Picture	loadClose	other				11236351	2	13331	3	0	next
Picture	wrongHand	false_alarm	3	31880	3	11249682	1	31993	2	0	next
Picture	loadClose	other				11281675	1	9997	3	0	next
Picture	wrongHand	false_alarm	3	5380	4	11291672	2	5499	4	0	next
Picture	loadClose	other				11297171	2	88980	4	0	next
Picture	wrongHand	false_alarm	3	16160	4	11386151	2	16330	4	0	next
Picture	loadClose	other				11402481	2	33826	3	0	next
Picture	view	other				11436307	1	12498	2	0	next
Picture	move	other				11448805	1	45323	2	0	next
Picture	loadClose	other				11494128	1	85648	2	0	next
Picture	view	other				11579776	1	10151	182	0	next
Picture	move	other				11589927	181	60166	183	0	next
Picture	loadClose	other				11650093	2	27661	3	0	next
Picture	wrongHand	false_alarm	3	54222	3	11677754	1	54321	2	0	next
Picture	loadClose	other				11732075	1	91813	3	0	next
Picture	view	other				11823888	2	10665	3	0	next
Picture	move	other				11834553	1	55154	2	0	next
Picture	loadClose	other				11889707	1	100978	2	0	next
Picture	view	other				11990685	1	8665	2	0	next
Picture	move	other				11999350	1	60153	2	0	next
Picture	loadClose	other				12059503	1	63153	2	0	next
Picture	wrongHand	false_alarm	3	1164	3	12122656	1	1333	2	0	next
Picture	loadClose	other				12123989	1	125639	3	0	next
Picture	wrongHand	false_alarm	3	42579	4	12249628	2	42657	3	0	next
Picture	loadClose	other				12292285	1	58820	2	0	next
Picture	view	other				12351105	1	9831	3	0	next
Picture	move	other				12360936	2	49989	4	0	next
Picture	loadClose	other				12410925	2	2000	3	0	next
Picture	wrongHand	false_alarm	3	740	3	12412925	1	833	2	0	next
Picture	loadClose	other				12413758	1	83982	2	0	next
Picture	view	other				12497740	1	11997	2	0	next
Picture	move	other				12509737	1	48156	2	0	next
Picture	loadClose	other				12557893	1	95479	2	0	next
Picture	view	other				12653372	1	8831	3	0	next
Picture	move	other				12662203	2	60154	3	0	next
Picture	loadClose	other				12722357	1	140135	3	0	next
Picture	view	other				12862492	2	8499	3	0	next
Picture	move	other				12870991	1	60153	2	0	next
Picture	loadClose	other				12931144	1	108643	2	0	next
Picture	view	other				13039787	1	7998	2	0	next
Picture	move	other				13047785	1	52655	2	0	next
Picture	loadClose	other				13100440	1	70651	2	0	next
Picture	view	other				13171091	1	11331	2	0	next
Picture	move	other				13182422	1	47989	2	0	next
Picture	loadClose	other				13230411	1	2999	3	0	next
Picture	wrongHand	false_alarm	3	373	4	13233410	2	396	274	0	next
Picture	loadClose	other				13233806	272	73588	273	0	next
Picture	view	other				13307394	1	7832	2	0	next
Picture	move	other				13315226	1	51322	2	0	next
Picture	loadClose	other				13366548	1	62986	2	0	next
Picture	view	other				13429534	1	10664	2	0	next
Picture	move	other				13440198	1	49656	2	0	next
Picture	loadClose	other				13489854	1	88647	2	0	next
Picture	view	other				13578501	1	11831	2	0	next
Picture	move	other				13590332	1	50988	3	0	next
Picture	loadClose	other				13641320	2	2166	4	0	next
Picture	wrongHand	false_alarm	3	1420	4	13643486	2	1500	3	0	next
Picture	loadClose	other				13644986	1	69485	2	0	next
Picture	view	other				13714471	1	12997	2	0	next
Picture	move	other				13727468	1	43990	2	0	next
Picture	loadClose	other				13771458	1	76983	3	0	next
Picture	view	other				13848441	2	10831	4	0	next
Picture	move	other				13859272	2	54488	3	0	next
Picture	loadClose	other				13913760	1	103311	3	0	next
Picture	wrongHand	false_alarm	3	17089	4	14017071	2	17163	3	0	next
Picture	loadClose	other				14034234	1	63319	2	0	next
Picture	view	other				14097553	1	8831	3	0	next
Picture	move	other				14106384	2	60154	3	0	next
Picture	loadClose	other				14166538	1	46823	2	0	next
Picture	wrongHand	false_alarm	3	1947	3	14213361	1	1999	2	0	next
Picture	loadClose	other				14215360	1	41158	2	0	next
Picture	view	other				14256518	1	9165	2	0	next
Picture	move	other				14265683	1	48489	2	0	next
Picture	loadClose	other				14314172	1	77483	2	0	next
Picture	wrongHand	false_alarm	7	3710	3	14391655	1	41491	2	0	next
Picture	loadClose	other				14433146	1	50655	2	0	next
Picture	view	other				14483801	1	8332	2	0	next
Picture	move	other				14492133	1	45656	2	0	next
Picture	loadClose	other				14537789	1	73151	2	0	next
Picture	view	other				14610940	1	8998	2	0	next
Picture	move	other				14619938	1	43990	2	0	next
Picture	loadClose	other				14663928	1	36159	2	0	next
Picture	wrongHand	false_alarm	3	11693	3	14700087	1	11830	2	0	next
Picture	loadClose	other				14711917	1	57654	2	0	next
Picture	view	other				14769571	1	6832	2	0	next
Picture	move	other				14776403	1	60154	2	0	next
Picture	loadClose	other				14836557	1	67651	2	0	next
Picture	view	other				14904208	1	10498	2	0	next
Picture	move	other				14914706	1	44657	2	0	next
Picture	loadClose	other				14959363	1	77149	3	0	next
Picture	view	other				15036512	2	8498	4	0	next
Picture	move	other				15045010	2	60154	3	0	next
Picture	loadClose	other				15105164	1	97645	2	0	next
Picture	view	other				15202809	1	10498	2	0	next
Picture	move	other				15213307	1	44656	3	0	next
Picture	loadClose	other				15257963	2	68485	3	0	next
Picture	view	other				15326448	1	8832	2	0	next
Picture	move	other				15335280	1	45156	3	0	next
Picture	endBlock	other				15380436	2	30160	4	0	next
Picture	begin	other				15410596	2	9042171	3	0	next
Picture	loadClose	other				24452767	1	38658	2	0	next
Picture	view	other				24491425	1	10998	2	0	next
Picture	move	other				24502423	1	30826	3	0	next
Picture	loadClose	other				24533249	2	50656	3	0	next
Picture	view	other				24583905	1	5165	3	0	next
Picture	move	other				24589070	2	25995	3	0	next
Picture	loadClose	other				24615065	1	454066	2	0	next
Picture	view	other				25069131	1	7832	2	0	next
Picture	move	other				25076963	1	28827	2	0	next
Picture	loadClose	other				25105790	1	33326	2	0	next
Picture	wait	other				25139116	1	7998	2	0	next
Picture	view	other				25147114	1	4805	196	0	next
Picture	move	other				25151919	195	28188	196	0	next
Picture	loadClose	other				25180107	1	46822	3	0	next
Picture	view	other				25226929	2	5000	3	0	next
Picture	move	other				25231929	1	27327	2	0	next
Picture	loadClose	other				25259256	1	50822	2	0	next
Picture	view	other				25310078	1	5665	3	0	next
Picture	move	other				25315743	2	26661	3	0	next
Picture	loadClose	other				25342404	1	76817	2	0	next
Picture	view	other				25419221	1	5332	2	0	next
Picture	move	other				25424553	1	25327	3	0	next
Picture	loadClose	other				25449880	2	38825	3	0	next
Picture	wait	other				25488705	1	5999	2	0	next
Picture	view	other				25494704	1	5831	3	0	next
Picture	move	other				25500535	2	30494	3	0	next
Picture	loadClose	other				25531029	1	50822	2	0	next
Picture	view	other				25581851	1	5166	2	0	next
Picture	move	other				25587017	1	28660	2	0	next
Picture	loadClose	other				25615677	1	36492	2	0	next
Picture	wait	other				25652169	1	4999	2	0	next
Picture	view	other				25657168	1	5665	3	0	next
Picture	move	other				25662833	2	26161	3	0	next
Picture	loadClose	other				25688994	1	42491	2	0	next
Picture	wait	other				25731485	1	1666	2	0	next
Picture	view	other				25733151	1	5666	2	0	next
Picture	move	other				25738817	1	29993	2	0	next
Picture	loadClose	other				25768810	1	38658	2	0	next
Picture	wait	other				25807468	1	1500	2	0	next
Picture	view	other				25808968	1	4832	2	0	next
Picture	move	other				25813800	1	31493	2	0	next
Picture	loadClose	other				25845293	1	37492	2	0	next
Picture	wait	other				25882785	1	1166	2	0	next
Picture	view	other				25883951	1	5166	2	0	next
Picture	move	other				25889117	1	31493	2	0	next
Picture	loadClose	other				25920610	1	37825	2	0	next
Picture	wait	other				25958435	1	833	2	0	next
Picture	view	other				25959268	1	5649	185	0	next
Picture	move	other				25964917	184	30676	185	0	next
Picture	loadClose	other				25995593	1	47490	2	0	next
Picture	view	other				26043083	1	5999	2	0	next
Picture	move	other				26049082	1	30993	2	0	next
Picture	loadClose	other				26080075	1	35992	2	0	next
Picture	wait	other				26116067	1	3166	2	0	next
Picture	view	other				26119233	1	5499	2	0	next
Picture	move	other				26124732	1	30659	3	0	next
Picture	loadClose	other				26155391	2	46324	3	0	next
Picture	view	other				26201715	1	5998	3	0	next
Picture	move	other				26207713	2	28494	3	0	next
Picture	loadClose	other				26236207	1	42824	2	0	next
Picture	view	other				26279031	1	6832	2	0	next
Picture	move	other				26285863	1	50489	2	0	next
Picture	loadClose	other				26336352	1	44656	2	0	next
Picture	view	other				26381008	1	5166	2	0	next
Picture	move	other				26386174	1	33326	2	0	next
Picture	loadClose	other				26419500	1	52988	2	0	next
Picture	view	other				26472488	1	5166	2	0	next
Picture	move	other				26477654	1	32826	2	0	next
Picture	loadClose	other				26510480	1	40324	2	0	next
Picture	view	other				26550804	1	6332	2	0	next
Picture	move	other				26557136	1	33159	3	0	next
Picture	loadClose	other				26590295	2	51989	3	0	next
Picture	view	other				26642284	1	5999	2	0	next
Picture	move	other				26648283	1	30993	2	0	next
Picture	loadClose	other				26679276	1	43490	2	0	next
Picture	view	other				26722766	1	5832	3	0	next
Picture	move	other				26728598	2	29994	3	0	next
Picture	loadClose	other				26758592	1	41823	3	0	next
Picture	view	other				26800415	2	4819	184	0	next
Picture	move	other				26805234	182	31174	183	0	next
Picture	endBlock	other				26836408	1	30160	2	0	next
Picture	begin	other				26866568	1	764331	2	0	next
Picture	loadClose	other				27630899	1	70318	2	0	next
Picture	view	other				27701217	1	9164	3	0	next
Picture	move	other				27710381	2	33827	3	0	next
Picture	loadClose	other				27744208	1	65152	2	0	next
Picture	view	other				27809360	1	7331	3	0	next
Picture	move	other				27816691	2	38159	3	0	next
Picture	loadClose	other				27854850	1	54488	2	0	next
Picture	view	other				27909338	1	7331	3	0	next
Picture	move	other				27916669	2	37992	3	0	next
Picture	loadClose	other				27954661	1	49656	2	0	next
Picture	view	other				28004317	1	7665	2	0	next
Picture	move	other				28011982	1	44823	2	0	next
Picture	loadClose	other				28056805	1	50489	2	0	next
Picture	view	other				28107294	1	7332	2	0	next
Picture	move	other				28114626	1	36992	2	0	next
Picture	loadClose	other				28151618	1	61819	2	0	next
Picture	view	other				28213437	1	8165	3	0	next
Picture	move	other				28221602	2	34826	3	0	next
Picture	loadClose	other				28256428	1	55821	2	0	next
Picture	view	other				28312249	1	6972	195	0	next
Picture	move	other				28319221	194	33686	195	0	next
Picture	loadClose	other				28352907	1	54487	3	0	next
Picture	view	other				28407394	2	7332	4	0	next
Picture	move	other				28414726	2	35659	3	0	next
Picture	loadClose	other				28450385	1	59987	2	0	next
Picture	view	other				28510372	1	7831	3	0	next
Picture	move	other				28518203	2	36492	3	0	next
Picture	loadClose	other				28554695	1	70318	2	0	next
Picture	view	other				28625013	1	9664	4	0	next
Picture	move	other				28634677	3	36659	4	0	next
Picture	loadClose	other				28671336	1	71318	2	0	next
Picture	view	other				28742654	1	6998	3	0	next
Picture	move	other				28749652	2	38492	3	0	next
Picture	loadClose	other				28788144	1	72650	3	0	next
Picture	view	other				28860794	2	6666	3	0	next
Picture	move	other				28867460	1	35159	2	0	next
Picture	loadClose	other				28902619	1	55821	2	0	next
Picture	view	other				28958440	1	8331	2	0	next
Picture	move	other				28966771	1	38991	3	0	next
Picture	loadClose	other				29005762	2	59154	3	0	next
Picture	view	other				29064916	1	8831	3	0	next
Picture	move	other				29073747	2	37992	3	0	next
Picture	loadClose	other				29111739	1	67985	2	0	next
Picture	view	other				29179724	1	8332	2	0	next
Picture	move	other				29188056	1	39491	2	0	next
Picture	loadClose	other				29227547	1	69651	2	0	next
Picture	view	other				29297198	1	7498	3	0	next
Picture	move	other				29304696	2	34660	3	0	next
Picture	loadClose	other				29339356	1	54321	2	0	next
Picture	view	other				29393677	1	5999	2	0	next
Picture	move	other				29399676	1	38324	3	0	next
Picture	loadClose	other				29438000	2	57321	3	0	next
Picture	view	other				29495321	1	7998	3	0	next
Picture	move	other				29503319	2	36492	3	0	next
Picture	loadClose	other				29539811	1	76817	2	0	next
Picture	view	other				29616628	1	7164	3	0	next
Picture	move	other				29623792	2	37659	3	0	next
Picture	loadClose	other				29661451	1	63319	3	0	next
Picture	view	other				29724770	2	7665	4	0	next
Picture	move	other				29732435	2	31827	3	0	next
Picture	loadClose	other				29764262	1	833	2	0	next
Picture	wrongHand	false_alarm	4	2635	3	29765095	1	2833	2	0	next
Picture	loadClose	other				29767928	1	67318	2	0	next
Picture	view	other				29835246	1	6639	195	0	next
Picture	move	other				29841885	194	36852	195	0	next
Picture	loadClose	other				29878737	1	65318	3	0	next
Picture	view	other				29944055	2	7665	4	0	next
Picture	move	other				29951720	2	40158	3	0	next
Picture	loadClose	other				29991878	1	73817	2	0	next
Picture	view	other				30065695	1	6665	3	0	next
Picture	move	other				30072360	2	39158	4	0	next
Picture	loadClose	other				30111518	2	67652	3	0	next
Picture	view	other				30179170	1	11140	193	0	next
Picture	move	other				30190310	192	32683	194	0	next
Picture	endSession	other				30222993	2	35806	3	0	next
