Scenario - opto_replant
Logfile written - 08/28/2014 11:32:58

Subject	Trial	Event Type	Code	Time	TTime	Uncertainty	Duration	Uncertainty	ReqTime	ReqDur	Stim Type	Pair Index

03_28	1	Picture	begin	332	0	2	52322	3	0	next	other	0
03_28	1	Response	1	52519	52187	2
03_28	2	Picture	loadClose	52654	0	1	832	3	0	next	other	0
03_28	2	Response	9	53369	715	1
03_28	3	Picture	view	53486	0	2	96123	27	0	next	other	0
03_28	3	Response	8	149607	96121	2
03_28	4	Picture	wrongHand	149609	0	25	19686	26	0	next	false_alarm	8
03_28	4	Response	7	149757	148	2
03_28	4	Response	5	168136	18527	2
03_28	4	Response	6	169136	19527	2
03_28	5	Picture	loadClose	169295	0	1	34659	2	0	next	other	0
03_28	5	Response	9	203846	34551	2
03_28	6	Picture	view	203954	0	1	52321	3	0	next	other	0
03_28	6	Response	7	255925	51971	2
03_28	7	Picture	move	256275	0	2	113	724	0	next	other	0
03_28	7	Response	8	256385	110	2
03_28	8	Picture	wrongHand	256388	0	722	38046	723	0	next	false_alarm	18
03_28	8	Response	6	294254	37866	2
03_28	9	Picture	loadClose	294434	0	1	71984	2	0	next	other	0
03_28	9	Response	5	299744	5310	2
03_28	9	Response	9	366333	71899	2
03_28	10	Picture	view	366418	0	1	27160	3	0	next	other	0
03_28	10	Response	7	393412	26994	2
03_28	11	Picture	move	393578	0	2	50156	3	0	next	other	0
03_28	12	Picture	check	443734	0	1	36658	2	0	next	other	0
03_28	12	Response	2	480191	36457	2
03_28	13	Picture	loadClose	480392	0	1	165297	2	0	next	other	0
03_28	13	Response	5	539300	58908	1
03_28	13	Response	9	645508	165116	2
03_28	14	Picture	view	645689	0	1	6998	3	0	next	other	0
03_28	14	Response	7	652508	6819	2
03_28	15	Picture	move	652687	0	2	50156	3	0	next	other	0
03_28	15	Response	2	683707	31020	3
03_28	16	Picture	loadClose	702843	0	1	85314	2	0	next	other	0
03_28	16	Response	5	705597	2754	1
03_28	16	Response	9	788025	85182	2
03_28	17	Picture	view	788157	0	1	3833	2	0	next	other	0
03_28	17	Response	7	791835	3678	2
03_28	18	Picture	move	791990	0	1	39646	180	0	next	other	0
03_28	18	Response	2	815545	23555	2
03_28	18	Response	5	831594	39604	2
03_28	19	Picture	loadClose	831636	0	179	35504	180	0	next	other	0
03_28	19	Response	9	866994	35358	2
03_28	20	Picture	view	867140	0	1	5832	2	0	next	other	0
03_28	20	Response	7	872824	5684	2
03_28	21	Picture	move	872972	0	1	37325	2	0	next	other	0
03_28	21	Response	2	903543	30571	3
03_28	21	Response	5	910083	37111	2
03_28	22	Picture	loadClose	910297	0	1	45656	2	0	next	other	0
03_28	22	Response	9	955842	45545	2
03_28	22	Response	9	955862	45565	2
03_28	23	Picture	view	955953	0	1	8332	2	0	next	other	0
03_28	23	Response	7	964032	8079	2
03_28	24	Picture	move	964285	0	1	31993	2	0	next	other	0
03_28	24	Response	5	996081	31796	2
03_28	25	Picture	check	996278	0	1	2483	185	0	next	other	0
03_28	25	Response	2	998741	2463	3
03_28	26	Picture	loadClose	998761	0	184	41507	185	0	next	other	0
03_28	26	Response	9	1040101	41340	1
03_28	27	Picture	view	1040268	0	1	4499	2	0	next	other	0
03_28	27	Response	7	1044621	4353	1
03_28	28	Picture	move	1044767	0	1	36793	201	0	next	other	0
03_28	28	Response	2	1079700	34933	2
03_28	28	Response	5	1081510	36743	2
03_28	29	Picture	loadClose	1081560	0	200	37524	201	0	next	other	0
03_28	29	Response	9	1119019	37459	2
03_28	30	Picture	view	1119084	0	1	4998	3	0	next	other	0
03_28	30	Response	7	1123969	4885	2
03_28	31	Picture	move	1124082	0	2	37472	190	0	next	other	0
03_28	31	Response	2	1141299	17217	2
03_28	31	Response	5	1161508	37426	2
03_28	32	Picture	loadClose	1161554	0	188	52175	189	0	next	other	0
03_28	32	Response	9	1213557	52003	2
03_28	33	Picture	view	1213729	0	1	4983	185	0	next	other	0
03_28	33	Response	7	1218647	4918	2
03_28	34	Picture	move	1218712	0	184	37174	186	0	next	other	0
03_28	34	Response	2	1236817	18105	2
03_28	34	Response	5	1255667	36955	1
03_28	35	Picture	loadClose	1255886	0	2	35159	4	0	next	other	0
03_28	35	Response	9	1290966	35080	2
03_28	36	Picture	view	1291045	0	2	4166	3	0	next	other	0
03_28	36	Response	7	1294996	3951	2
03_28	37	Picture	move	1295211	0	1	34159	2	0	next	other	0
03_28	37	Response	2	1318736	23525	2
03_28	37	Response	5	1329195	33984	2
03_28	38	Picture	loadClose	1329370	0	1	40991	2	0	next	other	0
03_28	38	Response	9	1370235	40865	1
03_28	39	Picture	view	1370361	0	1	4646	189	0	next	other	0
03_28	39	Response	7	1374944	4583	2
03_28	40	Picture	move	1375007	0	188	30816	386	0	next	other	0
03_28	40	Response	2	1391054	16047	3
03_28	40	Response	5	1405774	30767	2
03_28	41	Picture	loadClose	1405823	0	198	36689	199	0	next	other	0
03_28	41	Response	9	1442443	36620	2
03_28	42	Picture	view	1442512	0	1	4832	2	0	next	other	0
03_28	42	Response	7	1447213	4701	2
03_28	43	Picture	move	1447344	0	1	34826	2	0	next	other	0
03_28	43	Response	2	1462093	14749	2
03_28	43	Response	5	1482023	34679	1
03_28	44	Picture	loadClose	1482170	0	1	38658	2	0	next	other	0
03_28	44	Response	9	1520692	38522	2
03_28	45	Picture	view	1520828	0	1	4165	3	0	next	other	0
03_28	45	Response	7	1524782	3954	1
03_28	46	Picture	move	1524993	0	2	30993	4	0	next	other	0
03_28	46	Response	2	1539531	14538	3
03_28	46	Response	5	1555771	30778	2
03_28	47	Picture	loadClose	1555986	0	2	37159	3	0	next	other	0
03_28	47	Response	9	1593061	37075	1
03_28	48	Picture	view	1593145	0	1	4165	3	0	next	other	0
03_28	48	Response	7	1597060	3915	2
03_28	49	Picture	move	1597310	0	2	39325	3	0	next	other	0
03_28	49	Response	2	1615850	18540	3
03_28	49	Response	5	1636490	39180	2
03_28	50	Picture	loadClose	1636635	0	1	34493	2	0	next	other	0
03_28	50	Response	9	1671049	34414	2
03_28	51	Picture	view	1671128	0	1	4998	3	0	next	other	0
03_28	51	Response	7	1675909	4781	2
03_28	52	Picture	move	1676126	0	2	32327	3	0	next	other	0
03_28	52	Response	2	1695529	19403	2
03_28	52	Response	5	1708268	32142	2
03_28	53	Picture	loadClose	1708453	0	1	33992	2	0	next	other	0
03_28	53	Response	9	1742408	33955	2
03_28	54	Picture	view	1742445	0	1	4166	2	0	next	other	0
03_28	54	Response	7	1746438	3993	2
03_28	55	Picture	move	1746611	0	1	30493	2	0	next	other	0
03_28	55	Response	2	1773287	26676	3
03_28	55	Response	5	1776947	30336	2
03_28	56	Picture	loadClose	1777104	0	1	50989	2	0	next	other	0
03_28	56	Response	9	1827966	50862	2
03_28	57	Picture	view	1828093	0	1	3499	2	0	next	other	0
03_28	57	Response	7	1831396	3303	2
03_28	58	Picture	move	1831592	0	1	36295	199	0	next	other	0
03_28	58	Response	2	1849126	17534	2
03_28	58	Response	5	1867846	36254	2
03_28	59	Picture	loadClose	1867887	0	198	39021	200	0	next	other	0
03_28	59	Response	9	1906825	38938	2
03_28	60	Picture	view	1906908	0	2	3833	3	0	next	other	0
03_28	60	Response	7	1910575	3667	1
03_28	61	Picture	move	1910741	0	1	35659	2	0	next	other	0
03_28	61	Response	2	1938564	27823	3
03_28	61	Response	5	1946224	35483	2
03_28	62	Picture	loadClose	1946400	0	1	51655	2	0	next	other	0
03_28	62	Response	9	1998023	51623	2
03_28	63	Picture	view	1998055	0	1	3816	185	0	next	other	0
03_28	63	Response	7	2001783	3728	2
03_28	64	Picture	move	2001871	0	184	31009	185	0	next	other	0
03_28	64	Response	2	2014723	12852	2
03_28	64	Response	5	2032743	30872	1
03_28	65	Picture	loadClose	2032880	0	1	35159	2	0	next	other	0
03_28	65	Response	9	2067892	35012	2
03_28	65	Response	9	2067912	35032	2
03_28	66	Picture	view	2068039	0	1	3833	3	0	next	other	0
03_28	66	Response	7	2071702	3663	2
03_28	67	Picture	move	2071872	0	2	27327	3	0	next	other	0
03_28	67	Response	2	2083522	11650	2
03_28	67	Response	5	2099071	27199	2
03_28	68	Picture	loadClose	2099199	0	1	37325	2	0	next	other	0
03_28	68	Response	9	2136371	37172	1
03_28	69	Picture	view	2136524	0	1	3999	2	0	next	other	0
03_28	69	Response	7	2140321	3797	1
03_28	70	Picture	move	2140523	0	1	32826	2	0	next	other	0
03_28	70	Response	2	2159840	19317	3
03_28	70	Response	5	2173180	32657	2
03_28	71	Picture	loadClose	2173349	0	1	32659	3	0	next	other	0
03_28	71	Response	9	2205939	32590	2
03_28	72	Picture	view	2206008	0	2	5166	3	0	next	other	0
03_28	72	Response	7	2210939	4931	2
03_28	73	Picture	move	2211174	0	1	27327	2	0	next	other	0
03_28	73	Response	2	2226239	15065	2
03_28	73	Response	5	2238349	27175	1
03_28	74	Picture	loadClose	2238501	0	1	32160	2	0	next	other	0
03_28	74	Response	9	2270638	32137	2
03_28	75	Picture	wait	2270661	0	1	666	2	0	next	other	0
03_28	76	Picture	view	2271327	0	1	3999	3	0	next	other	0
03_28	76	Response	7	2275128	3801	2
03_28	77	Picture	move	2275326	0	2	26954	210	0	next	other	0
03_28	77	Response	2	2288958	13632	2
03_28	77	Response	5	2302238	26912	2
03_28	78	Picture	loadClose	2302280	0	208	35366	209	0	next	other	0
03_28	78	Response	9	2337477	35197	2
03_28	79	Picture	view	2337646	0	1	3332	3	0	next	other	0
03_28	79	Response	7	2340857	3211	2
03_28	80	Picture	move	2340978	0	2	31993	3	0	next	other	0
03_28	80	Response	2	2354717	13739	2
03_28	80	Response	5	2372776	31798	2
03_28	81	Picture	loadClose	2372971	0	1	31660	2	0	next	other	0
03_28	81	Response	9	2404606	31635	1
03_28	82	Picture	view	2404631	0	1	4499	2	0	next	other	0
03_28	82	Response	7	2408926	4295	1
03_28	83	Picture	move	2409130	0	1	26161	2	0	next	other	0
03_28	83	Response	2	2419195	10065	3
03_28	83	Response	5	2435215	26085	2
03_28	84	Picture	endBlock	2435291	0	1	30160	2	0	next	other	0
03_28	84	Response	7	2447875	12584	2
03_28	84	Response	5	2449545	14254	2
03_28	84	Response	7	2454925	19634	2
03_28	85	Picture	begin	2465451	0	1	664518	2	0	next	other	0
03_28	85	Response	8	2640901	175450	2
03_28	85	Response	9	3129853	664402	1
03_28	86	Picture	loadClose	3129969	0	1	13164	2	0	next	other	0
03_28	86	Response	5	3142042	12073	2
03_28	86	Response	6	3142972	13003	2
03_28	86	Response	8	3143072	13103	2
03_28	87	Picture	wrongHand	3143133	0	1	3499	3	0	next	false_alarm	205
03_28	87	Response	6	3146452	3319	2
03_28	88	Picture	loadClose	3146632	0	2	833	4	0	next	other	0
03_28	88	Response	8	3147312	680	2
03_28	89	Picture	wrongHand	3147465	0	2	1334	3	0	next	false_alarm	209
03_28	89	Response	6	3148582	1117	2
03_28	90	Picture	loadClose	3148799	0	1	833	2	0	next	other	0
03_28	90	Response	8	3149502	703	2
03_28	91	Picture	wrongHand	3149632	0	1	3832	2	0	next	false_alarm	213
03_28	91	Response	6	3153262	3630	2
03_28	92	Picture	loadClose	3153464	0	1	209453	3	0	next	other	0
03_28	92	Response	9	3362778	209314	2
03_28	92	Response	9	3362798	209334	2
03_28	93	Picture	view	3362917	0	2	51822	4	0	next	other	0
03_28	93	Response	7	3414557	51640	2
03_28	94	Picture	move	3414739	0	2	50156	3	0	next	other	0
03_28	94	Response	2	3447017	32278	2
03_28	94	Response	5	3464741	50002	25
03_28	95	Picture	loadClose	3464895	0	1	112641	2	0	next	other	0
03_28	95	Response	9	3577364	112469	2
03_28	96	Picture	view	3577536	0	1	15997	2	0	next	other	0
03_28	96	Response	7	3593334	15798	2
03_28	97	Picture	move	3593533	0	1	48489	2	0	next	other	0
03_28	97	Response	2	3613574	20041	2
03_28	97	Response	5	3641893	48360	2
03_28	98	Picture	loadClose	3642022	0	1	81315	2	0	next	other	0
03_28	98	Response	9	3723182	81160	1
03_28	99	Picture	view	3723337	0	1	6332	2	0	next	other	0
03_28	99	Response	7	3729492	6155	1
03_28	100	Picture	move	3729669	0	1	50156	2	0	next	other	0
03_28	100	Response	2	3772451	42782	2
03_28	101	Picture	loadClose	3779825	0	1	18662	2	0	next	other	0
03_28	101	Response	5	3797040	17215	2
03_28	101	Response	7	3798400	18575	2
03_28	102	Picture	wrongHand	3798487	0	1	3333	2	0	next	false_alarm	239
03_28	102	Response	5	3801640	3153	2
03_28	103	Picture	loadClose	3801820	0	1	264441	2	0	next	other	0
03_28	103	Response	9	4066115	264295	2
03_28	104	Picture	view	4066261	0	1	7498	2	0	next	other	0
03_28	104	Response	7	4073645	7384	2
03_28	105	Picture	move	4073759	0	1	43990	2	0	next	other	0
03_28	105	Response	2	4093245	19486	2
03_28	105	Response	5	4117665	43906	1
03_28	106	Picture	loadClose	4117749	0	1	223451	2	0	next	other	0
03_28	106	Response	9	4341100	223351	2
03_28	107	Picture	view	4341200	0	1	10997	2	0	next	other	0
03_28	107	Response	7	4352050	10850	2
03_28	108	Picture	move	4352197	0	1	50155	3	0	next	other	0
03_28	108	Response	2	4380120	27923	2
03_28	109	Picture	loadClose	4402352	0	2	14331	3	0	next	other	0
03_28	109	Response	5	4415589	13237	2
03_28	109	Response	7	4416639	14287	2
03_28	110	Picture	wrongHand	4416683	0	1	11830	2	0	next	false_alarm	257
03_28	110	Response	5	4428339	11656	2
03_28	111	Picture	loadClose	4428513	0	1	86314	3	0	next	other	0
03_28	111	Response	9	4514727	86214	2
03_28	112	Picture	view	4514827	0	2	6832	4	0	next	other	0
03_28	112	Response	7	4521467	6640	2
03_28	113	Picture	move	4521659	0	2	46823	3	0	next	other	0
03_28	113	Response	2	4543957	22298	2
03_28	113	Response	5	4568366	46707	2
03_28	114	Picture	loadClose	4568482	0	1	75817	2	0	next	other	0
03_28	114	Response	9	4644205	75723	2
03_28	115	Picture	view	4644299	0	1	6998	2	0	next	other	0
03_28	115	Response	7	4651205	6906	2
03_28	116	Picture	move	4651297	0	1	42657	3	0	next	other	0
03_28	116	Response	2	4670674	19377	3
03_28	116	Response	5	4693804	42507	2
03_28	117	Picture	loadClose	4693954	0	2	85814	4	0	next	other	0
03_28	117	Response	9	4779712	85758	2
03_28	118	Picture	view	4779768	0	2	8165	4	0	next	other	0
03_28	118	Response	7	4787742	7974	2
03_28	119	Picture	move	4787933	0	2	50156	3	0	next	other	0
03_28	119	Response	2	4820272	32339	2
03_28	120	Picture	loadClose	4838089	0	1	29327	2	0	next	other	0
03_28	120	Response	5	4865601	27512	2
03_28	120	Response	7	4867271	29182	2
03_28	121	Picture	wrongHand	4867416	0	1	11330	2	0	next	false_alarm	282
03_28	121	Response	5	4878551	11135	1
03_28	122	Picture	loadClose	4878746	0	1	160131	2	0	next	other	0
03_28	122	Response	9	5038728	159982	2
03_28	123	Picture	view	5038877	0	1	9998	2	0	next	other	0
03_28	123	Response	7	5048668	9791	1
03_28	124	Picture	move	5048875	0	1	50156	2	0	next	other	0
03_28	124	Response	2	5080267	31392	3
03_28	125	Picture	loadClose	5099031	0	1	66484	3	0	next	other	0
03_28	125	Response	5	5099537	506	1
03_28	125	Response	9	5165435	66404	2
03_28	126	Picture	view	5165515	0	2	7332	4	0	next	other	0
03_28	126	Response	7	5172665	7150	2
03_28	127	Picture	move	5172847	0	2	34659	4	0	next	other	0
03_28	127	Response	2	5198505	25658	2
03_28	127	Response	5	5207305	34458	2
03_28	128	Picture	loadClose	5207506	0	2	58654	3	0	next	other	0
03_28	128	Response	9	5266104	58598	1
03_28	129	Picture	view	5266160	0	1	5999	2	0	next	other	0
03_28	129	Response	7	5271993	5833	2
03_28	130	Picture	move	5272159	0	1	43823	2	0	next	other	0
03_28	130	Response	2	5295143	22984	2
03_28	130	Response	5	5315763	43604	1
03_28	131	Picture	loadClose	5315982	0	1	61653	2	0	next	other	0
03_28	131	Response	9	5377602	61620	1
03_28	132	Picture	view	5377635	0	1	8332	2	0	next	other	0
03_28	132	Response	7	5385781	8146	2
03_28	133	Picture	move	5385967	0	1	50155	2	0	next	other	0
03_28	133	Response	2	5401861	15894	3
03_28	134	Picture	loadClose	5436122	0	1	65985	3	0	next	other	0
03_28	134	Response	5	5439950	3828	2
03_28	134	Response	9	5501999	65877	2
03_28	135	Picture	view	5502107	0	2	6666	3	0	next	other	0
03_28	135	Response	7	5508529	6422	2
03_28	136	Picture	move	5508773	0	1	34825	2	0	next	other	0
03_28	136	Response	2	5517699	8926	2
03_28	136	Response	5	5543469	34696	1
03_28	137	Picture	loadClose	5543598	0	1	55988	2	0	next	other	0
03_28	137	Response	9	5599467	55869	2
03_28	138	Picture	view	5599586	0	1	5831	3	0	next	other	0
03_28	138	Response	7	5605247	5661	2
03_28	139	Picture	move	5605417	0	2	39159	3	0	next	other	0
03_28	139	Response	2	5642497	37080	2
03_28	139	Response	5	5644437	39020	1
03_28	140	Picture	loadClose	5644576	0	1	65485	2	0	next	other	0
03_28	140	Response	9	5709965	65389	2
03_28	141	Picture	view	5710061	0	1	6499	2	0	next	other	0
03_28	141	Response	7	5716345	6284	2
03_28	142	Picture	move	5716560	0	1	38991	2	0	next	other	0
03_28	142	Response	5	5755485	38925	1
03_28	143	Picture	check	5755551	0	1	666	3	0	next	other	0
03_28	143	Response	7	5756115	564	1
03_28	144	Picture	wrongHand	5756217	0	2	1833	3	0	next	false_alarm	334
03_28	144	Response	5	5757865	1648	1
03_28	145	Picture	loadClose	5758050	0	1	64986	2	0	next	other	0
03_28	145	Response	3	5763455	5405	2
03_28	145	Response	9	5822913	64863	2
03_28	145	Response	9	5822933	64883	2
03_28	146	Picture	view	5823036	0	1	4832	2	0	next	other	0
03_28	146	Response	7	5827613	4577	2
03_28	147	Picture	move	5827868	0	1	45157	2	0	next	other	0
03_28	147	Response	2	5861053	33185	2
03_28	147	Response	5	5872853	44985	1
03_28	148	Picture	loadClose	5873025	0	1	64985	2	0	next	other	0
03_28	148	Response	9	5937961	64936	2
03_28	149	Picture	view	5938010	0	1	7665	3	0	next	other	0
03_28	149	Response	7	5945531	7521	2
03_28	150	Picture	move	5945675	0	2	50155	4	0	next	other	0
03_28	150	Response	2	5978491	32816	2
03_28	151	Picture	loadClose	5995830	0	2	60321	3	0	next	other	0
03_28	151	Response	5	5997570	1740	2
03_28	151	Response	9	6056029	60199	2
03_28	152	Picture	view	6056151	0	1	10831	2	0	next	other	0
03_28	152	Response	7	6066789	10638	2
03_28	153	Picture	move	6066982	0	1	35158	2	0	next	other	0
03_28	153	Response	2	6090489	23507	2
03_28	153	Response	5	6102048	35066	2
03_28	154	Picture	loadClose	6102140	0	1	62986	2	0	next	other	0
03_28	154	Response	9	6165087	62947	2
03_28	155	Picture	view	6165126	0	1	6483	185	0	next	other	0
03_28	155	Response	7	6171547	6421	2
03_28	156	Picture	move	6171609	0	184	36174	186	0	next	other	0
03_28	156	Response	2	6193047	21438	2
03_28	156	Response	5	6207606	35997	2
03_28	157	Picture	loadClose	6207783	0	2	71984	4	0	next	other	0
03_28	157	Response	9	6279645	71862	2
03_28	158	Picture	view	6279767	0	2	5666	3	0	next	other	0
03_28	158	Response	7	6285255	5488	2
03_28	159	Picture	move	6285433	0	1	44323	2	0	next	other	0
03_28	159	Response	2	6311925	26492	2
03_28	159	Response	5	6329654	44221	2
03_28	160	Picture	loadClose	6329756	0	1	66985	2	0	next	other	0
03_28	160	Response	9	6396593	66837	2
03_28	160	Response	9	6396613	66857	2
03_28	161	Picture	view	6396741	0	1	6972	196	0	next	other	0
03_28	161	Response	7	6403643	6902	2
03_28	162	Picture	move	6403713	0	195	39185	196	0	next	other	0
03_28	162	Response	2	6435602	31889	3
03_28	162	Response	5	6442772	39059	2
03_28	163	Picture	loadClose	6442898	0	1	56820	3	0	next	other	0
03_28	163	Response	9	6499561	56663	2
03_28	164	Picture	view	6499718	0	2	6322	180	0	next	other	0
03_28	164	Response	7	6505961	6243	2
03_28	165	Picture	move	6506040	0	178	36169	179	0	next	other	0
03_28	165	Response	2	6531761	25721	2
03_28	165	Response	5	6542110	36070	2
03_28	166	Picture	loadClose	6542209	0	1	54321	2	0	next	other	0
03_28	166	Response	9	6596449	54240	2
03_28	167	Picture	view	6596530	0	1	5999	2	0	next	other	0
03_28	167	Response	7	6602269	5739	2
03_28	168	Picture	move	6602529	0	1	36992	2	0	next	other	0
03_28	168	Response	2	6637679	35150	2
03_28	168	Response	5	6639349	36820	1
03_28	169	Picture	loadClose	6639521	0	1	61319	2	0	next	other	0
03_28	169	Response	9	6700657	61136	2
03_28	170	Picture	view	6700840	0	1	4666	2	0	next	other	0
03_28	170	Response	7	6705327	4487	2
03_28	171	Picture	move	6705506	0	1	48489	2	0	next	other	0
03_28	171	Response	2	6729037	23531	2
03_28	171	Response	5	6753896	48390	2
03_28	172	Picture	loadClose	6753995	0	1	68651	3	0	next	other	0
03_28	172	Response	9	6822535	68540	2
03_28	173	Picture	view	6822646	0	2	6666	3	0	next	other	0
03_28	173	Response	7	6829135	6489	2
03_28	174	Picture	move	6829312	0	1	45656	2	0	next	other	0
03_28	174	Response	2	6837995	8683	2
03_28	174	Response	5	6874814	45502	2
03_28	175	Picture	endBlock	6874968	0	1	30160	2	0	next	other	0
03_28	175	Response	8	6901914	26946	2
03_28	175	Response	7	6902154	27186	2
03_28	176	Picture	begin	6905128	0	1	8355637	3	0	next	other	0
03_28	176	Response	5	7274787	369659	2
03_28	176	Response	7	7276947	371819	2
03_28	176	Response	5	7308366	403238	2
03_28	176	Response	7	7308796	403668	2
03_28	176	Response	6	10752564	3847436	1
03_28	176	Response	8	10762333	3857205	2
03_28	176	Response	6	11151536	4246408	2
03_28	176	Response	5	11244795	4339667	2
03_28	176	Response	7	11255944	4350816	2
03_28	176	Response	5	11349823	4444695	1
03_28	176	Response	8	11370352	4465224	2
03_28	176	Response	7	11486270	4581142	2
03_28	176	Response	6	12462092	5556964	2
03_28	176	Response	8	12607690	5702562	2
03_28	176	Response	6	12718758	5813630	2
03_28	176	Response	8	12723968	5818840	2
03_28	176	Response	5	14318619	7413491	1
03_28	176	Response	7	14329698	7424570	2
03_28	176	Response	6	15075045	8169917	2
03_28	176	Response	5	15087015	8181887	1
03_28	176	Response	8	15112824	8207696	2
03_28	176	Response	6	15122644	8217516	2
03_28	176	Response	9	15260561	8355433	2
03_28	177	Picture	loadClose	15260765	0	2	54655	3	0	next	other	0
03_28	177	Response	2	15302961	42196	2
03_28	177	Response	9	15315310	54545	2
03_28	178	Picture	view	15315420	0	1	9831	2	0	next	other	0
03_28	178	Response	8	15325060	9640	2
03_28	179	Picture	move	15325251	0	1	50155	3	0	next	other	0
03_28	179	Response	2	15356880	31629	2
03_28	180	Picture	loadClose	15375406	0	2	85648	3	0	next	other	0
03_28	180	Response	6	15386229	10823	2
03_28	180	Response	2	15451598	76192	2
03_28	180	Response	9	15460878	85472	2
03_28	181	Picture	view	15461054	0	1	5832	2	0	next	other	0
03_28	181	Response	8	15466718	5664	1
03_28	182	Picture	move	15466886	0	1	50156	2	0	next	other	0
03_28	182	Response	2	15499277	32391	2
03_28	183	Picture	loadClose	15517042	0	1	62152	3	0	next	other	0
03_28	183	Response	9	15579056	62014	1
03_28	184	Picture	view	15579194	0	2	63153	3	0	next	other	0
03_28	184	Response	2	15621195	42001	2
03_28	184	Response	6	15639975	60781	1
03_28	184	Response	8	15642224	63030	2
03_28	185	Picture	move	15642347	0	1	1500	2	0	next	other	0
03_28	185	Response	6	15643804	1457	2
03_28	186	Picture	check	15643847	0	1	77482	2	0	next	other	0
03_28	186	Response	2	15721193	77346	2
03_28	187	Picture	loadClose	15721329	0	1	61320	2	0	next	other	0
03_28	187	Response	9	15782472	61143	2
03_28	188	Picture	view	15782649	0	1	7665	2	0	next	other	0
03_28	188	Response	8	15790192	7543	2
03_28	189	Picture	move	15790314	0	1	43824	2	0	next	other	0
03_28	189	Response	2	15824071	33757	3
03_28	189	Response	6	15833971	43657	2
03_28	190	Picture	loadClose	15834138	0	1	67151	2	0	next	other	0
03_28	190	Response	9	15901210	67072	2
03_28	191	Picture	view	15901289	0	1	7832	2	0	next	other	0
03_28	191	Response	8	15909000	7711	1
03_28	192	Picture	move	15909121	0	1	50155	2	0	next	other	0
03_28	193	Picture	check	15959276	0	1	6999	2	0	next	other	0
03_28	193	Response	3	15966149	6873	2
03_28	194	Picture	loadClose	15966275	0	1	79149	2	0	next	other	0
03_28	194	Response	6	15972668	6393	2
03_28	194	Response	9	16045247	78972	2
03_28	195	Picture	view	16045424	0	1	5165	3	0	next	other	0
03_28	195	Response	8	16050477	5053	2
03_28	196	Picture	move	16050589	0	2	50156	3	0	next	other	0
03_28	196	Response	2	16091266	40677	3
03_28	197	Picture	loadClose	16100745	0	1	61319	3	0	next	other	0
03_28	197	Response	9	16161955	61210	2
03_28	198	Picture	view	16162064	0	2	317096	4	0	next	other	0
03_28	198	Response	2	16195904	33840	3
03_28	198	Response	6	16233474	71410	1
03_28	198	Response	8	16478989	316925	2
03_28	199	Picture	move	16479160	0	2	18663	3	0	next	other	0
03_28	199	Response	6	16497709	18549	2
03_28	200	Picture	check	16497823	0	1	547711	2	0	next	other	0
03_28	200	Response	9	16936101	438278	2
03_28	200	Response	8	17045489	547666	2
03_28	201	Picture	wrongHand	17045534	0	1	6332	2	0	next	false_alarm	493
03_28	201	Response	6	17051739	6205	2
03_28	202	Picture	loadClose	17051866	0	1	6332	2	0	next	other	0
03_28	202	Response	7	17058129	6263	2
03_28	203	Picture	wrongHand	17058198	0	1	4332	3	0	next	false_alarm	497
03_28	203	Response	5	17062429	4231	1
03_28	204	Picture	loadClose	17062530	0	2	103144	3	0	next	other	0
03_28	204	Response	9	17165537	103007	1
03_28	205	Picture	view	17165674	0	1	21495	3	0	next	other	0
03_28	205	Response	8	17187046	21372	2
03_28	206	Picture	move	17187169	0	2	50156	3	0	next	other	0
03_28	207	Picture	check	17237325	0	1	33159	2	0	next	other	0
03_28	207	Response	2	17270445	33120	2
03_28	208	Picture	loadClose	17270484	0	1	223950	2	0	next	other	0
03_28	208	Response	6	17282965	12481	1
03_28	208	Response	8	17494321	223837	1
03_28	209	Picture	wrongHand	17494434	0	1	26661	2	0	next	false_alarm	509
03_28	209	Response	7	17511130	16696	2
03_28	209	Response	6	17520930	26496	2
03_28	210	Picture	loadClose	17521095	0	1	27660	3	0	next	other	0
03_28	210	Response	8	17548720	27625	2
03_28	211	Picture	wrongHand	17548755	0	2	4481	188	0	next	false_alarm	514
03_28	211	Response	6	17553190	4435	1
03_28	212	Picture	loadClose	17553236	0	186	13849	187	0	next	other	0
03_28	212	Response	8	17566939	13703	2
03_28	213	Picture	wrongHand	17567085	0	1	2832	3	0	next	false_alarm	518
03_28	213	Response	6	17569849	2764	2
03_28	214	Picture	loadClose	17569917	0	2	37825	3	0	next	other	0
03_28	214	Response	8	17607719	37802	2
03_28	215	Picture	wrongHand	17607742	0	1	57487	3	0	next	false_alarm	522
03_28	215	Response	6	17665028	57286	1
03_28	216	Picture	loadClose	17665229	0	2	146468	3	0	next	other	0
03_28	216	Response	5	17703757	38528	2
03_28	216	Response	9	17811615	146386	2
03_28	217	Picture	view	17811697	0	1	12472	194	0	next	other	0
03_28	217	Response	8	17824105	12408	1
03_28	218	Picture	move	17824169	0	193	50181	194	0	next	other	0
03_28	219	Picture	check	17874350	0	1	22161	2	0	next	other	0
03_28	219	Response	2	17896353	22003	3
03_28	220	Picture	loadClose	17896511	0	1	246778	3	0	next	other	0
03_28	220	Response	6	18032781	136270	2
03_28	220	Response	9	18143189	246678	2
03_28	221	Picture	view	18143289	0	2	10165	3	0	next	other	0
03_28	221	Response	8	18153339	10050	2
03_28	222	Picture	move	18153454	0	1	50155	3	0	next	other	0
03_28	222	Response	3	18202588	49134	2
03_28	223	Picture	loadClose	18203609	0	2	68652	3	0	next	other	0
03_28	223	Response	6	18248257	44648	2
03_28	223	Response	8	18272117	68508	1
03_28	224	Picture	wrongHand	18272261	0	1	622694	3	0	next	false_alarm	542
03_28	224	Response	7	18342385	70124	2
03_28	224	Response	6	18894815	622554	2
03_28	225	Picture	loadClose	18894955	0	2	54655	3	0	next	other	0
03_28	225	Response	5	18944414	49459	2
03_28	225	Response	8	18949564	54609	2
03_28	226	Picture	wrongHand	18949610	0	1	3499	2	0	next	false_alarm	548
03_28	226	Response	6	18953004	3394	2
03_28	227	Picture	loadClose	18953109	0	1	42157	2	0	next	other	0
03_28	227	Response	9	18995163	42054	2
03_28	228	Picture	view	18995266	0	1	8998	3	0	next	other	0
03_28	228	Response	8	19004053	8787	2
03_28	229	Picture	move	19004264	0	2	50156	3	0	next	other	0
03_28	229	Response	2	19048972	44708	3
03_28	230	Picture	loadClose	19054420	0	1	105476	2	0	next	other	0
03_28	230	Response	6	19082062	27642	2
03_28	230	Response	9	19159830	105410	2
03_28	231	Picture	view	19159896	0	1	5832	3	0	next	other	0
03_28	231	Response	8	19165590	5694	2
03_28	232	Picture	move	19165728	0	2	50156	3	0	next	other	0
03_28	232	Response	2	19186890	21162	2
03_28	233	Picture	loadClose	19215884	0	1	78149	2	0	next	other	0
03_28	233	Response	6	19227089	11205	2
03_28	233	Response	9	19293868	77984	2
03_28	234	Picture	view	19294033	0	1	5999	2	0	next	other	0
03_28	234	Response	8	19299848	5815	2
03_28	235	Picture	move	19300032	0	1	50155	3	0	next	other	0
03_28	235	Response	2	19336007	35975	3
03_28	236	Picture	loadClose	19350187	0	2	105977	3	0	next	other	0
03_28	236	Response	6	19384526	34339	2
03_28	236	Response	9	19455985	105798	2
03_28	237	Picture	view	19456164	0	1	5998	3	0	next	other	0
03_28	237	Response	8	19461955	5791	2
03_28	238	Picture	move	19462162	0	2	50156	3	0	next	other	0
03_28	239	Picture	check	19512318	0	1	9664	2	0	next	other	0
03_28	239	Response	3	19521924	9606	2
03_28	240	Picture	loadClose	19521982	0	1	88647	2	0	next	other	0
03_28	240	Response	6	19535204	13222	2
03_28	240	Response	9	19610522	88540	2
03_28	241	Picture	view	19610629	0	1	6665	3	0	next	other	0
03_28	241	Response	8	19617132	6503	2
03_28	242	Picture	move	19617294	0	2	49489	3	0	next	other	0
03_28	242	Response	3	19652001	34707	3
03_28	242	Response	6	19666561	49267	2
03_28	243	Picture	loadClose	19666783	0	1	70151	3	0	next	other	0
03_28	243	Response	9	19736830	70047	2
03_28	244	Picture	view	19736934	0	2	8332	3	0	next	other	0
03_28	244	Response	8	19745030	8096	1
03_28	245	Picture	move	19745266	0	1	50155	2	0	next	other	0
03_28	245	Response	2	19767999	22733	3
03_28	246	Picture	loadClose	19795421	0	1	122973	2	0	next	other	0
03_28	246	Response	6	19867837	72416	3
03_28	246	Response	9	19918247	122826	1
03_28	247	Picture	view	19918394	0	1	6498	3	0	next	other	0
03_28	247	Response	8	19924656	6262	2
03_28	248	Picture	move	19924892	0	2	50156	3	0	next	other	0
03_28	249	Picture	check	19975048	0	1	12997	2	0	next	other	0
03_28	249	Response	3	19987995	12947	3
03_28	250	Picture	loadClose	19988045	0	1	160797	3	0	next	other	0
03_28	250	Response	6	19996925	8880	2
03_28	250	Response	9	20148722	160677	2
03_28	251	Picture	view	20148842	0	2	5999	4	0	next	other	0
03_28	251	Response	8	20154632	5790	2
03_28	252	Picture	move	20154841	0	2	50156	3	0	next	other	0
03_28	252	Response	2	20194552	39711	2
03_28	253	Picture	loadClose	20204997	0	1	76649	2	0	next	other	0
03_28	253	Response	6	20236291	31294	1
03_28	253	Response	9	20281530	76533	2
03_28	254	Picture	view	20281646	0	1	7832	2	0	next	other	0
03_28	254	Response	8	20289330	7684	2
03_28	255	Picture	move	20289478	0	1	50155	2	0	next	other	0
03_28	255	Response	3	20334709	45231	2
03_28	256	Picture	loadClose	20339633	0	1	129472	2	0	next	other	0
03_28	256	Response	6	20354339	14706	1
03_28	256	Response	9	20468947	129314	2
03_28	257	Picture	view	20469105	0	1	6650	184	0	next	other	0
03_28	257	Response	8	20475666	6561	2
03_28	258	Picture	move	20475755	0	183	50170	184	0	next	other	0
03_28	258	Response	2	20521266	45511	2
03_28	259	Picture	loadClose	20525925	0	1	7665	2	0	next	other	0
03_28	259	Response	6	20531935	6010	2
03_28	259	Response	8	20533525	7600	2
03_28	260	Picture	wrongHand	20533590	0	1	1000	2	0	next	false_alarm	624
03_28	260	Response	6	20534385	795	2
03_28	261	Picture	loadClose	20534590	0	1	76316	2	0	next	other	0
03_28	261	Response	9	20610814	76224	2
03_28	262	Picture	view	20610906	0	1	5646	189	0	next	other	0
03_28	262	Response	8	20616474	5568	2
03_28	263	Picture	move	20616552	0	188	50175	189	0	next	other	0
03_28	263	Response	2	20647663	31111	3
03_28	264	Picture	loadClose	20666727	0	1	67485	2	0	next	other	0
03_28	264	Response	6	20668053	1326	2
03_28	264	Response	9	20734062	67335	2
03_28	265	Picture	view	20734212	0	1	6665	3	0	next	other	0
03_28	265	Response	8	20740732	6520	1
03_28	266	Picture	move	20740877	0	2	50156	3	0	next	other	0
03_28	266	Response	3	20779821	38944	2
03_28	267	Picture	loadClose	20791033	0	1	85314	2	0	next	other	0
03_28	267	Response	6	20793051	2018	1
03_28	267	Response	8	20876199	85166	2
03_28	268	Picture	wrongHand	20876347	0	1	204455	2	0	next	false_alarm	642
03_28	268	Response	7	20888049	11702	2
03_28	268	Response	6	21080695	204348	2
03_28	269	Picture	loadClose	21080802	0	1	1499	2	0	next	other	0
03_28	269	Response	8	21082265	1463	2
03_28	270	Picture	wrongHand	21082301	0	1	1666	3	0	next	false_alarm	647
03_28	270	Response	5	21083575	1274	2
03_28	270	Response	6	21083785	1484	2
03_28	271	Picture	loadClose	21083967	0	2	6999	3	0	next	other	0
03_28	271	Response	8	21090895	6928	2
03_28	272	Picture	wrongHand	21090966	0	1	1333	2	0	next	false_alarm	652
03_28	272	Response	6	21092205	1239	2
03_28	273	Picture	loadClose	21092299	0	1	2999	2	0	next	other	0
03_28	273	Response	8	21095135	2836	2
03_28	274	Picture	wrongHand	21095298	0	1	3000	2	0	next	false_alarm	656
03_28	274	Response	6	21098215	2917	2
03_28	275	Picture	loadClose	21098298	0	1	64985	2	0	next	other	0
03_28	275	Response	9	21163134	64836	2
03_28	276	Picture	view	21163283	0	1	11331	3	0	next	other	0
03_28	276	Response	8	21174454	11171	1
03_28	277	Picture	move	21174614	0	2	50155	4	0	next	other	0
03_28	277	Response	2	21204293	29679	3
03_28	278	Picture	loadClose	21224769	0	2	58154	3	0	next	other	0
03_28	278	Response	6	21227263	2494	1
03_28	278	Response	9	21282752	57983	2
03_28	279	Picture	view	21282923	0	1	7665	2	0	next	other	0
03_28	279	Response	8	21290452	7529	1
03_28	280	Picture	move	21290588	0	1	50156	2	0	next	other	0
03_28	280	Response	2	21324451	33863	2
03_28	281	Picture	loadClose	21340744	0	1	72817	2	0	next	other	0
03_28	281	Response	6	21348850	8106	2
03_28	281	Response	9	21413499	72755	2
03_28	282	Picture	view	21413561	0	1	9164	3	0	next	other	0
03_28	282	Response	8	21422579	9018	2
03_28	283	Picture	move	21422725	0	2	50156	3	0	next	other	0
03_28	283	Response	2	21469888	47163	3
03_28	284	Picture	loadClose	21472881	0	1	87147	2	0	next	other	0
03_28	284	Response	6	21501028	28147	1
03_28	284	Response	9	21559927	87046	1
03_28	285	Picture	view	21560028	0	1	6152	182	0	next	other	0
03_28	285	Response	8	21566117	6089	1
03_28	286	Picture	move	21566180	0	181	50169	182	0	next	other	0
03_28	287	Picture	check	21616349	0	1	15496	3	0	next	other	0
03_28	287	Response	6	21630725	14376	2
03_28	287	Response	3	21631645	15296	3
03_28	288	Picture	loadClose	21631845	0	2	65652	4	0	next	other	0
03_28	288	Response	9	21697364	65519	2
03_28	289	Picture	view	21697497	0	2	7166	3	0	next	other	0
03_28	289	Response	8	21704444	6947	2
03_28	290	Picture	move	21704663	0	1	45656	2	0	next	other	0
03_28	290	Response	2	21735963	31300	3
03_28	290	Response	6	21750223	45560	2
03_28	291	Picture	loadClose	21750319	0	1	63819	2	0	next	other	0
03_28	291	Response	9	21814052	63733	2
03_28	292	Picture	view	21814138	0	1	6832	2	0	next	other	0
03_28	292	Response	8	21820792	6654	2
03_28	293	Picture	move	21820970	0	1	48489	2	0	next	other	0
03_28	293	Response	6	21869401	48431	2
03_28	294	Picture	check	21869459	0	1	2000	2	0	next	other	0
03_28	294	Response	8	21871401	1942	2
03_28	295	Picture	wrongHand	21871459	0	1	999	3	0	next	false_alarm	702
03_28	295	Response	6	21872291	832	2
03_28	296	Picture	loadClose	21872458	0	2	87981	3	0	next	other	0
03_28	296	Response	3	21883001	10543	2
03_28	296	Response	9	21960319	87861	2
03_28	297	Picture	view	21960439	0	1	6332	2	0	next	other	0
03_28	297	Response	8	21966569	6130	2
03_28	298	Picture	move	21966771	0	1	50155	2	0	next	other	0
03_28	298	Response	2	22015798	49027	3
03_28	299	Picture	loadClose	22016926	0	1	72817	2	0	next	other	0
03_28	299	Response	6	22030438	13512	2
03_28	299	Response	9	22089577	72651	2
03_28	300	Picture	view	22089743	0	1	4999	3	0	next	other	0
03_28	300	Response	8	22094497	4754	2
03_28	301	Picture	move	22094742	0	2	46323	3	0	next	other	0
03_28	301	Response	2	22136596	41854	3
03_28	301	Response	6	22140986	46244	2
03_28	302	Picture	loadClose	22141065	0	1	55988	2	0	next	other	0
03_28	302	Response	9	22196975	55910	2
03_28	303	Picture	view	22197053	0	1	5998	3	0	next	other	0
03_28	303	Response	8	22202885	5832	2
03_28	304	Picture	move	22203051	0	2	50156	3	0	next	other	0
03_28	305	Picture	check	22253207	0	1	39158	2	0	next	other	0
03_28	305	Response	6	22261344	8137	2
03_28	305	Response	3	22292273	39066	3
03_28	306	Picture	loadClose	22292365	0	1	140635	2	0	next	other	0
03_28	306	Response	8	22432971	140606	1
03_28	307	Picture	wrongHand	22433000	0	1	84981	2	0	next	false_alarm	729
03_28	307	Response	6	22517749	84749	2
03_28	308	Picture	loadClose	22517981	0	1	411	258	0	next	other	0
03_28	308	Response	8	22518389	408	2
03_28	309	Picture	wrongHand	22518392	0	257	4088	258	0	next	false_alarm	733
03_28	309	Response	6	22522299	3907	2
03_28	310	Picture	loadClose	22522480	0	1	67985	2	0	next	other	0
03_28	310	Response	9	22590358	67878	2
03_28	311	Picture	view	22590465	0	1	9165	2	0	next	other	0
03_28	311	Response	8	22599448	8983	1
03_28	312	Picture	move	22599630	0	1	50155	2	0	next	other	0
03_28	312	Response	2	22631947	32317	3
03_28	313	Picture	loadClose	22649785	0	1	75150	2	0	next	other	0
03_28	313	Response	6	22656237	6452	1
03_28	313	Response	9	22724915	75130	2
03_28	314	Picture	view	22724935	0	1	9165	2	0	next	other	0
03_28	314	Response	8	22733865	8930	2
03_28	315	Picture	move	22734100	0	1	50155	2	0	next	other	0
03_28	315	Response	2	22779464	45364	3
03_28	316	Picture	loadClose	22784255	0	1	71151	2	0	next	other	0
03_28	316	Response	6	22800644	16389	2
03_28	316	Response	9	22855313	71058	2
03_28	317	Picture	view	22855406	0	1	6999	2	0	next	other	0
03_28	317	Response	8	22862243	6837	2
03_28	318	Picture	move	22862405	0	1	50155	2	0	next	other	0
03_28	318	Response	2	22894822	32417	3
03_28	319	Picture	loadClose	22912560	0	1	86814	2	0	next	other	0
03_28	319	Response	6	22957141	44581	2
03_28	319	Response	9	22999210	86650	2
03_28	320	Picture	view	22999374	0	1	8152	182	0	next	other	0
03_28	320	Response	8	23007440	8066	2
03_28	321	Picture	move	23007526	0	181	50168	182	0	next	other	0
03_28	321	Response	2	23032100	24574	2
03_28	321	Response	2	23034020	26494	2
03_28	322	Picture	endBlock	23057694	0	1	30160	2	0	next	other	0
03_28	322	Response	6	23066099	8405	2
03_28	322	Response	8	23076759	19065	2
03_28	322	Response	7	23081799	24105	2
03_28	323	Picture	begin	23087854	0	1	282271	2	0	next	other	0
03_28	323	Response	5	23355094	267240	2
03_28	323	Response	6	23365504	277650	1
03_28	323	Response	9	23369904	282050	1
03_28	324	Picture	loadClose	23370125	0	1	42823	3	0	next	other	0
03_28	324	Response	9	23412853	42728	2
03_28	325	Picture	view	23412948	0	2	5166	3	0	next	other	0
03_28	325	Response	8	23417953	5005	2
03_28	326	Picture	move	23418114	0	1	50155	3	0	next	other	0
03_28	326	Response	2	23440892	22778	3
03_28	327	Picture	loadClose	23468269	0	2	73984	3	0	next	other	0
03_28	327	Response	6	23489651	21382	2
03_28	327	Response	9	23542131	73862	1
03_28	328	Picture	view	23542253	0	1	4999	2	0	next	other	0
03_28	328	Response	8	23547140	4887	2
03_28	329	Picture	move	23547252	0	1	42157	2	0	next	other	0
03_28	329	Response	2	23573210	25958	2
03_28	329	Response	6	23589340	42088	1
03_28	330	Picture	loadClose	23589409	0	1	60320	3	0	next	other	0
03_28	330	Response	9	23649589	60180	1
03_28	330	Response	9	23649609	60200	1
03_28	331	Picture	view	23649729	0	2	5639	196	0	next	other	0
03_28	331	Response	8	23655288	5559	2
03_28	332	Picture	move	23655368	0	194	48682	195	0	next	other	0
03_28	332	Response	2	23680088	24720	2
03_28	332	Response	6	23703928	48560	2
03_28	333	Picture	loadClose	23704050	0	1	59986	3	0	next	other	0
03_28	333	Response	9	23763926	59876	2
03_28	334	Picture	view	23764036	0	2	4833	3	0	next	other	0
03_28	334	Response	8	23768766	4730	2
03_28	335	Picture	move	23768869	0	1	50156	2	0	next	other	0
03_28	335	Response	2	23799126	30257	2
03_28	336	Picture	loadClose	23819025	0	1	73816	3	0	next	other	0
03_28	336	Response	6	23838815	19790	2
03_28	336	Response	9	23892764	73739	2
03_28	337	Picture	view	23892841	0	2	10998	3	0	next	other	0
03_28	337	Response	8	23903674	10833	2
03_28	338	Picture	move	23903839	0	1	41657	3	0	next	other	0
03_28	338	Response	2	23943283	39444	3
03_28	338	Response	6	23945323	41484	2
03_28	339	Picture	loadClose	23945496	0	2	45656	4	0	next	other	0
03_28	339	Response	9	23991102	45606	2
03_28	340	Picture	view	23991152	0	2	3500	4	0	next	other	0
03_28	340	Response	8	23994512	3360	2
03_28	341	Picture	move	23994652	0	2	39991	3	0	next	other	0
03_28	341	Response	2	24033202	38550	2
03_28	341	Response	6	24034492	39840	1
03_28	342	Picture	loadClose	24034643	0	1	40158	3	0	next	other	0
03_28	342	Response	9	24074681	40038	2
03_28	343	Picture	view	24074801	0	2	5499	3	0	next	other	0
03_28	343	Response	8	24080081	5280	2
03_28	344	Picture	move	24080300	0	1	49989	2	0	next	other	0
03_28	344	Response	2	24112240	31940	3
03_28	344	Response	6	24130080	49780	2
03_28	345	Picture	loadClose	24130289	0	1	36825	2	0	next	other	0
03_28	345	Response	9	24167089	36800	2
03_28	346	Picture	view	24167114	0	1	5332	2	0	next	other	0
03_28	346	Response	8	24172329	5215	2
03_28	347	Picture	move	24172446	0	1	38325	2	0	next	other	0
03_28	347	Response	6	24210638	38192	2
03_28	348	Picture	check	24210771	0	1	500	2	0	next	other	0
03_28	348	Response	2	24211118	347	3
03_28	349	Picture	loadClose	24211271	0	1	38324	3	0	next	other	0
03_28	349	Response	9	24249528	38257	1
03_28	350	Picture	view	24249595	0	2	6166	3	0	next	other	0
03_28	350	Response	8	24255618	6023	1
03_28	351	Picture	move	24255761	0	1	31659	2	0	next	other	0
03_28	351	Response	6	24287287	31526	2
03_28	352	Picture	check	24287420	0	1	30660	2	0	next	other	0
03_28	352	Response	2	24317996	30576	3
03_28	353	Picture	loadClose	24318080	0	1	33659	2	0	next	other	0
03_28	353	Response	9	24351616	33536	2
03_28	354	Picture	view	24351739	0	1	5832	3	0	next	other	0
03_28	354	Response	8	24357446	5707	1
03_28	355	Picture	move	24357571	0	2	40658	3	0	next	other	0
03_28	355	Response	6	24398035	40464	2
03_28	356	Picture	check	24398229	0	1	2499	2	0	next	other	0
03_28	356	Response	3	24400555	2326	3
03_28	357	Picture	loadClose	24400728	0	1	47823	2	0	next	other	0
03_28	357	Response	9	24448444	47716	2
03_28	358	Picture	view	24448551	0	1	4332	3	0	next	other	0
03_28	358	Response	8	24452714	4163	2
03_28	359	Picture	move	24452883	0	2	41158	3	0	next	other	0
03_28	359	Response	2	24465674	12791	2
03_28	359	Response	6	24493923	41040	2
03_28	360	Picture	loadClose	24494041	0	1	51655	2	0	next	other	0
03_28	360	Response	9	24545532	51491	2
03_28	361	Picture	view	24545696	0	1	5332	3	0	next	other	0
03_28	361	Response	8	24550792	5096	2
03_28	362	Picture	move	24551028	0	2	38658	3	0	next	other	0
03_28	362	Response	2	24569352	18324	2
03_28	362	Response	6	24589561	38533	2
03_28	363	Picture	loadClose	24589686	0	1	51156	2	0	next	other	0
03_28	363	Response	9	24640690	51004	2
03_28	364	Picture	view	24640842	0	1	3998	3	0	next	other	0
03_28	364	Response	8	24644630	3788	2
03_28	365	Picture	move	24644840	0	2	33660	4	0	next	other	0
03_28	365	Response	2	24664870	20030	2
03_28	365	Response	6	24678290	33450	2
03_28	366	Picture	loadClose	24678500	0	2	48989	4	0	next	other	0
03_28	366	Response	9	24727329	48829	2
03_28	367	Picture	view	24727489	0	2	4832	3	0	next	other	0
03_28	367	Response	8	24732149	4660	2
03_28	368	Picture	move	24732321	0	1	37658	2	0	next	other	0
03_28	368	Response	2	24753988	21667	3
03_28	368	Response	6	24769808	37487	2
03_28	369	Picture	loadClose	24769979	0	1	45990	2	0	next	other	0
03_28	369	Response	9	24815847	45868	2
03_28	369	Response	9	24815867	45888	2
03_28	370	Picture	view	24815969	0	1	4666	2	0	next	other	0
03_28	370	Response	8	24820407	4438	2
03_28	371	Picture	move	24820635	0	1	34159	2	0	next	other	0
03_28	371	Response	2	24838307	17672	2
03_28	371	Response	6	24854597	33962	1
03_28	372	Picture	loadClose	24854794	0	1	49822	2	0	next	other	0
03_28	372	Response	9	24904456	49662	1
03_28	373	Picture	view	24904616	0	1	5665	3	0	next	other	0
03_28	373	Response	8	24910086	5470	1
03_28	374	Picture	move	24910281	0	2	31327	3	0	next	other	0
03_28	374	Response	2	24928385	18104	3
03_28	374	Response	6	24941445	31164	2
03_28	375	Picture	loadClose	24941608	0	1	43156	3	0	next	other	0
03_28	375	Response	9	24984594	42986	2
03_28	376	Picture	view	24984764	0	2	4167	3	0	next	other	0
03_28	376	Response	8	24988714	3950	2
03_28	377	Picture	move	24988931	0	1	33492	2	0	next	other	0
03_28	377	Response	2	25003904	14973	2
03_28	377	Response	6	25022234	33303	1
03_28	378	Picture	loadClose	25022423	0	1	41324	2	0	next	other	0
03_28	378	Response	9	25063693	41270	2
03_28	379	Picture	view	25063747	0	1	4306	29	0	next	other	0
03_28	379	Response	8	25067973	4226	2
03_28	380	Picture	move	25068053	0	28	48183	29	0	next	other	0
03_28	380	Response	2	25085982	17929	3
03_28	380	Response	6	25116042	47989	2
03_28	381	Picture	loadClose	25116236	0	1	64985	2	0	next	other	0
03_28	381	Response	9	25181111	64875	2
03_28	382	Picture	view	25181221	0	1	4832	3	0	next	other	0
03_28	382	Response	8	25185851	4630	1
03_28	383	Picture	move	25186053	0	2	46145	15	0	next	other	0
03_28	383	Response	2	25201660	15607	3
03_28	383	Response	6	25232160	46107	1
03_28	384	Picture	loadClose	25232198	0	13	46335	14	0	next	other	0
03_28	384	Response	9	25278369	46171	2
03_28	385	Picture	view	25278533	0	1	5332	2	0	next	other	0
03_28	385	Response	8	25283689	5156	2
03_28	386	Picture	move	25283865	0	1	43323	3	0	next	other	0
03_28	386	Response	2	25299259	15394	2
03_28	386	Response	6	25326978	43113	2
03_28	387	Picture	loadClose	25327188	0	2	57988	3	0	next	other	0
03_28	387	Response	9	25385037	57849	2
03_28	388	Picture	view	25385176	0	1	7331	3	0	next	other	0
03_28	388	Response	8	25392337	7161	2
03_28	389	Picture	move	25392507	0	2	49323	3	0	next	other	0
03_28	389	Response	2	25406297	13790	2
03_28	389	Response	6	25441626	49119	2
03_28	390	Picture	loadClose	25441830	0	1	43323	2	0	next	other	0
03_28	390	Response	9	25484985	43155	2
03_28	391	Picture	view	25485153	0	1	6320	181	0	next	other	0
03_28	391	Response	8	25491395	6242	2
03_28	392	Picture	move	25491473	0	180	33505	181	0	next	other	0
03_28	392	Response	2	25508535	17062	2
03_28	392	Response	6	25524854	33381	2
03_28	393	Picture	loadClose	25524978	0	1	37991	2	0	next	other	0
03_28	393	Response	9	25562904	37926	1
03_28	394	Picture	view	25562969	0	1	5832	3	0	next	other	0
03_28	394	Response	8	25568554	5585	1
03_28	395	Picture	move	25568801	0	2	30660	3	0	next	other	0
03_28	395	Response	2	25579733	10932	3
03_28	395	Response	6	25599313	30512	2
03_28	396	Picture	loadClose	25599461	0	1	43490	3	0	next	other	0
03_28	396	Response	9	25642892	43431	2
03_28	397	Picture	view	25642951	0	2	3640	196	0	next	other	0
03_28	397	Response	8	25646522	3571	2
03_28	398	Picture	move	25646591	0	194	32519	195	0	next	other	0
03_28	398	Response	6	25679022	32431	1
03_28	399	Picture	check	25679110	0	1	500	2	0	next	other	0
03_28	399	Response	3	25679412	302	2
03_28	400	Picture	loadClose	25679610	0	1	37991	3	0	next	other	0
03_28	400	Response	9	25717471	37861	2
03_28	401	Picture	view	25717601	0	2	3308	196	0	next	other	0
03_28	401	Response	8	25720831	3230	2
03_28	402	Picture	move	25720909	0	194	30185	195	0	next	other	0
03_28	402	Response	2	25733171	12262	2
03_28	402	Response	6	25750930	30021	2
03_28	403	Picture	loadClose	25751094	0	1	51822	2	0	next	other	0
03_28	403	Response	9	25802779	51685	2
03_28	404	Picture	view	25802916	0	1	3666	2	0	next	other	0
03_28	404	Response	8	25806419	3503	2
03_28	405	Picture	move	25806582	0	1	32492	3	0	next	other	0
03_28	405	Response	2	25817329	10747	2
03_28	405	Response	6	25838979	32397	1
03_28	406	Picture	endSession	25839074	0	2	35746	3	0	next	other	0
03_28	406	Response	8	25852208	13134	2
03_28	406	Response	7	25852328	13254	2


Event Type	Code	Type	Response	RT	RT Uncertainty	Time	Uncertainty	Duration	Uncertainty	ReqTime	ReqDur

Picture	begin	other				332	2	52322	3	0	next
Picture	loadClose	other				52654	1	832	3	0	next
Picture	view	other				53486	2	96123	27	0	next
Picture	wrongHand	false_alarm	7	148	27	149609	25	19686	26	0	next
Picture	loadClose	other				169295	1	34659	2	0	next
Picture	view	other				203954	1	52321	3	0	next
Picture	move	other				256275	2	113	724	0	next
Picture	wrongHand	false_alarm	6	37866	724	256388	722	38046	723	0	next
Picture	loadClose	other				294434	1	71984	2	0	next
Picture	view	other				366418	1	27160	3	0	next
Picture	move	other				393578	2	50156	3	0	next
Picture	check	other				443734	1	36658	2	0	next
Picture	loadClose	other				480392	1	165297	2	0	next
Picture	view	other				645689	1	6998	3	0	next
Picture	move	other				652687	2	50156	3	0	next
Picture	loadClose	other				702843	1	85314	2	0	next
Picture	view	other				788157	1	3833	2	0	next
Picture	move	other				791990	1	39646	180	0	next
Picture	loadClose	other				831636	179	35504	180	0	next
Picture	view	other				867140	1	5832	2	0	next
Picture	move	other				872972	1	37325	2	0	next
Picture	loadClose	other				910297	1	45656	2	0	next
Picture	view	other				955953	1	8332	2	0	next
Picture	move	other				964285	1	31993	2	0	next
Picture	check	other				996278	1	2483	185	0	next
Picture	loadClose	other				998761	184	41507	185	0	next
Picture	view	other				1040268	1	4499	2	0	next
Picture	move	other				1044767	1	36793	201	0	next
Picture	loadClose	other				1081560	200	37524	201	0	next
Picture	view	other				1119084	1	4998	3	0	next
Picture	move	other				1124082	2	37472	190	0	next
Picture	loadClose	other				1161554	188	52175	189	0	next
Picture	view	other				1213729	1	4983	185	0	next
Picture	move	other				1218712	184	37174	186	0	next
Picture	loadClose	other				1255886	2	35159	4	0	next
Picture	view	other				1291045	2	4166	3	0	next
Picture	move	other				1295211	1	34159	2	0	next
Picture	loadClose	other				1329370	1	40991	2	0	next
Picture	view	other				1370361	1	4646	189	0	next
Picture	move	other				1375007	188	30816	386	0	next
Picture	loadClose	other				1405823	198	36689	199	0	next
Picture	view	other				1442512	1	4832	2	0	next
Picture	move	other				1447344	1	34826	2	0	next
Picture	loadClose	other				1482170	1	38658	2	0	next
Picture	view	other				1520828	1	4165	3	0	next
Picture	move	other				1524993	2	30993	4	0	next
Picture	loadClose	other				1555986	2	37159	3	0	next
Picture	view	other				1593145	1	4165	3	0	next
Picture	move	other				1597310	2	39325	3	0	next
Picture	loadClose	other				1636635	1	34493	2	0	next
Picture	view	other				1671128	1	4998	3	0	next
Picture	move	other				1676126	2	32327	3	0	next
Picture	loadClose	other				1708453	1	33992	2	0	next
Picture	view	other				1742445	1	4166	2	0	next
Picture	move	other				1746611	1	30493	2	0	next
Picture	loadClose	other				1777104	1	50989	2	0	next
Picture	view	other				1828093	1	3499	2	0	next
Picture	move	other				1831592	1	36295	199	0	next
Picture	loadClose	other				1867887	198	39021	200	0	next
Picture	view	other				1906908	2	3833	3	0	next
Picture	move	other				1910741	1	35659	2	0	next
Picture	loadClose	other				1946400	1	51655	2	0	next
Picture	view	other				1998055	1	3816	185	0	next
Picture	move	other				2001871	184	31009	185	0	next
Picture	loadClose	other				2032880	1	35159	2	0	next
Picture	view	other				2068039	1	3833	3	0	next
Picture	move	other				2071872	2	27327	3	0	next
Picture	loadClose	other				2099199	1	37325	2	0	next
Picture	view	other				2136524	1	3999	2	0	next
Picture	move	other				2140523	1	32826	2	0	next
Picture	loadClose	other				2173349	1	32659	3	0	next
Picture	view	other				2206008	2	5166	3	0	next
Picture	move	other				2211174	1	27327	2	0	next
Picture	loadClose	other				2238501	1	32160	2	0	next
Picture	wait	other				2270661	1	666	2	0	next
Picture	view	other				2271327	1	3999	3	0	next
Picture	move	other				2275326	2	26954	210	0	next
Picture	loadClose	other				2302280	208	35366	209	0	next
Picture	view	other				2337646	1	3332	3	0	next
Picture	move	other				2340978	2	31993	3	0	next
Picture	loadClose	other				2372971	1	31660	2	0	next
Picture	view	other				2404631	1	4499	2	0	next
Picture	move	other				2409130	1	26161	2	0	next
Picture	endBlock	other				2435291	1	30160	2	0	next
Picture	begin	other				2465451	1	664518	2	0	next
Picture	loadClose	other				3129969	1	13164	2	0	next
Picture	wrongHand	false_alarm	6	3319	3	3143133	1	3499	3	0	next
Picture	loadClose	other				3146632	2	833	4	0	next
Picture	wrongHand	false_alarm	6	1117	4	3147465	2	1334	3	0	next
Picture	loadClose	other				3148799	1	833	2	0	next
Picture	wrongHand	false_alarm	6	3630	3	3149632	1	3832	2	0	next
Picture	loadClose	other				3153464	1	209453	3	0	next
Picture	view	other				3362917	2	51822	4	0	next
Picture	move	other				3414739	2	50156	3	0	next
Picture	loadClose	other				3464895	1	112641	2	0	next
Picture	view	other				3577536	1	15997	2	0	next
Picture	move	other				3593533	1	48489	2	0	next
Picture	loadClose	other				3642022	1	81315	2	0	next
Picture	view	other				3723337	1	6332	2	0	next
Picture	move	other				3729669	1	50156	2	0	next
Picture	loadClose	other				3779825	1	18662	2	0	next
Picture	wrongHand	false_alarm	5	3153	3	3798487	1	3333	2	0	next
Picture	loadClose	other				3801820	1	264441	2	0	next
Picture	view	other				4066261	1	7498	2	0	next
Picture	move	other				4073759	1	43990	2	0	next
Picture	loadClose	other				4117749	1	223451	2	0	next
Picture	view	other				4341200	1	10997	2	0	next
Picture	move	other				4352197	1	50155	3	0	next
Picture	loadClose	other				4402352	2	14331	3	0	next
Picture	wrongHand	false_alarm	5	11656	3	4416683	1	11830	2	0	next
Picture	loadClose	other				4428513	1	86314	3	0	next
Picture	view	other				4514827	2	6832	4	0	next
Picture	move	other				4521659	2	46823	3	0	next
Picture	loadClose	other				4568482	1	75817	2	0	next
Picture	view	other				4644299	1	6998	2	0	next
Picture	move	other				4651297	1	42657	3	0	next
Picture	loadClose	other				4693954	2	85814	4	0	next
Picture	view	other				4779768	2	8165	4	0	next
Picture	move	other				4787933	2	50156	3	0	next
Picture	loadClose	other				4838089	1	29327	2	0	next
Picture	wrongHand	false_alarm	5	11135	2	4867416	1	11330	2	0	next
Picture	loadClose	other				4878746	1	160131	2	0	next
Picture	view	other				5038877	1	9998	2	0	next
Picture	move	other				5048875	1	50156	2	0	next
Picture	loadClose	other				5099031	1	66484	3	0	next
Picture	view	other				5165515	2	7332	4	0	next
Picture	move	other				5172847	2	34659	4	0	next
Picture	loadClose	other				5207506	2	58654	3	0	next
Picture	view	other				5266160	1	5999	2	0	next
Picture	move	other				5272159	1	43823	2	0	next
Picture	loadClose	other				5315982	1	61653	2	0	next
Picture	view	other				5377635	1	8332	2	0	next
Picture	move	other				5385967	1	50155	2	0	next
Picture	loadClose	other				5436122	1	65985	3	0	next
Picture	view	other				5502107	2	6666	3	0	next
Picture	move	other				5508773	1	34825	2	0	next
Picture	loadClose	other				5543598	1	55988	2	0	next
Picture	view	other				5599586	1	5831	3	0	next
Picture	move	other				5605417	2	39159	3	0	next
Picture	loadClose	other				5644576	1	65485	2	0	next
Picture	view	other				5710061	1	6499	2	0	next
Picture	move	other				5716560	1	38991	2	0	next
Picture	check	other				5755551	1	666	3	0	next
Picture	wrongHand	false_alarm	5	1648	3	5756217	2	1833	3	0	next
Picture	loadClose	other				5758050	1	64986	2	0	next
Picture	view	other				5823036	1	4832	2	0	next
Picture	move	other				5827868	1	45157	2	0	next
Picture	loadClose	other				5873025	1	64985	2	0	next
Picture	view	other				5938010	1	7665	3	0	next
Picture	move	other				5945675	2	50155	4	0	next
Picture	loadClose	other				5995830	2	60321	3	0	next
Picture	view	other				6056151	1	10831	2	0	next
Picture	move	other				6066982	1	35158	2	0	next
Picture	loadClose	other				6102140	1	62986	2	0	next
Picture	view	other				6165126	1	6483	185	0	next
Picture	move	other				6171609	184	36174	186	0	next
Picture	loadClose	other				6207783	2	71984	4	0	next
Picture	view	other				6279767	2	5666	3	0	next
Picture	move	other				6285433	1	44323	2	0	next
Picture	loadClose	other				6329756	1	66985	2	0	next
Picture	view	other				6396741	1	6972	196	0	next
Picture	move	other				6403713	195	39185	196	0	next
Picture	loadClose	other				6442898	1	56820	3	0	next
Picture	view	other				6499718	2	6322	180	0	next
Picture	move	other				6506040	178	36169	179	0	next
Picture	loadClose	other				6542209	1	54321	2	0	next
Picture	view	other				6596530	1	5999	2	0	next
Picture	move	other				6602529	1	36992	2	0	next
Picture	loadClose	other				6639521	1	61319	2	0	next
Picture	view	other				6700840	1	4666	2	0	next
Picture	move	other				6705506	1	48489	2	0	next
Picture	loadClose	other				6753995	1	68651	3	0	next
Picture	view	other				6822646	2	6666	3	0	next
Picture	move	other				6829312	1	45656	2	0	next
Picture	endBlock	other				6874968	1	30160	2	0	next
Picture	begin	other				6905128	1	8355637	3	0	next
Picture	loadClose	other				15260765	2	54655	3	0	next
Picture	view	other				15315420	1	9831	2	0	next
Picture	move	other				15325251	1	50155	3	0	next
Picture	loadClose	other				15375406	2	85648	3	0	next
Picture	view	other				15461054	1	5832	2	0	next
Picture	move	other				15466886	1	50156	2	0	next
Picture	loadClose	other				15517042	1	62152	3	0	next
Picture	view	other				15579194	2	63153	3	0	next
Picture	move	other				15642347	1	1500	2	0	next
Picture	check	other				15643847	1	77482	2	0	next
Picture	loadClose	other				15721329	1	61320	2	0	next
Picture	view	other				15782649	1	7665	2	0	next
Picture	move	other				15790314	1	43824	2	0	next
Picture	loadClose	other				15834138	1	67151	2	0	next
Picture	view	other				15901289	1	7832	2	0	next
Picture	move	other				15909121	1	50155	2	0	next
Picture	check	other				15959276	1	6999	2	0	next
Picture	loadClose	other				15966275	1	79149	2	0	next
Picture	view	other				16045424	1	5165	3	0	next
Picture	move	other				16050589	2	50156	3	0	next
Picture	loadClose	other				16100745	1	61319	3	0	next
Picture	view	other				16162064	2	317096	4	0	next
Picture	move	other				16479160	2	18663	3	0	next
Picture	check	other				16497823	1	547711	2	0	next
Picture	wrongHand	false_alarm	6	6205	3	17045534	1	6332	2	0	next
Picture	loadClose	other				17051866	1	6332	2	0	next
Picture	wrongHand	false_alarm	5	4231	2	17058198	1	4332	3	0	next
Picture	loadClose	other				17062530	2	103144	3	0	next
Picture	view	other				17165674	1	21495	3	0	next
Picture	move	other				17187169	2	50156	3	0	next
Picture	check	other				17237325	1	33159	2	0	next
Picture	loadClose	other				17270484	1	223950	2	0	next
Picture	wrongHand	false_alarm	7	16696	3	17494434	1	26661	2	0	next
Picture	loadClose	other				17521095	1	27660	3	0	next
Picture	wrongHand	false_alarm	6	4435	3	17548755	2	4481	188	0	next
Picture	loadClose	other				17553236	186	13849	187	0	next
Picture	wrongHand	false_alarm	6	2764	3	17567085	1	2832	3	0	next
Picture	loadClose	other				17569917	2	37825	3	0	next
Picture	wrongHand	false_alarm	6	57286	2	17607742	1	57487	3	0	next
Picture	loadClose	other				17665229	2	146468	3	0	next
Picture	view	other				17811697	1	12472	194	0	next
Picture	move	other				17824169	193	50181	194	0	next
Picture	check	other				17874350	1	22161	2	0	next
Picture	loadClose	other				17896511	1	246778	3	0	next
Picture	view	other				18143289	2	10165	3	0	next
Picture	move	other				18153454	1	50155	3	0	next
Picture	loadClose	other				18203609	2	68652	3	0	next
Picture	wrongHand	false_alarm	7	70124	3	18272261	1	622694	3	0	next
Picture	loadClose	other				18894955	2	54655	3	0	next
Picture	wrongHand	false_alarm	6	3394	3	18949610	1	3499	2	0	next
Picture	loadClose	other				18953109	1	42157	2	0	next
Picture	view	other				18995266	1	8998	3	0	next
Picture	move	other				19004264	2	50156	3	0	next
Picture	loadClose	other				19054420	1	105476	2	0	next
Picture	view	other				19159896	1	5832	3	0	next
Picture	move	other				19165728	2	50156	3	0	next
Picture	loadClose	other				19215884	1	78149	2	0	next
Picture	view	other				19294033	1	5999	2	0	next
Picture	move	other				19300032	1	50155	3	0	next
Picture	loadClose	other				19350187	2	105977	3	0	next
Picture	view	other				19456164	1	5998	3	0	next
Picture	move	other				19462162	2	50156	3	0	next
Picture	check	other				19512318	1	9664	2	0	next
Picture	loadClose	other				19521982	1	88647	2	0	next
Picture	view	other				19610629	1	6665	3	0	next
Picture	move	other				19617294	2	49489	3	0	next
Picture	loadClose	other				19666783	1	70151	3	0	next
Picture	view	other				19736934	2	8332	3	0	next
Picture	move	other				19745266	1	50155	2	0	next
Picture	loadClose	other				19795421	1	122973	2	0	next
Picture	view	other				19918394	1	6498	3	0	next
Picture	move	other				19924892	2	50156	3	0	next
Picture	check	other				19975048	1	12997	2	0	next
Picture	loadClose	other				19988045	1	160797	3	0	next
Picture	view	other				20148842	2	5999	4	0	next
Picture	move	other				20154841	2	50156	3	0	next
Picture	loadClose	other				20204997	1	76649	2	0	next
Picture	view	other				20281646	1	7832	2	0	next
Picture	move	other				20289478	1	50155	2	0	next
Picture	loadClose	other				20339633	1	129472	2	0	next
Picture	view	other				20469105	1	6650	184	0	next
Picture	move	other				20475755	183	50170	184	0	next
Picture	loadClose	other				20525925	1	7665	2	0	next
Picture	wrongHand	false_alarm	6	795	3	20533590	1	1000	2	0	next
Picture	loadClose	other				20534590	1	76316	2	0	next
Picture	view	other				20610906	1	5646	189	0	next
Picture	move	other				20616552	188	50175	189	0	next
Picture	loadClose	other				20666727	1	67485	2	0	next
Picture	view	other				20734212	1	6665	3	0	next
Picture	move	other				20740877	2	50156	3	0	next
Picture	loadClose	other				20791033	1	85314	2	0	next
Picture	wrongHand	false_alarm	7	11702	3	20876347	1	204455	2	0	next
Picture	loadClose	other				21080802	1	1499	2	0	next
Picture	wrongHand	false_alarm	5	1274	3	21082301	1	1666	3	0	next
Picture	loadClose	other				21083967	2	6999	3	0	next
Picture	wrongHand	false_alarm	6	1239	3	21090966	1	1333	2	0	next
Picture	loadClose	other				21092299	1	2999	2	0	next
Picture	wrongHand	false_alarm	6	2917	3	21095298	1	3000	2	0	next
Picture	loadClose	other				21098298	1	64985	2	0	next
Picture	view	other				21163283	1	11331	3	0	next
Picture	move	other				21174614	2	50155	4	0	next
Picture	loadClose	other				21224769	2	58154	3	0	next
Picture	view	other				21282923	1	7665	2	0	next
Picture	move	other				21290588	1	50156	2	0	next
Picture	loadClose	other				21340744	1	72817	2	0	next
Picture	view	other				21413561	1	9164	3	0	next
Picture	move	other				21422725	2	50156	3	0	next
Picture	loadClose	other				21472881	1	87147	2	0	next
Picture	view	other				21560028	1	6152	182	0	next
Picture	move	other				21566180	181	50169	182	0	next
Picture	check	other				21616349	1	15496	3	0	next
Picture	loadClose	other				21631845	2	65652	4	0	next
Picture	view	other				21697497	2	7166	3	0	next
Picture	move	other				21704663	1	45656	2	0	next
Picture	loadClose	other				21750319	1	63819	2	0	next
Picture	view	other				21814138	1	6832	2	0	next
Picture	move	other				21820970	1	48489	2	0	next
Picture	check	other				21869459	1	2000	2	0	next
Picture	wrongHand	false_alarm	6	832	3	21871459	1	999	3	0	next
Picture	loadClose	other				21872458	2	87981	3	0	next
Picture	view	other				21960439	1	6332	2	0	next
Picture	move	other				21966771	1	50155	2	0	next
Picture	loadClose	other				22016926	1	72817	2	0	next
Picture	view	other				22089743	1	4999	3	0	next
Picture	move	other				22094742	2	46323	3	0	next
Picture	loadClose	other				22141065	1	55988	2	0	next
Picture	view	other				22197053	1	5998	3	0	next
Picture	move	other				22203051	2	50156	3	0	next
Picture	check	other				22253207	1	39158	2	0	next
Picture	loadClose	other				22292365	1	140635	2	0	next
Picture	wrongHand	false_alarm	6	84749	3	22433000	1	84981	2	0	next
Picture	loadClose	other				22517981	1	411	258	0	next
Picture	wrongHand	false_alarm	6	3907	259	22518392	257	4088	258	0	next
Picture	loadClose	other				22522480	1	67985	2	0	next
Picture	view	other				22590465	1	9165	2	0	next
Picture	move	other				22599630	1	50155	2	0	next
Picture	loadClose	other				22649785	1	75150	2	0	next
Picture	view	other				22724935	1	9165	2	0	next
Picture	move	other				22734100	1	50155	2	0	next
Picture	loadClose	other				22784255	1	71151	2	0	next
Picture	view	other				22855406	1	6999	2	0	next
Picture	move	other				22862405	1	50155	2	0	next
Picture	loadClose	other				22912560	1	86814	2	0	next
Picture	view	other				22999374	1	8152	182	0	next
Picture	move	other				23007526	181	50168	182	0	next
Picture	endBlock	other				23057694	1	30160	2	0	next
Picture	begin	other				23087854	1	282271	2	0	next
Picture	loadClose	other				23370125	1	42823	3	0	next
Picture	view	other				23412948	2	5166	3	0	next
Picture	move	other				23418114	1	50155	3	0	next
Picture	loadClose	other				23468269	2	73984	3	0	next
Picture	view	other				23542253	1	4999	2	0	next
Picture	move	other				23547252	1	42157	2	0	next
Picture	loadClose	other				23589409	1	60320	3	0	next
Picture	view	other				23649729	2	5639	196	0	next
Picture	move	other				23655368	194	48682	195	0	next
Picture	loadClose	other				23704050	1	59986	3	0	next
Picture	view	other				23764036	2	4833	3	0	next
Picture	move	other				23768869	1	50156	2	0	next
Picture	loadClose	other				23819025	1	73816	3	0	next
Picture	view	other				23892841	2	10998	3	0	next
Picture	move	other				23903839	1	41657	3	0	next
Picture	loadClose	other				23945496	2	45656	4	0	next
Picture	view	other				23991152	2	3500	4	0	next
Picture	move	other				23994652	2	39991	3	0	next
Picture	loadClose	other				24034643	1	40158	3	0	next
Picture	view	other				24074801	2	5499	3	0	next
Picture	move	other				24080300	1	49989	2	0	next
Picture	loadClose	other				24130289	1	36825	2	0	next
Picture	view	other				24167114	1	5332	2	0	next
Picture	move	other				24172446	1	38325	2	0	next
Picture	check	other				24210771	1	500	2	0	next
Picture	loadClose	other				24211271	1	38324	3	0	next
Picture	view	other				24249595	2	6166	3	0	next
Picture	move	other				24255761	1	31659	2	0	next
Picture	check	other				24287420	1	30660	2	0	next
Picture	loadClose	other				24318080	1	33659	2	0	next
Picture	view	other				24351739	1	5832	3	0	next
Picture	move	other				24357571	2	40658	3	0	next
Picture	check	other				24398229	1	2499	2	0	next
Picture	loadClose	other				24400728	1	47823	2	0	next
Picture	view	other				24448551	1	4332	3	0	next
Picture	move	other				24452883	2	41158	3	0	next
Picture	loadClose	other				24494041	1	51655	2	0	next
Picture	view	other				24545696	1	5332	3	0	next
Picture	move	other				24551028	2	38658	3	0	next
Picture	loadClose	other				24589686	1	51156	2	0	next
Picture	view	other				24640842	1	3998	3	0	next
Picture	move	other				24644840	2	33660	4	0	next
Picture	loadClose	other				24678500	2	48989	4	0	next
Picture	view	other				24727489	2	4832	3	0	next
Picture	move	other				24732321	1	37658	2	0	next
Picture	loadClose	other				24769979	1	45990	2	0	next
Picture	view	other				24815969	1	4666	2	0	next
Picture	move	other				24820635	1	34159	2	0	next
Picture	loadClose	other				24854794	1	49822	2	0	next
Picture	view	other				24904616	1	5665	3	0	next
Picture	move	other				24910281	2	31327	3	0	next
Picture	loadClose	other				24941608	1	43156	3	0	next
Picture	view	other				24984764	2	4167	3	0	next
Picture	move	other				24988931	1	33492	2	0	next
Picture	loadClose	other				25022423	1	41324	2	0	next
Picture	view	other				25063747	1	4306	29	0	next
Picture	move	other				25068053	28	48183	29	0	next
Picture	loadClose	other				25116236	1	64985	2	0	next
Picture	view	other				25181221	1	4832	3	0	next
Picture	move	other				25186053	2	46145	15	0	next
Picture	loadClose	other				25232198	13	46335	14	0	next
Picture	view	other				25278533	1	5332	2	0	next
Picture	move	other				25283865	1	43323	3	0	next
Picture	loadClose	other				25327188	2	57988	3	0	next
Picture	view	other				25385176	1	7331	3	0	next
Picture	move	other				25392507	2	49323	3	0	next
Picture	loadClose	other				25441830	1	43323	2	0	next
Picture	view	other				25485153	1	6320	181	0	next
Picture	move	other				25491473	180	33505	181	0	next
Picture	loadClose	other				25524978	1	37991	2	0	next
Picture	view	other				25562969	1	5832	3	0	next
Picture	move	other				25568801	2	30660	3	0	next
Picture	loadClose	other				25599461	1	43490	3	0	next
Picture	view	other				25642951	2	3640	196	0	next
Picture	move	other				25646591	194	32519	195	0	next
Picture	check	other				25679110	1	500	2	0	next
Picture	loadClose	other				25679610	1	37991	3	0	next
Picture	view	other				25717601	2	3308	196	0	next
Picture	move	other				25720909	194	30185	195	0	next
Picture	loadClose	other				25751094	1	51822	2	0	next
Picture	view	other				25802916	1	3666	2	0	next
Picture	move	other				25806582	1	32492	3	0	next
Picture	endSession	other				25839074	2	35746	3	0	next
