Scenario - opto_replant
Logfile written - 12/09/2014 10:44:13

Subject	Trial	Event Type	Code	Time	TTime	Uncertainty	Duration	Uncertainty	ReqTime	ReqDur	Stim Type	Pair Index

03_39	1	Picture	begin	332	0	2	569022	181	0	next	other	0
03_39	1	Response	5	77400	77068	2
03_39	1	Response	7	82610	82278	2
03_39	1	Response	5	88290	87958	1
03_39	1	Response	7	93470	93138	1
03_39	1	Response	5	96620	96288	1
03_39	1	Response	7	100139	99807	2
03_39	1	Response	6	273374	273042	2
03_39	1	Response	8	273964	273632	2
03_39	1	Response	6	275584	275252	2
03_39	1	Response	5	294724	294392	1
03_39	1	Response	7	306743	306411	2
03_39	1	Response	5	308013	307681	2
03_39	1	Response	7	467318	466986	2
03_39	1	Response	5	536766	536434	2
03_39	1	Response	9	569295	568963	2
03_39	2	Picture	loadClose	569354	0	179	76159	181	0	next	other	0
03_39	2	Response	9	645333	75979	2
03_39	3	Picture	view	645513	0	2	8499	3	0	next	other	0
03_39	3	Response	7	653793	8280	2
03_39	4	Picture	move	654012	0	1	40657	2	0	next	other	0
03_39	4	Response	5	694592	40580	2
03_39	5	Picture	check	694669	0	1	16829	2	0	next	other	0
03_39	5	Response	2	711391	16722	3
03_39	6	Picture	loadClose	711498	0	1	39157	3	0	next	other	0
03_39	6	Response	9	750520	39022	2
03_39	7	Picture	view	750655	0	2	8998	4	0	next	other	0
03_39	7	Response	7	759500	8845	1
03_39	8	Picture	move	759653	0	2	37325	3	0	next	other	0
03_39	8	Response	2	796670	37017	1
03_39	8	Response	5	796839	37186	1
03_39	9	Picture	loadClose	796978	0	1	48822	2	0	next	other	0
03_39	9	Response	9	845757	48779	2
03_39	10	Picture	view	845800	0	1	8664	3	0	next	other	0
03_39	10	Response	7	854227	8427	2
03_39	11	Picture	move	854464	0	2	39158	3	0	next	other	0
03_39	11	Response	2	887548	33084	1
03_39	11	Response	5	893516	39052	1
03_39	12	Picture	loadClose	893622	0	1	51987	3	0	next	other	0
03_39	12	Response	9	945504	51882	2
03_39	13	Picture	view	945609	0	2	6999	3	0	next	other	0
03_39	13	Response	7	952414	6805	2
03_39	14	Picture	move	952608	0	1	33325	2	0	next	other	0
03_39	14	Response	2	979545	26937	1
03_39	14	Response	5	985813	33205	2
03_39	15	Picture	loadClose	985933	0	1	42990	2	0	next	other	0
03_39	15	Response	9	1028782	42849	1
03_39	16	Picture	view	1028923	0	1	6998	3	0	next	other	0
03_39	16	Response	7	1035671	6748	2
03_39	17	Picture	move	1035921	0	2	34605	224	0	next	other	0
03_39	17	Response	2	1064982	29061	1
03_39	17	Response	5	1070480	34559	2
03_39	18	Picture	loadClose	1070526	0	222	55874	223	0	next	other	0
03_39	18	Response	9	1126359	55833	1
03_39	19	Picture	view	1126400	0	1	6665	3	0	next	other	0
03_39	19	Response	7	1132868	6468	2
03_39	20	Picture	move	1133065	0	2	34761	68	0	next	other	0
03_39	20	Response	2	1161779	28714	1
03_39	20	Response	5	1167787	34722	2
03_39	21	Picture	loadClose	1167826	0	66	53552	67	0	next	other	0
03_39	21	Response	9	1221196	53370	2
03_39	22	Picture	view	1221378	0	1	5998	3	0	next	other	0
03_39	22	Response	7	1227216	5838	2
03_39	23	Picture	move	1227376	0	2	34326	3	0	next	other	0
03_39	23	Response	2	1253937	26561	1
03_39	23	Response	5	1261505	34129	1
03_39	24	Picture	loadClose	1261702	0	1	54653	3	0	next	other	0
03_39	24	Response	9	1316233	54531	2
03_39	25	Picture	view	1316355	0	2	4815	188	0	next	other	0
03_39	25	Response	7	1321093	4738	1
03_39	26	Picture	move	1321170	0	186	32820	377	0	next	other	0
03_39	26	Response	2	1343374	22204	1
03_39	26	Response	5	1353942	32772	2
03_39	27	Picture	loadClose	1353990	0	191	81837	192	0	next	other	0
03_39	27	Response	9	1435669	81679	2
03_39	28	Picture	view	1435827	0	1	5832	3	0	next	other	0
03_39	28	Response	7	1441449	5622	2
03_39	29	Picture	move	1441659	0	2	31659	4	0	next	other	0
03_39	29	Response	2	1466090	24431	1
03_39	29	Response	5	1473098	31439	2
03_39	30	Picture	loadClose	1473318	0	2	69651	3	0	next	other	0
03_39	30	Response	9	1542856	69538	2
03_39	31	Picture	view	1542969	0	1	5832	2	0	next	other	0
03_39	31	Response	7	1548566	5597	2
03_39	32	Picture	move	1548801	0	1	36324	3	0	next	other	0
03_39	32	Response	2	1579047	30246	1
03_39	32	Response	5	1584965	36164	2
03_39	33	Picture	loadClose	1585125	0	2	53821	3	0	next	other	0
03_39	33	Response	9	1638863	53738	2
03_39	34	Picture	view	1638946	0	1	5165	3	0	next	other	0
03_39	34	Response	7	1643943	4997	2
03_39	35	Picture	move	1644111	0	2	29993	4	0	next	other	0
03_39	35	Response	2	1667524	23413	1
03_39	35	Response	5	1673932	29821	2
03_39	36	Picture	loadClose	1674104	0	2	49989	3	0	next	other	0
03_39	36	Response	9	1724071	49967	1
03_39	37	Picture	view	1724093	0	1	5997	4	0	next	other	0
03_39	37	Response	7	1729960	5867	2
03_39	38	Picture	move	1730090	0	3	32767	231	0	next	other	0
03_39	38	Response	2	1758881	28791	1
03_39	38	Response	5	1762819	32729	2
03_39	39	Picture	loadClose	1762857	0	228	54380	229	0	next	other	0
03_39	39	Response	9	1817098	54241	2
03_39	40	Picture	view	1817237	0	1	5666	2	0	next	other	0
03_39	40	Response	7	1822678	5441	1
03_39	41	Picture	move	1822903	0	1	37823	3	0	next	other	0
03_39	41	Response	2	1858558	35655	1
03_39	41	Response	5	1860547	37644	1
03_39	42	Picture	loadClose	1860726	0	2	56488	3	0	next	other	0
03_39	42	Response	9	1917155	56429	2
03_39	43	Picture	view	1917214	0	1	5332	2	0	next	other	0
03_39	43	Response	7	1922325	5111	1
03_39	44	Picture	move	1922546	0	1	34158	3	0	next	other	0
03_39	44	Response	2	1947356	24810	1
03_39	44	Response	5	1956584	34038	1
03_39	45	Picture	loadClose	1956704	0	2	51322	3	0	next	other	0
03_39	45	Response	9	2007922	51218	2
03_39	46	Picture	view	2008026	0	1	5498	3	0	next	other	0
03_39	46	Response	7	2013412	5386	2
03_39	47	Picture	move	2013524	0	2	32135	194	0	next	other	0
03_39	47	Response	2	2039833	26309	1
03_39	47	Response	5	2045611	32087	2
03_39	48	Picture	loadClose	2045659	0	192	49013	193	0	next	other	0
03_39	48	Response	9	2094550	48891	2
03_39	48	Response	9	2094559	48900	9
03_39	49	Picture	view	2094672	0	1	5499	2	0	next	other	0
03_39	49	Response	7	2099909	5237	2
03_39	50	Picture	move	2100171	0	1	33825	2	0	next	other	0
03_39	50	Response	2	2126870	26699	1
03_39	50	Response	5	2133868	33697	2
03_39	51	Picture	loadClose	2133996	0	1	48655	2	0	next	other	0
03_39	51	Response	9	2182547	48551	2
03_39	52	Picture	view	2182651	0	1	5332	3	0	next	other	0
03_39	52	Response	7	2187767	5116	1
03_39	53	Picture	move	2187983	0	2	34159	3	0	next	other	0
03_39	53	Response	2	2211028	23045	1
03_39	53	Response	5	2221936	33953	1
03_39	54	Picture	loadClose	2222142	0	1	49488	2	0	next	other	0
03_39	54	Response	9	2271484	49342	2
03_39	55	Picture	view	2271630	0	1	5666	2	0	next	other	0
03_39	55	Response	7	2277124	5494	2
03_39	56	Picture	move	2277296	0	1	33825	2	0	next	other	0
03_39	56	Response	2	2299985	22689	1
03_39	56	Response	5	2310933	33637	2
03_39	57	Picture	loadClose	2311121	0	1	51654	3	0	next	other	0
03_39	57	Response	9	2362621	51500	2
03_39	58	Picture	view	2362775	0	2	5499	3	0	next	other	0
03_39	58	Response	7	2368181	5406	2
03_39	59	Picture	move	2368274	0	1	32624	204	0	next	other	0
03_39	59	Response	2	2391022	22748	1
03_39	59	Response	5	2400860	32586	2
03_39	60	Picture	loadClose	2400898	0	203	49023	205	0	next	other	0
03_39	60	Response	9	2449789	48891	2
03_39	61	Picture	view	2449921	0	2	4999	4	0	next	other	0
03_39	61	Response	7	2454759	4838	1
03_39	62	Picture	move	2454920	0	2	32326	3	0	next	other	0
03_39	62	Response	2	2480940	26020	1
03_39	62	Response	5	2487108	32188	1
03_39	63	Picture	loadClose	2487246	0	1	50821	2	0	next	other	0
03_39	63	Response	9	2537956	50710	2
03_39	64	Picture	view	2538067	0	1	5999	3	0	next	other	0
03_39	64	Response	7	2543836	5769	2
03_39	65	Picture	move	2544066	0	2	35158	3	0	next	other	0
03_39	65	Response	2	2571657	27591	1
03_39	65	Response	5	2579075	35009	2
03_39	66	Picture	loadClose	2579224	0	1	52988	2	0	next	other	0
03_39	66	Response	9	2632073	52849	2
03_39	67	Picture	view	2632212	0	1	4832	2	0	next	other	0
03_39	67	Response	7	2636793	4581	2
03_39	68	Picture	move	2637044	0	1	31659	2	0	next	other	0
03_39	68	Response	2	2662374	25330	1
03_39	68	Response	5	2668542	31498	2
03_39	69	Picture	loadClose	2668703	0	1	40324	2	0	next	other	0
03_39	69	Response	9	2708841	40138	2
03_39	70	Picture	view	2709027	0	1	4832	3	0	next	other	0
03_39	70	Response	7	2713681	4654	2
03_39	71	Picture	move	2713859	0	2	30993	3	0	next	other	0
03_39	71	Response	2	2742532	28673	1
03_39	71	Response	5	2744640	30781	2
03_39	72	Picture	loadClose	2744852	0	1	5332	2	0	next	other	0
03_39	72	Response	7	2750080	5228	2
03_39	73	Picture	wrongHand	2750184	0	1	29160	2	0	next	false_alarm	183
03_39	73	Response	5	2779139	28955	2
03_39	74	Picture	loadClose	2779344	0	1	2666	2	0	next	other	0
03_39	74	Response	7	2781919	2575	2
03_39	75	Picture	wrongHand	2782010	0	1	343	325	0	next	false_alarm	187
03_39	75	Response	5	2782289	279	2
03_39	76	Picture	loadClose	2782353	0	324	2656	326	0	next	other	0
03_39	76	Response	7	2784849	2496	2
03_39	77	Picture	wrongHand	2785009	0	2	20329	3	0	next	false_alarm	191
03_39	77	Response	5	2805198	20189	2
03_39	78	Picture	loadClose	2805338	0	1	3166	2	0	next	other	0
03_39	78	Response	7	2808338	3000	2
03_39	79	Picture	wrongHand	2808504	0	1	666	2	0	next	false_alarm	195
03_39	79	Response	5	2808968	464	2
03_39	80	Picture	loadClose	2809170	0	1	53654	2	0	next	other	0
03_39	80	Response	9	2862726	53556	2
03_39	81	Picture	view	2862824	0	1	7498	3	0	next	other	0
03_39	81	Response	7	2870186	7362	2
03_39	82	Picture	move	2870322	0	2	32826	3	0	next	other	0
03_39	82	Response	2	2897087	26765	1
03_39	82	Response	5	2903065	32743	2
03_39	83	Picture	endBlock	2903148	0	1	30159	3	0	next	other	0
03_39	83	Response	7	2910575	7427	2
03_39	83	Response	5	2912925	9777	2
03_39	83	Response	7	2919675	16527	1
03_39	83	Response	8	2924125	20977	2
03_39	84	Picture	begin	2933307	0	2	250441	4	0	next	other	0
03_39	84	Response	5	3102739	169432	2
03_39	84	Response	6	3106309	173002	2
03_39	84	Response	9	3183557	250250	2
03_39	85	Picture	loadClose	3183748	0	2	85813	4	0	next	other	0
03_39	85	Response	9	3269414	85666	2
03_39	86	Picture	view	3269561	0	2	643	194	0	next	other	0
03_39	86	Response	7	3270124	563	2
03_39	87	Picture	move	3270204	0	192	45336	370	0	next	other	0
03_39	87	Response	2	3304113	33909	3
03_39	87	Response	5	3315493	45289	2
03_39	88	Picture	loadClose	3315540	0	178	9675	179	0	next	other	0
03_39	88	Response	7	3325143	9603	1
03_39	89	Picture	wrongHand	3325215	0	1	34825	2	0	next	false_alarm	222
03_39	89	Response	5	3359812	34597	1
03_39	90	Picture	loadClose	3360040	0	1	80981	2	0	next	other	0
03_39	90	Response	9	3440969	80929	2
03_39	91	Picture	view	3441021	0	1	6665	2	0	next	other	0
03_39	91	Response	7	3447539	6518	2
03_39	92	Picture	move	3447686	0	1	42657	2	0	next	other	0
03_39	92	Response	2	3476270	28584	1
03_39	92	Response	5	3490128	42442	1
03_39	93	Picture	loadClose	3490343	0	1	31826	2	0	next	other	0
03_39	93	Response	7	3522107	31764	1
03_39	94	Picture	wrongHand	3522169	0	1	50988	2	0	next	false_alarm	233
03_39	94	Response	5	3573015	50846	2
03_39	95	Picture	loadClose	3573157	0	1	5998	3	0	next	other	0
03_39	95	Response	7	3579065	5908	2
03_39	96	Picture	wrongHand	3579155	0	2	1167	3	0	next	false_alarm	237
03_39	96	Response	5	3580175	1020	2
03_39	97	Picture	loadClose	3580322	0	1	19662	2	0	next	other	0
03_39	97	Response	7	3599824	19502	2
03_39	98	Picture	wrongHand	3599984	0	1	4998	3	0	next	false_alarm	241
03_39	98	Response	5	3604784	4800	2
03_39	99	Picture	loadClose	3604982	0	2	5666	3	0	next	other	0
03_39	99	Response	7	3610574	5592	2
03_39	100	Picture	wrongHand	3610648	0	1	40490	2	0	next	false_alarm	245
03_39	100	Response	5	3650943	40295	2
03_39	101	Picture	loadClose	3651138	0	1	63985	2	0	next	other	0
03_39	101	Response	9	3715011	63873	2
03_39	102	Picture	view	3715123	0	1	7498	3	0	next	other	0
03_39	102	Response	7	3722361	7238	1
03_39	103	Picture	move	3722621	0	2	50155	3	0	next	other	0
03_39	103	Response	3	3762019	39398	3
03_39	104	Picture	loadClose	3772776	0	1	88146	2	0	next	other	0
03_39	104	Response	9	3860747	87971	2
03_39	105	Picture	view	3860922	0	1	56987	2	0	next	other	0
03_39	105	Response	5	3911015	50093	2
03_39	105	Response	7	3917715	56793	2
03_39	106	Picture	move	3917909	0	1	4165	2	0	next	other	0
03_39	106	Response	5	3921925	4016	1
03_39	107	Picture	check	3922074	0	1	22328	2	0	next	other	0
03_39	107	Response	7	3944364	22290	2
03_39	108	Picture	wrongHand	3944402	0	1	69817	2	0	next	false_alarm	262
03_39	108	Response	3	3976893	32491	3
03_39	108	Response	5	4014102	69700	2
03_39	109	Picture	loadClose	4014219	0	1	20995	2	0	next	other	0
03_39	109	Response	7	4035041	20822	2
03_39	110	Picture	wrongHand	4035214	0	1	32992	3	0	next	false_alarm	267
03_39	110	Response	5	4068030	32816	2
03_39	111	Picture	loadClose	4068206	0	2	1333	4	0	next	other	0
03_39	111	Response	7	4069460	1254	2
03_39	112	Picture	wrongHand	4069539	0	2	55487	3	0	next	false_alarm	271
03_39	112	Response	5	4124949	55410	1
03_39	113	Picture	loadClose	4125026	0	1	71650	2	0	next	other	0
03_39	113	Response	9	4196526	71500	2
03_39	114	Picture	view	4196676	0	1	5665	3	0	next	other	0
03_39	114	Response	7	4202126	5450	2
03_39	115	Picture	move	4202341	0	2	50155	3	0	next	other	0
03_39	115	Response	2	4237685	35344	3
03_39	116	Picture	loadClose	4252496	0	1	87313	2	0	next	other	0
03_39	116	Response	9	4339782	87286	2
03_39	116	Response	9	4339802	87306	2
03_39	117	Picture	view	4339809	0	1	55320	3	0	next	other	0
03_39	117	Response	2	4379923	40114	1
03_39	117	Response	5	4389211	49402	1
03_39	117	Response	7	4394960	55151	3
03_39	118	Picture	move	4395129	0	2	5332	4	0	next	other	0
03_39	118	Response	5	4400400	5271	2
03_39	119	Picture	check	4400461	0	2	69151	3	0	next	other	0
03_39	119	Response	2	4469520	69059	1
03_39	120	Picture	loadClose	4469612	0	1	45822	2	0	next	other	0
03_39	120	Response	9	4515287	45675	2
03_39	121	Picture	view	4515434	0	1	6499	2	0	next	other	0
03_39	121	Response	7	4521787	6353	1
03_39	122	Picture	move	4521933	0	1	40823	3	0	next	other	0
03_39	122	Response	2	4560237	38304	1
03_39	122	Response	5	4562605	40672	2
03_39	123	Picture	loadClose	4562756	0	2	62152	4	0	next	other	0
03_39	123	Response	7	4624894	62138	1
03_39	124	Picture	wrongHand	4624908	0	2	32993	3	0	next	false_alarm	299
03_39	124	Response	5	4657813	32905	1
03_39	125	Picture	loadClose	4657901	0	1	10997	2	0	next	other	0
03_39	125	Response	7	4668882	10981	2
03_39	126	Picture	wrongHand	4668898	0	1	2500	2	0	next	false_alarm	303
03_39	126	Response	5	4671302	2404	2
03_39	127	Picture	loadClose	4671398	0	1	45489	2	0	next	other	0
03_39	127	Response	9	4716721	45323	2
03_39	128	Picture	view	4716887	0	1	7998	2	0	next	other	0
03_39	128	Response	7	4724771	7884	1
03_39	129	Picture	move	4724885	0	1	50155	2	0	next	other	0
03_39	129	Response	2	4753992	29107	1
03_39	130	Picture	loadClose	4775040	0	1	212616	2	0	next	other	0
03_39	130	Response	5	4780189	5149	2
03_39	130	Response	7	4987603	212563	1
03_39	131	Picture	wrongHand	4987656	0	1	39991	2	0	next	false_alarm	314
03_39	131	Response	5	5027531	39875	2
03_39	132	Picture	loadClose	5027647	0	1	12830	2	0	next	other	0
03_39	132	Response	7	5040351	12704	2
03_39	133	Picture	wrongHand	5040477	0	1	98810	2	0	next	false_alarm	318
03_39	133	Response	5	5139098	98621	2
03_39	134	Picture	loadClose	5139287	0	1	3166	2	0	next	other	0
03_39	134	Response	7	5142378	3091	2
03_39	135	Picture	wrongHand	5142453	0	1	17996	2	0	next	false_alarm	322
03_39	135	Response	5	5160318	17865	1
03_39	136	Picture	loadClose	5160449	0	1	6165	2	0	next	other	0
03_39	136	Response	7	5166557	6108	2
03_39	137	Picture	wrongHand	5166614	0	1	45323	2	0	next	false_alarm	326
03_39	137	Response	5	5211766	45152	2
03_39	138	Picture	loadClose	5211937	0	1	7998	2	0	next	other	0
03_39	138	Response	7	5219796	7859	2
03_39	139	Picture	wrongHand	5219935	0	1	207617	3	0	next	false_alarm	330
03_39	139	Response	5	5427429	207494	2
03_39	140	Picture	loadClose	5427552	0	2	2333	3	0	next	other	0
03_39	140	Response	7	5429769	2217	2
03_39	141	Picture	wrongHand	5429885	0	1	18163	2	0	next	false_alarm	334
03_39	141	Response	5	5447969	18084	2
03_39	142	Picture	loadClose	5448048	0	1	7331	2	0	next	other	0
03_39	142	Response	7	5455359	7311	2
03_39	143	Picture	wrongHand	5455379	0	1	24661	2	0	next	false_alarm	338
03_39	143	Response	5	5479828	24449	2
03_39	144	Picture	loadClose	5480040	0	1	9831	2	0	next	other	0
03_39	144	Response	7	5489838	9798	1
03_39	145	Picture	wrongHand	5489871	0	1	28827	2	0	next	false_alarm	342
03_39	145	Response	5	5518487	28616	2
03_39	146	Picture	loadClose	5518698	0	1	6665	2	0	next	other	0
03_39	146	Response	7	5525207	6509	1
03_39	147	Picture	wrongHand	5525363	0	1	112473	2	0	next	false_alarm	346
03_39	147	Response	5	5637683	112320	2
03_39	148	Picture	loadClose	5637836	0	1	26494	2	0	next	other	0
03_39	148	Response	7	5664212	26376	2
03_39	149	Picture	wrongHand	5664330	0	1	26994	2	0	next	false_alarm	350
03_39	149	Response	5	5691242	26912	2
03_39	150	Picture	loadClose	5691324	0	1	10497	2	0	next	other	0
03_39	150	Response	7	5701711	10387	2
03_39	151	Picture	wrongHand	5701821	0	1	16996	2	0	next	false_alarm	354
03_39	151	Response	5	5718701	16880	2
03_39	152	Picture	loadClose	5718817	0	1	2666	2	0	next	other	0
03_39	152	Response	7	5721331	2514	1
03_39	153	Picture	wrongHand	5721483	0	1	8997	3	0	next	false_alarm	358
03_39	153	Response	5	5730400	8917	2
03_39	154	Picture	loadClose	5730480	0	2	15831	3	0	next	other	0
03_39	154	Response	7	5746260	15780	2
03_39	155	Picture	wrongHand	5746311	0	1	6665	2	0	next	false_alarm	362
03_39	155	Response	5	5752770	6459	1
03_39	156	Picture	loadClose	5752976	0	1	17329	2	0	next	other	0
03_39	156	Response	7	5770179	17203	2
03_39	157	Picture	wrongHand	5770305	0	1	20329	2	0	next	false_alarm	366
03_39	157	Response	5	5790519	20214	1
03_39	158	Picture	loadClose	5790634	0	1	7664	3	0	next	other	0
03_39	158	Response	7	5798208	7574	2
03_39	159	Picture	wrongHand	5798298	0	2	8147	188	0	next	false_alarm	370
03_39	159	Response	5	5806398	8100	2
03_39	160	Picture	loadClose	5806445	0	186	6017	187	0	next	other	0
03_39	160	Response	7	5812378	5933	2
03_39	161	Picture	wrongHand	5812462	0	1	123637	2	0	next	false_alarm	374
03_39	161	Response	5	5935954	123492	2
03_39	162	Picture	loadClose	5936099	0	1	667	2	0	next	other	0
03_39	162	Response	7	5936684	585	2
03_39	163	Picture	wrongHand	5936766	0	1	5998	3	0	next	false_alarm	378
03_39	163	Response	5	5942614	5848	2
03_39	164	Picture	loadClose	5942764	0	2	129470	3	0	next	other	0
03_39	164	Response	9	6072080	129316	2
03_39	165	Picture	view	6072234	0	1	12497	2	0	next	other	0
03_39	165	Response	7	6084550	12316	2
03_39	166	Picture	move	6084731	0	1	50155	2	0	next	other	0
03_39	166	Response	2	6115709	30978	3
03_39	167	Picture	loadClose	6134886	0	1	80147	3	0	next	other	0
03_39	167	Response	5	6139578	4692	2
03_39	167	Response	9	6214966	80080	2
03_39	168	Picture	view	6215033	0	2	7832	3	0	next	other	0
03_39	168	Response	7	6222656	7623	1
03_39	169	Picture	move	6222865	0	1	44656	2	0	next	other	0
03_39	169	Response	2	6251227	28362	1
03_39	169	Response	5	6267384	44519	2
03_39	170	Picture	loadClose	6267521	0	1	129803	2	0	next	other	0
03_39	170	Response	9	6397200	129679	2
03_39	171	Picture	view	6397324	0	1	7331	3	0	next	other	0
03_39	171	Response	7	6404530	7206	2
03_39	172	Picture	move	6404655	0	2	50155	3	0	next	other	0
03_39	172	Response	2	6433781	29126	1
03_39	173	Picture	loadClose	6454810	0	1	10831	2	0	next	other	0
03_39	173	Response	5	6455029	219	1
03_39	173	Response	7	6465568	10758	2
03_39	174	Picture	wrongHand	6465641	0	1	34992	2	0	next	false_alarm	403
03_39	174	Response	5	6500477	34836	2
03_39	175	Picture	loadClose	6500633	0	1	11330	2	0	next	other	0
03_39	175	Response	7	6511827	11194	2
03_39	176	Picture	wrongHand	6511963	0	1	13164	2	0	next	false_alarm	407
03_39	176	Response	5	6524997	13034	1
03_39	177	Picture	loadClose	6525127	0	1	7831	3	0	next	other	0
03_39	177	Response	7	6532866	7739	2
03_39	178	Picture	wrongHand	6532958	0	2	37991	4	0	next	false_alarm	411
03_39	178	Response	5	6570735	37777	2
03_39	179	Picture	loadClose	6570949	0	2	97977	3	0	next	other	0
03_39	179	Response	9	6668902	97953	2
03_39	180	Picture	view	6668926	0	1	7165	3	0	next	other	0
03_39	180	Response	7	6675912	6986	2
03_39	181	Picture	move	6676091	0	2	48156	3	0	next	other	0
03_39	181	Response	3	6710731	34640	3
03_39	181	Response	5	6724021	47930	1
03_39	182	Picture	loadClose	6724247	0	1	83813	2	0	next	other	0
03_39	182	Response	9	6807928	83681	2
03_39	183	Picture	view	6808060	0	1	11164	3	0	next	other	0
03_39	183	Response	7	6819128	11068	1
03_39	184	Picture	move	6819224	0	2	46989	3	0	next	other	0
03_39	184	Response	2	6856328	37104	1
03_39	184	Response	5	6866136	46912	2
03_39	185	Picture	loadClose	6866213	0	1	10998	2	0	next	other	0
03_39	185	Response	7	6877036	10823	2
03_39	186	Picture	wrongHand	6877211	0	1	72149	2	0	next	false_alarm	429
03_39	186	Response	5	6949264	72053	2
03_39	187	Picture	loadClose	6949360	0	1	50155	2	0	next	other	0
03_39	187	Response	7	6999412	50052	2
03_39	188	Picture	wrongHand	6999515	0	1	75649	2	0	next	false_alarm	433
03_39	188	Response	9	7004902	5387	2
03_39	188	Response	5	7074970	75455	2
03_39	189	Picture	loadClose	7075164	0	1	60152	3	0	next	other	0
03_39	189	Response	9	7135158	59994	2
03_39	190	Picture	view	7135316	0	2	7332	4	0	next	other	0
03_39	190	Response	7	7142408	7092	2
03_39	191	Picture	move	7142648	0	2	50155	3	0	next	other	0
03_39	191	Response	2	7183037	40389	3
03_39	192	Picture	loadClose	7192803	0	1	231945	2	0	next	other	0
03_39	192	Response	5	7409810	217007	2
03_39	192	Response	7	7424680	231877	1
03_39	193	Picture	wrongHand	7424748	0	1	17496	2	0	next	false_alarm	445
03_39	193	Response	5	7442119	17371	2
03_39	194	Picture	loadClose	7442244	0	1	82481	2	0	next	other	0
03_39	194	Response	9	7524547	82303	1
03_39	194	Response	9	7524567	82323	1
03_39	195	Picture	view	7524725	0	1	6665	2	0	next	other	0
03_39	195	Response	7	7531266	6541	2
03_39	196	Picture	move	7531390	0	1	47655	3	0	next	other	0
03_39	196	Response	2	7562225	30835	3
03_39	196	Response	5	7578835	47445	2
03_39	197	Picture	loadClose	7579045	0	2	2000	3	0	next	other	0
03_39	197	Response	7	7580895	1850	2
03_39	198	Picture	wrongHand	7581045	0	1	833	2	0	next	false_alarm	457
03_39	198	Response	5	7581725	680	2
03_39	199	Picture	loadClose	7581878	0	1	69983	2	0	next	other	0
03_39	199	Response	9	7651823	69945	2
03_39	200	Picture	view	7651861	0	1	5999	2	0	next	other	0
03_39	200	Response	7	7657663	5802	1
03_39	201	Picture	move	7657860	0	1	50155	2	0	next	other	0
03_39	202	Picture	check	7708015	0	1	2166	2	0	next	other	0
03_39	202	Response	2	7710063	2048	1
03_39	203	Picture	loadClose	7710181	0	1	71650	2	0	next	other	0
03_39	203	Response	9	7781689	71508	2
03_39	204	Picture	view	7781831	0	1	75482	2	0	next	other	0
03_39	204	Response	2	7821739	39908	1
03_39	204	Response	5	7851707	69876	1
03_39	204	Response	7	7857107	75276	1
03_39	205	Picture	move	7857313	0	1	14830	2	0	next	other	0
03_39	205	Response	5	7872106	14793	2
03_39	206	Picture	check	7872143	0	1	16829	2	0	next	other	0
03_39	206	Response	7	7888876	16733	1
03_39	207	Picture	wrongHand	7888972	0	1	132635	2	0	next	false_alarm	476
03_39	207	Response	3	7909257	20285	1
03_39	207	Response	5	8021432	132460	1
03_39	208	Picture	loadClose	8021607	0	1	4832	3	0	next	other	0
03_39	208	Response	7	8026271	4664	2
03_39	209	Picture	wrongHand	8026439	0	2	21317	182	0	next	false_alarm	481
03_39	209	Response	5	8047711	21272	2
03_39	210	Picture	loadClose	8047756	0	180	64996	182	0	next	other	0
03_39	210	Response	9	8112589	64833	2
03_39	211	Picture	view	8112752	0	2	8332	3	0	next	other	0
03_39	211	Response	7	8120949	8197	1
03_39	212	Picture	move	8121084	0	1	50155	2	0	next	other	0
03_39	212	Response	2	8160607	39523	3
03_39	213	Picture	loadClose	8171239	0	1	68483	3	0	next	other	0
03_39	213	Response	9	8239555	68316	2
03_39	214	Picture	view	8239722	0	2	68318	3	0	next	other	0
03_39	214	Response	2	8293245	53523	1
03_39	214	Response	5	8298933	59211	2
03_39	214	Response	7	8307913	68191	2
03_39	215	Picture	move	8308040	0	1	6653	181	0	next	other	0
03_39	215	Response	5	8314663	6623	2
03_39	216	Picture	check	8314693	0	180	17508	181	0	next	other	0
03_39	216	Response	7	8332152	17459	2
03_39	217	Picture	wrongHand	8332201	0	1	50155	2	0	next	false_alarm	499
03_39	217	Response	2	8353883	21682	1
03_39	217	Response	5	8382201	50000	2
03_39	218	Picture	loadClose	8382356	0	1	21994	3	0	next	other	0
03_39	218	Response	7	8404280	21924	2
03_39	219	Picture	wrongHand	8404350	0	2	7665	3	0	next	false_alarm	504
03_39	219	Response	5	8411850	7500	2
03_39	220	Picture	loadClose	8412015	0	1	10331	2	0	next	other	0
03_39	220	Response	7	8422200	10185	2
03_39	221	Picture	wrongHand	8422346	0	1	80481	3	0	next	false_alarm	508
03_39	221	Response	5	8502647	80301	2
03_39	222	Picture	loadClose	8502827	0	2	4166	3	0	next	other	0
03_39	222	Response	7	8506817	3990	2
03_39	223	Picture	wrongHand	8506993	0	1	10997	2	0	next	false_alarm	512
03_39	223	Response	5	8517897	10904	1
03_39	224	Picture	loadClose	8517990	0	1	53321	2	0	next	other	0
03_39	224	Response	9	8571225	53235	2
03_39	224	Response	9	8571245	53255	2
03_39	225	Picture	view	8571311	0	1	7481	186	0	next	other	0
03_39	225	Response	7	8578705	7394	2
03_39	226	Picture	move	8578792	0	185	50171	187	0	next	other	0
03_39	226	Response	2	8609236	30444	1
03_39	227	Picture	loadClose	8628963	0	2	1500	4	0	next	other	0
03_39	227	Response	5	8629293	330	2
03_39	227	Response	7	8630393	1430	2
03_39	228	Picture	wrongHand	8630463	0	2	67303	185	0	next	false_alarm	524
03_39	228	Response	5	8697711	67248	2
03_39	229	Picture	loadClose	8697766	0	183	2161	871	0	next	other	0
03_39	229	Response	7	8699831	2065	2
03_39	230	Response	5	8699881	47	2
03_39	231	Picture	loadClose	8699927	0	688	36012	689	0	next	other	0
03_39	231	Response	7	8735830	35903	2
03_39	232	Picture	wrongHand	8735939	0	1	31659	2	0	next	false_alarm	531
03_39	232	Response	5	8767379	31440	2
03_39	233	Picture	loadClose	8767598	0	1	9664	2	0	next	other	0
03_39	233	Response	7	8777169	9571	2
03_39	234	Picture	wrongHand	8777262	0	1	42490	3	0	next	false_alarm	535
03_39	234	Response	5	8819568	42306	1
03_39	235	Picture	loadClose	8819752	0	2	5665	4	0	next	other	0
03_39	235	Response	7	8825357	5605	2
03_39	236	Picture	wrongHand	8825417	0	2	198	472	0	next	false_alarm	539
03_39	236	Response	5	8825567	150	2
03_39	237	Picture	loadClose	8825615	0	470	48458	471	0	next	other	0
03_39	237	Response	9	8873926	48311	2
03_39	237	Response	9	8873946	48331	2
03_39	238	Picture	view	8874073	0	1	7481	186	0	next	other	0
03_39	238	Response	7	8881476	7403	2
03_39	239	Picture	move	8881554	0	185	50172	186	0	next	other	0
03_39	239	Response	2	8924425	42871	2
03_39	240	Picture	loadClose	8931726	0	1	372412	2	0	next	other	0
03_39	240	Response	5	9302953	371227	2
03_39	240	Response	7	9304123	372397	2
03_39	241	Picture	wrongHand	9304138	0	1	677	658	0	next	false_alarm	551
03_39	241	Response	5	9304253	115	2
03_39	242	Response	7	9304315	8	485
03_39	242	Response	5	9304315	8	485
03_39	243	Picture	wrongHand	9304815	0	657	21984	659	0	next	false_alarm	555
03_39	243	Response	7	9308933	4118	2
03_39	243	Response	5	9326712	21897	2
03_39	244	Picture	loadClose	9326799	0	2	6166	3	0	next	other	0
03_39	244	Response	7	9332812	6013	2
03_39	245	Picture	wrongHand	9332965	0	1	4332	2	0	next	false_alarm	560
03_39	245	Response	5	9337152	4187	2
03_39	246	Picture	loadClose	9337297	0	1	14996	3	0	next	other	0
03_39	246	Response	7	9352252	14955	2
03_39	247	Picture	wrongHand	9352293	0	2	11998	3	0	next	false_alarm	564
03_39	247	Response	5	9364101	11808	2
03_39	248	Picture	loadClose	9364291	0	1	8831	2	0	next	other	0
03_39	248	Response	7	9373081	8790	2
03_39	249	Picture	wrongHand	9373122	0	1	6498	2	0	next	false_alarm	568
03_39	249	Response	5	9379501	6379	2
03_39	250	Picture	loadClose	9379620	0	1	14497	2	0	next	other	0
03_39	250	Response	7	9394010	14390	2
03_39	251	Picture	wrongHand	9394117	0	1	19495	2	0	next	false_alarm	572
03_39	251	Response	5	9413530	19413	2
03_39	252	Picture	loadClose	9413612	0	1	2833	2	0	next	other	0
03_39	252	Response	7	9416340	2728	2
03_39	253	Picture	wrongHand	9416445	0	1	2999	2	0	next	false_alarm	576
03_39	253	Response	5	9419330	2885	1
03_39	254	Picture	loadClose	9419444	0	1	80315	2	0	next	other	0
03_39	254	Response	9	9499657	80213	2
03_39	255	Picture	view	9499759	0	1	5815	186	0	next	other	0
03_39	255	Response	7	9505497	5738	2
03_39	256	Picture	move	9505574	0	185	50171	187	0	next	other	0
03_39	256	Response	2	9543926	38352	3
03_39	257	Picture	loadClose	9555745	0	2	69984	3	0	next	other	0
03_39	257	Response	9	9625683	69938	2
03_39	258	Picture	view	9625729	0	1	61819	2	0	next	other	0
03_39	258	Response	5	9684912	59183	1
03_39	258	Response	7	9687312	61583	1
03_39	259	Picture	move	9687548	0	1	8831	2	0	next	other	0
03_39	259	Response	5	9696211	8663	2
03_39	260	Picture	check	9696379	0	1	45656	2	0	next	other	0
03_39	260	Response	3	9741842	45463	1
03_39	261	Picture	loadClose	9742035	0	1	44656	2	0	next	other	0
03_39	261	Response	9	9786639	44604	2
03_39	262	Picture	view	9786691	0	1	7831	3	0	next	other	0
03_39	262	Response	7	9794298	7607	2
03_39	263	Picture	move	9794522	0	2	50155	4	0	next	other	0
03_39	264	Picture	check	9844677	0	2	23495	3	0	next	other	0
03_39	264	Response	3	9868078	23401	1
03_39	265	Picture	loadClose	9868172	0	1	69817	2	0	next	other	0
03_39	265	Response	9	9937844	69672	2
03_39	266	Picture	view	9937989	0	1	80481	2	0	next	other	0
03_39	266	Response	2	9976075	38086	1
03_39	266	Response	5	10013242	75253	2
03_39	266	Response	7	10018222	80233	1
03_39	267	Picture	move	10018470	0	1	2499	2	0	next	other	0
03_39	267	Response	5	10020872	2402	2
03_39	268	Picture	check	10020969	0	1	26660	3	0	next	other	0
03_39	268	Response	3	10047433	26464	1
03_39	269	Picture	loadClose	10047629	0	2	198787	3	0	next	other	0
03_39	269	Response	9	10246265	198636	2
03_39	270	Picture	view	10246416	0	1	6498	3	0	next	other	0
03_39	270	Response	7	10252755	6339	1
03_39	271	Picture	move	10252914	0	2	50155	3	0	next	other	0
03_39	271	Response	2	10302303	49389	3
03_39	272	Picture	loadClose	10303069	0	1	95978	2	0	next	other	0
03_39	272	Response	9	10398940	95871	2
03_39	273	Picture	view	10399047	0	1	60985	3	0	next	other	0
03_39	273	Response	2	10435901	36854	1
03_39	273	Response	5	10455369	56322	1
03_39	273	Response	7	10459898	60851	2
03_39	274	Picture	move	10460032	0	2	2833	3	0	next	other	0
03_39	274	Response	5	10462808	2776	2
03_39	275	Picture	check	10462865	0	1	30492	3	0	next	other	0
03_39	275	Response	3	10493179	30314	1
03_39	276	Picture	loadClose	10493357	0	2	64652	3	0	next	other	0
03_39	276	Response	9	10557975	64618	2
03_39	277	Picture	view	10558009	0	1	7165	2	0	next	other	0
03_39	277	Response	7	10565045	7036	2
03_39	278	Picture	move	10565174	0	1	40490	3	0	next	other	0
03_39	278	Response	2	10604216	39042	1
03_39	278	Response	5	10605574	40400	2
03_39	279	Picture	loadClose	10605664	0	2	83314	3	0	next	other	0
03_39	279	Response	9	10688932	83268	1
03_39	280	Picture	view	10688978	0	1	8651	183	0	next	other	0
03_39	280	Response	7	10697541	8563	2
03_39	281	Picture	move	10697629	0	182	50169	183	0	next	other	0
03_39	282	Picture	check	10747798	0	1	1499	2	0	next	other	0
03_39	282	Response	2	10749172	1374	1
03_39	283	Picture	loadClose	10749297	0	1	91645	2	0	next	other	0
03_39	283	Response	9	10840827	91530	2
03_39	284	Picture	view	10840942	0	1	62472	183	0	next	other	0
03_39	284	Response	5	10898985	58043	2
03_39	284	Response	7	10903335	62393	2
03_39	285	Picture	move	10903414	0	182	3346	183	0	next	other	0
03_39	285	Response	5	10906645	3231	2
03_39	286	Picture	check	10906760	0	1	24828	2	0	next	other	0
03_39	286	Response	3	10931406	24646	1
03_39	287	Picture	loadClose	10931588	0	1	70983	2	0	next	other	0
03_39	287	Response	7	11002422	70834	2
03_39	288	Picture	wrongHand	11002571	0	1	666	3	0	next	false_alarm	651
03_39	288	Response	5	11003122	551	2
03_39	289	Picture	loadClose	11003237	0	2	98	572	0	next	other	0
03_39	289	Response	7	11003332	95	2
03_39	290	Picture	wrongHand	11003335	0	570	2402	571	0	next	false_alarm	655
03_39	290	Response	5	11005582	2247	2
03_39	291	Picture	loadClose	11005737	0	1	1000	2	0	next	other	0
03_39	291	Response	7	11006652	915	2
03_39	292	Picture	wrongHand	11006737	0	1	676	659	0	next	false_alarm	659
03_39	292	Response	5	11007172	435	2
03_39	293	Response	7	11007218	1	181
03_39	294	Picture	wrongHand	11007413	0	658	1490	659	0	next	false_alarm	662
03_39	294	Response	5	11008742	1329	2
03_39	295	Picture	loadClose	11008903	0	1	666	2	0	next	other	0
03_39	295	Response	7	11009452	549	2
03_39	296	Picture	wrongHand	11009569	0	1	1539	797	0	next	false_alarm	666
03_39	296	Response	5	11009662	93	2
03_39	297	Response	7	11009707	1	691
03_39	298	Response	5	11010412	13	652
03_39	298	Response	7	11011080	681	28
03_39	299	Picture	loadClose	11011108	0	796	36452	797	0	next	other	0
03_39	299	Response	9	11047501	36393	2
03_39	300	Picture	view	11047560	0	1	49822	2	0	next	other	0
03_39	300	Response	5	11094079	46519	2
03_39	300	Response	7	11097269	49709	2
03_39	301	Picture	move	11097382	0	1	3999	2	0	next	other	0
03_39	301	Response	5	11101219	3837	2
03_39	302	Picture	check	11101381	0	1	16829	2	0	next	other	0
03_39	302	Response	3	11118119	16738	3
03_39	303	Picture	loadClose	11118210	0	1	117306	2	0	next	other	0
03_39	303	Response	9	11235475	117265	2
03_39	304	Picture	view	11235516	0	1	7165	2	0	next	other	0
03_39	304	Response	7	11242455	6939	2
03_39	305	Picture	move	11242681	0	1	46156	2	0	next	other	0
03_39	305	Response	5	11288644	45963	1
03_39	306	Picture	check	11288837	0	1	11996	3	0	next	other	0
03_39	306	Response	2	11300675	11838	1
03_39	307	Picture	loadClose	11300833	0	2	73317	3	0	next	other	0
03_39	307	Response	9	11374041	73208	2
03_39	308	Picture	view	11374150	0	1	6165	2	0	next	other	0
03_39	308	Response	7	11380191	6041	2
03_39	309	Picture	move	11380315	0	1	43490	2	0	next	other	0
03_39	309	Response	3	11414752	34437	1
03_39	309	Response	5	11423620	43305	1
03_39	310	Picture	loadClose	11423805	0	1	1499	3	0	next	other	0
03_39	310	Response	7	11425249	1444	2
03_39	311	Picture	wrongHand	11425304	0	2	4499	4	0	next	false_alarm	697
03_39	311	Response	5	11429589	4285	2
03_39	312	Picture	loadClose	11429803	0	2	37158	3	0	next	other	0
03_39	312	Response	7	11466908	37105	2
03_39	313	Picture	wrongHand	11466961	0	1	26494	2	0	next	false_alarm	701
03_39	313	Response	5	11493287	26326	2
03_39	314	Picture	loadClose	11493455	0	1	271603	2	0	next	other	0
03_39	314	Response	7	11764949	271494	2
03_39	315	Picture	wrongHand	11765058	0	1	1666	2	0	next	false_alarm	705
03_39	315	Response	5	11766579	1521	2
03_39	316	Picture	loadClose	11766724	0	1	171126	2	0	next	other	0
03_39	316	Response	9	11937734	171010	2
03_39	317	Picture	view	11937850	0	1	6999	2	0	next	other	0
03_39	317	Response	7	11944624	6774	2
03_39	318	Picture	move	11944849	0	1	48155	2	0	next	other	0
03_39	318	Response	2	11980973	36124	3
03_39	318	Response	5	11992812	47963	2
03_39	319	Picture	loadClose	11993004	0	1	36991	2	0	next	other	0
03_39	319	Response	7	12029891	36887	2
03_39	320	Picture	wrongHand	12029995	0	1	99477	2	0	next	false_alarm	716
03_39	320	Response	9	12077500	47505	2
03_39	320	Response	5	12129368	99373	2
03_39	321	Picture	loadClose	12129472	0	1	2499	2	0	next	other	0
03_39	321	Response	7	12131848	2376	2
03_39	322	Picture	wrongHand	12131971	0	1	2500	2	0	next	false_alarm	721
03_39	322	Response	5	12134328	2357	2
03_39	323	Picture	loadClose	12134471	0	1	47822	2	0	next	other	0
03_39	323	Response	9	12182137	47666	2
03_39	324	Picture	view	12182293	0	1	9331	2	0	next	other	0
03_39	324	Response	7	12191506	9213	2
03_39	325	Picture	move	12191624	0	1	47322	2	0	next	other	0
03_39	325	Response	2	12221286	29662	2
03_39	325	Response	5	12238865	47241	2
03_39	326	Picture	loadClose	12238946	0	1	91645	2	0	next	other	0
03_39	326	Response	9	12330492	91546	2
03_39	327	Picture	view	12330591	0	1	7165	2	0	next	other	0
03_39	327	Response	7	12337572	6981	2
03_39	328	Picture	move	12337756	0	1	48488	3	0	next	other	0
03_39	328	Response	2	12368963	31207	1
03_39	328	Response	5	12386121	48365	2
03_39	329	Picture	endBlock	12386244	0	2	30160	3	0	next	other	0
03_39	329	Response	7	12392930	6686	2
03_39	329	Response	5	12396000	9756	2
03_39	329	Response	7	12404960	18716	2
03_39	329	Response	5	12410630	24386	2
03_39	330	Picture	begin	12416404	0	1	6094396	2	0	next	other	0
03_39	330	Response	7	12430519	14115	2
03_39	330	Response	8	12439319	22915	2
03_39	330	Response	5	15591464	3175060	2
03_39	330	Response	7	15596764	3180360	2
03_39	330	Response	5	15603854	3187450	2
03_39	330	Response	6	15644843	3228439	2
03_39	330	Response	8	15652283	3235879	1
03_39	330	Response	6	15726550	3310146	2
03_39	330	Response	8	15744070	3327666	2
03_39	330	Response	7	15805338	3388934	2
03_39	330	Response	5	15816108	3399704	1
03_39	330	Response	7	15820868	3404464	1
03_39	330	Response	5	15827777	3411373	2
03_39	330	Response	7	15832477	3416073	2
03_39	330	Response	5	15882656	3466252	1
03_39	330	Response	6	15930514	3514110	2
03_39	330	Response	8	15962383	3545979	2
03_39	330	Response	6	16086220	3669816	1
03_39	330	Response	8	16100069	3683665	2
03_39	330	Response	6	16305603	3889199	2
03_39	330	Response	8	16335702	3919298	2
03_39	330	Response	6	16680582	4264178	1
03_39	330	Response	8	16686632	4270228	1
03_39	330	Response	6	16720850	4304446	2
03_39	330	Response	8	16721610	4305206	2
03_39	330	Response	6	16758539	4342135	2
03_39	330	Response	8	16766809	4350405	2
03_39	330	Response	6	16998592	4582188	2
03_39	330	Response	8	17006442	4590038	2
03_39	330	Response	6	17006662	4590258	2
03_39	330	Response	7	17025301	4608897	2
03_39	330	Response	5	17026801	4610397	2
03_39	330	Response	7	17040281	4623877	2
03_39	330	Response	5	17041661	4625257	2
03_39	330	Response	8	17486038	5069634	1
03_39	330	Response	6	17500727	5084323	2
03_39	330	Response	8	17507567	5091163	2
03_39	330	Response	6	17509607	5093203	2
03_39	330	Response	8	17511247	5094843	1
03_39	330	Response	6	17634833	5218429	2
03_39	330	Response	8	17635173	5218769	2
03_39	330	Response	6	17639283	5222879	2
03_39	330	Response	8	17640573	5224169	2
03_39	330	Response	6	17642043	5225639	2
03_39	330	Response	8	17642853	5226449	2
03_39	330	Response	6	17644233	5227829	2
03_39	330	Response	8	17645133	5228729	1
03_39	330	Response	7	18065400	5648996	2
03_39	330	Response	5	18075740	5659336	2
03_39	330	Response	7	18106549	5690145	2
03_39	330	Response	6	18122878	5706474	2
03_39	330	Response	8	18137428	5721024	2
03_39	330	Response	6	18394650	5978246	2
03_39	330	Response	9	18510607	6094203	2
03_39	331	Picture	loadClose	18510800	0	1	280767	2	0	next	other	0
03_39	331	Response	9	18791488	280688	2
03_39	332	Picture	view	18791567	0	1	208784	2	0	next	other	0
03_39	332	Response	5	18997502	205935	2
03_39	332	Response	7	19000292	208725	2
03_39	333	Picture	wrongHand	19000351	0	1	3000	2	0	next	false_alarm	802
03_39	333	Response	5	19003162	2811	2
03_39	334	Picture	loadClose	19003351	0	1	130136	2	0	next	other	0
03_39	334	Response	9	19133338	129987	2
03_39	335	Picture	view	19133487	0	1	8498	2	0	next	other	0
03_39	335	Response	8	19141778	8291	2
03_39	336	Picture	move	19141985	0	1	50154	3	0	next	other	0
03_39	336	Response	3	19185077	43092	2
03_39	337	Picture	loadClose	19192139	0	2	253940	4	0	next	other	0
03_39	337	Response	6	19199516	7377	2
03_39	337	Response	9	19445939	253800	2
03_39	338	Picture	view	19446079	0	2	6487	182	0	next	other	0
03_39	338	Response	8	19452478	6399	2
03_39	339	Picture	move	19452566	0	180	35337	181	0	next	other	0
03_39	339	Response	2	19481068	28502	2
03_39	339	Response	6	19487677	35111	2
03_39	340	Picture	loadClose	19487903	0	1	164128	2	0	next	other	0
03_39	340	Response	9	19651863	163960	1
03_39	341	Picture	view	19652031	0	1	5831	4	0	next	other	0
03_39	341	Response	8	19657682	5651	2
03_39	342	Picture	move	19657862	0	3	33326	5	0	next	other	0
03_39	342	Response	2	19690503	32641	1
03_39	342	Response	6	19691111	33249	2
03_39	343	Picture	loadClose	19691188	0	2	138634	3	0	next	other	0
03_39	343	Response	9	19829737	138549	2
03_39	344	Picture	view	19829822	0	1	4999	2	0	next	other	0
03_39	344	Response	8	19834627	4805	2
03_39	345	Picture	move	19834821	0	1	32992	3	0	next	other	0
03_39	345	Response	6	19867776	32955	2
03_39	346	Picture	check	19867813	0	2	7999	3	0	next	other	0
03_39	346	Response	2	19875778	7965	1
03_39	347	Picture	loadClose	19875812	0	1	65484	2	0	next	other	0
03_39	347	Response	9	19941194	65382	2
03_39	348	Picture	view	19941296	0	1	5165	3	0	next	other	0
03_39	348	Response	8	19946354	5058	1
03_39	349	Picture	move	19946461	0	2	30493	3	0	next	other	0
03_39	349	Response	6	19976893	30432	2
03_39	350	Picture	check	19976954	0	1	833	3	0	next	other	0
03_39	350	Response	2	19977695	741	1
03_39	351	Picture	loadClose	19977787	0	2	104976	3	0	next	other	0
03_39	351	Response	9	20082620	104833	1
03_39	352	Picture	view	20082763	0	1	6998	2	0	next	other	0
03_39	352	Response	8	20089509	6746	2
03_39	353	Picture	move	20089761	0	1	33659	2	0	next	other	0
03_39	353	Response	2	20117530	27769	1
03_39	353	Response	6	20123288	33527	2
03_39	354	Picture	loadClose	20123420	0	1	73482	3	0	next	other	0
03_39	354	Response	9	20196816	73396	2
03_39	355	Picture	view	20196902	0	2	5166	3	0	next	other	0
03_39	355	Response	8	20201916	5014	2
03_39	356	Picture	move	20202068	0	1	30326	2	0	next	other	0
03_39	356	Response	2	20225367	23299	1
03_39	356	Response	6	20232315	30247	2
03_39	357	Picture	loadClose	20232394	0	1	57986	3	0	next	other	0
03_39	357	Response	9	20290293	57899	2
03_39	358	Picture	view	20290380	0	2	6832	3	0	next	other	0
03_39	358	Response	8	20297073	6693	2
03_39	359	Picture	move	20297212	0	1	32659	2	0	next	other	0
03_39	359	Response	6	20329772	32560	2
03_39	360	Picture	check	20329871	0	1	2499	3	0	next	other	0
03_39	360	Response	2	20332244	2373	1
03_39	361	Picture	loadClose	20332370	0	2	62986	3	0	next	other	0
03_39	361	Response	9	20395190	62820	2
03_39	362	Picture	view	20395356	0	1	8164	3	0	next	other	0
03_39	362	Response	8	20403300	7944	2
03_39	363	Picture	move	20403520	0	2	28160	4	0	next	other	0
03_39	363	Response	6	20431479	27959	2
03_39	364	Picture	check	20431680	0	2	6999	3	0	next	other	0
03_39	364	Response	2	20438639	6959	3
03_39	365	Picture	loadClose	20438679	0	1	63985	2	0	next	other	0
03_39	365	Response	9	20502637	63958	2
03_39	366	Picture	view	20502664	0	1	6998	2	0	next	other	0
03_39	366	Response	8	20509537	6873	2
03_39	367	Picture	move	20509662	0	1	31659	2	0	next	other	0
03_39	367	Response	2	20536558	26896	1
03_39	367	Response	6	20541256	31594	2
03_39	368	Picture	loadClose	20541321	0	1	81314	2	0	next	other	0
03_39	368	Response	9	20622563	81242	2
03_39	369	Picture	view	20622635	0	1	6332	3	0	next	other	0
03_39	369	Response	8	20628793	6158	2
03_39	370	Picture	move	20628967	0	2	28993	4	0	next	other	0
03_39	370	Response	2	20656554	27587	1
03_39	370	Response	6	20657832	28865	2
03_39	371	Picture	loadClose	20657960	0	2	61486	3	0	next	other	0
03_39	371	Response	9	20719280	61320	2
03_39	372	Picture	view	20719446	0	1	6832	2	0	next	other	0
03_39	372	Response	8	20726160	6714	2
03_39	373	Picture	move	20726278	0	1	30159	2	0	next	other	0
03_39	373	Response	6	20756279	30001	2
03_39	374	Picture	check	20756437	0	1	12497	2	0	next	other	0
03_39	374	Response	2	20768871	12434	1
03_39	375	Picture	loadClose	20768934	0	1	62152	2	0	next	other	0
03_39	375	Response	9	20830917	61983	2
03_39	376	Picture	view	20831086	0	1	6499	2	0	next	other	0
03_39	376	Response	8	20837417	6331	2
03_39	377	Picture	move	20837585	0	1	33325	2	0	next	other	0
03_39	377	Response	2	20866148	28563	1
03_39	377	Response	6	20870686	33101	2
03_39	378	Picture	loadClose	20870910	0	1	75316	2	0	next	other	0
03_39	378	Response	9	20946154	75244	2
03_39	379	Picture	view	20946226	0	1	4999	2	0	next	other	0
03_39	379	Response	8	20951044	4818	1
03_39	380	Picture	move	20951225	0	1	30659	2	0	next	other	0
03_39	380	Response	6	20981753	30528	1
03_39	381	Picture	check	20981884	0	1	1166	3	0	next	other	0
03_39	381	Response	2	20982944	1060	1
03_39	382	Picture	loadClose	20983050	0	2	58820	3	0	next	other	0
03_39	382	Response	9	21041701	58651	2
03_39	383	Picture	view	21041870	0	1	5499	2	0	next	other	0
03_39	383	Response	8	21047131	5261	1
03_39	384	Picture	move	21047369	0	1	29826	2	0	next	other	0
03_39	384	Response	2	21075262	27893	1
03_39	384	Response	6	21077090	29721	1
03_39	385	Picture	loadClose	21077195	0	1	67484	2	0	next	other	0
03_39	385	Response	9	21144598	67403	1
03_39	386	Picture	view	21144679	0	1	5332	2	0	next	other	0
03_39	386	Response	8	21149898	5219	1
03_39	387	Picture	move	21150011	0	1	30493	2	0	next	other	0
03_39	387	Response	2	21176699	26688	1
03_39	387	Response	6	21180437	30426	1
03_39	388	Picture	loadClose	21180504	0	1	101976	2	0	next	other	0
03_39	388	Response	9	21282384	101880	1
03_39	389	Picture	view	21282480	0	1	4982	186	0	next	other	0
03_39	389	Response	8	21287383	4903	2
03_39	390	Picture	move	21287462	0	185	26010	187	0	next	other	0
03_39	390	Response	6	21313333	25871	2
03_39	391	Picture	check	21313472	0	2	5333	3	0	next	other	0
03_39	391	Response	2	21318774	5302	1
03_39	392	Picture	loadClose	21318805	0	1	70315	4	0	next	other	0
03_39	392	Response	9	21389060	70255	2
03_39	393	Picture	view	21389120	0	3	5167	4	0	next	other	0
03_39	393	Response	8	21394130	5010	2
03_39	394	Picture	move	21394287	0	1	27993	2	0	next	other	0
03_39	394	Response	6	21422209	27922	2
03_39	395	Picture	check	21422280	0	1	29160	2	0	next	other	0
03_39	395	Response	2	21451410	29130	1
03_39	396	Picture	loadClose	21451440	0	1	58653	2	0	next	other	0
03_39	396	Response	9	21509967	58527	2
03_39	397	Picture	view	21510093	0	1	5665	2	0	next	other	0
03_39	397	Response	8	21515497	5404	1
03_39	398	Picture	move	21515758	0	1	25827	3	0	next	other	0
03_39	398	Response	6	21541426	25668	2
03_39	399	Picture	check	21541585	0	2	17829	4	0	next	other	0
03_39	399	Response	3	21559247	17662	1
03_39	400	Picture	loadClose	21559414	0	2	48656	3	0	next	other	0
03_39	400	Response	9	21608044	48630	2
03_39	401	Picture	view	21608070	0	1	5332	2	0	next	other	0
03_39	401	Response	8	21613254	5184	1
03_39	402	Picture	move	21613402	0	1	29826	2	0	next	other	0
03_39	402	Response	6	21643083	29681	2
03_39	403	Picture	check	21643228	0	1	6664	3	0	next	other	0
03_39	403	Response	2	21649804	6576	1
03_39	404	Picture	loadClose	21649892	0	2	57654	3	0	next	other	0
03_39	404	Response	9	21707491	57599	2
03_39	405	Picture	view	21707546	0	1	5666	2	0	next	other	0
03_39	405	Response	8	21713041	5495	1
03_39	406	Picture	move	21713212	0	1	28993	2	0	next	other	0
03_39	406	Response	6	21742090	28878	2
03_39	407	Picture	check	21742205	0	1	3832	2	0	next	other	0
03_39	407	Response	2	21745961	3756	1
03_39	408	Picture	loadClose	21746037	0	1	80481	2	0	next	other	0
03_39	408	Response	9	21826417	80380	2
03_39	409	Picture	view	21826518	0	1	6165	3	0	next	other	0
03_39	409	Response	8	21832547	6029	2
03_39	410	Picture	move	21832683	0	2	21662	3	0	next	other	0
03_39	410	Response	7	21854176	21493	2
03_39	411	Picture	wrongHand	21854345	0	1	20995	2	0	next	false_alarm	968
03_39	411	Response	6	21856266	1921	2
03_39	411	Response	2	21862438	8093	1
03_39	411	Response	5	21875136	20791	2
03_39	412	Picture	loadClose	21875340	0	1	74482	3	0	next	other	0
03_39	412	Response	9	21949714	74374	1
03_39	413	Picture	view	21949822	0	2	6153	183	0	next	other	0
03_39	413	Response	8	21955913	6091	2
03_39	414	Picture	move	21955975	0	181	26673	182	0	next	other	0
03_39	414	Response	6	21982523	26548	1
03_39	415	Picture	check	21982648	0	1	1500	2	0	next	other	0
03_39	415	Response	2	21984034	1386	1
03_39	416	Picture	loadClose	21984148	0	1	63985	2	0	next	other	0
03_39	416	Response	9	22048081	63933	1
03_39	417	Picture	view	22048133	0	1	5332	2	0	next	other	0
03_39	417	Response	8	22053320	5187	2
03_39	418	Picture	move	22053465	0	1	24161	2	0	next	other	0
03_39	418	Response	2	22076992	23527	1
03_39	418	Response	6	22077550	24085	1
03_39	419	Picture	loadClose	22077626	0	1	78481	2	0	next	other	0
03_39	419	Response	9	22155937	78311	2
03_39	420	Picture	view	22156107	0	1	8165	2	0	next	other	0
03_39	420	Response	8	22164157	8050	2
03_39	421	Picture	move	22164272	0	1	25827	2	0	next	other	0
03_39	421	Response	6	22189966	25694	2
03_39	422	Picture	check	22190099	0	1	6998	3	0	next	other	0
03_39	422	Response	2	22196988	6889	1
03_39	423	Picture	loadClose	22197097	0	2	51655	3	0	next	other	0
03_39	423	Response	9	22248685	51588	1
03_39	424	Picture	view	22248752	0	1	4499	2	0	next	other	0
03_39	424	Response	8	22253024	4272	2
03_39	425	Picture	move	22253251	0	1	27827	2	0	next	other	0
03_39	425	Response	6	22281014	27763	1
03_39	426	Picture	check	22281078	0	1	9831	2	0	next	other	0
03_39	426	Response	2	22290745	9667	1
03_39	427	Picture	loadClose	22290909	0	1	85146	2	0	next	other	0
03_39	427	Response	9	22375871	84962	2
03_39	428	Picture	view	22376055	0	1	4333	2	0	next	other	0
03_39	428	Response	8	22380181	4126	2
03_39	429	Picture	move	22380388	0	1	25827	2	0	next	other	0
03_39	429	Response	2	22404822	24434	1
03_39	429	Response	6	22406050	25662	2
03_39	430	Picture	endBlock	22406215	0	1	30159	3	0	next	other	0
03_39	430	Response	8	22430949	24734	2
03_39	430	Response	7	22434259	28044	2
03_39	431	Picture	begin	22436374	0	2	313593	3	0	next	other	0
03_39	431	Response	5	22651642	215268	2
03_39	431	Response	6	22671922	235548	2
03_39	431	Response	9	22749870	313496	1
03_39	432	Picture	loadClose	22749967	0	1	60819	2	0	next	other	0
03_39	432	Response	9	22810688	60721	1
03_39	432	Response	9	22810708	60741	1
03_39	433	Picture	view	22810786	0	1	5499	2	0	next	other	0
03_39	433	Response	8	22816058	5272	1
03_39	434	Picture	move	22816285	0	1	23994	2	0	next	other	0
03_39	434	Response	6	22840127	23842	2
03_39	435	Picture	check	22840279	0	1	2000	2	0	next	other	0
03_39	435	Response	2	22842087	1808	3
03_39	436	Picture	loadClose	22842279	0	1	54820	2	0	next	other	0
03_39	436	Response	9	22896915	54636	2
03_39	437	Picture	view	22897099	0	1	4820	181	0	next	other	0
03_39	437	Response	8	22901835	4736	2
03_39	438	Picture	move	22901919	0	180	26339	182	0	next	other	0
03_39	438	Response	6	22928094	26175	2
03_39	439	Picture	check	22928258	0	2	4333	3	0	next	other	0
03_39	439	Response	2	22932486	4228	1
03_39	440	Picture	loadClose	22932591	0	1	52487	2	0	next	other	0
03_39	440	Response	9	22985042	52451	2
03_39	441	Picture	view	22985078	0	1	5666	2	0	next	other	0
03_39	441	Response	8	22990632	5554	2
03_39	442	Picture	move	22990744	0	1	24494	2	0	next	other	0
03_39	442	Response	6	23015102	24358	1
03_39	443	Picture	check	23015238	0	1	4166	2	0	next	other	0
03_39	443	Response	2	23019363	4125	1
03_39	444	Picture	loadClose	23019404	0	1	46988	3	0	next	other	0
03_39	444	Response	9	23066210	46806	2
03_39	445	Picture	view	23066392	0	2	5832	4	0	next	other	0
03_39	445	Response	8	23072100	5708	2
03_39	446	Picture	move	23072224	0	2	24328	3	0	next	other	0
03_39	446	Response	2	23092321	20097	1
03_39	446	Response	6	23096479	24255	2
03_39	447	Picture	loadClose	23096552	0	1	47156	2	0	next	other	0
03_39	447	Response	9	23143648	47096	1
03_39	448	Picture	view	23143708	0	1	5998	3	0	next	other	0
03_39	448	Response	8	23149578	5870	1
03_39	449	Picture	move	23149706	0	2	25661	3	0	next	other	0
03_39	449	Response	2	23166879	17173	1
03_39	449	Response	6	23175177	25471	1
03_39	450	Picture	loadClose	23175367	0	1	47988	3	0	next	other	0
03_39	450	Response	9	23223335	47968	2
03_39	451	Picture	view	23223355	0	2	5333	3	0	next	other	0
03_39	451	Response	8	23228505	5150	2
03_39	452	Picture	move	23228688	0	1	23994	2	0	next	other	0
03_39	452	Response	6	23252564	23876	2
03_39	453	Picture	check	23252682	0	1	1000	2	0	next	other	0
03_39	453	Response	2	23253596	914	1
03_39	454	Picture	loadClose	23253682	0	1	43656	2	0	next	other	0
03_39	454	Response	9	23297273	43591	2
03_39	455	Picture	view	23297338	0	1	4665	3	0	next	other	0
03_39	455	Response	8	23301783	4445	2
03_39	456	Picture	move	23302003	0	2	23495	3	0	next	other	0
03_39	456	Response	2	23320314	18311	1
03_39	456	Response	6	23325302	23299	2
03_39	457	Picture	loadClose	23325498	0	1	42990	2	0	next	other	0
03_39	457	Response	9	23368451	42953	2
03_39	458	Picture	view	23368488	0	1	4499	2	0	next	other	0
03_39	458	Response	8	23372881	4393	2
03_39	459	Picture	move	23372987	0	1	22661	2	0	next	other	0
03_39	459	Response	2	23390712	17725	1
03_39	459	Response	6	23395460	22473	2
03_39	460	Picture	loadClose	23395648	0	1	48155	3	0	next	other	0
03_39	460	Response	9	23443739	48091	1
03_39	461	Picture	view	23443803	0	2	4833	3	0	next	other	0
03_39	461	Response	8	23448469	4666	2
03_39	462	Picture	move	23448636	0	1	21328	2	0	next	other	0
03_39	462	Response	2	23467670	19034	1
03_39	462	Response	6	23469878	21242	2
03_39	463	Picture	loadClose	23469964	0	1	55487	2	0	next	other	0
03_39	463	Response	9	23525336	55372	2
03_39	464	Picture	view	23525451	0	1	3999	2	0	next	other	0
03_39	464	Response	8	23529326	3875	2
03_39	465	Picture	move	23529450	0	1	21662	2	0	next	other	0
03_39	465	Response	6	23550995	21545	2
03_39	466	Picture	check	23551112	0	1	4998	2	0	next	other	0
03_39	466	Response	2	23555987	4875	1
03_39	467	Picture	loadClose	23556110	0	1	43990	2	0	next	other	0
03_39	467	Response	9	23600024	43914	2
03_39	468	Picture	view	23600100	0	1	4999	2	0	next	other	0
03_39	468	Response	8	23604844	4744	2
03_39	469	Picture	move	23605099	0	1	21994	3	0	next	other	0
03_39	469	Response	2	23625105	20006	1
03_39	469	Response	6	23627023	21924	2
03_39	470	Picture	loadClose	23627093	0	2	43824	3	0	next	other	0
03_39	470	Response	9	23670752	43659	2
03_39	471	Picture	view	23670917	0	1	4499	2	0	next	other	0
03_39	471	Response	8	23675302	4385	1
03_39	472	Picture	move	23675416	0	1	19495	2	0	next	other	0
03_39	472	Response	2	23691983	16567	1
03_39	472	Response	6	23694741	19325	2
03_39	473	Picture	loadClose	23694911	0	1	41657	2	0	next	other	0
03_39	473	Response	9	23736390	41479	2
03_39	474	Picture	view	23736568	0	1	4332	3	0	next	other	0
03_39	474	Response	8	23740680	4112	2
03_39	475	Picture	move	23740900	0	2	21495	3	0	next	other	0
03_39	475	Response	2	23761261	20361	1
03_39	475	Response	6	23762199	21299	2
03_39	476	Picture	loadClose	23762395	0	1	49655	2	0	next	other	0
03_39	476	Response	9	23812028	49633	1
03_39	477	Picture	view	23812050	0	1	4499	2	0	next	other	0
03_39	477	Response	8	23816417	4367	2
03_39	478	Picture	move	23816549	0	1	23828	2	0	next	other	0
03_39	478	Response	2	23837419	20870	1
03_39	478	Response	6	23840197	23648	2
03_39	479	Picture	loadClose	23840377	0	1	46488	3	0	next	other	0
03_39	479	Response	9	23886715	46338	2
03_39	480	Picture	view	23886865	0	2	5333	3	0	next	other	0
03_39	480	Response	8	23892025	5160	2
03_39	481	Picture	move	23892198	0	1	24494	2	0	next	other	0
03_39	481	Response	2	23914696	22498	1
03_39	481	Response	6	23916594	24396	2
03_39	482	Picture	loadClose	23916692	0	1	47489	2	0	next	other	0
03_39	482	Response	9	23964143	47451	2
03_39	483	Picture	view	23964181	0	1	6332	3	0	next	other	0
03_39	483	Response	8	23970373	6192	2
03_39	484	Picture	move	23970513	0	2	21161	3	0	next	other	0
03_39	484	Response	2	23988934	18421	1
03_39	484	Response	6	23991542	21029	2
03_39	485	Picture	loadClose	23991674	0	1	44157	2	0	next	other	0
03_39	485	Response	9	24035811	44137	2
03_39	486	Picture	view	24035831	0	1	4332	2	0	next	other	0
03_39	486	Response	8	24039971	4140	2
03_39	487	Picture	move	24040163	0	1	24661	2	0	next	other	0
03_39	487	Response	2	24059972	19809	1
03_39	487	Response	6	24064630	24467	2
03_39	488	Picture	loadClose	24064824	0	1	58153	2	0	next	other	0
03_39	488	Response	9	24122868	58044	2
03_39	489	Picture	view	24122977	0	1	5165	2	0	next	other	0
03_39	489	Response	8	24127918	4941	2
03_39	490	Picture	move	24128142	0	1	21162	2	0	next	other	0
03_39	490	Response	2	24145409	17267	1
03_39	490	Response	6	24149178	21036	1
03_39	491	Picture	loadClose	24149304	0	1	53321	2	0	next	other	0
03_39	491	Response	9	24202546	53242	2
03_39	492	Picture	view	24202625	0	1	4665	2	0	next	other	0
03_39	492	Response	8	24207106	4481	1
03_39	493	Picture	move	24207290	0	1	22828	2	0	next	other	0
03_39	493	Response	2	24223487	16197	1
03_39	493	Response	6	24229955	22665	2
03_39	494	Picture	loadClose	24230118	0	1	42823	2	0	next	other	0
03_39	494	Response	9	24272804	42686	2
03_39	495	Picture	view	24272941	0	1	4999	2	0	next	other	0
03_39	495	Response	8	24277804	4863	1
03_39	496	Picture	move	24277940	0	1	23161	3	0	next	other	0
03_39	496	Response	2	24295325	17385	1
03_39	496	Response	6	24300933	22993	2
03_39	497	Picture	loadClose	24301101	0	2	46656	3	0	next	other	0
03_39	497	Response	9	24347712	46611	1
03_39	498	Picture	view	24347757	0	1	4499	2	0	next	other	0
03_39	498	Response	8	24352041	4284	2
03_39	499	Picture	move	24352256	0	1	22495	2	0	next	other	0
03_39	499	Response	2	24370043	17787	1
03_39	499	Response	6	24374531	22275	1
03_39	500	Picture	loadClose	24374751	0	1	48322	2	0	next	other	0
03_39	500	Response	9	24423019	48268	2
03_39	501	Picture	view	24423073	0	1	4499	2	0	next	other	0
03_39	501	Response	8	24427419	4346	2
03_39	502	Picture	move	24427572	0	1	22161	2	0	next	other	0
03_39	502	Response	2	24448280	20708	1
03_39	502	Response	6	24449608	22036	2
03_39	503	Picture	loadClose	24449733	0	1	48322	2	0	next	other	0
03_39	503	Response	9	24497987	48254	2
03_39	503	Response	9	24498007	48274	2
03_39	504	Picture	view	24498055	0	1	4332	3	0	next	other	0
03_39	504	Response	8	24502157	4102	2
03_39	505	Picture	move	24502387	0	2	22662	3	0	next	other	0
03_39	505	Response	2	24520438	18051	1
03_39	505	Response	6	24524876	22489	2
03_39	506	Picture	loadClose	24525049	0	1	37324	2	0	next	other	0
03_39	506	Response	9	24562225	37176	2
03_39	507	Picture	wait	24562373	0	1	333	2	0	next	other	0
03_39	508	Picture	view	24562706	0	1	4333	2	0	next	other	0
03_39	508	Response	8	24566885	4179	2
03_39	509	Picture	move	24567039	0	1	21828	2	0	next	other	0
03_39	509	Response	2	24585076	18037	1
03_39	509	Response	6	24588824	21785	2
03_39	510	Picture	endSession	24588867	0	1	35860	2	0	next	other	0
03_39	510	Response	8	24600614	11747	2
03_39	510	Response	7	24603334	14467	2


Event Type	Code	Type	Response	RT	RT Uncertainty	Time	Uncertainty	Duration	Uncertainty	ReqTime	ReqDur

Picture	begin	other				332	2	569022	181	0	next
Picture	loadClose	other				569354	179	76159	181	0	next
Picture	view	other				645513	2	8499	3	0	next
Picture	move	other				654012	1	40657	2	0	next
Picture	check	other				694669	1	16829	2	0	next
Picture	loadClose	other				711498	1	39157	3	0	next
Picture	view	other				750655	2	8998	4	0	next
Picture	move	other				759653	2	37325	3	0	next
Picture	loadClose	other				796978	1	48822	2	0	next
Picture	view	other				845800	1	8664	3	0	next
Picture	move	other				854464	2	39158	3	0	next
Picture	loadClose	other				893622	1	51987	3	0	next
Picture	view	other				945609	2	6999	3	0	next
Picture	move	other				952608	1	33325	2	0	next
Picture	loadClose	other				985933	1	42990	2	0	next
Picture	view	other				1028923	1	6998	3	0	next
Picture	move	other				1035921	2	34605	224	0	next
Picture	loadClose	other				1070526	222	55874	223	0	next
Picture	view	other				1126400	1	6665	3	0	next
Picture	move	other				1133065	2	34761	68	0	next
Picture	loadClose	other				1167826	66	53552	67	0	next
Picture	view	other				1221378	1	5998	3	0	next
Picture	move	other				1227376	2	34326	3	0	next
Picture	loadClose	other				1261702	1	54653	3	0	next
Picture	view	other				1316355	2	4815	188	0	next
Picture	move	other				1321170	186	32820	377	0	next
Picture	loadClose	other				1353990	191	81837	192	0	next
Picture	view	other				1435827	1	5832	3	0	next
Picture	move	other				1441659	2	31659	4	0	next
Picture	loadClose	other				1473318	2	69651	3	0	next
Picture	view	other				1542969	1	5832	2	0	next
Picture	move	other				1548801	1	36324	3	0	next
Picture	loadClose	other				1585125	2	53821	3	0	next
Picture	view	other				1638946	1	5165	3	0	next
Picture	move	other				1644111	2	29993	4	0	next
Picture	loadClose	other				1674104	2	49989	3	0	next
Picture	view	other				1724093	1	5997	4	0	next
Picture	move	other				1730090	3	32767	231	0	next
Picture	loadClose	other				1762857	228	54380	229	0	next
Picture	view	other				1817237	1	5666	2	0	next
Picture	move	other				1822903	1	37823	3	0	next
Picture	loadClose	other				1860726	2	56488	3	0	next
Picture	view	other				1917214	1	5332	2	0	next
Picture	move	other				1922546	1	34158	3	0	next
Picture	loadClose	other				1956704	2	51322	3	0	next
Picture	view	other				2008026	1	5498	3	0	next
Picture	move	other				2013524	2	32135	194	0	next
Picture	loadClose	other				2045659	192	49013	193	0	next
Picture	view	other				2094672	1	5499	2	0	next
Picture	move	other				2100171	1	33825	2	0	next
Picture	loadClose	other				2133996	1	48655	2	0	next
Picture	view	other				2182651	1	5332	3	0	next
Picture	move	other				2187983	2	34159	3	0	next
Picture	loadClose	other				2222142	1	49488	2	0	next
Picture	view	other				2271630	1	5666	2	0	next
Picture	move	other				2277296	1	33825	2	0	next
Picture	loadClose	other				2311121	1	51654	3	0	next
Picture	view	other				2362775	2	5499	3	0	next
Picture	move	other				2368274	1	32624	204	0	next
Picture	loadClose	other				2400898	203	49023	205	0	next
Picture	view	other				2449921	2	4999	4	0	next
Picture	move	other				2454920	2	32326	3	0	next
Picture	loadClose	other				2487246	1	50821	2	0	next
Picture	view	other				2538067	1	5999	3	0	next
Picture	move	other				2544066	2	35158	3	0	next
Picture	loadClose	other				2579224	1	52988	2	0	next
Picture	view	other				2632212	1	4832	2	0	next
Picture	move	other				2637044	1	31659	2	0	next
Picture	loadClose	other				2668703	1	40324	2	0	next
Picture	view	other				2709027	1	4832	3	0	next
Picture	move	other				2713859	2	30993	3	0	next
Picture	loadClose	other				2744852	1	5332	2	0	next
Picture	wrongHand	false_alarm	5	28955	3	2750184	1	29160	2	0	next
Picture	loadClose	other				2779344	1	2666	2	0	next
Picture	wrongHand	false_alarm	5	279	3	2782010	1	343	325	0	next
Picture	loadClose	other				2782353	324	2656	326	0	next
Picture	wrongHand	false_alarm	5	20189	4	2785009	2	20329	3	0	next
Picture	loadClose	other				2805338	1	3166	2	0	next
Picture	wrongHand	false_alarm	5	464	3	2808504	1	666	2	0	next
Picture	loadClose	other				2809170	1	53654	2	0	next
Picture	view	other				2862824	1	7498	3	0	next
Picture	move	other				2870322	2	32826	3	0	next
Picture	endBlock	other				2903148	1	30159	3	0	next
Picture	begin	other				2933307	2	250441	4	0	next
Picture	loadClose	other				3183748	2	85813	4	0	next
Picture	view	other				3269561	2	643	194	0	next
Picture	move	other				3270204	192	45336	370	0	next
Picture	loadClose	other				3315540	178	9675	179	0	next
Picture	wrongHand	false_alarm	5	34597	2	3325215	1	34825	2	0	next
Picture	loadClose	other				3360040	1	80981	2	0	next
Picture	view	other				3441021	1	6665	2	0	next
Picture	move	other				3447686	1	42657	2	0	next
Picture	loadClose	other				3490343	1	31826	2	0	next
Picture	wrongHand	false_alarm	5	50846	3	3522169	1	50988	2	0	next
Picture	loadClose	other				3573157	1	5998	3	0	next
Picture	wrongHand	false_alarm	5	1020	4	3579155	2	1167	3	0	next
Picture	loadClose	other				3580322	1	19662	2	0	next
Picture	wrongHand	false_alarm	5	4800	3	3599984	1	4998	3	0	next
Picture	loadClose	other				3604982	2	5666	3	0	next
Picture	wrongHand	false_alarm	5	40295	3	3610648	1	40490	2	0	next
Picture	loadClose	other				3651138	1	63985	2	0	next
Picture	view	other				3715123	1	7498	3	0	next
Picture	move	other				3722621	2	50155	3	0	next
Picture	loadClose	other				3772776	1	88146	2	0	next
Picture	view	other				3860922	1	56987	2	0	next
Picture	move	other				3917909	1	4165	2	0	next
Picture	check	other				3922074	1	22328	2	0	next
Picture	wrongHand	false_alarm	3	32491	4	3944402	1	69817	2	0	next
Picture	loadClose	other				4014219	1	20995	2	0	next
Picture	wrongHand	false_alarm	5	32816	3	4035214	1	32992	3	0	next
Picture	loadClose	other				4068206	2	1333	4	0	next
Picture	wrongHand	false_alarm	5	55410	3	4069539	2	55487	3	0	next
Picture	loadClose	other				4125026	1	71650	2	0	next
Picture	view	other				4196676	1	5665	3	0	next
Picture	move	other				4202341	2	50155	3	0	next
Picture	loadClose	other				4252496	1	87313	2	0	next
Picture	view	other				4339809	1	55320	3	0	next
Picture	move	other				4395129	2	5332	4	0	next
Picture	check	other				4400461	2	69151	3	0	next
Picture	loadClose	other				4469612	1	45822	2	0	next
Picture	view	other				4515434	1	6499	2	0	next
Picture	move	other				4521933	1	40823	3	0	next
Picture	loadClose	other				4562756	2	62152	4	0	next
Picture	wrongHand	false_alarm	5	32905	3	4624908	2	32993	3	0	next
Picture	loadClose	other				4657901	1	10997	2	0	next
Picture	wrongHand	false_alarm	5	2404	3	4668898	1	2500	2	0	next
Picture	loadClose	other				4671398	1	45489	2	0	next
Picture	view	other				4716887	1	7998	2	0	next
Picture	move	other				4724885	1	50155	2	0	next
Picture	loadClose	other				4775040	1	212616	2	0	next
Picture	wrongHand	false_alarm	5	39875	3	4987656	1	39991	2	0	next
Picture	loadClose	other				5027647	1	12830	2	0	next
Picture	wrongHand	false_alarm	5	98621	3	5040477	1	98810	2	0	next
Picture	loadClose	other				5139287	1	3166	2	0	next
Picture	wrongHand	false_alarm	5	17865	2	5142453	1	17996	2	0	next
Picture	loadClose	other				5160449	1	6165	2	0	next
Picture	wrongHand	false_alarm	5	45152	3	5166614	1	45323	2	0	next
Picture	loadClose	other				5211937	1	7998	2	0	next
Picture	wrongHand	false_alarm	5	207494	3	5219935	1	207617	3	0	next
Picture	loadClose	other				5427552	2	2333	3	0	next
Picture	wrongHand	false_alarm	5	18084	3	5429885	1	18163	2	0	next
Picture	loadClose	other				5448048	1	7331	2	0	next
Picture	wrongHand	false_alarm	5	24449	3	5455379	1	24661	2	0	next
Picture	loadClose	other				5480040	1	9831	2	0	next
Picture	wrongHand	false_alarm	5	28616	3	5489871	1	28827	2	0	next
Picture	loadClose	other				5518698	1	6665	2	0	next
Picture	wrongHand	false_alarm	5	112320	3	5525363	1	112473	2	0	next
Picture	loadClose	other				5637836	1	26494	2	0	next
Picture	wrongHand	false_alarm	5	26912	3	5664330	1	26994	2	0	next
Picture	loadClose	other				5691324	1	10497	2	0	next
Picture	wrongHand	false_alarm	5	16880	3	5701821	1	16996	2	0	next
Picture	loadClose	other				5718817	1	2666	2	0	next
Picture	wrongHand	false_alarm	5	8917	3	5721483	1	8997	3	0	next
Picture	loadClose	other				5730480	2	15831	3	0	next
Picture	wrongHand	false_alarm	5	6459	2	5746311	1	6665	2	0	next
Picture	loadClose	other				5752976	1	17329	2	0	next
Picture	wrongHand	false_alarm	5	20214	2	5770305	1	20329	2	0	next
Picture	loadClose	other				5790634	1	7664	3	0	next
Picture	wrongHand	false_alarm	5	8100	4	5798298	2	8147	188	0	next
Picture	loadClose	other				5806445	186	6017	187	0	next
Picture	wrongHand	false_alarm	5	123492	3	5812462	1	123637	2	0	next
Picture	loadClose	other				5936099	1	667	2	0	next
Picture	wrongHand	false_alarm	5	5848	3	5936766	1	5998	3	0	next
Picture	loadClose	other				5942764	2	129470	3	0	next
Picture	view	other				6072234	1	12497	2	0	next
Picture	move	other				6084731	1	50155	2	0	next
Picture	loadClose	other				6134886	1	80147	3	0	next
Picture	view	other				6215033	2	7832	3	0	next
Picture	move	other				6222865	1	44656	2	0	next
Picture	loadClose	other				6267521	1	129803	2	0	next
Picture	view	other				6397324	1	7331	3	0	next
Picture	move	other				6404655	2	50155	3	0	next
Picture	loadClose	other				6454810	1	10831	2	0	next
Picture	wrongHand	false_alarm	5	34836	3	6465641	1	34992	2	0	next
Picture	loadClose	other				6500633	1	11330	2	0	next
Picture	wrongHand	false_alarm	5	13034	2	6511963	1	13164	2	0	next
Picture	loadClose	other				6525127	1	7831	3	0	next
Picture	wrongHand	false_alarm	5	37777	4	6532958	2	37991	4	0	next
Picture	loadClose	other				6570949	2	97977	3	0	next
Picture	view	other				6668926	1	7165	3	0	next
Picture	move	other				6676091	2	48156	3	0	next
Picture	loadClose	other				6724247	1	83813	2	0	next
Picture	view	other				6808060	1	11164	3	0	next
Picture	move	other				6819224	2	46989	3	0	next
Picture	loadClose	other				6866213	1	10998	2	0	next
Picture	wrongHand	false_alarm	5	72053	3	6877211	1	72149	2	0	next
Picture	loadClose	other				6949360	1	50155	2	0	next
Picture	wrongHand	false_alarm	9	5387	3	6999515	1	75649	2	0	next
Picture	loadClose	other				7075164	1	60152	3	0	next
Picture	view	other				7135316	2	7332	4	0	next
Picture	move	other				7142648	2	50155	3	0	next
Picture	loadClose	other				7192803	1	231945	2	0	next
Picture	wrongHand	false_alarm	5	17371	3	7424748	1	17496	2	0	next
Picture	loadClose	other				7442244	1	82481	2	0	next
Picture	view	other				7524725	1	6665	2	0	next
Picture	move	other				7531390	1	47655	3	0	next
Picture	loadClose	other				7579045	2	2000	3	0	next
Picture	wrongHand	false_alarm	5	680	3	7581045	1	833	2	0	next
Picture	loadClose	other				7581878	1	69983	2	0	next
Picture	view	other				7651861	1	5999	2	0	next
Picture	move	other				7657860	1	50155	2	0	next
Picture	check	other				7708015	1	2166	2	0	next
Picture	loadClose	other				7710181	1	71650	2	0	next
Picture	view	other				7781831	1	75482	2	0	next
Picture	move	other				7857313	1	14830	2	0	next
Picture	check	other				7872143	1	16829	2	0	next
Picture	wrongHand	false_alarm	3	20285	2	7888972	1	132635	2	0	next
Picture	loadClose	other				8021607	1	4832	3	0	next
Picture	wrongHand	false_alarm	5	21272	4	8026439	2	21317	182	0	next
Picture	loadClose	other				8047756	180	64996	182	0	next
Picture	view	other				8112752	2	8332	3	0	next
Picture	move	other				8121084	1	50155	2	0	next
Picture	loadClose	other				8171239	1	68483	3	0	next
Picture	view	other				8239722	2	68318	3	0	next
Picture	move	other				8308040	1	6653	181	0	next
Picture	check	other				8314693	180	17508	181	0	next
Picture	wrongHand	false_alarm	2	21682	2	8332201	1	50155	2	0	next
Picture	loadClose	other				8382356	1	21994	3	0	next
Picture	wrongHand	false_alarm	5	7500	4	8404350	2	7665	3	0	next
Picture	loadClose	other				8412015	1	10331	2	0	next
Picture	wrongHand	false_alarm	5	80301	3	8422346	1	80481	3	0	next
Picture	loadClose	other				8502827	2	4166	3	0	next
Picture	wrongHand	false_alarm	5	10904	2	8506993	1	10997	2	0	next
Picture	loadClose	other				8517990	1	53321	2	0	next
Picture	view	other				8571311	1	7481	186	0	next
Picture	move	other				8578792	185	50171	187	0	next
Picture	loadClose	other				8628963	2	1500	4	0	next
Picture	wrongHand	false_alarm	5	67248	4	8630463	2	67303	185	0	next
Picture	loadClose	other				8697766	183	2161	871	0	next
Picture	loadClose	other				8699927	688	36012	689	0	next
Picture	wrongHand	false_alarm	5	31440	3	8735939	1	31659	2	0	next
Picture	loadClose	other				8767598	1	9664	2	0	next
Picture	wrongHand	false_alarm	5	42306	2	8777262	1	42490	3	0	next
Picture	loadClose	other				8819752	2	5665	4	0	next
Picture	wrongHand	false_alarm	5	150	4	8825417	2	198	472	0	next
Picture	loadClose	other				8825615	470	48458	471	0	next
Picture	view	other				8874073	1	7481	186	0	next
Picture	move	other				8881554	185	50172	186	0	next
Picture	loadClose	other				8931726	1	372412	2	0	next
Picture	wrongHand	false_alarm	5	115	3	9304138	1	677	658	0	next
Picture	wrongHand	false_alarm	7	4118	659	9304815	657	21984	659	0	next
Picture	loadClose	other				9326799	2	6166	3	0	next
Picture	wrongHand	false_alarm	5	4187	3	9332965	1	4332	2	0	next
Picture	loadClose	other				9337297	1	14996	3	0	next
Picture	wrongHand	false_alarm	5	11808	4	9352293	2	11998	3	0	next
Picture	loadClose	other				9364291	1	8831	2	0	next
Picture	wrongHand	false_alarm	5	6379	3	9373122	1	6498	2	0	next
Picture	loadClose	other				9379620	1	14497	2	0	next
Picture	wrongHand	false_alarm	5	19413	3	9394117	1	19495	2	0	next
Picture	loadClose	other				9413612	1	2833	2	0	next
Picture	wrongHand	false_alarm	5	2885	2	9416445	1	2999	2	0	next
Picture	loadClose	other				9419444	1	80315	2	0	next
Picture	view	other				9499759	1	5815	186	0	next
Picture	move	other				9505574	185	50171	187	0	next
Picture	loadClose	other				9555745	2	69984	3	0	next
Picture	view	other				9625729	1	61819	2	0	next
Picture	move	other				9687548	1	8831	2	0	next
Picture	check	other				9696379	1	45656	2	0	next
Picture	loadClose	other				9742035	1	44656	2	0	next
Picture	view	other				9786691	1	7831	3	0	next
Picture	move	other				9794522	2	50155	4	0	next
Picture	check	other				9844677	2	23495	3	0	next
Picture	loadClose	other				9868172	1	69817	2	0	next
Picture	view	other				9937989	1	80481	2	0	next
Picture	move	other				10018470	1	2499	2	0	next
Picture	check	other				10020969	1	26660	3	0	next
Picture	loadClose	other				10047629	2	198787	3	0	next
Picture	view	other				10246416	1	6498	3	0	next
Picture	move	other				10252914	2	50155	3	0	next
Picture	loadClose	other				10303069	1	95978	2	0	next
Picture	view	other				10399047	1	60985	3	0	next
Picture	move	other				10460032	2	2833	3	0	next
Picture	check	other				10462865	1	30492	3	0	next
Picture	loadClose	other				10493357	2	64652	3	0	next
Picture	view	other				10558009	1	7165	2	0	next
Picture	move	other				10565174	1	40490	3	0	next
Picture	loadClose	other				10605664	2	83314	3	0	next
Picture	view	other				10688978	1	8651	183	0	next
Picture	move	other				10697629	182	50169	183	0	next
Picture	check	other				10747798	1	1499	2	0	next
Picture	loadClose	other				10749297	1	91645	2	0	next
Picture	view	other				10840942	1	62472	183	0	next
Picture	move	other				10903414	182	3346	183	0	next
Picture	check	other				10906760	1	24828	2	0	next
Picture	loadClose	other				10931588	1	70983	2	0	next
Picture	wrongHand	false_alarm	5	551	3	11002571	1	666	3	0	next
Picture	loadClose	other				11003237	2	98	572	0	next
Picture	wrongHand	false_alarm	5	2247	572	11003335	570	2402	571	0	next
Picture	loadClose	other				11005737	1	1000	2	0	next
Picture	wrongHand	false_alarm	5	435	3	11006737	1	676	659	0	next
Picture	wrongHand	false_alarm	5	1329	660	11007413	658	1490	659	0	next
Picture	loadClose	other				11008903	1	666	2	0	next
Picture	wrongHand	false_alarm	5	93	3	11009569	1	1539	797	0	next
Picture	loadClose	other				11011108	796	36452	797	0	next
Picture	view	other				11047560	1	49822	2	0	next
Picture	move	other				11097382	1	3999	2	0	next
Picture	check	other				11101381	1	16829	2	0	next
Picture	loadClose	other				11118210	1	117306	2	0	next
Picture	view	other				11235516	1	7165	2	0	next
Picture	move	other				11242681	1	46156	2	0	next
Picture	check	other				11288837	1	11996	3	0	next
Picture	loadClose	other				11300833	2	73317	3	0	next
Picture	view	other				11374150	1	6165	2	0	next
Picture	move	other				11380315	1	43490	2	0	next
Picture	loadClose	other				11423805	1	1499	3	0	next
Picture	wrongHand	false_alarm	5	4285	4	11425304	2	4499	4	0	next
Picture	loadClose	other				11429803	2	37158	3	0	next
Picture	wrongHand	false_alarm	5	26326	3	11466961	1	26494	2	0	next
Picture	loadClose	other				11493455	1	271603	2	0	next
Picture	wrongHand	false_alarm	5	1521	3	11765058	1	1666	2	0	next
Picture	loadClose	other				11766724	1	171126	2	0	next
Picture	view	other				11937850	1	6999	2	0	next
Picture	move	other				11944849	1	48155	2	0	next
Picture	loadClose	other				11993004	1	36991	2	0	next
Picture	wrongHand	false_alarm	9	47505	3	12029995	1	99477	2	0	next
Picture	loadClose	other				12129472	1	2499	2	0	next
Picture	wrongHand	false_alarm	5	2357	3	12131971	1	2500	2	0	next
Picture	loadClose	other				12134471	1	47822	2	0	next
Picture	view	other				12182293	1	9331	2	0	next
Picture	move	other				12191624	1	47322	2	0	next
Picture	loadClose	other				12238946	1	91645	2	0	next
Picture	view	other				12330591	1	7165	2	0	next
Picture	move	other				12337756	1	48488	3	0	next
Picture	endBlock	other				12386244	2	30160	3	0	next
Picture	begin	other				12416404	1	6094396	2	0	next
Picture	loadClose	other				18510800	1	280767	2	0	next
Picture	view	other				18791567	1	208784	2	0	next
Picture	wrongHand	false_alarm	5	2811	3	19000351	1	3000	2	0	next
Picture	loadClose	other				19003351	1	130136	2	0	next
Picture	view	other				19133487	1	8498	2	0	next
Picture	move	other				19141985	1	50154	3	0	next
Picture	loadClose	other				19192139	2	253940	4	0	next
Picture	view	other				19446079	2	6487	182	0	next
Picture	move	other				19452566	180	35337	181	0	next
Picture	loadClose	other				19487903	1	164128	2	0	next
Picture	view	other				19652031	1	5831	4	0	next
Picture	move	other				19657862	3	33326	5	0	next
Picture	loadClose	other				19691188	2	138634	3	0	next
Picture	view	other				19829822	1	4999	2	0	next
Picture	move	other				19834821	1	32992	3	0	next
Picture	check	other				19867813	2	7999	3	0	next
Picture	loadClose	other				19875812	1	65484	2	0	next
Picture	view	other				19941296	1	5165	3	0	next
Picture	move	other				19946461	2	30493	3	0	next
Picture	check	other				19976954	1	833	3	0	next
Picture	loadClose	other				19977787	2	104976	3	0	next
Picture	view	other				20082763	1	6998	2	0	next
Picture	move	other				20089761	1	33659	2	0	next
Picture	loadClose	other				20123420	1	73482	3	0	next
Picture	view	other				20196902	2	5166	3	0	next
Picture	move	other				20202068	1	30326	2	0	next
Picture	loadClose	other				20232394	1	57986	3	0	next
Picture	view	other				20290380	2	6832	3	0	next
Picture	move	other				20297212	1	32659	2	0	next
Picture	check	other				20329871	1	2499	3	0	next
Picture	loadClose	other				20332370	2	62986	3	0	next
Picture	view	other				20395356	1	8164	3	0	next
Picture	move	other				20403520	2	28160	4	0	next
Picture	check	other				20431680	2	6999	3	0	next
Picture	loadClose	other				20438679	1	63985	2	0	next
Picture	view	other				20502664	1	6998	2	0	next
Picture	move	other				20509662	1	31659	2	0	next
Picture	loadClose	other				20541321	1	81314	2	0	next
Picture	view	other				20622635	1	6332	3	0	next
Picture	move	other				20628967	2	28993	4	0	next
Picture	loadClose	other				20657960	2	61486	3	0	next
Picture	view	other				20719446	1	6832	2	0	next
Picture	move	other				20726278	1	30159	2	0	next
Picture	check	other				20756437	1	12497	2	0	next
Picture	loadClose	other				20768934	1	62152	2	0	next
Picture	view	other				20831086	1	6499	2	0	next
Picture	move	other				20837585	1	33325	2	0	next
Picture	loadClose	other				20870910	1	75316	2	0	next
Picture	view	other				20946226	1	4999	2	0	next
Picture	move	other				20951225	1	30659	2	0	next
Picture	check	other				20981884	1	1166	3	0	next
Picture	loadClose	other				20983050	2	58820	3	0	next
Picture	view	other				21041870	1	5499	2	0	next
Picture	move	other				21047369	1	29826	2	0	next
Picture	loadClose	other				21077195	1	67484	2	0	next
Picture	view	other				21144679	1	5332	2	0	next
Picture	move	other				21150011	1	30493	2	0	next
Picture	loadClose	other				21180504	1	101976	2	0	next
Picture	view	other				21282480	1	4982	186	0	next
Picture	move	other				21287462	185	26010	187	0	next
Picture	check	other				21313472	2	5333	3	0	next
Picture	loadClose	other				21318805	1	70315	4	0	next
Picture	view	other				21389120	3	5167	4	0	next
Picture	move	other				21394287	1	27993	2	0	next
Picture	check	other				21422280	1	29160	2	0	next
Picture	loadClose	other				21451440	1	58653	2	0	next
Picture	view	other				21510093	1	5665	2	0	next
Picture	move	other				21515758	1	25827	3	0	next
Picture	check	other				21541585	2	17829	4	0	next
Picture	loadClose	other				21559414	2	48656	3	0	next
Picture	view	other				21608070	1	5332	2	0	next
Picture	move	other				21613402	1	29826	2	0	next
Picture	check	other				21643228	1	6664	3	0	next
Picture	loadClose	other				21649892	2	57654	3	0	next
Picture	view	other				21707546	1	5666	2	0	next
Picture	move	other				21713212	1	28993	2	0	next
Picture	check	other				21742205	1	3832	2	0	next
Picture	loadClose	other				21746037	1	80481	2	0	next
Picture	view	other				21826518	1	6165	3	0	next
Picture	move	other				21832683	2	21662	3	0	next
Picture	wrongHand	false_alarm	6	1921	3	21854345	1	20995	2	0	next
Picture	loadClose	other				21875340	1	74482	3	0	next
Picture	view	other				21949822	2	6153	183	0	next
Picture	move	other				21955975	181	26673	182	0	next
Picture	check	other				21982648	1	1500	2	0	next
Picture	loadClose	other				21984148	1	63985	2	0	next
Picture	view	other				22048133	1	5332	2	0	next
Picture	move	other				22053465	1	24161	2	0	next
Picture	loadClose	other				22077626	1	78481	2	0	next
Picture	view	other				22156107	1	8165	2	0	next
Picture	move	other				22164272	1	25827	2	0	next
Picture	check	other				22190099	1	6998	3	0	next
Picture	loadClose	other				22197097	2	51655	3	0	next
Picture	view	other				22248752	1	4499	2	0	next
Picture	move	other				22253251	1	27827	2	0	next
Picture	check	other				22281078	1	9831	2	0	next
Picture	loadClose	other				22290909	1	85146	2	0	next
Picture	view	other				22376055	1	4333	2	0	next
Picture	move	other				22380388	1	25827	2	0	next
Picture	endBlock	other				22406215	1	30159	3	0	next
Picture	begin	other				22436374	2	313593	3	0	next
Picture	loadClose	other				22749967	1	60819	2	0	next
Picture	view	other				22810786	1	5499	2	0	next
Picture	move	other				22816285	1	23994	2	0	next
Picture	check	other				22840279	1	2000	2	0	next
Picture	loadClose	other				22842279	1	54820	2	0	next
Picture	view	other				22897099	1	4820	181	0	next
Picture	move	other				22901919	180	26339	182	0	next
Picture	check	other				22928258	2	4333	3	0	next
Picture	loadClose	other				22932591	1	52487	2	0	next
Picture	view	other				22985078	1	5666	2	0	next
Picture	move	other				22990744	1	24494	2	0	next
Picture	check	other				23015238	1	4166	2	0	next
Picture	loadClose	other				23019404	1	46988	3	0	next
Picture	view	other				23066392	2	5832	4	0	next
Picture	move	other				23072224	2	24328	3	0	next
Picture	loadClose	other				23096552	1	47156	2	0	next
Picture	view	other				23143708	1	5998	3	0	next
Picture	move	other				23149706	2	25661	3	0	next
Picture	loadClose	other				23175367	1	47988	3	0	next
Picture	view	other				23223355	2	5333	3	0	next
Picture	move	other				23228688	1	23994	2	0	next
Picture	check	other				23252682	1	1000	2	0	next
Picture	loadClose	other				23253682	1	43656	2	0	next
Picture	view	other				23297338	1	4665	3	0	next
Picture	move	other				23302003	2	23495	3	0	next
Picture	loadClose	other				23325498	1	42990	2	0	next
Picture	view	other				23368488	1	4499	2	0	next
Picture	move	other				23372987	1	22661	2	0	next
Picture	loadClose	other				23395648	1	48155	3	0	next
Picture	view	other				23443803	2	4833	3	0	next
Picture	move	other				23448636	1	21328	2	0	next
Picture	loadClose	other				23469964	1	55487	2	0	next
Picture	view	other				23525451	1	3999	2	0	next
Picture	move	other				23529450	1	21662	2	0	next
Picture	check	other				23551112	1	4998	2	0	next
Picture	loadClose	other				23556110	1	43990	2	0	next
Picture	view	other				23600100	1	4999	2	0	next
Picture	move	other				23605099	1	21994	3	0	next
Picture	loadClose	other				23627093	2	43824	3	0	next
Picture	view	other				23670917	1	4499	2	0	next
Picture	move	other				23675416	1	19495	2	0	next
Picture	loadClose	other				23694911	1	41657	2	0	next
Picture	view	other				23736568	1	4332	3	0	next
Picture	move	other				23740900	2	21495	3	0	next
Picture	loadClose	other				23762395	1	49655	2	0	next
Picture	view	other				23812050	1	4499	2	0	next
Picture	move	other				23816549	1	23828	2	0	next
Picture	loadClose	other				23840377	1	46488	3	0	next
Picture	view	other				23886865	2	5333	3	0	next
Picture	move	other				23892198	1	24494	2	0	next
Picture	loadClose	other				23916692	1	47489	2	0	next
Picture	view	other				23964181	1	6332	3	0	next
Picture	move	other				23970513	2	21161	3	0	next
Picture	loadClose	other				23991674	1	44157	2	0	next
Picture	view	other				24035831	1	4332	2	0	next
Picture	move	other				24040163	1	24661	2	0	next
Picture	loadClose	other				24064824	1	58153	2	0	next
Picture	view	other				24122977	1	5165	2	0	next
Picture	move	other				24128142	1	21162	2	0	next
Picture	loadClose	other				24149304	1	53321	2	0	next
Picture	view	other				24202625	1	4665	2	0	next
Picture	move	other				24207290	1	22828	2	0	next
Picture	loadClose	other				24230118	1	42823	2	0	next
Picture	view	other				24272941	1	4999	2	0	next
Picture	move	other				24277940	1	23161	3	0	next
Picture	loadClose	other				24301101	2	46656	3	0	next
Picture	view	other				24347757	1	4499	2	0	next
Picture	move	other				24352256	1	22495	2	0	next
Picture	loadClose	other				24374751	1	48322	2	0	next
Picture	view	other				24423073	1	4499	2	0	next
Picture	move	other				24427572	1	22161	2	0	next
Picture	loadClose	other				24449733	1	48322	2	0	next
Picture	view	other				24498055	1	4332	3	0	next
Picture	move	other				24502387	2	22662	3	0	next
Picture	loadClose	other				24525049	1	37324	2	0	next
Picture	wait	other				24562373	1	333	2	0	next
Picture	view	other				24562706	1	4333	2	0	next
Picture	move	other				24567039	1	21828	2	0	next
Picture	endSession	other				24588867	1	35860	2	0	next
