Scenario - opto_replant
Logfile written - 05/17/2014 11:46:45

Subject	Trial	Event Type	Code	Time	TTime	Uncertainty	Duration	Uncertainty	ReqTime	ReqDur	Stim Type	Pair Index

03_24	1	Picture	begin	332	0	2	687851	3	0	next	other	0
03_24	1	Response	7	60769	60437	2
03_24	1	Response	5	361035	360703	2
03_24	1	Response	7	541023	540691	2
03_24	1	Response	5	602852	602520	2
03_24	1	Response	8	659382	659050	1
03_24	1	Response	6	667351	667019	2
03_24	1	Response	9	688081	687749	2
03_24	2	Picture	loadClose	688183	0	1	76150	2	0	next	other	0
03_24	2	Response	9	764300	76117	2
03_24	3	Picture	view	764333	0	1	9664	3	0	next	other	0
03_24	3	Response	7	773760	9427	2
03_24	4	Picture	move	773997	0	2	47768	225	0	next	other	0
03_24	4	Response	5	821740	47743	1
03_24	5	Picture	check	821765	0	223	4054	225	0	next	other	0
03_24	5	Response	2	825721	3956	1
03_24	6	Picture	loadClose	825819	0	2	58654	3	0	next	other	0
03_24	6	Response	9	884449	58630	2
03_24	7	Picture	view	884473	0	1	10831	3	0	next	other	0
03_24	7	Response	7	895159	10686	2
03_24	8	Picture	move	895304	0	2	40311	184	0	next	other	0
03_24	8	Response	3	928598	33294	2
03_24	8	Response	5	935558	40254	2
03_24	9	Picture	loadClose	935615	0	182	70165	183	0	next	other	0
03_24	9	Response	7	1005607	69992	2
03_24	10	Picture	wrongHand	1005780	0	1	91647	2	0	next	false_alarm	27
03_24	10	Response	9	1008237	2457	2
03_24	10	Response	5	1097196	91416	2
03_24	11	Picture	loadClose	1097427	0	1	19162	3	0	next	other	0
03_24	11	Response	8	1116546	19119	2
03_24	12	Picture	wrongHand	1116589	0	2	25162	3	0	next	false_alarm	32
03_24	12	Response	6	1141636	25047	1
03_24	13	Picture	loadClose	1141751	0	1	4665	2	0	next	other	0
03_24	13	Response	8	1146396	4645	1
03_24	14	Picture	wrongHand	1146416	0	1	8832	2	0	next	false_alarm	36
03_24	14	Response	6	1155045	8629	2
03_24	15	Picture	loadClose	1155248	0	1	2832	3	0	next	other	0
03_24	15	Response	8	1157985	2737	2
03_24	16	Picture	wrongHand	1158080	0	2	7960	209	0	next	false_alarm	40
03_24	16	Response	6	1165995	7915	2
03_24	17	Picture	loadClose	1166040	0	207	122845	208	0	next	other	0
03_24	17	Response	7	1288804	122764	2
03_24	18	Picture	wrongHand	1288885	0	1	146753	217	0	next	false_alarm	44
03_24	18	Response	8	1301834	12949	1
03_24	18	Response	6	1303114	14229	1
03_24	18	Response	8	1323583	34698	2
03_24	18	Response	6	1337923	49038	2
03_24	18	Response	8	1346613	57728	2
03_24	18	Response	6	1347663	58778	2
03_24	18	Response	8	1354913	66028	2
03_24	18	Response	6	1359513	70628	2
03_24	18	Response	8	1368203	79318	2
03_24	18	Response	6	1417922	129037	2
03_24	18	Response	8	1422512	133627	2
03_24	18	Response	6	1425232	136347	2
03_24	18	Response	5	1435592	146707	2
03_24	19	Picture	loadClose	1435638	0	216	54870	217	0	next	other	0
03_24	19	Response	9	1490351	54713	2
03_24	20	Picture	view	1490508	0	1	17996	3	0	next	other	0
03_24	20	Response	7	1508311	17803	2
03_24	21	Picture	move	1508504	0	2	48122	204	0	next	other	0
03_24	21	Response	3	1542512	34008	1
03_24	21	Response	5	1556570	48066	2
03_24	22	Picture	loadClose	1556626	0	202	73852	203	0	next	other	0
03_24	22	Response	9	1630430	73804	1
03_24	23	Picture	view	1630478	0	1	9331	2	0	next	other	0
03_24	23	Response	7	1639629	9151	2
03_24	24	Picture	move	1639809	0	1	39491	2	0	next	other	0
03_24	24	Response	2	1663149	23340	2
03_24	24	Response	5	1679089	39280	2
03_24	25	Picture	loadClose	1679300	0	1	89981	2	0	next	other	0
03_24	25	Response	9	1769138	89838	2
03_24	26	Picture	view	1769281	0	1	9331	2	0	next	other	0
03_24	26	Response	7	1778388	9107	1
03_24	27	Picture	move	1778612	0	1	43260	233	0	next	other	0
03_24	27	Response	3	1813707	35095	2
03_24	27	Response	5	1821817	43205	2
03_24	28	Picture	loadClose	1821872	0	232	105374	234	0	next	other	0
03_24	28	Response	9	1927096	105224	2
03_24	29	Picture	view	1927246	0	2	10813	188	0	next	other	0
03_24	29	Response	7	1937976	10730	2
03_24	30	Picture	move	1938059	0	186	48008	187	0	next	other	0
03_24	30	Response	5	1985915	47856	2
03_24	31	Picture	check	1986067	0	1	56821	2	0	next	other	0
03_24	31	Response	2	2042826	56759	1
03_24	32	Picture	loadClose	2042888	0	1	192791	2	0	next	other	0
03_24	32	Response	9	2235622	192734	2
03_24	32	Response	9	2235642	192754	2
03_24	33	Picture	view	2235679	0	1	13309	191	0	next	other	0
03_24	33	Response	7	2248922	13243	2
03_24	34	Picture	move	2248988	0	190	50177	192	0	next	other	0
03_24	35	Picture	check	2299165	0	2	834	3	0	next	other	0
03_24	35	Response	3	2299941	776	2
03_24	36	Picture	loadClose	2299999	0	1	108976	2	0	next	other	0
03_24	36	Response	5	2304191	4192	2
03_24	36	Response	9	2408880	108881	2
03_24	37	Picture	view	2408975	0	1	15330	2	0	next	other	0
03_24	37	Response	7	2424140	15165	1
03_24	38	Picture	move	2424305	0	1	50156	2	0	next	other	0
03_24	38	Response	3	2463779	39474	2
03_24	39	Picture	loadClose	2474461	0	1	89647	2	0	next	other	0
03_24	39	Response	5	2476329	1868	2
03_24	39	Response	9	2564038	89577	2
03_24	39	Response	9	2564058	89597	2
03_24	40	Picture	view	2564108	0	1	8165	2	0	next	other	0
03_24	40	Response	7	2572058	7950	2
03_24	41	Picture	move	2572273	0	1	40158	2	0	next	other	0
03_24	41	Response	3	2603938	31665	2
03_24	41	Response	5	2612287	40014	2
03_24	42	Picture	loadClose	2612431	0	1	124306	2	0	next	other	0
03_24	42	Response	7	2736696	124265	2
03_24	43	Picture	wrongHand	2736737	0	1	959082	211	0	next	false_alarm	113
03_24	43	Response	5	3695764	959027	2
03_24	44	Picture	loadClose	3695819	0	210	135679	212	0	next	other	0
03_24	44	Response	7	3831352	135533	2
03_24	45	Picture	wrongHand	3831498	0	2	47810	183	0	next	false_alarm	117
03_24	45	Response	5	3879262	47764	2
03_24	46	Picture	loadClose	3879308	0	181	186806	182	0	next	other	0
03_24	46	Response	9	4066060	186752	1
03_24	47	Picture	view	4066114	0	1	7979	188	0	next	other	0
03_24	47	Response	7	4074009	7895	2
03_24	48	Picture	move	4074093	0	187	50175	188	0	next	other	0
03_24	48	Response	2	4096561	22468	1
03_24	49	Picture	loadClose	4124268	0	1	67152	2	0	next	other	0
03_24	49	Response	5	4139489	15221	1
03_24	49	Response	9	4191258	66990	2
03_24	50	Picture	view	4191420	0	1	6998	3	0	next	other	0
03_24	50	Response	7	4198228	6808	2
03_24	51	Picture	move	4198418	0	2	50156	3	0	next	other	0
03_24	51	Response	3	4233197	34779	3
03_24	52	Picture	loadClose	4248574	0	1	85815	2	0	next	other	0
03_24	52	Response	5	4252957	4383	2
03_24	52	Response	9	4334246	85672	2
03_24	52	Response	9	4334266	85692	2
03_24	53	Picture	view	4334389	0	1	9831	2	0	next	other	0
03_24	53	Response	7	4343976	9587	2
03_24	54	Picture	move	4344220	0	1	50155	3	0	next	other	0
03_24	54	Response	3	4391276	47056	2
03_24	55	Picture	loadClose	4394375	0	2	101145	4	0	next	other	0
03_24	55	Response	5	4402495	8120	2
03_24	55	Response	9	4495454	101079	2
03_24	56	Picture	view	4495520	0	2	7332	3	0	next	other	0
03_24	56	Response	7	4502674	7154	2
03_24	57	Picture	move	4502852	0	1	50156	2	0	next	other	0
03_24	57	Response	2	4523274	20422	2
03_24	58	Picture	loadClose	4553008	0	1	93313	2	0	next	other	0
03_24	58	Response	5	4569833	16825	2
03_24	58	Response	9	4646162	93154	2
03_24	59	Picture	view	4646321	0	1	10831	2	0	next	other	0
03_24	59	Response	7	4656932	10611	2
03_24	60	Picture	move	4657152	0	1	48656	2	0	next	other	0
03_24	60	Response	2	4696072	38920	2
03_24	60	Response	5	4705612	48460	1
03_24	61	Picture	loadClose	4705808	0	1	130638	2	0	next	other	0
03_24	61	Response	9	4836420	130612	2
03_24	62	Picture	view	4836446	0	1	7332	2	0	next	other	0
03_24	62	Response	7	4843530	7084	2
03_24	63	Picture	move	4843778	0	1	47823	2	0	next	other	0
03_24	63	Response	3	4891109	47331	2
03_24	63	Response	5	4891439	47661	2
03_24	64	Picture	loadClose	4891601	0	1	248445	3	0	next	other	0
03_24	64	Response	9	5139926	248325	2
03_24	65	Picture	view	5140046	0	2	7811	191	0	next	other	0
03_24	65	Response	7	5147776	7730	2
03_24	66	Picture	move	5147857	0	189	50177	190	0	next	other	0
03_24	66	Response	2	5177347	29490	1
03_24	67	Picture	loadClose	5198034	0	1	89647	2	0	next	other	0
03_24	67	Response	5	5207935	9901	2
03_24	67	Response	9	5287624	89590	2
03_24	68	Picture	view	5287681	0	1	8308	193	0	next	other	0
03_24	68	Response	7	5295924	8243	2
03_24	69	Picture	move	5295989	0	192	50179	194	0	next	other	0
03_24	69	Response	2	5327904	31915	2
03_24	70	Picture	loadClose	5346168	0	2	78983	3	0	next	other	0
03_24	70	Response	5	5355284	9116	1
03_24	70	Response	9	5425113	78945	2
03_24	71	Picture	view	5425151	0	1	18163	2	0	next	other	0
03_24	71	Response	7	5443083	17932	1
03_24	72	Picture	move	5443314	0	1	41491	2	0	next	other	0
03_24	72	Response	2	5467102	23788	2
03_24	72	Response	5	5484672	41358	2
03_24	73	Picture	loadClose	5484805	0	1	81316	2	0	next	other	0
03_24	73	Response	9	5566081	81276	2
03_24	74	Picture	view	5566121	0	1	11997	2	0	next	other	0
03_24	74	Response	7	5577991	11870	2
03_24	75	Picture	move	5578118	0	1	39158	2	0	next	other	0
03_24	75	Response	2	5598461	20343	2
03_24	75	Response	8	5617130	39012	2
03_24	76	Picture	wrongHand	5617276	0	1	53822	2	0	next	false_alarm	190
03_24	76	Response	5	5633420	16144	2
03_24	76	Response	6	5670940	53664	2
03_24	77	Picture	loadClose	5671098	0	1	124473	2	0	next	other	0
03_24	77	Response	9	5795398	124300	2
03_24	78	Picture	view	5795571	0	1	11997	3	0	next	other	0
03_24	78	Response	7	5807328	11757	2
03_24	79	Picture	move	5807568	0	2	50156	3	0	next	other	0
03_24	79	Response	3	5851419	43851	1
03_24	80	Picture	loadClose	5857724	0	1	61486	2	0	next	other	0
03_24	80	Response	5	5860377	2653	2
03_24	80	Response	9	5919167	61443	1
03_24	81	Picture	view	5919210	0	1	8165	3	0	next	other	0
03_24	81	Response	7	5927227	8017	1
03_24	82	Picture	move	5927375	0	2	47157	3	0	next	other	0
03_24	82	Response	5	5974436	47061	2
03_24	83	Picture	check	5974532	0	1	107	228	0	next	other	0
03_24	83	Response	2	5974616	84	2
03_24	84	Picture	loadClose	5974639	0	227	85707	228	0	next	other	0
03_24	84	Response	9	6060265	85626	2
03_24	85	Picture	view	6060346	0	1	9998	2	0	next	other	0
03_24	85	Response	7	6070235	9889	2
03_24	86	Picture	move	6070344	0	1	43824	2	0	next	other	0
03_24	86	Response	2	6103254	32910	2
03_24	86	Response	5	6114004	43660	2
03_24	87	Picture	loadClose	6114168	0	1	58320	3	0	next	other	0
03_24	87	Response	9	6172324	58156	1
03_24	88	Picture	view	6172488	0	2	8999	3	0	next	other	0
03_24	88	Response	7	6181243	8755	2
03_24	89	Picture	move	6181487	0	1	42324	2	0	next	other	0
03_24	89	Response	5	6223693	42206	2
03_24	90	Picture	check	6223811	0	1	6332	2	0	next	other	0
03_24	90	Response	3	6229973	6162	2
03_24	91	Picture	loadClose	6230143	0	1	73484	2	0	next	other	0
03_24	91	Response	9	6303492	73349	2
03_24	92	Picture	view	6303627	0	1	8831	2	0	next	other	0
03_24	92	Response	7	6312212	8585	2
03_24	93	Picture	move	6312458	0	1	41324	2	0	next	other	0
03_24	93	Response	2	6342291	29833	3
03_24	93	Response	5	6353601	41143	2
03_24	94	Picture	loadClose	6353782	0	1	61154	2	0	next	other	0
03_24	94	Response	9	6414831	61049	1
03_24	95	Picture	view	6414936	0	1	9164	3	0	next	other	0
03_24	95	Response	7	6423960	9024	2
03_24	96	Picture	move	6424100	0	2	45444	216	0	next	other	0
03_24	96	Response	2	6458130	34030	2
03_24	96	Response	5	6469500	45400	2
03_24	97	Picture	loadClose	6469544	0	214	61533	215	0	next	other	0
03_24	97	Response	9	6530999	61455	2
03_24	98	Picture	view	6531077	0	1	10331	2	0	next	other	0
03_24	98	Response	7	6541229	10152	2
03_24	99	Picture	move	6541408	0	1	49989	2	0	next	other	0
03_24	99	Response	2	6588688	47280	3
03_24	99	Response	5	6591288	49880	2
03_24	100	Picture	loadClose	6591397	0	1	70318	2	0	next	other	0
03_24	100	Response	9	6661658	70261	1
03_24	101	Picture	view	6661715	0	1	9665	2	0	next	other	0
03_24	101	Response	7	6671197	9482	2
03_24	102	Picture	move	6671380	0	1	37825	2	0	next	other	0
03_24	102	Response	2	6697967	26587	2
03_24	102	Response	5	6709037	37657	2
03_24	103	Picture	loadClose	6709205	0	1	17329	3	0	next	other	0
03_24	103	Response	8	6726487	17282	2
03_24	104	Picture	wrongHand	6726534	0	2	1833	4	0	next	false_alarm	253
03_24	104	Response	6	6728157	1623	1
03_24	105	Picture	loadClose	6728367	0	2	51822	4	0	next	other	0
03_24	105	Response	9	6780156	51789	2
03_24	106	Picture	view	6780189	0	2	9498	4	0	next	other	0
03_24	106	Response	7	6789486	9297	2
03_24	107	Picture	move	6789687	0	2	26161	3	0	next	other	0
03_24	107	Response	8	6815826	26139	1
03_24	108	Picture	wrongHand	6815848	0	1	58987	3	0	next	false_alarm	261
03_24	108	Response	2	6819406	3558	2
03_24	108	Response	5	6840575	24727	2
03_24	108	Response	6	6874735	58887	2
03_24	109	Picture	loadClose	6874835	0	2	88648	3	0	next	other	0
03_24	109	Response	9	6963304	88469	2
03_24	110	Picture	view	6963483	0	1	9664	3	0	next	other	0
03_24	110	Response	7	6973044	9561	1
03_24	111	Picture	move	6973147	0	2	49308	185	0	next	other	0
03_24	111	Response	3	7014123	40976	2
03_24	111	Response	5	7022403	49256	2
03_24	112	Picture	loadClose	7022455	0	183	71333	184	0	next	other	0
03_24	112	Response	9	7093642	71187	2
03_24	113	Picture	view	7093788	0	1	9164	3	0	next	other	0
03_24	113	Response	7	7102812	9024	2
03_24	114	Picture	move	7102952	0	2	38992	3	0	next	other	0
03_24	114	Response	2	7128202	25250	2
03_24	114	Response	8	7141782	38830	1
03_24	115	Picture	wrongHand	7141944	0	1	51655	3	0	next	false_alarm	279
03_24	115	Response	5	7152881	10937	2
03_24	115	Response	6	7193371	51427	2
03_24	116	Picture	loadClose	7193599	0	2	2000	3	0	next	other	0
03_24	116	Response	8	7195501	1902	2
03_24	117	Picture	wrongHand	7195599	0	1	17496	2	0	next	false_alarm	284
03_24	117	Response	6	7213001	17402	2
03_24	118	Picture	loadClose	7213095	0	1	4332	3	0	next	other	0
03_24	118	Response	8	7217371	4276	1
03_24	119	Picture	wrongHand	7217427	0	2	5499	3	0	next	false_alarm	288
03_24	119	Response	6	7222791	5364	1
03_24	120	Picture	loadClose	7222926	0	1	39825	2	0	next	other	0
03_24	120	Response	8	7262620	39694	2
03_24	121	Picture	wrongHand	7262751	0	1	15830	2	0	next	false_alarm	292
03_24	121	Response	6	7278380	15629	2
03_24	122	Picture	loadClose	7278581	0	1	3166	2	0	next	other	0
03_24	122	Response	8	7281680	3099	2
03_24	123	Picture	wrongHand	7281747	0	1	8165	2	0	next	false_alarm	296
03_24	123	Response	6	7289710	7963	2
03_24	124	Picture	loadClose	7289912	0	1	5332	2	0	next	other	0
03_24	124	Response	8	7295090	5178	1
03_24	125	Picture	wrongHand	7295244	0	1	8665	2	0	next	false_alarm	300
03_24	125	Response	6	7303740	8496	1
03_24	126	Picture	loadClose	7303909	0	1	999	3	0	next	other	0
03_24	126	Response	8	7304860	951	1
03_24	127	Picture	wrongHand	7304908	0	2	3500	3	0	next	false_alarm	304
03_24	127	Response	6	7308290	3382	1
03_24	128	Picture	loadClose	7308408	0	1	44157	2	0	next	other	0
03_24	128	Response	9	7352459	44051	2
03_24	129	Picture	view	7352565	0	1	8331	3	0	next	other	0
03_24	129	Response	7	7360659	8094	2
03_24	130	Picture	move	7360896	0	2	39825	3	0	next	other	0
03_24	130	Response	2	7379560	18664	1
03_24	130	Response	5	7400578	39682	2
03_24	131	Picture	loadClose	7400721	0	1	79816	2	0	next	other	0
03_24	131	Response	9	7480447	79726	2
03_24	132	Picture	view	7480537	0	1	7998	2	0	next	other	0
03_24	132	Response	7	7488287	7750	2
03_24	133	Picture	move	7488535	0	1	39158	2	0	next	other	0
03_24	133	Response	2	7515717	27182	2
03_24	133	Response	5	7527497	38962	2
03_24	134	Picture	loadClose	7527693	0	1	66652	3	0	next	other	0
03_24	134	Response	9	7594256	66563	2
03_24	135	Picture	view	7594345	0	2	7832	3	0	next	other	0
03_24	135	Response	7	7601956	7611	2
03_24	136	Picture	move	7602177	0	1	41991	2	0	next	other	0
03_24	136	Response	2	7633156	30979	2
03_24	136	Response	5	7644045	41868	2
03_24	137	Picture	loadClose	7644168	0	1	65986	2	0	next	other	0
03_24	137	Response	9	7710035	65867	2
03_24	138	Picture	view	7710154	0	1	13330	2	0	next	other	0
03_24	138	Response	7	7723344	13190	2
03_24	139	Picture	move	7723484	0	1	35992	2	0	next	other	0
03_24	139	Response	5	7759324	35840	2
03_24	140	Picture	check	7759476	0	1	7998	3	0	next	other	0
03_24	140	Response	3	7767394	7918	2
03_24	141	Picture	loadClose	7767474	0	2	68152	3	0	next	other	0
03_24	141	Response	9	7835503	68029	2
03_24	142	Picture	view	7835626	0	1	9498	2	0	next	other	0
03_24	142	Response	7	7844943	9317	2
03_24	143	Picture	move	7845124	0	1	39133	194	0	next	other	0
03_24	143	Response	2	7874273	29149	2
03_24	143	Response	5	7884202	39078	2
03_24	144	Picture	loadClose	7884257	0	193	76009	194	0	next	other	0
03_24	144	Response	9	7960102	75845	1
03_24	145	Picture	view	7960266	0	1	7331	3	0	next	other	0
03_24	145	Response	7	7967471	7205	2
03_24	146	Picture	move	7967597	0	2	44657	4	0	next	other	0
03_24	146	Response	2	7999711	32114	2
03_24	146	Response	5	8012041	44444	2
03_24	147	Picture	loadClose	8012254	0	2	75484	3	0	next	other	0
03_24	147	Response	9	8087670	75416	2
03_24	148	Picture	view	8087738	0	1	8498	2	0	next	other	0
03_24	148	Response	7	8096060	8322	2
03_24	149	Picture	move	8096236	0	1	38992	2	0	next	other	0
03_24	149	Response	2	8122910	26674	2
03_24	149	Response	5	8135049	38813	2
03_24	150	Picture	loadClose	8135228	0	1	69151	2	0	next	other	0
03_24	150	Response	9	8204219	68991	1
03_24	150	Response	9	8204239	69011	1
03_24	151	Picture	view	8204379	0	1	8165	2	0	next	other	0
03_24	151	Response	7	8212348	7969	2
03_24	152	Picture	move	8212544	0	1	34826	2	0	next	other	0
03_24	152	Response	2	8231708	19164	2
03_24	152	Response	5	8247178	34634	2
03_24	153	Picture	loadClose	8247370	0	1	72817	3	0	next	other	0
03_24	153	Response	9	8320027	72657	2
03_24	154	Picture	view	8320187	0	2	11831	3	0	next	other	0
03_24	154	Response	7	8331897	11710	2
03_24	155	Picture	move	8332018	0	1	43157	2	0	next	other	0
03_24	155	Response	2	8351227	19209	2
03_24	155	Response	5	8374996	42978	2
03_24	156	Picture	loadClose	8375175	0	1	68819	2	0	next	other	0
03_24	156	Response	9	8443836	68661	1
03_24	156	Response	9	8443866	68691	2
03_24	157	Picture	view	8443994	0	1	8831	2	0	next	other	0
03_24	157	Response	7	8452665	8671	2
03_24	158	Picture	move	8452825	0	1	42657	3	0	next	other	0
03_24	158	Response	2	8476825	24000	2
03_24	158	Response	5	8495445	42620	2
03_24	159	Picture	endBlock	8495482	0	2	30161	3	0	next	other	0
03_24	160	Picture	begin	8525643	0	1	1597985	2	0	next	other	0
03_24	160	Response	8	8535174	9531	2
03_24	160	Response	7	8535564	9921	2
03_24	160	Response	9	10123455	1597812	2
03_24	161	Picture	loadClose	10123628	0	1	406078	2	0	next	other	0
03_24	161	Response	6	10520050	396422	2
03_24	161	Response	8	10529550	405922	2
03_24	162	Picture	wrongHand	10529706	0	1	4666	2	0	next	false_alarm	387
03_24	162	Response	6	10534280	4574	2
03_24	163	Picture	loadClose	10534372	0	1	12164	2	0	next	other	0
03_24	163	Response	8	10546370	11998	1
03_24	164	Picture	wrongHand	10546536	0	1	1113424	2	0	next	false_alarm	391
03_24	164	Response	6	11659776	1113240	2
03_24	165	Picture	loadClose	11659960	0	1	1999	2	0	next	other	0
03_24	165	Response	8	11661926	1966	2
03_24	166	Picture	wrongHand	11661959	0	1	3166	2	0	next	false_alarm	395
03_24	166	Response	6	11664946	2987	2
03_24	167	Picture	loadClose	11665125	0	1	7665	3	0	next	other	0
03_24	167	Response	8	11672706	7581	2
03_24	168	Picture	wrongHand	11672790	0	2	6666	3	0	next	false_alarm	399
03_24	168	Response	6	11679376	6586	2
03_24	169	Picture	loadClose	11679456	0	1	31493	2	0	next	other	0
03_24	169	Response	5	11689626	10170	1
03_24	169	Response	8	11710935	31479	2
03_24	170	Picture	wrongHand	11710949	0	1	331094	2	0	next	false_alarm	404
03_24	170	Response	6	12041971	331022	2
03_24	171	Picture	loadClose	12042043	0	1	10998	2	0	next	other	0
03_24	171	Response	8	12052961	10918	2
03_24	172	Picture	wrongHand	12053041	0	1	1500	2	0	next	false_alarm	408
03_24	172	Response	6	12054361	1320	2
03_24	173	Picture	loadClose	12054541	0	1	11164	2	0	next	other	0
03_24	173	Response	8	12065671	11130	2
03_24	174	Picture	wrongHand	12065705	0	1	4454363	2	0	next	false_alarm	412
03_24	174	Response	7	12306988	241283	2
03_24	174	Response	5	13399144	1333439	2
03_24	174	Response	7	13401604	1335899	2
03_24	174	Response	6	16519956	4454251	2
03_24	175	Picture	loadClose	16520068	0	1	20829	2	0	next	other	0
03_24	175	Response	8	16540766	20698	2
03_24	176	Picture	wrongHand	16540897	0	1	50988	3	0	next	false_alarm	419
03_24	176	Response	6	16591685	50788	2
03_24	177	Picture	loadClose	16591885	0	2	4666	3	0	next	other	0
03_24	177	Response	8	16596535	4650	2
03_24	178	Picture	wrongHand	16596551	0	1	7499	2	0	next	false_alarm	423
03_24	178	Response	6	16603855	7304	2
03_24	179	Picture	loadClose	16604050	0	1	7498	2	0	next	other	0
03_24	179	Response	8	16611475	7425	2
03_24	180	Picture	wrongHand	16611548	0	1	61153	3	0	next	false_alarm	427
03_24	180	Response	6	16672594	61046	2
03_24	181	Picture	loadClose	16672701	0	2	1833	4	0	next	other	0
03_24	181	Response	8	16674514	1813	2
03_24	182	Picture	wrongHand	16674534	0	2	8485	183	0	next	false_alarm	431
03_24	182	Response	6	16682974	8440	2
03_24	183	Picture	loadClose	16683019	0	181	847	182	0	next	other	0
03_24	183	Response	8	16683814	795	2
03_24	184	Picture	wrongHand	16683866	0	1	214	454	0	next	false_alarm	435
03_24	184	Response	6	16684034	168	2
03_24	185	Picture	loadClose	16684080	0	453	5784	455	0	next	other	0
03_24	185	Response	8	16689724	5644	2
03_24	186	Picture	wrongHand	16689864	0	2	4166	3	0	next	false_alarm	439
03_24	186	Response	6	16693874	4010	2
03_24	187	Picture	loadClose	16694030	0	1	7832	2	0	next	other	0
03_24	187	Response	8	16701824	7794	2
03_24	188	Picture	wrongHand	16701862	0	1	4832	2	0	next	false_alarm	443
03_24	188	Response	6	16706524	4662	1
03_24	189	Picture	loadClose	16706694	0	1	92313	2	0	next	other	0
03_24	189	Response	8	16798983	92289	1
03_24	190	Picture	wrongHand	16799007	0	1	69985	2	0	next	false_alarm	447
03_24	190	Response	6	16868812	69805	1
03_24	191	Picture	loadClose	16868992	0	1	6332	2	0	next	other	0
03_24	191	Response	8	16875282	6290	2
03_24	192	Picture	wrongHand	16875324	0	1	2666	2	0	next	false_alarm	451
03_24	192	Response	6	16877922	2598	1
03_24	193	Picture	loadClose	16877990	0	1	120307	2	0	next	other	0
03_24	193	Response	8	16998170	120180	2
03_24	194	Picture	wrongHand	16998297	0	1	6999	2	0	next	false_alarm	455
03_24	194	Response	6	17005080	6783	2
03_24	195	Picture	loadClose	17005296	0	1	82982	2	0	next	other	0
03_24	195	Response	8	17088219	82923	2
03_24	196	Picture	wrongHand	17088278	0	1	6498	2	0	next	false_alarm	459
03_24	196	Response	6	17094589	6311	2
03_24	197	Picture	loadClose	17094776	0	1	10998	2	0	next	other	0
03_24	197	Response	8	17105709	10933	2
03_24	198	Picture	wrongHand	17105774	0	1	60320	2	0	next	false_alarm	463
03_24	198	Response	6	17165998	60224	2
03_24	199	Picture	loadClose	17166094	0	1	23495	2	0	next	other	0
03_24	199	Response	8	17189448	23354	2
03_24	200	Picture	wrongHand	17189589	0	1	682518	2	0	next	false_alarm	467
03_24	200	Response	6	17871999	682410	2
03_24	201	Picture	loadClose	17872107	0	1	4332	3	0	next	other	0
03_24	201	Response	8	17876279	4172	2
03_24	202	Picture	wrongHand	17876439	0	2	4499	3	0	next	false_alarm	471
03_24	202	Response	6	17880819	4380	2
03_24	203	Picture	loadClose	17880938	0	1	4999	2	0	next	other	0
03_24	203	Response	8	17885829	4891	2
03_24	204	Picture	wrongHand	17885937	0	1	4987	181	0	next	false_alarm	475
03_24	204	Response	6	17890879	4942	2
03_24	205	Picture	loadClose	17890924	0	180	20674	181	0	next	other	0
03_24	205	Response	8	17911559	20635	2
03_24	206	Picture	wrongHand	17911598	0	1	6832	2	0	next	false_alarm	479
03_24	206	Response	6	17918309	6711	2
03_24	207	Picture	loadClose	17918430	0	1	59820	3	0	next	other	0
03_24	207	Response	8	17978198	59768	2
03_24	208	Picture	wrongHand	17978250	0	2	75984	3	0	next	false_alarm	483
03_24	208	Response	6	18054117	75867	2
03_24	209	Picture	loadClose	18054234	0	1	33826	2	0	next	other	0
03_24	209	Response	8	18087977	33743	1
03_24	210	Picture	wrongHand	18088060	0	1	1333	2	0	next	false_alarm	487
03_24	210	Response	6	18089187	1127	2
03_24	211	Picture	loadClose	18089393	0	1	833	2	0	next	other	0
03_24	211	Response	8	18090157	764	1
03_24	212	Picture	wrongHand	18090226	0	1	1166	3	0	next	false_alarm	491
03_24	212	Response	6	18091267	1041	2
03_24	213	Picture	loadClose	18091392	0	2	2333	3	0	next	other	0
03_24	213	Response	8	18093597	2205	1
03_24	214	Picture	wrongHand	18093725	0	1	197957	2	0	next	false_alarm	495
03_24	214	Response	5	18226585	132860	2
03_24	214	Response	7	18239995	146270	2
03_24	214	Response	5	18245545	151820	1
03_24	214	Response	6	18291534	197809	2
03_24	215	Picture	loadClose	18291682	0	1	3499	3	0	next	other	0
03_24	215	Response	8	18295044	3362	2
03_24	216	Picture	wrongHand	18295181	0	2	3500	3	0	next	false_alarm	502
03_24	216	Response	6	18298464	3283	2
03_24	217	Picture	loadClose	18298681	0	1	35159	2	0	next	other	0
03_24	217	Response	8	18333784	35103	1
03_24	218	Picture	wrongHand	18333840	0	1	1203238	2	0	next	false_alarm	506
03_24	218	Response	7	18337844	4004	1
03_24	218	Response	6	19536959	1203119	2
03_24	219	Picture	loadClose	19537078	0	1	3332	2	0	next	other	0
03_24	219	Response	8	19540289	3211	2
03_24	220	Picture	wrongHand	19540410	0	1	3999	3	0	next	false_alarm	511
03_24	220	Response	6	19544259	3849	1
03_24	221	Picture	loadClose	19544409	0	2	1667	3	0	next	other	0
03_24	221	Response	8	19546029	1620	1
03_24	222	Picture	wrongHand	19546076	0	1	4999	2	0	next	false_alarm	515
03_24	222	Response	6	19550939	4863	1
03_24	223	Picture	loadClose	19551075	0	1	2332	3	0	next	other	0
03_24	223	Response	8	19553229	2154	1
03_24	224	Picture	wrongHand	19553407	0	2	4666	3	0	next	false_alarm	519
03_24	224	Response	6	19557899	4492	1
03_24	225	Picture	loadClose	19558073	0	1	42824	2	0	next	other	0
03_24	225	Response	5	19599588	41515	2
03_24	225	Response	7	19600868	42795	2
03_24	226	Picture	wrongHand	19600897	0	1	35492	2	0	next	false_alarm	524
03_24	226	Response	5	19636248	35351	1
03_24	227	Picture	loadClose	19636389	0	1	24162	2	0	next	other	0
03_24	227	Response	8	19660507	24118	2
03_24	228	Picture	wrongHand	19660551	0	1	948127	2	0	next	false_alarm	528
03_24	228	Response	7	19853785	193234	2
03_24	228	Response	5	19869355	208804	1
03_24	228	Response	7	20076842	416291	2
03_24	228	Response	5	20562876	902325	2
03_24	228	Response	7	20567116	906565	2
03_24	228	Response	5	20571556	911005	2
03_24	228	Response	7	20573316	912765	2
03_24	228	Response	5	20575356	914805	2
03_24	228	Response	7	20575596	915045	2
03_24	228	Response	5	20576616	916065	2
03_24	228	Response	7	20577266	916715	2
03_24	228	Response	5	20578056	917505	2
03_24	228	Response	7	20578706	918155	2
03_24	228	Response	6	20608516	947965	2
03_24	229	Picture	loadClose	20608678	0	1	1166	2	0	next	other	0
03_24	229	Response	8	20609796	1118	2
03_24	230	Picture	wrongHand	20609844	0	1	5166	2	0	next	false_alarm	545
03_24	230	Response	6	20614806	4962	1
03_24	231	Picture	loadClose	20615010	0	1	3832	2	0	next	other	0
03_24	231	Response	8	20618725	3715	2
03_24	232	Picture	wrongHand	20618842	0	1	6665	3	0	next	false_alarm	549
03_24	232	Response	6	20625335	6493	2
03_24	233	Picture	loadClose	20625507	0	2	3666	3	0	next	other	0
03_24	233	Response	8	20629055	3548	2
03_24	234	Picture	wrongHand	20629173	0	1	9498	2	0	next	false_alarm	553
03_24	234	Response	6	20638485	9312	2
03_24	235	Picture	loadClose	20638671	0	1	2833	2	0	next	other	0
03_24	235	Response	8	20641395	2724	2
03_24	236	Picture	wrongHand	20641504	0	1	11497	3	0	next	false_alarm	557
03_24	236	Response	6	20652845	11341	2
03_24	237	Picture	loadClose	20653001	0	2	4999	3	0	next	other	0
03_24	237	Response	8	20657835	4834	2
03_24	238	Picture	wrongHand	20658000	0	1	7665	3	0	next	false_alarm	561
03_24	238	Response	6	20665565	7565	2
03_24	239	Picture	loadClose	20665665	0	2	5666	3	0	next	other	0
03_24	239	Response	8	20671295	5630	2
03_24	240	Picture	wrongHand	20671331	0	1	17163	2	0	next	false_alarm	565
03_24	240	Response	6	20688285	16954	1
03_24	241	Picture	loadClose	20688494	0	1	6165	2	0	next	other	0
03_24	241	Response	8	20694555	6061	1
03_24	242	Picture	wrongHand	20694659	0	1	3165	3	0	next	false_alarm	569
03_24	242	Response	6	20697754	3095	2
03_24	243	Picture	loadClose	20697824	0	2	18664	3	0	next	other	0
03_24	243	Response	8	20716384	18560	2
03_24	244	Picture	wrongHand	20716488	0	1	250445	2	0	next	false_alarm	573
03_24	244	Response	6	20966771	250283	2
03_24	245	Picture	loadClose	20966933	0	1	44157	2	0	next	other	0
03_24	245	Response	5	20983181	16248	2
03_24	245	Response	7	21011011	44078	1
03_24	246	Picture	wrongHand	21011090	0	1	194958	2	0	next	false_alarm	578
03_24	246	Response	8	21013911	2821	1
03_24	246	Response	5	21205928	194838	2
03_24	247	Picture	loadClose	21206048	0	1	3666	2	0	next	other	0
03_24	247	Response	7	21209668	3620	2
03_24	248	Picture	wrongHand	21209714	0	1	9983	184	0	next	false_alarm	583
03_24	248	Response	5	21219648	9934	2
03_24	249	Picture	loadClose	21219697	0	183	847	185	0	next	other	0
03_24	249	Response	7	21220378	681	2
03_24	250	Picture	wrongHand	21220544	0	2	667	3	0	next	false_alarm	587
03_24	250	Response	5	21221128	584	2
03_24	251	Picture	loadClose	21221211	0	1	41158	2	0	next	other	0
03_24	251	Response	6	21235468	14257	2
03_24	251	Response	8	21262288	41077	1
03_24	252	Picture	wrongHand	21262369	0	1	219285	2	0	next	false_alarm	592
03_24	252	Response	6	21481515	219146	2
03_24	253	Picture	loadClose	21481654	0	1	3666	2	0	next	other	0
03_24	253	Response	8	21485145	3491	2
03_24	254	Picture	wrongHand	21485320	0	1	30660	2	0	next	false_alarm	596
03_24	254	Response	6	21515824	30504	2
03_24	255	Picture	loadClose	21515980	0	1	5832	2	0	next	other	0
03_24	255	Response	8	21521634	5654	2
03_24	256	Picture	wrongHand	21521812	0	1	4332	3	0	next	false_alarm	600
03_24	256	Response	6	21525954	4142	2
03_24	257	Picture	loadClose	21526144	0	2	118475	3	0	next	other	0
03_24	257	Response	9	21644523	118379	2
03_24	258	Picture	view	21644619	0	1	7998	2	0	next	other	0
03_24	258	Response	8	21652413	7794	1
03_24	259	Picture	move	21652617	0	1	50155	3	0	next	other	0
03_24	259	Response	2	21681624	29007	1
03_24	260	Picture	loadClose	21702772	0	2	44824	3	0	next	other	0
03_24	260	Response	6	21738352	35580	1
03_24	260	Response	8	21747542	44770	2
03_24	261	Picture	wrongHand	21747596	0	1	141636	2	0	next	false_alarm	611
03_24	261	Response	6	21889050	141454	2
03_24	262	Picture	loadClose	21889232	0	1	72484	3	0	next	other	0
03_24	262	Response	9	21961629	72397	2
03_24	263	Picture	view	21961716	0	2	4812	193	0	next	other	0
03_24	263	Response	8	21966449	4733	2
03_24	264	Picture	move	21966528	0	191	50176	193	0	next	other	0
03_24	264	Response	2	21990580	24052	1
03_24	265	Picture	loadClose	22016704	0	2	421742	3	0	next	other	0
03_24	265	Response	6	22258555	241851	2
03_24	265	Response	9	22438273	421569	2
03_24	266	Picture	view	22438446	0	1	6998	3	0	next	other	0
03_24	266	Response	8	22445313	6867	2
03_24	267	Picture	move	22445444	0	2	50156	3	0	next	other	0
03_24	267	Response	2	22472334	26890	1
03_24	268	Picture	loadClose	22495600	0	1	141969	2	0	next	other	0
03_24	268	Response	9	22637541	141941	1
03_24	269	Picture	view	22637569	0	1	63653	2	0	next	other	0
03_24	269	Response	2	22681610	44041	2
03_24	269	Response	6	22695370	57801	2
03_24	269	Response	8	22701000	63431	2
03_24	270	Picture	move	22701222	0	1	1166	3	0	next	other	0
03_24	270	Response	6	22702210	988	2
03_24	271	Picture	check	22702388	0	2	15164	3	0	next	other	0
03_24	271	Response	8	22717450	15062	2
03_24	272	Picture	wrongHand	22717552	0	1	37992	2	0	next	false_alarm	636
03_24	272	Response	6	22755439	37887	2
03_24	273	Picture	loadClose	22755544	0	1	62653	2	0	next	other	0
03_24	273	Response	9	22818118	62574	2
03_24	274	Picture	view	22818197	0	1	6665	2	0	next	other	0
03_24	274	Response	8	22824748	6551	2
03_24	275	Picture	move	22824862	0	1	46323	2	0	next	other	0
03_24	275	Response	6	22871138	46276	1
03_24	276	Picture	check	22871185	0	1	833	3	0	next	other	0
03_24	276	Response	2	22871848	663	2
03_24	277	Picture	loadClose	22872018	0	2	9165	3	0	next	other	0
03_24	277	Response	8	22881158	9140	1
03_24	278	Picture	wrongHand	22881183	0	1	49989	2	0	next	false_alarm	648
03_24	278	Response	6	22930997	49814	2
03_24	279	Picture	loadClose	22931172	0	1	12164	2	0	next	other	0
03_24	279	Response	8	22943187	12015	2
03_24	280	Picture	wrongHand	22943336	0	1	4499	2	0	next	false_alarm	652
03_24	280	Response	6	22947697	4361	2
03_24	281	Picture	loadClose	22947835	0	1	63986	2	0	next	other	0
03_24	281	Response	9	23011656	63821	2
03_24	282	Picture	view	23011821	0	1	6499	2	0	next	other	0
03_24	282	Response	8	23018196	6375	2
03_24	283	Picture	move	23018320	0	1	50155	3	0	next	other	0
03_24	283	Response	2	23059685	41365	2
03_24	284	Picture	loadClose	23068475	0	2	19496	3	0	next	other	0
03_24	284	Response	6	23070575	2100	2
03_24	284	Response	8	23087885	19410	2
03_24	285	Picture	wrongHand	23087971	0	1	54488	2	0	next	false_alarm	663
03_24	285	Response	6	23142374	54403	2
03_24	286	Picture	loadClose	23142459	0	1	23162	2	0	next	other	0
03_24	286	Response	8	23165464	23005	2
03_24	287	Picture	wrongHand	23165621	0	1	18829	2	0	next	false_alarm	667
03_24	287	Response	6	23184364	18743	2
03_24	288	Picture	loadClose	23184450	0	1	14164	2	0	next	other	0
03_24	288	Response	8	23198504	14054	1
03_24	289	Picture	wrongHand	23198614	0	1	97812	2	0	next	false_alarm	671
03_24	289	Response	6	23296292	97678	2
03_24	290	Picture	loadClose	23296426	0	1	7665	2	0	next	other	0
03_24	290	Response	8	23303982	7556	2
03_24	291	Picture	wrongHand	23304091	0	1	8165	2	0	next	false_alarm	675
03_24	291	Response	6	23312172	8081	2
03_24	292	Picture	loadClose	23312256	0	1	27660	2	0	next	other	0
03_24	292	Response	8	23339842	27586	2
03_24	293	Picture	wrongHand	23339916	0	1	7165	3	0	next	false_alarm	679
03_24	293	Response	6	23346902	6986	2
03_24	294	Picture	loadClose	23347081	0	2	44490	4	0	next	other	0
03_24	294	Response	9	23391531	44450	2
03_24	295	Picture	view	23391571	0	2	6999	4	0	next	other	0
03_24	295	Response	8	23398431	6860	2
03_24	296	Picture	move	23398570	0	2	50156	3	0	next	other	0
03_24	296	Response	2	23437442	38872	1
03_24	297	Picture	loadClose	23448726	0	1	64319	3	0	next	other	0
03_24	297	Response	2	23462880	14154	2
03_24	297	Response	6	23510430	61704	2
03_24	297	Response	8	23512980	64254	2
03_24	298	Picture	wrongHand	23513045	0	2	2833	3	0	next	false_alarm	691
03_24	298	Response	6	23515740	2695	2
03_24	299	Picture	loadClose	23515878	0	1	6499	2	0	next	other	0
03_24	299	Response	8	23522240	6362	2
03_24	300	Picture	wrongHand	23522377	0	1	3819	182	0	next	false_alarm	695
03_24	300	Response	6	23526150	3773	1
03_24	301	Picture	loadClose	23526196	0	181	28173	183	0	next	other	0
03_24	301	Response	8	23554349	28153	2
03_24	302	Picture	wrongHand	23554369	0	2	72985	3	0	next	false_alarm	699
03_24	302	Response	6	23627198	72829	2
03_24	303	Picture	loadClose	23627354	0	1	14163	3	0	next	other	0
03_24	303	Response	8	23641368	14014	2
03_24	304	Picture	wrongHand	23641517	0	2	1333	4	0	next	false_alarm	703
03_24	304	Response	6	23642678	1161	2
03_24	305	Picture	loadClose	23642850	0	2	80650	3	0	next	other	0
03_24	305	Response	9	23723317	80467	2
03_24	306	Picture	view	23723500	0	1	9164	2	0	next	other	0
03_24	306	Response	8	23732447	8947	2
03_24	307	Picture	move	23732664	0	1	50156	2	0	next	other	0
03_24	308	Picture	check	23782820	0	1	6499	2	0	next	other	0
03_24	308	Response	7	23789196	6376	2
03_24	309	Picture	wrongHand	23789319	0	1	36643	184	0	next	false_alarm	712
03_24	309	Response	2	23801438	12119	1
03_24	309	Response	5	23825916	36597	2
03_24	310	Picture	loadClose	23825962	0	183	1515	184	0	next	other	0
03_24	310	Response	7	23827376	1414	2
03_24	311	Picture	wrongHand	23827477	0	1	166963	3	0	next	false_alarm	717
03_24	311	Response	5	23994364	166887	2
03_24	312	Picture	loadClose	23994440	0	2	4166	3	0	next	other	0
03_24	312	Response	7	23998534	4094	2
03_24	313	Picture	wrongHand	23998606	0	1	4833	2	0	next	false_alarm	721
03_24	313	Response	5	24003314	4708	2
03_24	314	Picture	loadClose	24003439	0	1	105477	2	0	next	other	0
03_24	314	Response	7	24108812	105373	2
03_24	315	Picture	wrongHand	24108916	0	1	640527	2	0	next	false_alarm	725
03_24	315	Response	5	24749245	640329	1
03_24	316	Picture	loadClose	24749443	0	1	3666	2	0	next	other	0
03_24	316	Response	7	24752965	3522	1
03_24	317	Picture	wrongHand	24753109	0	1	10997	2	0	next	false_alarm	729
03_24	317	Response	5	24763984	10875	2
03_24	318	Picture	loadClose	24764106	0	1	91480	2	0	next	other	0
03_24	318	Response	6	24802894	38788	2
03_24	318	Response	8	24855523	91417	2
03_24	319	Picture	wrongHand	24855586	0	1	143802	3	0	next	false_alarm	734
03_24	319	Response	6	24999251	143665	2
03_24	320	Picture	loadClose	24999388	0	2	5499	3	0	next	other	0
03_24	320	Response	8	25004781	5393	2
03_24	321	Picture	wrongHand	25004887	0	1	1167	2	0	next	false_alarm	738
03_24	321	Response	6	25005901	1014	2
03_24	322	Picture	loadClose	25006054	0	1	71317	3	0	next	other	0
03_24	322	Response	9	25077301	71247	1
03_24	323	Picture	view	25077371	0	2	7166	3	0	next	other	0
03_24	323	Response	8	25084320	6949	2
03_24	324	Picture	move	25084537	0	1	49655	3	0	next	other	0
03_24	324	Response	2	25124942	40405	1
03_24	324	Response	6	25133990	49453	2
03_24	325	Picture	loadClose	25134192	0	2	547	790	0	next	other	0
03_24	325	Response	8	25134240	48	2
03_24	326	Response	6	25134243	1	444
03_24	327	Picture	loadClose	25134739	0	788	70605	789	0	next	other	0
03_24	327	Response	9	25205199	70460	2
03_24	328	Picture	view	25205344	0	1	6998	2	0	next	other	0
03_24	328	Response	8	25212099	6755	2
03_24	329	Picture	move	25212342	0	1	49156	2	0	next	other	0
03_24	329	Response	2	25253418	41076	2
03_24	329	Response	6	25261388	49046	2
03_24	330	Picture	loadClose	25261498	0	1	65652	3	0	next	other	0
03_24	330	Response	9	25327037	65539	2
03_24	331	Picture	view	25327150	0	2	6166	3	0	next	other	0
03_24	331	Response	8	25333137	5987	2
03_24	332	Picture	move	25333316	0	1	50155	3	0	next	other	0
03_24	332	Response	2	25373577	40261	2
03_24	333	Picture	loadClose	25383471	0	2	69485	4	0	next	other	0
03_24	333	Response	6	25385097	1626	2
03_24	333	Response	9	25452846	69375	2
03_24	334	Picture	view	25452956	0	2	7332	3	0	next	other	0
03_24	334	Response	8	25460176	7220	2
03_24	335	Picture	move	25460288	0	1	50156	2	0	next	other	0
03_24	335	Response	6	25510395	50107	2
03_24	336	Picture	check	25510444	0	1	8831	3	0	next	other	0
03_24	336	Response	2	25519175	8731	2
03_24	337	Picture	loadClose	25519275	0	2	27328	3	0	next	other	0
03_24	337	Response	8	25546515	27240	1
03_24	338	Picture	wrongHand	25546603	0	1	59987	2	0	next	false_alarm	774
03_24	338	Response	6	25606434	59831	2
03_24	339	Picture	loadClose	25606590	0	1	267	401	0	next	other	0
03_24	339	Response	8	25606854	264	2
03_24	340	Picture	wrongHand	25606857	0	400	2565	401	0	next	false_alarm	778
03_24	340	Response	6	25609254	2397	2
03_24	341	Picture	loadClose	25609422	0	1	42324	3	0	next	other	0
03_24	341	Response	9	25651593	42171	2
03_24	342	Picture	view	25651746	0	2	6666	3	0	next	other	0
03_24	342	Response	8	25658293	6547	2
03_24	343	Picture	move	25658412	0	1	50155	2	0	next	other	0
03_24	343	Response	2	25703973	45561	2
03_24	344	Picture	loadClose	25708567	0	1	52989	2	0	next	other	0
03_24	344	Response	6	25711633	3066	1
03_24	344	Response	8	25761412	52845	2
03_24	345	Picture	wrongHand	25761556	0	1	1666	3	0	next	false_alarm	789
03_24	345	Response	6	25763092	1536	2
03_24	346	Picture	loadClose	25763222	0	2	14330	4	0	next	other	0
03_24	346	Response	9	25777412	14190	2
03_24	347	Picture	view	25777552	0	2	7499	3	0	next	other	0
03_24	347	Response	8	25784812	7260	2
03_24	348	Picture	move	25785051	0	1	50155	3	0	next	other	0
03_24	348	Response	2	25834051	49000	2
03_24	349	Picture	loadClose	25835206	0	2	48823	3	0	next	other	0
03_24	349	Response	6	25838531	3325	2
03_24	349	Response	8	25883851	48645	1
03_24	350	Picture	wrongHand	25884029	0	1	3655	180	0	next	false_alarm	800
03_24	350	Response	6	25887631	3602	2
03_24	351	Picture	loadClose	25887684	0	179	22339	181	0	next	other	0
03_24	351	Response	9	25909960	22276	2
03_24	352	Picture	view	25910023	0	2	8332	3	0	next	other	0
03_24	352	Response	8	25918130	8107	2
03_24	353	Picture	move	25918355	0	1	44990	2	0	next	other	0
03_24	353	Response	2	25955010	36655	2
03_24	353	Response	6	25963210	44855	1
03_24	354	Picture	loadClose	25963345	0	1	55821	3	0	next	other	0
03_24	354	Response	9	26018989	55644	2
03_24	355	Picture	view	26019166	0	2	9998	3	0	next	other	0
03_24	355	Response	8	26028989	9823	2
03_24	356	Picture	move	26029164	0	1	44157	2	0	next	other	0
03_24	356	Response	3	26071488	42324	2
03_24	356	Response	6	26073098	43934	2
03_24	357	Picture	loadClose	26073321	0	1	33826	2	0	next	other	0
03_24	357	Response	8	26107058	33737	2
03_24	358	Picture	wrongHand	26107147	0	1	41991	2	0	next	false_alarm	818
03_24	358	Response	6	26149007	41860	2
03_24	359	Picture	loadClose	26149138	0	1	2833	2	0	next	other	0
03_24	359	Response	8	26151867	2729	2
03_24	360	Picture	wrongHand	26151971	0	1	3832	2	0	next	false_alarm	822
03_24	360	Response	6	26155677	3706	2
03_24	361	Picture	loadClose	26155803	0	1	33993	2	0	next	other	0
03_24	361	Response	9	26189777	33974	2
03_24	362	Picture	view	26189796	0	1	8331	3	0	next	other	0
03_24	362	Response	8	26197887	8091	2
03_24	363	Picture	move	26198127	0	2	46657	3	0	next	other	0
03_24	363	Response	2	26235326	37199	2
03_24	363	Response	6	26244696	46569	2
03_24	364	Picture	loadClose	26244784	0	1	68818	2	0	next	other	0
03_24	364	Response	9	26313465	68681	2
03_24	365	Picture	view	26313602	0	1	10498	2	0	next	other	0
03_24	365	Response	8	26323965	10363	2
03_24	366	Picture	move	26324100	0	1	50156	2	0	next	other	0
03_24	367	Picture	check	26374256	0	1	8331	2	0	next	other	0
03_24	367	Response	6	26376044	1788	2
03_24	367	Response	2	26382524	8268	3
03_24	368	Picture	loadClose	26382587	0	1	58154	2	0	next	other	0
03_24	368	Response	8	26440704	58117	1
03_24	369	Picture	wrongHand	26440741	0	1	11647	186	0	next	false_alarm	841
03_24	369	Response	9	26441664	923	1
03_24	369	Response	6	26452334	11593	1
03_24	370	Picture	loadClose	26452388	0	185	23179	186	0	next	other	0
03_24	370	Response	8	26475403	23015	2
03_24	371	Picture	wrongHand	26475567	0	1	4166	2	0	next	false_alarm	846
03_24	371	Response	6	26479563	3996	2
03_24	372	Picture	loadClose	26479733	0	1	31326	2	0	next	other	0
03_24	372	Response	9	26510973	31240	2
03_24	373	Picture	view	26511059	0	1	6499	2	0	next	other	0
03_24	373	Response	8	26517383	6324	2
03_24	374	Picture	move	26517558	0	1	46656	3	0	next	other	0
03_24	374	Response	2	26555962	38404	2
03_24	374	Response	6	26564132	46574	2
03_24	375	Picture	loadClose	26564214	0	2	1333	4	0	next	other	0
03_24	375	Response	8	26565382	1168	2
03_24	376	Picture	wrongHand	26565547	0	2	1500	3	0	next	false_alarm	857
03_24	376	Response	6	26566952	1405	2
03_24	377	Picture	loadClose	26567047	0	1	58654	2	0	next	other	0
03_24	377	Response	9	26625561	58514	2
03_24	378	Picture	view	26625701	0	1	7998	3	0	next	other	0
03_24	378	Response	8	26633521	7820	2
03_24	379	Picture	move	26633699	0	2	49989	3	0	next	other	0
03_24	379	Response	3	26659161	25462	2
03_24	379	Response	6	26683571	49872	1
03_24	380	Picture	loadClose	26683688	0	1	68152	3	0	next	other	0
03_24	380	Response	9	26751750	68062	2
03_24	381	Picture	view	26751840	0	2	10665	3	0	next	other	0
03_24	381	Response	8	26762380	10540	2
03_24	382	Picture	move	26762505	0	1	44323	2	0	next	other	0
03_24	382	Response	2	26784759	22254	3
03_24	382	Response	6	26806629	44124	2
03_24	383	Picture	loadClose	26806828	0	1	500	2	0	next	other	0
03_24	383	Response	8	26807279	451	2
03_24	384	Picture	wrongHand	26807328	0	1	1000	2	0	next	false_alarm	875
03_24	384	Response	6	26808119	791	2
03_24	385	Picture	loadClose	26808328	0	1	58820	3	0	next	other	0
03_24	385	Response	8	26867028	58700	2
03_24	386	Picture	wrongHand	26867148	0	2	40825	3	0	next	false_alarm	879
03_24	386	Response	9	26881478	14330	2
03_24	386	Response	6	26907878	40730	2
03_24	387	Picture	loadClose	26907973	0	1	2999	2	0	next	other	0
03_24	387	Response	8	26910848	2875	2
03_24	388	Picture	wrongHand	26910972	0	1	17996	2	0	next	false_alarm	884
03_24	388	Response	6	26928778	17806	1
03_24	389	Picture	loadClose	26928968	0	1	8665	2	0	next	other	0
03_24	389	Response	8	26937618	8650	1
03_24	390	Picture	wrongHand	26937633	0	1	13164	2	0	next	false_alarm	888
03_24	390	Response	6	26950607	12974	2
03_24	391	Picture	loadClose	26950797	0	1	11330	3	0	next	other	0
03_24	391	Response	8	26961957	11160	2
03_24	392	Picture	wrongHand	26962127	0	2	2334	3	0	next	false_alarm	892
03_24	392	Response	6	26964297	2170	2
03_24	393	Picture	loadClose	26964461	0	1	37491	3	0	next	other	0
03_24	393	Response	9	27001897	37436	2
03_24	394	Picture	view	27001952	0	2	7665	4	0	next	other	0
03_24	394	Response	8	27009447	7495	2
03_24	395	Picture	move	27009617	0	2	50156	3	0	next	other	0
03_24	396	Picture	check	27059773	0	1	1666	3	0	next	other	0
03_24	396	Response	3	27061238	1465	1
03_24	397	Picture	loadClose	27061439	0	2	107144	3	0	next	other	0
03_24	397	Response	6	27163125	101686	2
03_24	397	Response	8	27168555	107116	1
03_24	398	Picture	wrongHand	27168583	0	1	5499	2	0	next	false_alarm	904
03_24	398	Response	6	27173855	5272	1
03_24	399	Picture	loadClose	27174082	0	1	41491	2	0	next	other	0
03_24	399	Response	8	27215554	41472	2
03_24	400	Picture	wrongHand	27215573	0	1	51155	2	0	next	false_alarm	908
03_24	400	Response	6	27266554	50981	1
03_24	401	Picture	loadClose	27266728	0	1	40158	2	0	next	other	0
03_24	401	Response	8	27306863	40135	2
03_24	402	Picture	wrongHand	27306886	0	1	57987	2	0	next	false_alarm	912
03_24	402	Response	6	27364782	57896	2
03_24	403	Picture	loadClose	27364873	0	1	95979	3	0	next	other	0
03_24	403	Response	9	27460791	95918	2
03_24	404	Picture	view	27460852	0	2	5476	193	0	next	other	0
03_24	404	Response	8	27466261	5409	2
03_24	405	Picture	move	27466328	0	191	50179	192	0	next	other	0
03_24	405	Response	2	27506672	40344	1
03_24	406	Picture	loadClose	27516507	0	1	69818	2	0	next	other	0
03_24	406	Response	6	27561550	45043	2
03_24	406	Response	9	27586190	69683	2
03_24	407	Picture	view	27586325	0	1	8998	3	0	next	other	0
03_24	407	Response	8	27595189	8864	2
03_24	408	Picture	move	27595323	0	2	50156	4	0	next	other	0
03_24	408	Response	2	27631309	35986	2
03_24	409	Picture	loadClose	27645479	0	2	60153	4	0	next	other	0
03_24	409	Response	9	27705468	59989	2
03_24	409	Response	9	27705488	60009	2
03_24	410	Picture	view	27705632	0	2	70985	4	0	next	other	0
03_24	410	Response	2	27753068	47436	2
03_24	410	Response	6	27766347	60715	2
03_24	410	Response	8	27776447	70815	2
03_24	411	Picture	move	27776617	0	2	1833	3	0	next	other	0
03_24	411	Response	6	27778317	1700	2
03_24	412	Picture	check	27778450	0	1	58321	2	0	next	other	0
03_24	412	Response	2	27836587	58137	2
03_24	413	Picture	loadClose	27836771	0	1	35825	3	0	next	other	0
03_24	413	Response	9	27872566	35795	2
03_24	414	Picture	view	27872596	0	2	7665	3	0	next	other	0
03_24	414	Response	8	27880046	7450	2
03_24	415	Picture	move	27880261	0	1	50156	2	0	next	other	0
03_24	415	Response	2	27921545	41284	3
03_24	416	Picture	loadClose	27930417	0	1	11664	2	0	next	other	0
03_24	416	Response	6	27932745	2328	2
03_24	416	Response	8	27941965	11548	2
03_24	417	Picture	wrongHand	27942081	0	1	50656	2	0	next	false_alarm	947
03_24	417	Response	6	27992515	50434	1
03_24	418	Picture	loadClose	27992737	0	1	2666	2	0	next	other	0
03_24	418	Response	8	27995335	2598	1
03_24	419	Picture	wrongHand	27995403	0	1	23495	2	0	next	false_alarm	951
03_24	419	Response	6	28018694	23291	2
03_24	420	Picture	loadClose	28018898	0	1	32492	3	0	next	other	0
03_24	420	Response	9	28051234	32336	2
03_24	420	Response	9	28051254	32356	2
03_24	421	Picture	view	28051390	0	2	8665	4	0	next	other	0
03_24	421	Response	8	28059824	8434	2
03_24	422	Picture	move	28060055	0	2	50156	3	0	next	other	0
03_24	423	Picture	check	28110211	0	1	15497	2	0	next	other	0
03_24	423	Response	6	28112263	2052	2
03_24	423	Response	3	28125543	15332	2
03_24	424	Picture	loadClose	28125708	0	1	666	2	0	next	other	0
03_24	424	Response	8	28126203	495	2
03_24	425	Picture	wrongHand	28126374	0	1	38492	2	0	next	false_alarm	964
03_24	425	Response	6	28164752	38378	2
03_24	426	Picture	loadClose	28164866	0	1	3666	2	0	next	other	0
03_24	426	Response	8	28168452	3586	2
03_24	427	Picture	wrongHand	28168532	0	1	127972	2	0	next	false_alarm	968
03_24	427	Response	7	28188742	20210	2
03_24	427	Response	6	28296401	127869	2
03_24	428	Picture	loadClose	28296504	0	1	17663	2	0	next	other	0
03_24	428	Response	5	28312271	15767	1
03_24	428	Response	7	28314031	17527	1
03_24	429	Picture	wrongHand	28314167	0	1	4165	2	0	next	false_alarm	974
03_24	429	Response	5	28318241	4074	1
03_24	430	Picture	loadClose	28318332	0	1	9998	2	0	next	other	0
03_24	430	Response	7	28328290	9958	2
03_24	431	Picture	wrongHand	28328330	0	1	20162	3	0	next	false_alarm	978
03_24	431	Response	8	28333110	4780	2
03_24	431	Response	5	28348330	20000	2
03_24	432	Picture	loadClose	28348492	0	2	61987	3	0	next	other	0
03_24	432	Response	9	28410389	61897	2
03_24	433	Picture	view	28410479	0	1	69152	2	0	next	other	0
03_24	433	Response	2	28460100	49621	1
03_24	433	Response	6	28471779	61300	2
03_24	433	Response	8	28479499	69020	1
03_24	434	Picture	move	28479631	0	1	1666	2	0	next	other	0
03_24	434	Response	6	28481169	1538	1
03_24	435	Picture	check	28481297	0	1	500	2	0	next	other	0
03_24	435	Response	2	28481699	402	2
03_24	436	Picture	loadClose	28481797	0	1	61153	2	0	next	other	0
03_24	436	Response	9	28542848	61051	2
03_24	436	Response	9	28542868	61071	2
03_24	437	Picture	wait	28542950	0	1	16830	2	0	next	other	0
03_24	438	Picture	view	28559780	0	1	7997	4	0	next	other	0
03_24	438	Response	8	28567667	7887	2
03_24	439	Picture	move	28567777	0	3	50157	4	0	next	other	0
03_24	439	Response	2	28606017	38240	2
03_24	440	Picture	loadClose	28617934	0	1	71651	2	0	next	other	0
03_24	440	Response	6	28618217	283	2
03_24	440	Response	9	28689476	71542	2
03_24	441	Picture	view	28689585	0	1	8498	2	0	next	other	0
03_24	441	Response	8	28697966	8381	2
03_24	442	Picture	move	28698083	0	1	50156	2	0	next	other	0
03_24	442	Response	2	28739935	41852	2
03_24	443	Picture	endBlock	28748239	0	1	30160	2	0	next	other	0
03_24	443	Response	6	28748365	126	2
03_24	443	Response	8	28750275	2036	2
03_24	443	Response	6	28752415	4176	2
03_24	443	Response	8	28756855	8616	2
03_24	443	Response	6	28758555	10316	2
03_24	443	Response	8	28770625	22386	2
03_24	443	Response	7	28774195	25956	2
03_24	444	Picture	begin	28778399	0	1	553546	2	0	next	other	0
03_24	444	Response	5	29227519	449120	2
03_24	444	Response	6	29241789	463390	2
03_24	444	Response	7	29256459	478060	2
03_24	444	Response	5	29261479	483080	2
03_24	444	Response	7	29264289	485890	2
03_24	444	Response	5	29294769	516370	1
03_24	444	Response	9	29331798	553399	2
03_24	445	Picture	loadClose	29331945	0	1	155	514	0	next	other	0
03_24	445	Response	9	29332088	143	2
03_24	446	Picture	view	29332100	0	513	24840	514	0	next	other	0
03_24	446	Response	8	29356778	24678	2
03_24	447	Picture	move	29356940	0	1	50155	2	0	next	other	0
03_24	448	Picture	check	29407095	0	1	105311	2	0	next	other	0
03_24	448	Response	3	29512247	105152	1
03_24	449	Picture	loadClose	29512406	0	1	15830	2	0	next	other	0
03_24	449	Response	9	29528206	15800	1
03_24	450	Picture	view	29528236	0	1	74650	2	0	next	other	0
03_24	450	Response	2	29573525	45289	2
03_24	450	Response	6	29579015	50779	2
03_24	450	Response	8	29602765	74529	2
03_24	451	Picture	move	29602886	0	1	50156	2	0	next	other	0
03_24	452	Picture	check	29653042	0	1	120640	2	0	next	other	0
03_24	452	Response	6	29773293	120251	1
03_24	452	Response	8	29773613	120571	1
03_24	453	Picture	wrongHand	29773682	0	1	2500	2	0	next	false_alarm	1039
03_24	453	Response	6	29775963	2281	1
03_24	454	Picture	loadClose	29776182	0	1	90813	2	0	next	other	0
03_24	454	Response	3	29791444	15262	1
03_24	454	Response	9	29866971	90789	2
03_24	455	Picture	view	29866995	0	1	7998	3	0	next	other	0
03_24	455	Response	8	29874771	7776	2
03_24	456	Picture	move	29874993	0	2	36492	4	0	next	other	0
03_24	456	Response	6	29911361	36368	2
03_24	457	Picture	check	29911485	0	2	13831	3	0	next	other	0
03_24	457	Response	2	29925201	13716	2
03_24	458	Picture	loadClose	29925316	0	1	23994	3	0	next	other	0
03_24	458	Response	9	29949180	23864	2
03_24	459	Picture	wait	29949310	0	2	5833	3	0	next	other	0
03_24	460	Picture	view	29955143	0	1	6831	3	0	next	other	0
03_24	460	Response	8	29961790	6647	2
03_24	461	Picture	move	29961974	0	2	32826	4	0	next	other	0
03_24	461	Response	2	29992720	30746	2
03_24	461	Response	6	29994670	32696	2
03_24	462	Picture	loadClose	29994800	0	2	71485	3	0	next	other	0
03_24	462	Response	9	30066139	71339	2
03_24	463	Picture	view	30066285	0	1	7165	3	0	next	other	0
03_24	463	Response	8	30073289	7004	2
03_24	464	Picture	move	30073450	0	2	37325	3	0	next	other	0
03_24	464	Response	2	30101679	28229	2
03_24	464	Response	6	30110638	37188	2
03_24	465	Picture	loadClose	30110775	0	1	22662	2	0	next	other	0
03_24	465	Response	8	30133368	22593	2
03_24	466	Picture	wrongHand	30133437	0	1	64486	2	0	next	false_alarm	1067
03_24	466	Response	6	30197687	64250	2
03_24	467	Picture	loadClose	30197923	0	1	1000	2	0	next	other	0
03_24	467	Response	8	30198837	914	2
03_24	468	Picture	wrongHand	30198923	0	1	1999	3	0	next	false_alarm	1071
03_24	468	Response	6	30200787	1864	2
03_24	469	Picture	loadClose	30200922	0	2	23495	4	0	next	other	0
03_24	469	Response	9	30224257	23335	2
03_24	470	Picture	view	30224417	0	2	3999	4	0	next	other	0
03_24	470	Response	8	30228197	3780	2
03_24	471	Picture	move	30228416	0	2	37159	3	0	next	other	0
03_24	471	Response	2	30255437	27021	2
03_24	471	Response	6	30265387	36971	1
03_24	472	Picture	loadClose	30265575	0	1	46323	2	0	next	other	0
03_24	472	Response	9	30311876	46301	2
03_24	473	Picture	view	30311898	0	1	6665	3	0	next	other	0
03_24	473	Response	8	30318316	6418	2
03_24	474	Picture	move	30318563	0	2	32327	3	0	next	other	0
03_24	474	Response	2	30342476	23913	2
03_24	474	Response	6	30350726	32163	1
03_24	475	Picture	loadClose	30350890	0	1	48489	2	0	next	other	0
03_24	475	Response	9	30399325	48435	2
03_24	476	Picture	view	30399379	0	1	5999	2	0	next	other	0
03_24	476	Response	8	30405255	5876	2
03_24	477	Picture	move	30405378	0	1	30826	3	0	next	other	0
03_24	477	Response	2	30431115	25737	2
03_24	477	Response	6	30436084	30706	2
03_24	478	Picture	loadClose	30436204	0	2	46490	4	0	next	other	0
03_24	478	Response	9	30482634	46430	2
03_24	479	Picture	wait	30482694	0	2	2833	3	0	next	other	0
03_24	480	Picture	view	30485527	0	1	4499	2	0	next	other	0
03_24	480	Response	8	30489834	4307	2
03_24	481	Picture	move	30490026	0	1	30993	3	0	next	other	0
03_24	481	Response	2	30508554	18528	2
03_24	481	Response	6	30520883	30857	2
03_24	482	Picture	loadClose	30521019	0	2	61654	3	0	next	other	0
03_24	482	Response	9	30582543	61524	1
03_24	482	Response	9	30582563	61544	2
03_24	483	Picture	view	30582673	0	1	4499	2	0	next	other	0
03_24	483	Response	8	30586993	4320	1
03_24	484	Picture	move	30587172	0	1	37658	2	0	next	other	0
03_24	484	Response	2	30600072	12900	3
03_24	484	Response	6	30624752	37580	2
03_24	485	Picture	loadClose	30624830	0	1	35992	2	0	next	other	0
03_24	485	Response	9	30660682	35852	1
03_24	486	Picture	wait	30660822	0	1	6665	3	0	next	other	0
03_24	487	Picture	view	30667487	0	2	4666	3	0	next	other	0
03_24	487	Response	8	30671992	4505	1
03_24	488	Picture	move	30672153	0	1	34977	184	0	next	other	0
03_24	488	Response	2	30688551	16398	2
03_24	488	Response	6	30707071	34918	2
03_24	489	Picture	loadClose	30707130	0	183	40840	184	0	next	other	0
03_24	489	Response	9	30747921	40791	1
03_24	489	Response	9	30747941	40811	1
03_24	490	Picture	wait	30747970	0	1	4332	2	0	next	other	0
03_24	491	Picture	view	30752302	0	1	5305	197	0	next	other	0
03_24	491	Response	8	30757520	5218	2
03_24	492	Picture	move	30757607	0	196	33687	197	0	next	other	0
03_24	492	Response	2	30777350	19743	2
03_24	492	Response	6	30791150	33543	2
03_24	493	Picture	loadClose	30791294	0	1	57487	2	0	next	other	0
03_24	493	Response	9	30848709	57415	2
03_24	494	Picture	view	30848781	0	1	5166	2	0	next	other	0
03_24	494	Response	8	30853729	4948	2
03_24	495	Picture	move	30853947	0	1	50156	2	0	next	other	0
03_24	495	Response	2	30881189	27242	2
03_24	496	Picture	loadClose	30904103	0	1	252445	2	0	next	other	0
03_24	496	Response	6	30924558	20455	2
03_24	496	Response	9	31156416	252313	1
03_24	497	Picture	view	31156548	0	1	6498	3	0	next	other	0
03_24	497	Response	8	31162885	6337	2
03_24	498	Picture	move	31163046	0	2	36826	3	0	next	other	0
03_24	498	Response	2	31188867	25821	1
03_24	498	Response	6	31199665	36619	2
03_24	499	Picture	loadClose	31199872	0	1	33159	2	0	next	other	0
03_24	499	Response	8	31232905	33033	2
03_24	500	Picture	wrongHand	31233031	0	1	31826	2	0	next	false_alarm	1143
03_24	500	Response	6	31264644	31613	2
03_24	501	Picture	loadClose	31264857	0	1	29494	2	0	next	other	0
03_24	501	Response	9	31294264	29407	2
03_24	502	Picture	view	31294351	0	1	4499	2	0	next	other	0
03_24	502	Response	8	31298734	4383	2
03_24	503	Picture	move	31298850	0	1	44823	3	0	next	other	0
03_24	503	Response	2	31328543	29693	3
03_24	503	Response	6	31343603	44753	2
03_24	504	Picture	loadClose	31343673	0	2	36826	3	0	next	other	0
03_24	504	Response	9	31380453	36780	2
03_24	505	Picture	view	31380499	0	1	5477	191	0	next	other	0
03_24	505	Response	8	31385913	5414	2
03_24	506	Picture	move	31385976	0	190	37014	191	0	next	other	0
03_24	506	Response	2	31420542	34566	2
03_24	506	Response	6	31422762	36786	2
03_24	507	Picture	loadClose	31422990	0	1	44490	2	0	next	other	0
03_24	507	Response	9	31467392	44402	2
03_24	508	Picture	view	31467480	0	1	5832	3	0	next	other	0
03_24	508	Response	8	31473092	5612	1
03_24	509	Picture	move	31473312	0	2	43157	3	0	next	other	0
03_24	509	Response	2	31495581	22269	3
03_24	509	Response	6	31516241	42929	2
03_24	510	Picture	loadClose	31516469	0	1	89647	3	0	next	other	0
03_24	510	Response	9	31606070	89601	2
03_24	511	Picture	view	31606116	0	2	8998	4	0	next	other	0
03_24	511	Response	8	31614970	8854	2
03_24	512	Picture	move	31615114	0	2	37659	3	0	next	other	0
03_24	512	Response	2	31634300	19186	2
03_24	512	Response	6	31652569	37455	2
03_24	513	Picture	loadClose	31652773	0	1	62820	2	0	next	other	0
03_24	513	Response	9	31715479	62706	2
03_24	513	Response	9	31715499	62726	2
03_24	514	Picture	view	31715593	0	1	5665	2	0	next	other	0
03_24	514	Response	8	31721039	5446	1
03_24	515	Picture	move	31721258	0	1	44157	2	0	next	other	0
03_24	515	Response	2	31761178	39920	2
03_24	515	Response	6	31765268	44010	2
03_24	516	Picture	loadClose	31765415	0	1	131471	3	0	next	other	0
03_24	516	Response	9	31896726	131311	2
03_24	516	Response	9	31896746	131331	2
03_24	517	Picture	view	31896886	0	2	5166	3	0	next	other	0
03_24	517	Response	8	31901906	5020	2
03_24	518	Picture	move	31902052	0	1	32659	3	0	next	other	0
03_24	518	Response	2	31932856	30804	2
03_24	518	Response	6	31934486	32434	2
03_24	519	Picture	loadClose	31934711	0	2	54489	3	0	next	other	0
03_24	519	Response	9	31989105	54394	2
03_24	520	Picture	view	31989200	0	1	6165	3	0	next	other	0
03_24	520	Response	8	31995135	5935	2
03_24	521	Picture	move	31995365	0	2	37492	3	0	next	other	0
03_24	521	Response	2	32025335	29970	2
03_24	521	Response	6	32032725	37360	2
03_24	522	Picture	loadClose	32032857	0	1	97478	3	0	next	other	0
03_24	522	Response	9	32130154	97297	1
03_24	523	Picture	view	32130335	0	2	5499	4	0	next	other	0
03_24	523	Response	8	32135584	5249	1
03_24	524	Picture	move	32135834	0	2	33493	3	0	next	other	0
03_24	524	Response	2	32162773	26939	2
03_24	524	Response	6	32169143	33309	2
03_24	525	Picture	loadClose	32169327	0	1	82149	2	0	next	other	0
03_24	525	Response	9	32251292	81965	2
03_24	526	Picture	view	32251476	0	1	5165	3	0	next	other	0
03_24	526	Response	8	32256422	4946	2
03_24	527	Picture	move	32256641	0	2	35980	182	0	next	other	0
03_24	527	Response	2	32281172	24531	2
03_24	527	Response	6	32292562	35921	1
03_24	528	Picture	loadClose	32292621	0	180	140482	181	0	next	other	0
03_24	528	Response	9	32432990	140369	2
03_24	528	Response	9	32433010	140389	3
03_24	529	Picture	view	32433103	0	1	5832	2	0	next	other	0
03_24	529	Response	8	32438790	5687	2
03_24	530	Picture	move	32438935	0	1	33493	2	0	next	other	0
03_24	530	Response	2	32454930	15995	2
03_24	530	Response	6	32472349	33414	2
03_24	531	Picture	loadClose	32472428	0	1	44823	2	0	next	other	0
03_24	531	Response	9	32517229	44801	2
03_24	532	Picture	wait	32517251	0	1	1833	2	0	next	other	0
03_24	533	Picture	view	32519084	0	1	6499	2	0	next	other	0
03_24	533	Response	8	32525369	6285	1
03_24	534	Picture	move	32525583	0	1	33159	2	0	next	other	0
03_24	534	Response	2	32555088	29505	2
03_24	534	Response	6	32558538	32955	2
03_24	535	Picture	loadClose	32558742	0	1	34159	3	0	next	other	0
03_24	535	Response	9	32592788	34046	2
03_24	536	Picture	wait	32592901	0	2	12831	3	0	next	other	0
03_24	537	Picture	view	32605732	0	1	8998	2	0	next	other	0
03_24	537	Response	8	32614508	8776	1
03_24	538	Picture	move	32614730	0	1	38325	2	0	next	other	0
03_24	538	Response	6	32653007	38277	2
03_24	539	Picture	endSession	32653055	0	1	35659	2	0	next	other	0
03_24	539	Response	8	32664867	11812	2
03_24	539	Response	6	32669217	16162	2


Event Type	Code	Type	Response	RT	RT Uncertainty	Time	Uncertainty	Duration	Uncertainty	ReqTime	ReqDur

Picture	begin	other				332	2	687851	3	0	next
Picture	loadClose	other				688183	1	76150	2	0	next
Picture	view	other				764333	1	9664	3	0	next
Picture	move	other				773997	2	47768	225	0	next
Picture	check	other				821765	223	4054	225	0	next
Picture	loadClose	other				825819	2	58654	3	0	next
Picture	view	other				884473	1	10831	3	0	next
Picture	move	other				895304	2	40311	184	0	next
Picture	loadClose	other				935615	182	70165	183	0	next
Picture	wrongHand	false_alarm	9	2457	3	1005780	1	91647	2	0	next
Picture	loadClose	other				1097427	1	19162	3	0	next
Picture	wrongHand	false_alarm	6	25047	3	1116589	2	25162	3	0	next
Picture	loadClose	other				1141751	1	4665	2	0	next
Picture	wrongHand	false_alarm	6	8629	3	1146416	1	8832	2	0	next
Picture	loadClose	other				1155248	1	2832	3	0	next
Picture	wrongHand	false_alarm	6	7915	4	1158080	2	7960	209	0	next
Picture	loadClose	other				1166040	207	122845	208	0	next
Picture	wrongHand	false_alarm	8	12949	2	1288885	1	146753	217	0	next
Picture	loadClose	other				1435638	216	54870	217	0	next
Picture	view	other				1490508	1	17996	3	0	next
Picture	move	other				1508504	2	48122	204	0	next
Picture	loadClose	other				1556626	202	73852	203	0	next
Picture	view	other				1630478	1	9331	2	0	next
Picture	move	other				1639809	1	39491	2	0	next
Picture	loadClose	other				1679300	1	89981	2	0	next
Picture	view	other				1769281	1	9331	2	0	next
Picture	move	other				1778612	1	43260	233	0	next
Picture	loadClose	other				1821872	232	105374	234	0	next
Picture	view	other				1927246	2	10813	188	0	next
Picture	move	other				1938059	186	48008	187	0	next
Picture	check	other				1986067	1	56821	2	0	next
Picture	loadClose	other				2042888	1	192791	2	0	next
Picture	view	other				2235679	1	13309	191	0	next
Picture	move	other				2248988	190	50177	192	0	next
Picture	check	other				2299165	2	834	3	0	next
Picture	loadClose	other				2299999	1	108976	2	0	next
Picture	view	other				2408975	1	15330	2	0	next
Picture	move	other				2424305	1	50156	2	0	next
Picture	loadClose	other				2474461	1	89647	2	0	next
Picture	view	other				2564108	1	8165	2	0	next
Picture	move	other				2572273	1	40158	2	0	next
Picture	loadClose	other				2612431	1	124306	2	0	next
Picture	wrongHand	false_alarm	5	959027	3	2736737	1	959082	211	0	next
Picture	loadClose	other				3695819	210	135679	212	0	next
Picture	wrongHand	false_alarm	5	47764	4	3831498	2	47810	183	0	next
Picture	loadClose	other				3879308	181	186806	182	0	next
Picture	view	other				4066114	1	7979	188	0	next
Picture	move	other				4074093	187	50175	188	0	next
Picture	loadClose	other				4124268	1	67152	2	0	next
Picture	view	other				4191420	1	6998	3	0	next
Picture	move	other				4198418	2	50156	3	0	next
Picture	loadClose	other				4248574	1	85815	2	0	next
Picture	view	other				4334389	1	9831	2	0	next
Picture	move	other				4344220	1	50155	3	0	next
Picture	loadClose	other				4394375	2	101145	4	0	next
Picture	view	other				4495520	2	7332	3	0	next
Picture	move	other				4502852	1	50156	2	0	next
Picture	loadClose	other				4553008	1	93313	2	0	next
Picture	view	other				4646321	1	10831	2	0	next
Picture	move	other				4657152	1	48656	2	0	next
Picture	loadClose	other				4705808	1	130638	2	0	next
Picture	view	other				4836446	1	7332	2	0	next
Picture	move	other				4843778	1	47823	2	0	next
Picture	loadClose	other				4891601	1	248445	3	0	next
Picture	view	other				5140046	2	7811	191	0	next
Picture	move	other				5147857	189	50177	190	0	next
Picture	loadClose	other				5198034	1	89647	2	0	next
Picture	view	other				5287681	1	8308	193	0	next
Picture	move	other				5295989	192	50179	194	0	next
Picture	loadClose	other				5346168	2	78983	3	0	next
Picture	view	other				5425151	1	18163	2	0	next
Picture	move	other				5443314	1	41491	2	0	next
Picture	loadClose	other				5484805	1	81316	2	0	next
Picture	view	other				5566121	1	11997	2	0	next
Picture	move	other				5578118	1	39158	2	0	next
Picture	wrongHand	false_alarm	5	16144	3	5617276	1	53822	2	0	next
Picture	loadClose	other				5671098	1	124473	2	0	next
Picture	view	other				5795571	1	11997	3	0	next
Picture	move	other				5807568	2	50156	3	0	next
Picture	loadClose	other				5857724	1	61486	2	0	next
Picture	view	other				5919210	1	8165	3	0	next
Picture	move	other				5927375	2	47157	3	0	next
Picture	check	other				5974532	1	107	228	0	next
Picture	loadClose	other				5974639	227	85707	228	0	next
Picture	view	other				6060346	1	9998	2	0	next
Picture	move	other				6070344	1	43824	2	0	next
Picture	loadClose	other				6114168	1	58320	3	0	next
Picture	view	other				6172488	2	8999	3	0	next
Picture	move	other				6181487	1	42324	2	0	next
Picture	check	other				6223811	1	6332	2	0	next
Picture	loadClose	other				6230143	1	73484	2	0	next
Picture	view	other				6303627	1	8831	2	0	next
Picture	move	other				6312458	1	41324	2	0	next
Picture	loadClose	other				6353782	1	61154	2	0	next
Picture	view	other				6414936	1	9164	3	0	next
Picture	move	other				6424100	2	45444	216	0	next
Picture	loadClose	other				6469544	214	61533	215	0	next
Picture	view	other				6531077	1	10331	2	0	next
Picture	move	other				6541408	1	49989	2	0	next
Picture	loadClose	other				6591397	1	70318	2	0	next
Picture	view	other				6661715	1	9665	2	0	next
Picture	move	other				6671380	1	37825	2	0	next
Picture	loadClose	other				6709205	1	17329	3	0	next
Picture	wrongHand	false_alarm	6	1623	3	6726534	2	1833	4	0	next
Picture	loadClose	other				6728367	2	51822	4	0	next
Picture	view	other				6780189	2	9498	4	0	next
Picture	move	other				6789687	2	26161	3	0	next
Picture	wrongHand	false_alarm	2	3558	3	6815848	1	58987	3	0	next
Picture	loadClose	other				6874835	2	88648	3	0	next
Picture	view	other				6963483	1	9664	3	0	next
Picture	move	other				6973147	2	49308	185	0	next
Picture	loadClose	other				7022455	183	71333	184	0	next
Picture	view	other				7093788	1	9164	3	0	next
Picture	move	other				7102952	2	38992	3	0	next
Picture	wrongHand	false_alarm	5	10937	3	7141944	1	51655	3	0	next
Picture	loadClose	other				7193599	2	2000	3	0	next
Picture	wrongHand	false_alarm	6	17402	3	7195599	1	17496	2	0	next
Picture	loadClose	other				7213095	1	4332	3	0	next
Picture	wrongHand	false_alarm	6	5364	3	7217427	2	5499	3	0	next
Picture	loadClose	other				7222926	1	39825	2	0	next
Picture	wrongHand	false_alarm	6	15629	3	7262751	1	15830	2	0	next
Picture	loadClose	other				7278581	1	3166	2	0	next
Picture	wrongHand	false_alarm	6	7963	3	7281747	1	8165	2	0	next
Picture	loadClose	other				7289912	1	5332	2	0	next
Picture	wrongHand	false_alarm	6	8496	2	7295244	1	8665	2	0	next
Picture	loadClose	other				7303909	1	999	3	0	next
Picture	wrongHand	false_alarm	6	3382	3	7304908	2	3500	3	0	next
Picture	loadClose	other				7308408	1	44157	2	0	next
Picture	view	other				7352565	1	8331	3	0	next
Picture	move	other				7360896	2	39825	3	0	next
Picture	loadClose	other				7400721	1	79816	2	0	next
Picture	view	other				7480537	1	7998	2	0	next
Picture	move	other				7488535	1	39158	2	0	next
Picture	loadClose	other				7527693	1	66652	3	0	next
Picture	view	other				7594345	2	7832	3	0	next
Picture	move	other				7602177	1	41991	2	0	next
Picture	loadClose	other				7644168	1	65986	2	0	next
Picture	view	other				7710154	1	13330	2	0	next
Picture	move	other				7723484	1	35992	2	0	next
Picture	check	other				7759476	1	7998	3	0	next
Picture	loadClose	other				7767474	2	68152	3	0	next
Picture	view	other				7835626	1	9498	2	0	next
Picture	move	other				7845124	1	39133	194	0	next
Picture	loadClose	other				7884257	193	76009	194	0	next
Picture	view	other				7960266	1	7331	3	0	next
Picture	move	other				7967597	2	44657	4	0	next
Picture	loadClose	other				8012254	2	75484	3	0	next
Picture	view	other				8087738	1	8498	2	0	next
Picture	move	other				8096236	1	38992	2	0	next
Picture	loadClose	other				8135228	1	69151	2	0	next
Picture	view	other				8204379	1	8165	2	0	next
Picture	move	other				8212544	1	34826	2	0	next
Picture	loadClose	other				8247370	1	72817	3	0	next
Picture	view	other				8320187	2	11831	3	0	next
Picture	move	other				8332018	1	43157	2	0	next
Picture	loadClose	other				8375175	1	68819	2	0	next
Picture	view	other				8443994	1	8831	2	0	next
Picture	move	other				8452825	1	42657	3	0	next
Picture	endBlock	other				8495482	2	30161	3	0	next
Picture	begin	other				8525643	1	1597985	2	0	next
Picture	loadClose	other				10123628	1	406078	2	0	next
Picture	wrongHand	false_alarm	6	4574	3	10529706	1	4666	2	0	next
Picture	loadClose	other				10534372	1	12164	2	0	next
Picture	wrongHand	false_alarm	6	1113240	3	10546536	1	1113424	2	0	next
Picture	loadClose	other				11659960	1	1999	2	0	next
Picture	wrongHand	false_alarm	6	2987	3	11661959	1	3166	2	0	next
Picture	loadClose	other				11665125	1	7665	3	0	next
Picture	wrongHand	false_alarm	6	6586	4	11672790	2	6666	3	0	next
Picture	loadClose	other				11679456	1	31493	2	0	next
Picture	wrongHand	false_alarm	6	331022	3	11710949	1	331094	2	0	next
Picture	loadClose	other				12042043	1	10998	2	0	next
Picture	wrongHand	false_alarm	6	1320	3	12053041	1	1500	2	0	next
Picture	loadClose	other				12054541	1	11164	2	0	next
Picture	wrongHand	false_alarm	7	241283	3	12065705	1	4454363	2	0	next
Picture	loadClose	other				16520068	1	20829	2	0	next
Picture	wrongHand	false_alarm	6	50788	3	16540897	1	50988	3	0	next
Picture	loadClose	other				16591885	2	4666	3	0	next
Picture	wrongHand	false_alarm	6	7304	3	16596551	1	7499	2	0	next
Picture	loadClose	other				16604050	1	7498	2	0	next
Picture	wrongHand	false_alarm	6	61046	3	16611548	1	61153	3	0	next
Picture	loadClose	other				16672701	2	1833	4	0	next
Picture	wrongHand	false_alarm	6	8440	4	16674534	2	8485	183	0	next
Picture	loadClose	other				16683019	181	847	182	0	next
Picture	wrongHand	false_alarm	6	168	3	16683866	1	214	454	0	next
Picture	loadClose	other				16684080	453	5784	455	0	next
Picture	wrongHand	false_alarm	6	4010	4	16689864	2	4166	3	0	next
Picture	loadClose	other				16694030	1	7832	2	0	next
Picture	wrongHand	false_alarm	6	4662	2	16701862	1	4832	2	0	next
Picture	loadClose	other				16706694	1	92313	2	0	next
Picture	wrongHand	false_alarm	6	69805	2	16799007	1	69985	2	0	next
Picture	loadClose	other				16868992	1	6332	2	0	next
Picture	wrongHand	false_alarm	6	2598	2	16875324	1	2666	2	0	next
Picture	loadClose	other				16877990	1	120307	2	0	next
Picture	wrongHand	false_alarm	6	6783	3	16998297	1	6999	2	0	next
Picture	loadClose	other				17005296	1	82982	2	0	next
Picture	wrongHand	false_alarm	6	6311	3	17088278	1	6498	2	0	next
Picture	loadClose	other				17094776	1	10998	2	0	next
Picture	wrongHand	false_alarm	6	60224	3	17105774	1	60320	2	0	next
Picture	loadClose	other				17166094	1	23495	2	0	next
Picture	wrongHand	false_alarm	6	682410	3	17189589	1	682518	2	0	next
Picture	loadClose	other				17872107	1	4332	3	0	next
Picture	wrongHand	false_alarm	6	4380	4	17876439	2	4499	3	0	next
Picture	loadClose	other				17880938	1	4999	2	0	next
Picture	wrongHand	false_alarm	6	4942	3	17885937	1	4987	181	0	next
Picture	loadClose	other				17890924	180	20674	181	0	next
Picture	wrongHand	false_alarm	6	6711	3	17911598	1	6832	2	0	next
Picture	loadClose	other				17918430	1	59820	3	0	next
Picture	wrongHand	false_alarm	6	75867	4	17978250	2	75984	3	0	next
Picture	loadClose	other				18054234	1	33826	2	0	next
Picture	wrongHand	false_alarm	6	1127	3	18088060	1	1333	2	0	next
Picture	loadClose	other				18089393	1	833	2	0	next
Picture	wrongHand	false_alarm	6	1041	3	18090226	1	1166	3	0	next
Picture	loadClose	other				18091392	2	2333	3	0	next
Picture	wrongHand	false_alarm	5	132860	3	18093725	1	197957	2	0	next
Picture	loadClose	other				18291682	1	3499	3	0	next
Picture	wrongHand	false_alarm	6	3283	4	18295181	2	3500	3	0	next
Picture	loadClose	other				18298681	1	35159	2	0	next
Picture	wrongHand	false_alarm	7	4004	2	18333840	1	1203238	2	0	next
Picture	loadClose	other				19537078	1	3332	2	0	next
Picture	wrongHand	false_alarm	6	3849	2	19540410	1	3999	3	0	next
Picture	loadClose	other				19544409	2	1667	3	0	next
Picture	wrongHand	false_alarm	6	4863	2	19546076	1	4999	2	0	next
Picture	loadClose	other				19551075	1	2332	3	0	next
Picture	wrongHand	false_alarm	6	4492	3	19553407	2	4666	3	0	next
Picture	loadClose	other				19558073	1	42824	2	0	next
Picture	wrongHand	false_alarm	5	35351	2	19600897	1	35492	2	0	next
Picture	loadClose	other				19636389	1	24162	2	0	next
Picture	wrongHand	false_alarm	7	193234	3	19660551	1	948127	2	0	next
Picture	loadClose	other				20608678	1	1166	2	0	next
Picture	wrongHand	false_alarm	6	4962	2	20609844	1	5166	2	0	next
Picture	loadClose	other				20615010	1	3832	2	0	next
Picture	wrongHand	false_alarm	6	6493	3	20618842	1	6665	3	0	next
Picture	loadClose	other				20625507	2	3666	3	0	next
Picture	wrongHand	false_alarm	6	9312	3	20629173	1	9498	2	0	next
Picture	loadClose	other				20638671	1	2833	2	0	next
Picture	wrongHand	false_alarm	6	11341	3	20641504	1	11497	3	0	next
Picture	loadClose	other				20653001	2	4999	3	0	next
Picture	wrongHand	false_alarm	6	7565	3	20658000	1	7665	3	0	next
Picture	loadClose	other				20665665	2	5666	3	0	next
Picture	wrongHand	false_alarm	6	16954	2	20671331	1	17163	2	0	next
Picture	loadClose	other				20688494	1	6165	2	0	next
Picture	wrongHand	false_alarm	6	3095	3	20694659	1	3165	3	0	next
Picture	loadClose	other				20697824	2	18664	3	0	next
Picture	wrongHand	false_alarm	6	250283	3	20716488	1	250445	2	0	next
Picture	loadClose	other				20966933	1	44157	2	0	next
Picture	wrongHand	false_alarm	8	2821	2	21011090	1	194958	2	0	next
Picture	loadClose	other				21206048	1	3666	2	0	next
Picture	wrongHand	false_alarm	5	9934	3	21209714	1	9983	184	0	next
Picture	loadClose	other				21219697	183	847	185	0	next
Picture	wrongHand	false_alarm	5	584	4	21220544	2	667	3	0	next
Picture	loadClose	other				21221211	1	41158	2	0	next
Picture	wrongHand	false_alarm	6	219146	3	21262369	1	219285	2	0	next
Picture	loadClose	other				21481654	1	3666	2	0	next
Picture	wrongHand	false_alarm	6	30504	3	21485320	1	30660	2	0	next
Picture	loadClose	other				21515980	1	5832	2	0	next
Picture	wrongHand	false_alarm	6	4142	3	21521812	1	4332	3	0	next
Picture	loadClose	other				21526144	2	118475	3	0	next
Picture	view	other				21644619	1	7998	2	0	next
Picture	move	other				21652617	1	50155	3	0	next
Picture	loadClose	other				21702772	2	44824	3	0	next
Picture	wrongHand	false_alarm	6	141454	3	21747596	1	141636	2	0	next
Picture	loadClose	other				21889232	1	72484	3	0	next
Picture	view	other				21961716	2	4812	193	0	next
Picture	move	other				21966528	191	50176	193	0	next
Picture	loadClose	other				22016704	2	421742	3	0	next
Picture	view	other				22438446	1	6998	3	0	next
Picture	move	other				22445444	2	50156	3	0	next
Picture	loadClose	other				22495600	1	141969	2	0	next
Picture	view	other				22637569	1	63653	2	0	next
Picture	move	other				22701222	1	1166	3	0	next
Picture	check	other				22702388	2	15164	3	0	next
Picture	wrongHand	false_alarm	6	37887	3	22717552	1	37992	2	0	next
Picture	loadClose	other				22755544	1	62653	2	0	next
Picture	view	other				22818197	1	6665	2	0	next
Picture	move	other				22824862	1	46323	2	0	next
Picture	check	other				22871185	1	833	3	0	next
Picture	loadClose	other				22872018	2	9165	3	0	next
Picture	wrongHand	false_alarm	6	49814	3	22881183	1	49989	2	0	next
Picture	loadClose	other				22931172	1	12164	2	0	next
Picture	wrongHand	false_alarm	6	4361	3	22943336	1	4499	2	0	next
Picture	loadClose	other				22947835	1	63986	2	0	next
Picture	view	other				23011821	1	6499	2	0	next
Picture	move	other				23018320	1	50155	3	0	next
Picture	loadClose	other				23068475	2	19496	3	0	next
Picture	wrongHand	false_alarm	6	54403	3	23087971	1	54488	2	0	next
Picture	loadClose	other				23142459	1	23162	2	0	next
Picture	wrongHand	false_alarm	6	18743	3	23165621	1	18829	2	0	next
Picture	loadClose	other				23184450	1	14164	2	0	next
Picture	wrongHand	false_alarm	6	97678	3	23198614	1	97812	2	0	next
Picture	loadClose	other				23296426	1	7665	2	0	next
Picture	wrongHand	false_alarm	6	8081	3	23304091	1	8165	2	0	next
Picture	loadClose	other				23312256	1	27660	2	0	next
Picture	wrongHand	false_alarm	6	6986	3	23339916	1	7165	3	0	next
Picture	loadClose	other				23347081	2	44490	4	0	next
Picture	view	other				23391571	2	6999	4	0	next
Picture	move	other				23398570	2	50156	3	0	next
Picture	loadClose	other				23448726	1	64319	3	0	next
Picture	wrongHand	false_alarm	6	2695	4	23513045	2	2833	3	0	next
Picture	loadClose	other				23515878	1	6499	2	0	next
Picture	wrongHand	false_alarm	6	3773	2	23522377	1	3819	182	0	next
Picture	loadClose	other				23526196	181	28173	183	0	next
Picture	wrongHand	false_alarm	6	72829	4	23554369	2	72985	3	0	next
Picture	loadClose	other				23627354	1	14163	3	0	next
Picture	wrongHand	false_alarm	6	1161	4	23641517	2	1333	4	0	next
Picture	loadClose	other				23642850	2	80650	3	0	next
Picture	view	other				23723500	1	9164	2	0	next
Picture	move	other				23732664	1	50156	2	0	next
Picture	check	other				23782820	1	6499	2	0	next
Picture	wrongHand	false_alarm	2	12119	2	23789319	1	36643	184	0	next
Picture	loadClose	other				23825962	183	1515	184	0	next
Picture	wrongHand	false_alarm	5	166887	3	23827477	1	166963	3	0	next
Picture	loadClose	other				23994440	2	4166	3	0	next
Picture	wrongHand	false_alarm	5	4708	3	23998606	1	4833	2	0	next
Picture	loadClose	other				24003439	1	105477	2	0	next
Picture	wrongHand	false_alarm	5	640329	2	24108916	1	640527	2	0	next
Picture	loadClose	other				24749443	1	3666	2	0	next
Picture	wrongHand	false_alarm	5	10875	3	24753109	1	10997	2	0	next
Picture	loadClose	other				24764106	1	91480	2	0	next
Picture	wrongHand	false_alarm	6	143665	3	24855586	1	143802	3	0	next
Picture	loadClose	other				24999388	2	5499	3	0	next
Picture	wrongHand	false_alarm	6	1014	3	25004887	1	1167	2	0	next
Picture	loadClose	other				25006054	1	71317	3	0	next
Picture	view	other				25077371	2	7166	3	0	next
Picture	move	other				25084537	1	49655	3	0	next
Picture	loadClose	other				25134192	2	547	790	0	next
Picture	loadClose	other				25134739	788	70605	789	0	next
Picture	view	other				25205344	1	6998	2	0	next
Picture	move	other				25212342	1	49156	2	0	next
Picture	loadClose	other				25261498	1	65652	3	0	next
Picture	view	other				25327150	2	6166	3	0	next
Picture	move	other				25333316	1	50155	3	0	next
Picture	loadClose	other				25383471	2	69485	4	0	next
Picture	view	other				25452956	2	7332	3	0	next
Picture	move	other				25460288	1	50156	2	0	next
Picture	check	other				25510444	1	8831	3	0	next
Picture	loadClose	other				25519275	2	27328	3	0	next
Picture	wrongHand	false_alarm	6	59831	3	25546603	1	59987	2	0	next
Picture	loadClose	other				25606590	1	267	401	0	next
Picture	wrongHand	false_alarm	6	2397	402	25606857	400	2565	401	0	next
Picture	loadClose	other				25609422	1	42324	3	0	next
Picture	view	other				25651746	2	6666	3	0	next
Picture	move	other				25658412	1	50155	2	0	next
Picture	loadClose	other				25708567	1	52989	2	0	next
Picture	wrongHand	false_alarm	6	1536	3	25761556	1	1666	3	0	next
Picture	loadClose	other				25763222	2	14330	4	0	next
Picture	view	other				25777552	2	7499	3	0	next
Picture	move	other				25785051	1	50155	3	0	next
Picture	loadClose	other				25835206	2	48823	3	0	next
Picture	wrongHand	false_alarm	6	3602	3	25884029	1	3655	180	0	next
Picture	loadClose	other				25887684	179	22339	181	0	next
Picture	view	other				25910023	2	8332	3	0	next
Picture	move	other				25918355	1	44990	2	0	next
Picture	loadClose	other				25963345	1	55821	3	0	next
Picture	view	other				26019166	2	9998	3	0	next
Picture	move	other				26029164	1	44157	2	0	next
Picture	loadClose	other				26073321	1	33826	2	0	next
Picture	wrongHand	false_alarm	6	41860	3	26107147	1	41991	2	0	next
Picture	loadClose	other				26149138	1	2833	2	0	next
Picture	wrongHand	false_alarm	6	3706	3	26151971	1	3832	2	0	next
Picture	loadClose	other				26155803	1	33993	2	0	next
Picture	view	other				26189796	1	8331	3	0	next
Picture	move	other				26198127	2	46657	3	0	next
Picture	loadClose	other				26244784	1	68818	2	0	next
Picture	view	other				26313602	1	10498	2	0	next
Picture	move	other				26324100	1	50156	2	0	next
Picture	check	other				26374256	1	8331	2	0	next
Picture	loadClose	other				26382587	1	58154	2	0	next
Picture	wrongHand	false_alarm	9	923	2	26440741	1	11647	186	0	next
Picture	loadClose	other				26452388	185	23179	186	0	next
Picture	wrongHand	false_alarm	6	3996	3	26475567	1	4166	2	0	next
Picture	loadClose	other				26479733	1	31326	2	0	next
Picture	view	other				26511059	1	6499	2	0	next
Picture	move	other				26517558	1	46656	3	0	next
Picture	loadClose	other				26564214	2	1333	4	0	next
Picture	wrongHand	false_alarm	6	1405	4	26565547	2	1500	3	0	next
Picture	loadClose	other				26567047	1	58654	2	0	next
Picture	view	other				26625701	1	7998	3	0	next
Picture	move	other				26633699	2	49989	3	0	next
Picture	loadClose	other				26683688	1	68152	3	0	next
Picture	view	other				26751840	2	10665	3	0	next
Picture	move	other				26762505	1	44323	2	0	next
Picture	loadClose	other				26806828	1	500	2	0	next
Picture	wrongHand	false_alarm	6	791	3	26807328	1	1000	2	0	next
Picture	loadClose	other				26808328	1	58820	3	0	next
Picture	wrongHand	false_alarm	9	14330	4	26867148	2	40825	3	0	next
Picture	loadClose	other				26907973	1	2999	2	0	next
Picture	wrongHand	false_alarm	6	17806	2	26910972	1	17996	2	0	next
Picture	loadClose	other				26928968	1	8665	2	0	next
Picture	wrongHand	false_alarm	6	12974	3	26937633	1	13164	2	0	next
Picture	loadClose	other				26950797	1	11330	3	0	next
Picture	wrongHand	false_alarm	6	2170	4	26962127	2	2334	3	0	next
Picture	loadClose	other				26964461	1	37491	3	0	next
Picture	view	other				27001952	2	7665	4	0	next
Picture	move	other				27009617	2	50156	3	0	next
Picture	check	other				27059773	1	1666	3	0	next
Picture	loadClose	other				27061439	2	107144	3	0	next
Picture	wrongHand	false_alarm	6	5272	2	27168583	1	5499	2	0	next
Picture	loadClose	other				27174082	1	41491	2	0	next
Picture	wrongHand	false_alarm	6	50981	2	27215573	1	51155	2	0	next
Picture	loadClose	other				27266728	1	40158	2	0	next
Picture	wrongHand	false_alarm	6	57896	3	27306886	1	57987	2	0	next
Picture	loadClose	other				27364873	1	95979	3	0	next
Picture	view	other				27460852	2	5476	193	0	next
Picture	move	other				27466328	191	50179	192	0	next
Picture	loadClose	other				27516507	1	69818	2	0	next
Picture	view	other				27586325	1	8998	3	0	next
Picture	move	other				27595323	2	50156	4	0	next
Picture	loadClose	other				27645479	2	60153	4	0	next
Picture	view	other				27705632	2	70985	4	0	next
Picture	move	other				27776617	2	1833	3	0	next
Picture	check	other				27778450	1	58321	2	0	next
Picture	loadClose	other				27836771	1	35825	3	0	next
Picture	view	other				27872596	2	7665	3	0	next
Picture	move	other				27880261	1	50156	2	0	next
Picture	loadClose	other				27930417	1	11664	2	0	next
Picture	wrongHand	false_alarm	6	50434	2	27942081	1	50656	2	0	next
Picture	loadClose	other				27992737	1	2666	2	0	next
Picture	wrongHand	false_alarm	6	23291	3	27995403	1	23495	2	0	next
Picture	loadClose	other				28018898	1	32492	3	0	next
Picture	view	other				28051390	2	8665	4	0	next
Picture	move	other				28060055	2	50156	3	0	next
Picture	check	other				28110211	1	15497	2	0	next
Picture	loadClose	other				28125708	1	666	2	0	next
Picture	wrongHand	false_alarm	6	38378	3	28126374	1	38492	2	0	next
Picture	loadClose	other				28164866	1	3666	2	0	next
Picture	wrongHand	false_alarm	7	20210	3	28168532	1	127972	2	0	next
Picture	loadClose	other				28296504	1	17663	2	0	next
Picture	wrongHand	false_alarm	5	4074	2	28314167	1	4165	2	0	next
Picture	loadClose	other				28318332	1	9998	2	0	next
Picture	wrongHand	false_alarm	8	4780	3	28328330	1	20162	3	0	next
Picture	loadClose	other				28348492	2	61987	3	0	next
Picture	view	other				28410479	1	69152	2	0	next
Picture	move	other				28479631	1	1666	2	0	next
Picture	check	other				28481297	1	500	2	0	next
Picture	loadClose	other				28481797	1	61153	2	0	next
Picture	wait	other				28542950	1	16830	2	0	next
Picture	view	other				28559780	1	7997	4	0	next
Picture	move	other				28567777	3	50157	4	0	next
Picture	loadClose	other				28617934	1	71651	2	0	next
Picture	view	other				28689585	1	8498	2	0	next
Picture	move	other				28698083	1	50156	2	0	next
Picture	endBlock	other				28748239	1	30160	2	0	next
Picture	begin	other				28778399	1	553546	2	0	next
Picture	loadClose	other				29331945	1	155	514	0	next
Picture	view	other				29332100	513	24840	514	0	next
Picture	move	other				29356940	1	50155	2	0	next
Picture	check	other				29407095	1	105311	2	0	next
Picture	loadClose	other				29512406	1	15830	2	0	next
Picture	view	other				29528236	1	74650	2	0	next
Picture	move	other				29602886	1	50156	2	0	next
Picture	check	other				29653042	1	120640	2	0	next
Picture	wrongHand	false_alarm	6	2281	2	29773682	1	2500	2	0	next
Picture	loadClose	other				29776182	1	90813	2	0	next
Picture	view	other				29866995	1	7998	3	0	next
Picture	move	other				29874993	2	36492	4	0	next
Picture	check	other				29911485	2	13831	3	0	next
Picture	loadClose	other				29925316	1	23994	3	0	next
Picture	wait	other				29949310	2	5833	3	0	next
Picture	view	other				29955143	1	6831	3	0	next
Picture	move	other				29961974	2	32826	4	0	next
Picture	loadClose	other				29994800	2	71485	3	0	next
Picture	view	other				30066285	1	7165	3	0	next
Picture	move	other				30073450	2	37325	3	0	next
Picture	loadClose	other				30110775	1	22662	2	0	next
Picture	wrongHand	false_alarm	6	64250	3	30133437	1	64486	2	0	next
Picture	loadClose	other				30197923	1	1000	2	0	next
Picture	wrongHand	false_alarm	6	1864	3	30198923	1	1999	3	0	next
Picture	loadClose	other				30200922	2	23495	4	0	next
Picture	view	other				30224417	2	3999	4	0	next
Picture	move	other				30228416	2	37159	3	0	next
Picture	loadClose	other				30265575	1	46323	2	0	next
Picture	view	other				30311898	1	6665	3	0	next
Picture	move	other				30318563	2	32327	3	0	next
Picture	loadClose	other				30350890	1	48489	2	0	next
Picture	view	other				30399379	1	5999	2	0	next
Picture	move	other				30405378	1	30826	3	0	next
Picture	loadClose	other				30436204	2	46490	4	0	next
Picture	wait	other				30482694	2	2833	3	0	next
Picture	view	other				30485527	1	4499	2	0	next
Picture	move	other				30490026	1	30993	3	0	next
Picture	loadClose	other				30521019	2	61654	3	0	next
Picture	view	other				30582673	1	4499	2	0	next
Picture	move	other				30587172	1	37658	2	0	next
Picture	loadClose	other				30624830	1	35992	2	0	next
Picture	wait	other				30660822	1	6665	3	0	next
Picture	view	other				30667487	2	4666	3	0	next
Picture	move	other				30672153	1	34977	184	0	next
Picture	loadClose	other				30707130	183	40840	184	0	next
Picture	wait	other				30747970	1	4332	2	0	next
Picture	view	other				30752302	1	5305	197	0	next
Picture	move	other				30757607	196	33687	197	0	next
Picture	loadClose	other				30791294	1	57487	2	0	next
Picture	view	other				30848781	1	5166	2	0	next
Picture	move	other				30853947	1	50156	2	0	next
Picture	loadClose	other				30904103	1	252445	2	0	next
Picture	view	other				31156548	1	6498	3	0	next
Picture	move	other				31163046	2	36826	3	0	next
Picture	loadClose	other				31199872	1	33159	2	0	next
Picture	wrongHand	false_alarm	6	31613	3	31233031	1	31826	2	0	next
Picture	loadClose	other				31264857	1	29494	2	0	next
Picture	view	other				31294351	1	4499	2	0	next
Picture	move	other				31298850	1	44823	3	0	next
Picture	loadClose	other				31343673	2	36826	3	0	next
Picture	view	other				31380499	1	5477	191	0	next
Picture	move	other				31385976	190	37014	191	0	next
Picture	loadClose	other				31422990	1	44490	2	0	next
Picture	view	other				31467480	1	5832	3	0	next
Picture	move	other				31473312	2	43157	3	0	next
Picture	loadClose	other				31516469	1	89647	3	0	next
Picture	view	other				31606116	2	8998	4	0	next
Picture	move	other				31615114	2	37659	3	0	next
Picture	loadClose	other				31652773	1	62820	2	0	next
Picture	view	other				31715593	1	5665	2	0	next
Picture	move	other				31721258	1	44157	2	0	next
Picture	loadClose	other				31765415	1	131471	3	0	next
Picture	view	other				31896886	2	5166	3	0	next
Picture	move	other				31902052	1	32659	3	0	next
Picture	loadClose	other				31934711	2	54489	3	0	next
Picture	view	other				31989200	1	6165	3	0	next
Picture	move	other				31995365	2	37492	3	0	next
Picture	loadClose	other				32032857	1	97478	3	0	next
Picture	view	other				32130335	2	5499	4	0	next
Picture	move	other				32135834	2	33493	3	0	next
Picture	loadClose	other				32169327	1	82149	2	0	next
Picture	view	other				32251476	1	5165	3	0	next
Picture	move	other				32256641	2	35980	182	0	next
Picture	loadClose	other				32292621	180	140482	181	0	next
Picture	view	other				32433103	1	5832	2	0	next
Picture	move	other				32438935	1	33493	2	0	next
Picture	loadClose	other				32472428	1	44823	2	0	next
Picture	wait	other				32517251	1	1833	2	0	next
Picture	view	other				32519084	1	6499	2	0	next
Picture	move	other				32525583	1	33159	2	0	next
Picture	loadClose	other				32558742	1	34159	3	0	next
Picture	wait	other				32592901	2	12831	3	0	next
Picture	view	other				32605732	1	8998	2	0	next
Picture	move	other				32614730	1	38325	2	0	next
Picture	endSession	other				32653055	1	35659	2	0	next
