Scenario - opto_replant
Logfile written - 10/23/2014 11:22:28

Subject	Trial	Event Type	Code	Time	TTime	Uncertainty	Duration	Uncertainty	ReqTime	ReqDur	Stim Type	Pair Index

03_31	1	Picture	begin	176	0	324	1353018	325	0	next	other	0
03_31	1	Response	9	1352885	1352709	2
03_31	2	Picture	loadClose	1353194	0	1	204953	2	0	next	other	0
03_31	2	Response	9	1557970	204776	2
03_31	3	Picture	view	1558147	0	1	18329	3	0	next	other	0
03_31	3	Response	7	1576310	18163	2
03_31	4	Picture	move	1576476	0	2	1167	3	0	next	other	0
03_31	4	Response	5	1577520	1044	2
03_31	5	Picture	check	1577643	0	1	65152	2	0	next	other	0
03_31	5	Response	2	1642609	64966	2
03_31	6	Picture	loadClose	1642795	0	1	938954	2	0	next	other	0
03_31	6	Response	9	2581689	938894	1
03_31	7	Picture	view	2581749	0	1	6499	2	0	next	other	0
03_31	7	Response	7	2587999	6250	1
03_31	8	Picture	move	2588248	0	1	47125	200	0	next	other	0
03_31	8	Response	5	2635348	47100	1
03_31	9	Picture	check	2635373	0	199	3530	200	0	next	other	0
03_31	9	Response	2	2638747	3374	3
03_31	10	Picture	loadClose	2638903	0	1	355753	2	0	next	other	0
03_31	10	Response	9	2994580	355677	2
03_31	11	Picture	view	2994656	0	1	11664	3	0	next	other	0
03_31	11	Response	7	3006190	11534	2
03_31	12	Picture	move	3006320	0	2	41447	213	0	next	other	0
03_31	12	Response	5	3047739	41419	2
03_31	13	Picture	check	3047767	0	211	27537	212	0	next	other	0
03_31	13	Response	3	3075218	27451	3
03_31	14	Picture	loadClose	3075304	0	1	98145	2	0	next	other	0
03_31	14	Response	9	3173346	98042	2
03_31	15	Picture	view	3173449	0	1	8331	2	0	next	other	0
03_31	15	Response	7	3181596	8147	2
03_31	16	Picture	move	3181780	0	1	47656	2	0	next	other	0
03_31	16	Response	3	3228817	47037	1
03_31	16	Response	5	3229245	47465	2
03_31	17	Picture	loadClose	3229436	0	1	170295	2	0	next	other	0
03_31	17	Response	9	3399631	170195	2
03_31	18	Picture	view	3399731	0	1	6332	2	0	next	other	0
03_31	18	Response	7	3405941	6210	2
03_31	19	Picture	move	3406063	0	1	42777	215	0	next	other	0
03_31	19	Response	5	3448810	42747	2
03_31	20	Picture	check	3448840	0	214	23208	215	0	next	other	0
03_31	20	Response	3	3471850	23010	3
03_31	21	Picture	loadClose	3472048	0	1	401242	3	0	next	other	0
03_31	21	Response	9	3873211	401163	2
03_31	22	Picture	view	3873290	0	2	6999	3	0	next	other	0
03_31	22	Response	7	3880051	6761	2
03_31	23	Picture	move	3880289	0	1	48322	2	0	next	other	0
03_31	23	Response	2	3927840	47551	3
03_31	23	Response	5	3928480	48191	2
03_31	24	Picture	loadClose	3928611	0	1	132804	2	0	next	other	0
03_31	24	Response	9	4061307	132696	2
03_31	25	Picture	view	4061415	0	1	5665	2	0	next	other	0
03_31	25	Response	7	4066947	5532	2
03_31	26	Picture	move	4067080	0	1	44656	3	0	next	other	0
03_31	26	Response	2	4097438	30358	1
03_31	26	Response	5	4111596	44516	2
03_31	27	Picture	loadClose	4111736	0	2	106476	4	0	next	other	0
03_31	27	Response	9	4218074	106338	2
03_31	28	Picture	view	4218212	0	2	6999	3	0	next	other	0
03_31	28	Response	7	4225074	6862	2
03_31	29	Picture	move	4225211	0	1	46989	2	0	next	other	0
03_31	29	Response	2	4263835	38624	1
03_31	29	Response	5	4271993	46782	2
03_31	30	Picture	loadClose	4272200	0	1	112975	2	0	next	other	0
03_31	30	Response	9	4384991	112791	1
03_31	31	Picture	view	4385175	0	1	5815	186	0	next	other	0
03_31	31	Response	7	4390910	5735	2
03_31	32	Picture	move	4390990	0	185	42174	186	0	next	other	0
03_31	32	Response	2	4427191	36201	1
03_31	32	Response	5	4433029	42039	2
03_31	33	Picture	loadClose	4433164	0	1	118806	2	0	next	other	0
03_31	33	Response	9	4551797	118633	2
03_31	34	Picture	view	4551970	0	1	7332	2	0	next	other	0
03_31	34	Response	7	4559067	7097	2
03_31	35	Picture	move	4559302	0	1	38824	3	0	next	other	0
03_31	35	Response	5	4597926	38624	2
03_31	36	Picture	check	4598126	0	2	2833	3	0	next	other	0
03_31	36	Response	2	4600788	2662	1
03_31	37	Picture	loadClose	4600959	0	1	122472	3	0	next	other	0
03_31	37	Response	9	4723403	122444	2
03_31	38	Picture	view	4723431	0	2	7332	4	0	next	other	0
03_31	38	Response	7	4730653	7222	2
03_31	39	Picture	move	4730763	0	2	43990	3	0	next	other	0
03_31	39	Response	5	4774702	43939	2
03_31	40	Picture	check	4774753	0	1	6665	2	0	next	other	0
03_31	40	Response	2	4781264	6511	1
03_31	41	Picture	loadClose	4781418	0	1	100144	2	0	next	other	0
03_31	41	Response	9	4881540	100122	2
03_31	42	Picture	view	4881562	0	1	6499	2	0	next	other	0
03_31	42	Response	7	4887860	6298	2
03_31	43	Picture	move	4888061	0	1	43990	2	0	next	other	0
03_31	43	Response	2	4922381	34320	1
03_31	43	Response	5	4931849	43788	2
03_31	44	Picture	loadClose	4932051	0	1	109808	3	0	next	other	0
03_31	44	Response	9	5041767	109716	1
03_31	45	Picture	view	5041859	0	2	6486	183	0	next	other	0
03_31	45	Response	7	5048276	6417	2
03_31	46	Picture	move	5048345	0	181	39504	182	0	next	other	0
03_31	46	Response	2	5081258	32913	1
03_31	46	Response	5	5087736	39391	1
03_31	47	Picture	loadClose	5087849	0	1	122639	2	0	next	other	0
03_31	47	Response	9	5210393	122544	2
03_31	48	Picture	view	5210488	0	1	28144	185	0	next	other	0
03_31	48	Response	7	5238552	28064	2
03_31	49	Picture	move	5238632	0	184	36675	185	0	next	other	0
03_31	49	Response	5	5275232	36600	1
03_31	50	Picture	check	5275307	0	1	243719	61	0	next	other	0
03_31	50	Response	9	5465648	190341	1
03_31	50	Response	2	5519006	243699	3
03_31	51	Picture	loadClose	5519026	0	60	119698	62	0	next	other	0
03_31	51	Response	2	5603166	84140	1
03_31	51	Response	9	5638684	119658	2
03_31	52	Picture	view	5638724	0	2	5999	3	0	next	other	0
03_31	52	Response	7	5644514	5790	2
03_31	53	Picture	move	5644723	0	1	36992	2	0	next	other	0
03_31	53	Response	5	5681603	36880	2
03_31	54	Picture	check	5681715	0	1	1467	201	0	next	other	0
03_31	54	Response	2	5683165	1450	1
03_31	55	Picture	loadClose	5683182	0	200	131003	201	0	next	other	0
03_31	55	Response	9	5814050	130868	2
03_31	56	Picture	view	5814185	0	1	7331	3	0	next	other	0
03_31	56	Response	7	5821310	7125	2
03_31	57	Picture	move	5821516	0	2	40491	3	0	next	other	0
03_31	57	Response	2	5846841	25325	1
03_31	57	Response	5	5861879	40363	2
03_31	58	Picture	loadClose	5862007	0	1	125805	2	0	next	other	0
03_31	58	Response	9	5987687	125680	1
03_31	59	Picture	view	5987812	0	1	6332	2	0	next	other	0
03_31	59	Response	7	5993906	6094	2
03_31	60	Picture	move	5994144	0	1	40608	218	0	next	other	0
03_31	60	Response	2	6028278	34134	1
03_31	60	Response	5	6034706	40562	1
03_31	61	Picture	loadClose	6034752	0	217	134019	218	0	next	other	0
03_31	61	Response	9	6168653	133901	2
03_31	61	Response	9	6168673	133921	2
03_31	62	Picture	view	6168771	0	1	5999	2	0	next	other	0
03_31	62	Response	7	6174523	5752	1
03_31	63	Picture	move	6174770	0	1	44936	222	0	next	other	0
03_31	63	Response	2	6203954	29184	1
03_31	63	Response	5	6219662	44892	2
03_31	64	Picture	loadClose	6219706	0	221	140855	222	0	next	other	0
03_31	64	Response	9	6360379	140673	1
03_31	65	Picture	view	6360561	0	1	6832	2	0	next	other	0
03_31	65	Response	7	6367229	6668	1
03_31	66	Picture	move	6367393	0	1	38325	2	0	next	other	0
03_31	66	Response	2	6404590	37197	1
03_31	66	Response	5	6405578	38185	1
03_31	67	Picture	loadClose	6405718	0	1	126137	3	0	next	other	0
03_31	67	Response	2	6426669	20951	1
03_31	67	Response	9	6531745	126027	2
03_31	68	Picture	view	6531855	0	2	6666	3	0	next	other	0
03_31	68	Response	7	6538305	6450	2
03_31	69	Picture	move	6538521	0	1	40823	3	0	next	other	0
03_31	69	Response	2	6570346	31825	1
03_31	69	Response	5	6579144	40623	2
03_31	70	Picture	loadClose	6579344	0	2	6000	3	0	next	other	0
03_31	70	Response	7	6585204	5860	2
03_31	71	Picture	wrongHand	6585344	0	1	1166	2	0	next	false_alarm	158
03_31	71	Response	5	6586324	980	2
03_31	72	Picture	loadClose	6586510	0	1	120473	2	0	next	other	0
03_31	72	Response	9	6706801	120291	2
03_31	73	Picture	view	6706983	0	1	17829	2	0	next	other	0
03_31	73	Response	7	6724581	17598	2
03_31	74	Picture	move	6724812	0	1	37941	220	0	next	other	0
03_31	74	Response	2	6762342	37530	1
03_31	74	Response	5	6762700	37888	2
03_31	75	Picture	loadClose	6762753	0	219	111858	221	0	next	other	0
03_31	75	Response	9	6874518	111765	2
03_31	76	Picture	view	6874611	0	2	7166	3	0	next	other	0
03_31	76	Response	7	6881598	6987	1
03_31	77	Picture	move	6881777	0	1	39324	2	0	next	other	0
03_31	77	Response	2	6917377	35600	2
03_31	77	Response	5	6920957	39180	2
03_31	78	Picture	loadClose	6921101	0	1	118307	2	0	next	other	0
03_31	78	Response	9	7039294	118193	2
03_31	79	Picture	view	7039408	0	1	5819	182	0	next	other	0
03_31	79	Response	7	7045164	5756	2
03_31	80	Picture	move	7045227	0	181	39647	372	0	next	other	0
03_31	80	Response	2	7071295	26068	1
03_31	80	Response	5	7084833	39606	2
03_31	81	Picture	loadClose	7084874	0	191	123329	192	0	next	other	0
03_31	81	Response	9	7208091	123217	2
03_31	82	Picture	view	7208203	0	1	5665	2	0	next	other	0
03_31	82	Response	7	7213751	5548	1
03_31	83	Picture	move	7213868	0	1	45941	217	0	next	other	0
03_31	83	Response	2	7249372	35504	1
03_31	83	Response	5	7259770	45902	2
03_31	84	Picture	loadClose	7259809	0	216	105525	217	0	next	other	0
03_31	84	Response	9	7365207	105398	2
03_31	85	Picture	view	7365334	0	1	5665	3	0	next	other	0
03_31	85	Response	7	7370867	5533	2
03_31	86	Picture	move	7370999	0	2	38287	208	0	next	other	0
03_31	86	Response	2	7394969	23970	1
03_31	86	Response	5	7409246	38247	2
03_31	87	Picture	loadClose	7409286	0	206	113179	207	0	next	other	0
03_31	87	Response	9	7522384	113098	2
03_31	88	Picture	view	7522465	0	1	4666	2	0	next	other	0
03_31	88	Response	7	7526994	4529	2
03_31	89	Picture	move	7527131	0	1	42823	2	0	next	other	0
03_31	89	Response	5	7569793	42662	2
03_31	90	Picture	check	7569954	0	1	23162	2	0	next	other	0
03_31	90	Response	2	7592885	22931	1
03_31	91	Picture	loadClose	7593116	0	1	132470	2	0	next	other	0
03_31	91	Response	9	7725430	132314	2
03_31	92	Picture	view	7725586	0	1	7831	2	0	next	other	0
03_31	92	Response	7	7733160	7574	1
03_31	93	Picture	move	7733417	0	1	39658	2	0	next	other	0
03_31	93	Response	2	7763121	29704	1
03_31	93	Response	5	7772909	39492	2
03_31	94	Picture	endBlock	7773075	0	1	30160	2	0	next	other	0
03_31	95	Picture	begin	7803235	0	1	292434	2	0	next	other	0
03_31	95	Response	7	7834447	31212	2
03_31	95	Response	8	7835947	32712	2
03_31	95	Response	6	7948275	145040	2
03_31	95	Response	5	7948655	145420	2
03_31	95	Response	7	7994574	191339	2
03_31	95	Response	8	7994884	191649	2
03_31	95	Response	6	8036623	233388	2
03_31	95	Response	5	8036843	233608	2
03_31	95	Response	9	8095452	292217	2
03_31	96	Picture	loadClose	8095669	0	1	97977	3	0	next	other	0
03_31	96	Response	9	8193480	97811	2
03_31	97	Picture	view	8193646	0	2	4811	192	0	next	other	0
03_31	97	Response	7	8198380	4734	2
03_31	98	Picture	move	8198457	0	190	34514	191	0	next	other	0
03_31	98	Response	2	8217029	18572	3
03_31	98	Response	5	8232819	34362	2
03_31	99	Picture	loadClose	8232971	0	1	77482	2	0	next	other	0
03_31	99	Response	9	8310357	77386	2
03_31	100	Picture	view	8310453	0	1	6332	3	0	next	other	0
03_31	100	Response	7	8316547	6094	2
03_31	101	Picture	move	8316785	0	2	33326	3	0	next	other	0
03_31	101	Response	2	8337989	21204	1
03_31	101	Response	5	8349937	33152	1
03_31	102	Picture	loadClose	8350111	0	1	67651	3	0	next	other	0
03_31	102	Response	9	8417665	67554	2
03_31	103	Picture	view	8417762	0	2	6166	3	0	next	other	0
03_31	103	Response	7	8423705	5943	2
03_31	104	Picture	move	8423928	0	1	33325	3	0	next	other	0
03_31	104	Response	2	8454946	31018	1
03_31	104	Response	5	8457154	33226	2
03_31	105	Picture	loadClose	8457253	0	2	67818	4	0	next	other	0
03_31	105	Response	9	8524953	67700	2
03_31	106	Picture	view	8525071	0	2	4166	3	0	next	other	0
03_31	106	Response	7	8529043	3972	1
03_31	107	Picture	move	8529237	0	1	34659	2	0	next	other	0
03_31	107	Response	2	8554304	25067	1
03_31	107	Response	5	8563692	34455	2
03_31	108	Picture	loadClose	8563896	0	1	61986	2	0	next	other	0
03_31	108	Response	9	8625711	61815	1
03_31	108	Response	9	8625725	61829	8
03_31	109	Picture	view	8625882	0	1	5166	2	0	next	other	0
03_31	109	Response	7	8630871	4989	1
03_31	110	Picture	move	8631048	0	1	32992	3	0	next	other	0
03_31	110	Response	2	8651102	20054	1
03_31	110	Response	5	8663830	32782	2
03_31	111	Picture	loadClose	8664040	0	2	69151	3	0	next	other	0
03_31	111	Response	9	8733028	68988	2
03_31	112	Picture	view	8733191	0	1	3999	2	0	next	other	0
03_31	112	Response	7	8736968	3777	2
03_31	113	Picture	move	8737190	0	1	32814	181	0	next	other	0
03_31	113	Response	2	8757820	20630	1
03_31	113	Response	5	8769958	32768	1
03_31	114	Picture	loadClose	8770004	0	180	83993	181	0	next	other	0
03_31	114	Response	9	8853816	83812	2
03_31	115	Picture	view	8853997	0	1	4332	3	0	next	other	0
03_31	115	Response	7	8858166	4169	2
03_31	116	Picture	move	8858329	0	2	32435	228	0	next	other	0
03_31	116	Response	2	8866937	8608	1
03_31	116	Response	5	8890725	32396	2
03_31	117	Picture	loadClose	8890764	0	226	68543	227	0	next	other	0
03_31	117	Response	9	8959164	68400	1
03_31	118	Picture	view	8959307	0	1	4499	2	0	next	other	0
03_31	118	Response	7	8963594	4287	1
03_31	119	Picture	move	8963806	0	1	30493	2	0	next	other	0
03_31	119	Response	2	8978455	14649	1
03_31	119	Response	5	8994103	30297	2
03_31	120	Picture	loadClose	8994299	0	1	61319	2	0	next	other	0
03_31	120	Response	9	9055482	61183	1
03_31	121	Picture	view	9055618	0	1	4166	2	0	next	other	0
03_31	121	Response	7	9059542	3924	1
03_31	122	Picture	move	9059784	0	1	34992	2	0	next	other	0
03_31	122	Response	2	9083733	23949	1
03_31	122	Response	5	9094571	34787	2
03_31	123	Picture	loadClose	9094776	0	1	65985	2	0	next	other	0
03_31	123	Response	9	9160729	65953	2
03_31	124	Picture	view	9160761	0	1	4998	3	0	next	other	0
03_31	124	Response	7	9165649	4888	2
03_31	125	Picture	move	9165759	0	2	34141	189	0	next	other	0
03_31	125	Response	2	9190451	24692	1
03_31	125	Response	5	9199859	34100	1
03_31	126	Picture	loadClose	9199900	0	187	54340	188	0	next	other	0
03_31	126	Response	9	9254077	54177	2
03_31	126	Response	9	9254087	54187	9
03_31	127	Picture	view	9254240	0	1	4999	2	0	next	other	0
03_31	127	Response	7	9259067	4827	2
03_31	128	Picture	move	9259239	0	1	31463	198	0	next	other	0
03_31	128	Response	2	9275729	16490	1
03_31	128	Response	5	9290657	31418	1
03_31	129	Picture	loadClose	9290702	0	197	65681	199	0	next	other	0
03_31	129	Response	9	9356315	65613	2
03_31	130	Picture	view	9356383	0	2	4832	4	0	next	other	0
03_31	130	Response	7	9361075	4692	2
03_31	131	Picture	move	9361215	0	2	31160	3	0	next	other	0
03_31	131	Response	2	9382927	21712	1
03_31	131	Response	5	9392204	30989	2
03_31	132	Picture	loadClose	9392375	0	1	65152	2	0	next	other	0
03_31	132	Response	9	9457453	65078	2
03_31	133	Picture	view	9457527	0	1	4499	2	0	next	other	0
03_31	133	Response	7	9461873	4346	2
03_31	134	Picture	move	9462026	0	1	31993	2	0	next	other	0
03_31	134	Response	2	9478765	16739	1
03_31	134	Response	5	9493852	31826	2
03_31	135	Picture	loadClose	9494019	0	1	51155	2	0	next	other	0
03_31	135	Response	9	9545001	50982	2
03_31	136	Picture	view	9545174	0	1	4144	191	0	next	other	0
03_31	136	Response	7	9549251	4077	2
03_31	137	Picture	move	9549318	0	190	32848	191	0	next	other	0
03_31	137	Response	2	9568203	18885	1
03_31	137	Response	5	9581970	32652	2
03_31	138	Picture	loadClose	9582166	0	1	62819	2	0	next	other	0
03_31	138	Response	9	9644899	62733	2
03_31	139	Picture	view	9644985	0	1	3999	2	0	next	other	0
03_31	139	Response	7	9648839	3854	2
03_31	140	Picture	move	9648984	0	1	34659	2	0	next	other	0
03_31	140	Response	2	9677480	28496	1
03_31	140	Response	5	9683458	34474	2
03_31	141	Picture	loadClose	9683643	0	1	61319	2	0	next	other	0
03_31	141	Response	9	9744897	61254	2
03_31	142	Picture	view	9744962	0	1	4166	2	0	next	other	0
03_31	142	Response	7	9748887	3925	2
03_31	143	Picture	move	9749128	0	1	32826	2	0	next	other	0
03_31	143	Response	2	9774758	25630	1
03_31	143	Response	5	9781796	32668	2
03_31	144	Picture	loadClose	9781954	0	1	69317	3	0	next	other	0
03_31	144	Response	9	9851235	69281	2
03_31	145	Picture	view	9851271	0	2	4666	3	0	next	other	0
03_31	145	Response	7	9855795	4524	1
03_31	146	Picture	move	9855937	0	1	32826	2	0	next	other	0
03_31	146	Response	2	9874596	18659	1
03_31	146	Response	5	9888584	32647	2
03_31	147	Picture	loadClose	9888763	0	1	56820	3	0	next	other	0
03_31	147	Response	9	9945503	56740	2
03_31	148	Picture	view	9945583	0	2	4499	4	0	next	other	0
03_31	148	Response	7	9949863	4280	1
03_31	149	Picture	move	9950082	0	2	31133	197	0	next	other	0
03_31	149	Response	2	9975074	24992	1
03_31	149	Response	5	9981172	31090	2
03_31	150	Picture	loadClose	9981215	0	195	60513	196	0	next	other	0
03_31	150	Response	9	10041581	60366	1
03_31	151	Picture	view	10041728	0	1	4499	3	0	next	other	0
03_31	151	Response	7	10046111	4383	2
03_31	152	Picture	move	10046227	0	2	31327	3	0	next	other	0
03_31	152	Response	2	10068832	22605	1
03_31	152	Response	5	10077360	31133	2
03_31	153	Picture	loadClose	10077554	0	1	73483	2	0	next	other	0
03_31	153	Response	9	10150928	73374	2
03_31	154	Picture	view	10151037	0	1	4321	180	0	next	other	0
03_31	154	Response	7	10155278	4241	2
03_31	155	Picture	move	10155358	0	179	32322	362	0	next	other	0
03_31	155	Response	2	10175710	20352	1
03_31	155	Response	5	10187638	32280	1
03_31	156	Picture	loadClose	10187680	0	183	65167	184	0	next	other	0
03_31	156	Response	9	10252666	64986	2
03_31	157	Picture	view	10252847	0	1	4333	2	0	next	other	0
03_31	157	Response	7	10256966	4119	2
03_31	158	Picture	move	10257180	0	1	31825	3	0	next	other	0
03_31	158	Response	2	10284027	26847	1
03_31	158	Response	5	10288865	31685	2
03_31	159	Picture	loadClose	10289005	0	2	75984	3	0	next	other	0
03_31	159	Response	9	10364904	75899	2
03_31	159	Response	9	10364924	75919	2
03_31	160	Picture	view	10364989	0	1	4665	3	0	next	other	0
03_31	160	Response	7	10369404	4415	2
03_31	161	Picture	move	10369654	0	2	31659	4	0	next	other	0
03_31	161	Response	2	10393145	23491	1
03_31	161	Response	5	10401173	31519	2
03_31	162	Picture	loadClose	10401313	0	2	72484	3	0	next	other	0
03_31	162	Response	9	10473622	72309	2
03_31	163	Picture	view	10473797	0	1	4333	2	0	next	other	0
03_31	163	Response	7	10477951	4154	2
03_31	164	Picture	move	10478130	0	1	30437	225	0	next	other	0
03_31	164	Response	2	10503063	24933	1
03_31	164	Response	5	10508501	30371	2
03_31	165	Picture	loadClose	10508567	0	224	60209	225	0	next	other	0
03_31	165	Response	9	10568710	60143	1
03_31	166	Picture	view	10568776	0	1	3832	3	0	next	other	0
03_31	166	Response	7	10572469	3693	2
03_31	167	Picture	move	10572608	0	2	31326	4	0	next	other	0
03_31	167	Response	2	10597619	25011	3
03_31	167	Response	5	10603859	31251	2
03_31	168	Picture	endBlock	10603934	0	2	30160	3	0	next	other	0
03_31	168	Response	7	10633518	29584	2
03_31	169	Picture	begin	10634094	0	1	4058582	3	0	next	other	0
03_31	169	Response	8	10634108	14	2
03_31	169	Response	6	13108926	2474832	2
03_31	169	Response	8	13110366	2476272	2
03_31	169	Response	5	13154965	2520871	2
03_31	169	Response	6	13190854	2556760	2
03_31	169	Response	8	13195624	2561530	2
03_31	169	Response	6	13223863	2589769	2
03_31	169	Response	8	13244513	2610419	2
03_31	169	Response	6	13247513	2613419	2
03_31	169	Response	8	13290262	2656168	2
03_31	169	Response	7	13343341	2709247	2
03_31	169	Response	6	13562046	2927952	2
03_31	169	Response	8	13756982	3122888	2
03_31	169	Response	6	13952508	3318414	2
03_31	169	Response	5	13952588	3318494	2
03_31	169	Response	8	13958448	3324354	2
03_31	169	Response	7	13958578	3324484	2
03_31	169	Response	5	14041876	3407782	2
03_31	169	Response	6	14043076	3408982	2
03_31	169	Response	7	14048426	3414332	2
03_31	169	Response	8	14049846	3415752	2
03_31	169	Response	6	14055806	3421712	1
03_31	169	Response	5	14056406	3422312	1
03_31	169	Response	7	14069745	3435651	2
03_31	169	Response	8	14072835	3438741	2
03_31	169	Response	6	14079495	3445401	2
03_31	169	Response	8	14089945	3455851	2
03_31	169	Response	6	14199423	3565329	2
03_31	169	Response	5	14210822	3576728	2
03_31	169	Response	9	14692522	4058428	2
03_31	170	Picture	loadClose	14692676	0	2	87481	3	0	next	other	0
03_31	170	Response	9	14780130	87454	2
03_31	171	Picture	view	14780157	0	1	7998	2	0	next	other	0
03_31	171	Response	8	14787930	7773	2
03_31	172	Picture	move	14788155	0	1	34942	219	0	next	other	0
03_31	172	Response	6	14823069	34914	2
03_31	173	Picture	check	14823097	0	218	20712	219	0	next	other	0
03_31	173	Response	2	14843609	20512	3
03_31	174	Picture	loadClose	14843809	0	1	129304	2	0	next	other	0
03_31	174	Response	9	14972936	129127	2
03_31	175	Picture	view	14973113	0	1	4999	2	0	next	other	0
03_31	175	Response	8	14977916	4803	2
03_31	176	Picture	move	14978112	0	1	34325	3	0	next	other	0
03_31	176	Response	2	15009847	31735	1
03_31	176	Response	6	15012245	34133	2
03_31	177	Picture	loadClose	15012437	0	2	51156	3	0	next	other	0
03_31	177	Response	9	15063454	51017	2
03_31	178	Picture	view	15063593	0	1	5331	3	0	next	other	0
03_31	178	Response	8	15068824	5231	2
03_31	179	Picture	move	15068924	0	2	33979	184	0	next	other	0
03_31	179	Response	2	15100725	31801	1
03_31	179	Response	6	15102854	33930	1
03_31	180	Picture	loadClose	15102903	0	182	43837	184	0	next	other	0
03_31	180	Response	9	15146563	43660	1
03_31	181	Picture	view	15146740	0	2	4333	4	0	next	other	0
03_31	181	Response	8	15150843	4103	1
03_31	182	Picture	move	15151073	0	2	33159	3	0	next	other	0
03_31	182	Response	2	15174964	23891	1
03_31	182	Response	6	15184042	32969	2
03_31	183	Picture	loadClose	15184232	0	1	39824	2	0	next	other	0
03_31	183	Response	9	15223891	39659	2
03_31	184	Picture	view	15224056	0	1	4333	2	0	next	other	0
03_31	184	Response	8	15228221	4165	2
03_31	185	Picture	move	15228389	0	1	32491	3	0	next	other	0
03_31	185	Response	2	15246802	18413	1
03_31	185	Response	6	15260780	32391	2
03_31	186	Picture	loadClose	15260880	0	2	61487	3	0	next	other	0
03_31	186	Response	9	15322199	61319	2
03_31	187	Picture	view	15322367	0	1	5166	2	0	next	other	0
03_31	187	Response	8	15327319	4952	2
03_31	188	Picture	move	15327533	0	1	25994	2	0	next	other	0
03_31	188	Response	6	15353428	25895	2
03_31	189	Picture	check	15353527	0	1	4832	2	0	next	other	0
03_31	189	Response	2	15358320	4793	1
03_31	190	Picture	loadClose	15358359	0	1	38492	2	0	next	other	0
03_31	190	Response	9	15396697	38338	2
03_31	191	Picture	view	15396851	0	1	4154	180	0	next	other	0
03_31	191	Response	8	15400927	4076	2
03_31	192	Picture	move	15401005	0	179	29671	180	0	next	other	0
03_31	192	Response	2	15429839	28834	1
03_31	192	Response	6	15430577	29572	1
03_31	193	Picture	loadClose	15430676	0	1	31993	2	0	next	other	0
03_31	193	Response	9	15462566	31890	2
03_31	194	Picture	view	15462669	0	1	4832	3	0	next	other	0
03_31	194	Response	8	15467296	4627	2
03_31	195	Picture	move	15467501	0	2	30827	3	0	next	other	0
03_31	195	Response	6	15498135	30634	2
03_31	196	Picture	check	15498328	0	1	1499	2	0	next	other	0
03_31	196	Response	2	15499757	1429	1
03_31	197	Picture	loadClose	15499827	0	1	41657	3	0	next	other	0
03_31	197	Response	9	15541354	41527	2
03_31	198	Picture	view	15541484	0	2	4000	3	0	next	other	0
03_31	198	Response	8	15545354	3870	2
03_31	199	Picture	move	15545484	0	1	29993	2	0	next	other	0
03_31	199	Response	2	15565994	20510	3
03_31	199	Response	6	15575334	29850	1
03_31	200	Picture	loadClose	15575477	0	1	35492	2	0	next	other	0
03_31	200	Response	9	15610873	35396	2
03_31	200	Response	9	15610887	35410	29
03_31	201	Picture	view	15610969	0	1	5165	3	0	next	other	0
03_31	201	Response	8	15615983	5014	1
03_31	202	Picture	move	15616134	0	2	28660	4	0	next	other	0
03_31	202	Response	6	15644592	28458	2
03_31	203	Picture	check	15644794	0	2	100	237	0	next	other	0
03_31	203	Response	2	15644874	80	1
03_31	204	Picture	loadClose	15644894	0	235	40058	236	0	next	other	0
03_31	204	Response	9	15684851	39957	2
03_31	205	Picture	view	15684952	0	1	3999	3	0	next	other	0
03_31	205	Response	8	15688741	3789	2
03_31	206	Picture	move	15688951	0	2	30993	3	0	next	other	0
03_31	206	Response	2	15714312	25361	1
03_31	206	Response	6	15719761	30810	1
03_31	207	Picture	loadClose	15719944	0	1	42625	201	0	next	other	0
03_31	207	Response	9	15762560	42616	1
03_31	208	Picture	view	15762569	0	200	4364	202	0	next	other	0
03_31	208	Response	8	15766740	4171	1
03_31	209	Picture	move	15766933	0	2	31493	3	0	next	other	0
03_31	209	Response	2	15792231	25298	1
03_31	209	Response	6	15798229	31296	2
03_31	210	Picture	loadClose	15798426	0	1	42461	198	0	next	other	0
03_31	210	Response	9	15840878	42452	2
03_31	211	Picture	view	15840887	0	197	4362	198	0	next	other	0
03_31	211	Response	8	15845108	4221	2
03_31	212	Picture	move	15845249	0	1	28827	2	0	next	other	0
03_31	212	Response	6	15873947	28698	2
03_31	213	Picture	check	15874076	0	1	833	2	0	next	other	0
03_31	213	Response	2	15874789	713	1
03_31	214	Picture	loadClose	15874909	0	1	42324	2	0	next	other	0
03_31	214	Response	9	15917096	42187	2
03_31	215	Picture	view	15917233	0	1	4166	2	0	next	other	0
03_31	215	Response	8	15921226	3993	2
03_31	216	Picture	move	15921399	0	1	28160	2	0	next	other	0
03_31	216	Response	2	15948868	27469	1
03_31	216	Response	6	15949366	27967	1
03_31	217	Picture	loadClose	15949559	0	1	53988	2	0	next	other	0
03_31	217	Response	9	16003494	53935	2
03_31	218	Picture	view	16003547	0	1	4985	183	0	next	other	0
03_31	218	Response	8	16008454	4907	2
03_31	219	Picture	move	16008532	0	182	28174	183	0	next	other	0
03_31	219	Response	6	16036514	27982	2
03_31	220	Picture	check	16036706	0	1	5332	2	0	next	other	0
03_31	220	Response	2	16041986	5280	1
03_31	221	Picture	loadClose	16042038	0	1	54821	2	0	next	other	0
03_31	221	Response	9	16096753	54715	1
03_31	222	Picture	view	16096859	0	1	4999	2	0	next	other	0
03_31	222	Response	8	16101752	4893	2
03_31	223	Picture	move	16101858	0	1	27494	2	0	next	other	0
03_31	223	Response	2	16128224	26366	1
03_31	223	Response	6	16129282	27424	2
03_31	224	Picture	loadClose	16129352	0	1	44156	2	0	next	other	0
03_31	224	Response	9	16173421	44069	2
03_31	225	Picture	view	16173508	0	1	4999	2	0	next	other	0
03_31	225	Response	8	16178321	4813	2
03_31	226	Picture	move	16178507	0	1	29993	3	0	next	other	0
03_31	226	Response	2	16201342	22835	1
03_31	226	Response	6	16208420	29913	2
03_31	227	Picture	loadClose	16208500	0	2	41491	3	0	next	other	0
03_31	227	Response	9	16249869	41369	2
03_31	228	Picture	view	16249991	0	1	4998	3	0	next	other	0
03_31	228	Response	8	16254799	4808	2
03_31	229	Picture	move	16254989	0	2	28994	3	0	next	other	0
03_31	229	Response	2	16279581	24592	1
03_31	229	Response	6	16283809	28820	1
03_31	230	Picture	loadClose	16283983	0	1	45794	198	0	next	other	0
03_31	230	Response	9	16329768	45785	1
03_31	231	Picture	view	16329777	0	197	5195	198	0	next	other	0
03_31	231	Response	8	16334757	4980	2
03_31	232	Picture	move	16334972	0	1	27660	2	0	next	other	0
03_31	232	Response	2	16359899	24927	1
03_31	232	Response	6	16362537	27565	2
03_31	233	Picture	loadClose	16362632	0	1	43324	2	0	next	other	0
03_31	233	Response	9	16405816	43184	2
03_31	234	Picture	view	16405956	0	1	4332	2	0	next	other	0
03_31	234	Response	8	16410146	4190	2
03_31	235	Picture	move	16410288	0	1	29327	2	0	next	other	0
03_31	235	Response	2	16437977	27689	1
03_31	235	Response	6	16439525	29237	2
03_31	236	Picture	loadClose	16439615	0	1	40491	2	0	next	other	0
03_31	236	Response	9	16480054	40439	2
03_31	237	Picture	view	16480106	0	1	4498	3	0	next	other	0
03_31	237	Response	8	16484454	4348	2
03_31	238	Picture	move	16484604	0	2	28494	3	0	next	other	0
03_31	238	Response	2	16509976	25372	1
03_31	238	Response	6	16513014	28410	2
03_31	239	Picture	loadClose	16513098	0	1	81482	2	0	next	other	0
03_31	239	Response	9	16594482	81384	2
03_31	240	Picture	view	16594580	0	1	4999	2	0	next	other	0
03_31	240	Response	8	16599342	4762	2
03_31	241	Picture	move	16599579	0	1	31992	3	0	next	other	0
03_31	241	Response	2	16625013	25434	1
03_31	241	Response	6	16631411	31832	2
03_31	242	Picture	loadClose	16631571	0	2	40978	183	0	next	other	0
03_31	242	Response	9	16672540	40969	2
03_31	243	Picture	view	16672549	0	181	4679	182	0	next	other	0
03_31	243	Response	8	16677020	4471	2
03_31	244	Picture	move	16677228	0	1	29826	2	0	next	other	0
03_31	244	Response	2	16701332	24104	1
03_31	244	Response	6	16706880	29652	1
03_31	245	Picture	loadClose	16707054	0	1	35159	2	0	next	other	0
03_31	245	Response	9	16742069	35015	2
03_31	245	Response	9	16742078	35024	33
03_31	246	Picture	view	16742213	0	1	4666	3	0	next	other	0
03_31	246	Response	8	16746699	4486	2
03_31	247	Picture	move	16746879	0	2	30493	3	0	next	other	0
03_31	247	Response	6	16777258	30379	2
03_31	248	Picture	endBlock	16777372	0	1	30159	3	0	next	other	0
03_31	248	Response	2	16777810	438	1
03_31	249	Picture	begin	16807531	0	2	311097	3	0	next	other	0
03_31	249	Response	7	16810057	2526	2
03_31	249	Response	5	16881246	73715	2
03_31	249	Response	8	16884826	77295	2
03_31	249	Response	6	16898896	91365	1
03_31	249	Response	9	17118471	310940	2
03_31	250	Picture	loadClose	17118628	0	1	62986	2	0	next	other	0
03_31	250	Response	2	17150120	31492	3
03_31	250	Response	9	17181580	62952	1
03_31	251	Picture	view	17181614	0	1	4998	3	0	next	other	0
03_31	251	Response	8	17186479	4865	2
03_31	252	Picture	move	17186612	0	2	36492	3	0	next	other	0
03_31	252	Response	2	17201801	15189	1
03_31	252	Response	6	17222889	36277	1
03_31	253	Picture	loadClose	17223104	0	1	65485	2	0	next	other	0
03_31	253	Response	9	17288547	65443	2
03_31	253	Response	9	17288556	65452	20
03_31	254	Picture	view	17288589	0	1	5332	3	0	next	other	0
03_31	254	Response	8	17293777	5188	2
03_31	255	Picture	move	17293921	0	2	33160	3	0	next	other	0
03_31	255	Response	2	17310919	16998	1
03_31	255	Response	6	17326946	33025	2
03_31	256	Picture	loadClose	17327081	0	1	71483	3	0	next	other	0
03_31	256	Response	9	17398515	71434	2
03_31	257	Picture	view	17398564	0	2	4166	4	0	next	other	0
03_31	257	Response	8	17402515	3951	2
03_31	258	Picture	move	17402730	0	2	33326	3	0	next	other	0
03_31	258	Response	2	17428676	25946	1
03_31	258	Response	6	17435874	33144	2
03_31	259	Picture	loadClose	17436056	0	1	67485	2	0	next	other	0
03_31	259	Response	9	17503463	67407	2
03_31	260	Picture	view	17503541	0	1	5832	3	0	next	other	0
03_31	260	Response	8	17509243	5702	1
03_31	261	Picture	move	17509373	0	2	40324	3	0	next	other	0
03_31	261	Response	2	17544194	34821	1
03_31	261	Response	6	17549482	40109	2
03_31	262	Picture	loadClose	17549697	0	1	87647	2	0	next	other	0
03_31	262	Response	9	17637210	87513	2
03_31	263	Picture	view	17637344	0	1	5644	190	0	next	other	0
03_31	263	Response	8	17642910	5566	2
03_31	264	Picture	move	17642988	0	189	37513	190	0	next	other	0
03_31	264	Response	2	17662911	19923	1
03_31	264	Response	6	17680409	37421	2
03_31	265	Picture	loadClose	17680501	0	1	70484	2	0	next	other	0
03_31	265	Response	9	17750878	70377	2
03_31	266	Picture	view	17750985	0	1	4999	2	0	next	other	0
03_31	266	Response	8	17755777	4792	2
03_31	267	Picture	move	17755984	0	1	36158	2	0	next	other	0
03_31	267	Response	2	17787389	31405	1
03_31	267	Response	6	17792047	36063	1
03_31	268	Picture	loadClose	17792142	0	1	61653	2	0	next	other	0
03_31	268	Response	9	17853635	61493	2
03_31	269	Picture	view	17853795	0	1	4332	3	0	next	other	0
03_31	269	Response	8	17857965	4170	2
03_31	270	Picture	move	17858127	0	2	33993	3	0	next	other	0
03_31	270	Response	6	17892025	33898	2
03_31	271	Picture	check	17892120	0	1	2332	3	0	next	other	0
03_31	271	Response	2	17894266	2146	1
03_31	272	Picture	loadClose	17894452	0	2	65985	4	0	next	other	0
03_31	272	Response	9	17960283	65831	2
03_31	273	Picture	view	17960437	0	2	4833	3	0	next	other	0
03_31	273	Response	8	17965163	4726	2
03_31	274	Picture	move	17965270	0	1	37491	2	0	next	other	0
03_31	274	Response	2	17993784	28514	1
03_31	274	Response	6	18002592	37322	2
03_31	275	Picture	loadClose	18002761	0	1	322761	2	0	next	other	0
03_31	275	Response	9	18325455	322694	2
03_31	276	Picture	view	18325522	0	1	4642	192	0	next	other	0
03_31	276	Response	8	18330095	4573	2
03_31	277	Picture	move	18330164	0	191	36848	192	0	next	other	0
03_31	277	Response	2	18355535	25371	3
03_31	277	Response	6	18366794	36630	2
03_31	278	Picture	loadClose	18367012	0	1	70318	2	0	next	other	0
03_31	278	Response	9	18437153	70141	2
03_31	279	Picture	view	18437330	0	1	7165	2	0	next	other	0
03_31	279	Response	8	18444283	6953	2
03_31	280	Picture	move	18444495	0	1	44145	180	0	next	other	0
03_31	280	Response	2	18477614	33119	1
03_31	280	Response	6	18488592	44097	2
03_31	281	Picture	loadClose	18488640	0	179	60831	180	0	next	other	0
03_31	281	Response	9	18549311	60671	1
03_31	282	Picture	view	18549471	0	1	5165	3	0	next	other	0
03_31	282	Response	8	18554490	5019	2
03_31	283	Picture	move	18554636	0	2	35992	3	0	next	other	0
03_31	283	Response	2	18579532	24896	1
03_31	283	Response	6	18590460	35824	1
03_31	284	Picture	loadClose	18590628	0	1	64819	2	0	next	other	0
03_31	284	Response	9	18655288	64660	2
03_31	285	Picture	view	18655447	0	1	4332	3	0	next	other	0
03_31	285	Response	8	18659578	4131	2
03_31	286	Picture	move	18659779	0	2	33159	4	0	next	other	0
03_31	286	Response	2	18686570	26791	1
03_31	286	Response	6	18692738	32959	1
03_31	287	Picture	loadClose	18692938	0	2	70484	4	0	next	other	0
03_31	287	Response	9	18763366	70428	2
03_31	288	Picture	view	18763422	0	2	4166	4	0	next	other	0
03_31	288	Response	8	18767486	4064	2
03_31	289	Picture	move	18767588	0	2	32326	3	0	next	other	0
03_31	289	Response	2	18790407	22819	1
03_31	289	Response	6	18799745	32157	2
03_31	290	Picture	loadClose	18799914	0	1	70151	2	0	next	other	0
03_31	290	Response	9	18870014	70100	2
03_31	291	Picture	view	18870065	0	1	4166	2	0	next	other	0
03_31	291	Response	8	18874084	4019	2
03_31	292	Picture	move	18874231	0	1	34492	3	0	next	other	0
03_31	292	Response	2	18900805	26574	1
03_31	292	Response	6	18908563	34332	2
03_31	293	Picture	loadClose	18908723	0	2	833	3	0	next	other	0
03_31	293	Response	8	18909543	820	2
03_31	294	Picture	wrongHand	18909556	0	1	1833	2	0	next	false_alarm	711
03_31	294	Response	6	18911203	1647	2
03_31	295	Picture	loadClose	18911389	0	1	71317	2	0	next	other	0
03_31	295	Response	9	18982571	71182	2
03_31	296	Picture	view	18982706	0	1	6499	2	0	next	other	0
03_31	296	Response	8	18989051	6345	2
03_31	297	Picture	move	18989205	0	1	31826	2	0	next	other	0
03_31	297	Response	2	19014723	25518	1
03_31	297	Response	6	19020911	31706	2
03_31	298	Picture	loadClose	19021031	0	1	74150	2	0	next	other	0
03_31	298	Response	9	19095069	74038	2
03_31	299	Picture	view	19095181	0	1	6832	2	0	next	other	0
03_31	299	Response	8	19101869	6688	2
03_31	300	Picture	move	19102013	0	1	37324	3	0	next	other	0
03_31	300	Response	2	19136000	33987	1
03_31	300	Response	6	19139118	37105	2
03_31	301	Picture	loadClose	19139337	0	2	78149	4	0	next	other	0
03_31	301	Response	9	19217416	78079	2
03_31	302	Picture	view	19217486	0	2	6499	3	0	next	other	0
03_31	302	Response	8	19223856	6370	2
03_31	303	Picture	move	19223985	0	1	35492	2	0	next	other	0
03_31	303	Response	2	19251198	27213	1
03_31	303	Response	6	19259326	35341	1
03_31	304	Picture	loadClose	19259477	0	1	75296	189	0	next	other	0
03_31	304	Response	9	19334764	75287	2
03_31	305	Picture	view	19334773	0	188	4686	189	0	next	other	0
03_31	305	Response	8	19339294	4521	2
03_31	306	Picture	move	19339459	0	1	33659	2	0	next	other	0
03_31	306	Response	2	19369595	30136	1
03_31	306	Response	6	19373023	33564	2
03_31	307	Picture	loadClose	19373118	0	1	79802	182	0	next	other	0
03_31	307	Response	9	19452911	79793	2
03_31	308	Picture	view	19452920	0	181	4679	182	0	next	other	0
03_31	308	Response	8	19457461	4541	2
03_31	309	Picture	move	19457599	0	1	35325	2	0	next	other	0
03_31	309	Response	2	19487191	29592	3
03_31	309	Response	6	19492751	35152	2
03_31	310	Picture	loadClose	19492924	0	1	77649	2	0	next	other	0
03_31	310	Response	9	19570439	77515	2
03_31	311	Picture	view	19570573	0	1	4999	2	0	next	other	0
03_31	311	Response	8	19575399	4826	2
03_31	312	Picture	move	19575572	0	1	34159	2	0	next	other	0
03_31	312	Response	2	19605110	29538	1
03_31	312	Response	6	19609588	34016	2
03_31	313	Picture	loadClose	19609731	0	1	78315	3	0	next	other	0
03_31	313	Response	9	19687936	78205	2
03_31	314	Picture	view	19688046	0	2	5310	193	0	next	other	0
03_31	314	Response	8	19693276	5230	2
03_31	315	Picture	move	19693356	0	191	35515	192	0	next	other	0
03_31	315	Response	2	19725588	32232	1
03_31	315	Response	6	19728786	35430	2
03_31	316	Picture	loadClose	19728871	0	1	74150	2	0	next	other	0
03_31	316	Response	9	19802844	73973	2
03_31	317	Picture	view	19803021	0	1	5165	3	0	next	other	0
03_31	317	Response	8	19807984	4963	2
03_31	318	Picture	move	19808186	0	2	32993	3	0	next	other	0
03_31	318	Response	2	19839985	31799	1
03_31	318	Response	6	19841063	32877	2
03_31	319	Picture	loadClose	19841179	0	1	73132	187	0	next	other	0
03_31	319	Response	9	19914302	73123	1
03_31	320	Picture	view	19914311	0	186	5183	188	0	next	other	0
03_31	320	Response	8	19919342	5031	2
03_31	321	Picture	move	19919494	0	2	38658	3	0	next	other	0
03_31	321	Response	2	19950383	30889	1
03_31	321	Response	6	19957971	38477	2
03_31	322	Picture	loadClose	19958152	0	1	57987	2	0	next	other	0
03_31	322	Response	9	20016010	57858	1
03_31	323	Picture	view	20016139	0	1	6999	2	0	next	other	0
03_31	323	Response	8	20022979	6840	2
03_31	324	Picture	move	20023138	0	1	34325	2	0	next	other	0
03_31	324	Response	6	20057379	34241	1
03_31	325	Picture	endSession	20057463	0	1	36117	2	0	next	other	0
03_31	325	Response	7	20077898	20435	2
03_31	325	Response	8	20079018	21555	2


Event Type	Code	Type	Response	RT	RT Uncertainty	Time	Uncertainty	Duration	Uncertainty	ReqTime	ReqDur

Picture	begin	other				176	324	1353018	325	0	next
Picture	loadClose	other				1353194	1	204953	2	0	next
Picture	view	other				1558147	1	18329	3	0	next
Picture	move	other				1576476	2	1167	3	0	next
Picture	check	other				1577643	1	65152	2	0	next
Picture	loadClose	other				1642795	1	938954	2	0	next
Picture	view	other				2581749	1	6499	2	0	next
Picture	move	other				2588248	1	47125	200	0	next
Picture	check	other				2635373	199	3530	200	0	next
Picture	loadClose	other				2638903	1	355753	2	0	next
Picture	view	other				2994656	1	11664	3	0	next
Picture	move	other				3006320	2	41447	213	0	next
Picture	check	other				3047767	211	27537	212	0	next
Picture	loadClose	other				3075304	1	98145	2	0	next
Picture	view	other				3173449	1	8331	2	0	next
Picture	move	other				3181780	1	47656	2	0	next
Picture	loadClose	other				3229436	1	170295	2	0	next
Picture	view	other				3399731	1	6332	2	0	next
Picture	move	other				3406063	1	42777	215	0	next
Picture	check	other				3448840	214	23208	215	0	next
Picture	loadClose	other				3472048	1	401242	3	0	next
Picture	view	other				3873290	2	6999	3	0	next
Picture	move	other				3880289	1	48322	2	0	next
Picture	loadClose	other				3928611	1	132804	2	0	next
Picture	view	other				4061415	1	5665	2	0	next
Picture	move	other				4067080	1	44656	3	0	next
Picture	loadClose	other				4111736	2	106476	4	0	next
Picture	view	other				4218212	2	6999	3	0	next
Picture	move	other				4225211	1	46989	2	0	next
Picture	loadClose	other				4272200	1	112975	2	0	next
Picture	view	other				4385175	1	5815	186	0	next
Picture	move	other				4390990	185	42174	186	0	next
Picture	loadClose	other				4433164	1	118806	2	0	next
Picture	view	other				4551970	1	7332	2	0	next
Picture	move	other				4559302	1	38824	3	0	next
Picture	check	other				4598126	2	2833	3	0	next
Picture	loadClose	other				4600959	1	122472	3	0	next
Picture	view	other				4723431	2	7332	4	0	next
Picture	move	other				4730763	2	43990	3	0	next
Picture	check	other				4774753	1	6665	2	0	next
Picture	loadClose	other				4781418	1	100144	2	0	next
Picture	view	other				4881562	1	6499	2	0	next
Picture	move	other				4888061	1	43990	2	0	next
Picture	loadClose	other				4932051	1	109808	3	0	next
Picture	view	other				5041859	2	6486	183	0	next
Picture	move	other				5048345	181	39504	182	0	next
Picture	loadClose	other				5087849	1	122639	2	0	next
Picture	view	other				5210488	1	28144	185	0	next
Picture	move	other				5238632	184	36675	185	0	next
Picture	check	other				5275307	1	243719	61	0	next
Picture	loadClose	other				5519026	60	119698	62	0	next
Picture	view	other				5638724	2	5999	3	0	next
Picture	move	other				5644723	1	36992	2	0	next
Picture	check	other				5681715	1	1467	201	0	next
Picture	loadClose	other				5683182	200	131003	201	0	next
Picture	view	other				5814185	1	7331	3	0	next
Picture	move	other				5821516	2	40491	3	0	next
Picture	loadClose	other				5862007	1	125805	2	0	next
Picture	view	other				5987812	1	6332	2	0	next
Picture	move	other				5994144	1	40608	218	0	next
Picture	loadClose	other				6034752	217	134019	218	0	next
Picture	view	other				6168771	1	5999	2	0	next
Picture	move	other				6174770	1	44936	222	0	next
Picture	loadClose	other				6219706	221	140855	222	0	next
Picture	view	other				6360561	1	6832	2	0	next
Picture	move	other				6367393	1	38325	2	0	next
Picture	loadClose	other				6405718	1	126137	3	0	next
Picture	view	other				6531855	2	6666	3	0	next
Picture	move	other				6538521	1	40823	3	0	next
Picture	loadClose	other				6579344	2	6000	3	0	next
Picture	wrongHand	false_alarm	5	980	3	6585344	1	1166	2	0	next
Picture	loadClose	other				6586510	1	120473	2	0	next
Picture	view	other				6706983	1	17829	2	0	next
Picture	move	other				6724812	1	37941	220	0	next
Picture	loadClose	other				6762753	219	111858	221	0	next
Picture	view	other				6874611	2	7166	3	0	next
Picture	move	other				6881777	1	39324	2	0	next
Picture	loadClose	other				6921101	1	118307	2	0	next
Picture	view	other				7039408	1	5819	182	0	next
Picture	move	other				7045227	181	39647	372	0	next
Picture	loadClose	other				7084874	191	123329	192	0	next
Picture	view	other				7208203	1	5665	2	0	next
Picture	move	other				7213868	1	45941	217	0	next
Picture	loadClose	other				7259809	216	105525	217	0	next
Picture	view	other				7365334	1	5665	3	0	next
Picture	move	other				7370999	2	38287	208	0	next
Picture	loadClose	other				7409286	206	113179	207	0	next
Picture	view	other				7522465	1	4666	2	0	next
Picture	move	other				7527131	1	42823	2	0	next
Picture	check	other				7569954	1	23162	2	0	next
Picture	loadClose	other				7593116	1	132470	2	0	next
Picture	view	other				7725586	1	7831	2	0	next
Picture	move	other				7733417	1	39658	2	0	next
Picture	endBlock	other				7773075	1	30160	2	0	next
Picture	begin	other				7803235	1	292434	2	0	next
Picture	loadClose	other				8095669	1	97977	3	0	next
Picture	view	other				8193646	2	4811	192	0	next
Picture	move	other				8198457	190	34514	191	0	next
Picture	loadClose	other				8232971	1	77482	2	0	next
Picture	view	other				8310453	1	6332	3	0	next
Picture	move	other				8316785	2	33326	3	0	next
Picture	loadClose	other				8350111	1	67651	3	0	next
Picture	view	other				8417762	2	6166	3	0	next
Picture	move	other				8423928	1	33325	3	0	next
Picture	loadClose	other				8457253	2	67818	4	0	next
Picture	view	other				8525071	2	4166	3	0	next
Picture	move	other				8529237	1	34659	2	0	next
Picture	loadClose	other				8563896	1	61986	2	0	next
Picture	view	other				8625882	1	5166	2	0	next
Picture	move	other				8631048	1	32992	3	0	next
Picture	loadClose	other				8664040	2	69151	3	0	next
Picture	view	other				8733191	1	3999	2	0	next
Picture	move	other				8737190	1	32814	181	0	next
Picture	loadClose	other				8770004	180	83993	181	0	next
Picture	view	other				8853997	1	4332	3	0	next
Picture	move	other				8858329	2	32435	228	0	next
Picture	loadClose	other				8890764	226	68543	227	0	next
Picture	view	other				8959307	1	4499	2	0	next
Picture	move	other				8963806	1	30493	2	0	next
Picture	loadClose	other				8994299	1	61319	2	0	next
Picture	view	other				9055618	1	4166	2	0	next
Picture	move	other				9059784	1	34992	2	0	next
Picture	loadClose	other				9094776	1	65985	2	0	next
Picture	view	other				9160761	1	4998	3	0	next
Picture	move	other				9165759	2	34141	189	0	next
Picture	loadClose	other				9199900	187	54340	188	0	next
Picture	view	other				9254240	1	4999	2	0	next
Picture	move	other				9259239	1	31463	198	0	next
Picture	loadClose	other				9290702	197	65681	199	0	next
Picture	view	other				9356383	2	4832	4	0	next
Picture	move	other				9361215	2	31160	3	0	next
Picture	loadClose	other				9392375	1	65152	2	0	next
Picture	view	other				9457527	1	4499	2	0	next
Picture	move	other				9462026	1	31993	2	0	next
Picture	loadClose	other				9494019	1	51155	2	0	next
Picture	view	other				9545174	1	4144	191	0	next
Picture	move	other				9549318	190	32848	191	0	next
Picture	loadClose	other				9582166	1	62819	2	0	next
Picture	view	other				9644985	1	3999	2	0	next
Picture	move	other				9648984	1	34659	2	0	next
Picture	loadClose	other				9683643	1	61319	2	0	next
Picture	view	other				9744962	1	4166	2	0	next
Picture	move	other				9749128	1	32826	2	0	next
Picture	loadClose	other				9781954	1	69317	3	0	next
Picture	view	other				9851271	2	4666	3	0	next
Picture	move	other				9855937	1	32826	2	0	next
Picture	loadClose	other				9888763	1	56820	3	0	next
Picture	view	other				9945583	2	4499	4	0	next
Picture	move	other				9950082	2	31133	197	0	next
Picture	loadClose	other				9981215	195	60513	196	0	next
Picture	view	other				10041728	1	4499	3	0	next
Picture	move	other				10046227	2	31327	3	0	next
Picture	loadClose	other				10077554	1	73483	2	0	next
Picture	view	other				10151037	1	4321	180	0	next
Picture	move	other				10155358	179	32322	362	0	next
Picture	loadClose	other				10187680	183	65167	184	0	next
Picture	view	other				10252847	1	4333	2	0	next
Picture	move	other				10257180	1	31825	3	0	next
Picture	loadClose	other				10289005	2	75984	3	0	next
Picture	view	other				10364989	1	4665	3	0	next
Picture	move	other				10369654	2	31659	4	0	next
Picture	loadClose	other				10401313	2	72484	3	0	next
Picture	view	other				10473797	1	4333	2	0	next
Picture	move	other				10478130	1	30437	225	0	next
Picture	loadClose	other				10508567	224	60209	225	0	next
Picture	view	other				10568776	1	3832	3	0	next
Picture	move	other				10572608	2	31326	4	0	next
Picture	endBlock	other				10603934	2	30160	3	0	next
Picture	begin	other				10634094	1	4058582	3	0	next
Picture	loadClose	other				14692676	2	87481	3	0	next
Picture	view	other				14780157	1	7998	2	0	next
Picture	move	other				14788155	1	34942	219	0	next
Picture	check	other				14823097	218	20712	219	0	next
Picture	loadClose	other				14843809	1	129304	2	0	next
Picture	view	other				14973113	1	4999	2	0	next
Picture	move	other				14978112	1	34325	3	0	next
Picture	loadClose	other				15012437	2	51156	3	0	next
Picture	view	other				15063593	1	5331	3	0	next
Picture	move	other				15068924	2	33979	184	0	next
Picture	loadClose	other				15102903	182	43837	184	0	next
Picture	view	other				15146740	2	4333	4	0	next
Picture	move	other				15151073	2	33159	3	0	next
Picture	loadClose	other				15184232	1	39824	2	0	next
Picture	view	other				15224056	1	4333	2	0	next
Picture	move	other				15228389	1	32491	3	0	next
Picture	loadClose	other				15260880	2	61487	3	0	next
Picture	view	other				15322367	1	5166	2	0	next
Picture	move	other				15327533	1	25994	2	0	next
Picture	check	other				15353527	1	4832	2	0	next
Picture	loadClose	other				15358359	1	38492	2	0	next
Picture	view	other				15396851	1	4154	180	0	next
Picture	move	other				15401005	179	29671	180	0	next
Picture	loadClose	other				15430676	1	31993	2	0	next
Picture	view	other				15462669	1	4832	3	0	next
Picture	move	other				15467501	2	30827	3	0	next
Picture	check	other				15498328	1	1499	2	0	next
Picture	loadClose	other				15499827	1	41657	3	0	next
Picture	view	other				15541484	2	4000	3	0	next
Picture	move	other				15545484	1	29993	2	0	next
Picture	loadClose	other				15575477	1	35492	2	0	next
Picture	view	other				15610969	1	5165	3	0	next
Picture	move	other				15616134	2	28660	4	0	next
Picture	check	other				15644794	2	100	237	0	next
Picture	loadClose	other				15644894	235	40058	236	0	next
Picture	view	other				15684952	1	3999	3	0	next
Picture	move	other				15688951	2	30993	3	0	next
Picture	loadClose	other				15719944	1	42625	201	0	next
Picture	view	other				15762569	200	4364	202	0	next
Picture	move	other				15766933	2	31493	3	0	next
Picture	loadClose	other				15798426	1	42461	198	0	next
Picture	view	other				15840887	197	4362	198	0	next
Picture	move	other				15845249	1	28827	2	0	next
Picture	check	other				15874076	1	833	2	0	next
Picture	loadClose	other				15874909	1	42324	2	0	next
Picture	view	other				15917233	1	4166	2	0	next
Picture	move	other				15921399	1	28160	2	0	next
Picture	loadClose	other				15949559	1	53988	2	0	next
Picture	view	other				16003547	1	4985	183	0	next
Picture	move	other				16008532	182	28174	183	0	next
Picture	check	other				16036706	1	5332	2	0	next
Picture	loadClose	other				16042038	1	54821	2	0	next
Picture	view	other				16096859	1	4999	2	0	next
Picture	move	other				16101858	1	27494	2	0	next
Picture	loadClose	other				16129352	1	44156	2	0	next
Picture	view	other				16173508	1	4999	2	0	next
Picture	move	other				16178507	1	29993	3	0	next
Picture	loadClose	other				16208500	2	41491	3	0	next
Picture	view	other				16249991	1	4998	3	0	next
Picture	move	other				16254989	2	28994	3	0	next
Picture	loadClose	other				16283983	1	45794	198	0	next
Picture	view	other				16329777	197	5195	198	0	next
Picture	move	other				16334972	1	27660	2	0	next
Picture	loadClose	other				16362632	1	43324	2	0	next
Picture	view	other				16405956	1	4332	2	0	next
Picture	move	other				16410288	1	29327	2	0	next
Picture	loadClose	other				16439615	1	40491	2	0	next
Picture	view	other				16480106	1	4498	3	0	next
Picture	move	other				16484604	2	28494	3	0	next
Picture	loadClose	other				16513098	1	81482	2	0	next
Picture	view	other				16594580	1	4999	2	0	next
Picture	move	other				16599579	1	31992	3	0	next
Picture	loadClose	other				16631571	2	40978	183	0	next
Picture	view	other				16672549	181	4679	182	0	next
Picture	move	other				16677228	1	29826	2	0	next
Picture	loadClose	other				16707054	1	35159	2	0	next
Picture	view	other				16742213	1	4666	3	0	next
Picture	move	other				16746879	2	30493	3	0	next
Picture	endBlock	other				16777372	1	30159	3	0	next
Picture	begin	other				16807531	2	311097	3	0	next
Picture	loadClose	other				17118628	1	62986	2	0	next
Picture	view	other				17181614	1	4998	3	0	next
Picture	move	other				17186612	2	36492	3	0	next
Picture	loadClose	other				17223104	1	65485	2	0	next
Picture	view	other				17288589	1	5332	3	0	next
Picture	move	other				17293921	2	33160	3	0	next
Picture	loadClose	other				17327081	1	71483	3	0	next
Picture	view	other				17398564	2	4166	4	0	next
Picture	move	other				17402730	2	33326	3	0	next
Picture	loadClose	other				17436056	1	67485	2	0	next
Picture	view	other				17503541	1	5832	3	0	next
Picture	move	other				17509373	2	40324	3	0	next
Picture	loadClose	other				17549697	1	87647	2	0	next
Picture	view	other				17637344	1	5644	190	0	next
Picture	move	other				17642988	189	37513	190	0	next
Picture	loadClose	other				17680501	1	70484	2	0	next
Picture	view	other				17750985	1	4999	2	0	next
Picture	move	other				17755984	1	36158	2	0	next
Picture	loadClose	other				17792142	1	61653	2	0	next
Picture	view	other				17853795	1	4332	3	0	next
Picture	move	other				17858127	2	33993	3	0	next
Picture	check	other				17892120	1	2332	3	0	next
Picture	loadClose	other				17894452	2	65985	4	0	next
Picture	view	other				17960437	2	4833	3	0	next
Picture	move	other				17965270	1	37491	2	0	next
Picture	loadClose	other				18002761	1	322761	2	0	next
Picture	view	other				18325522	1	4642	192	0	next
Picture	move	other				18330164	191	36848	192	0	next
Picture	loadClose	other				18367012	1	70318	2	0	next
Picture	view	other				18437330	1	7165	2	0	next
Picture	move	other				18444495	1	44145	180	0	next
Picture	loadClose	other				18488640	179	60831	180	0	next
Picture	view	other				18549471	1	5165	3	0	next
Picture	move	other				18554636	2	35992	3	0	next
Picture	loadClose	other				18590628	1	64819	2	0	next
Picture	view	other				18655447	1	4332	3	0	next
Picture	move	other				18659779	2	33159	4	0	next
Picture	loadClose	other				18692938	2	70484	4	0	next
Picture	view	other				18763422	2	4166	4	0	next
Picture	move	other				18767588	2	32326	3	0	next
Picture	loadClose	other				18799914	1	70151	2	0	next
Picture	view	other				18870065	1	4166	2	0	next
Picture	move	other				18874231	1	34492	3	0	next
Picture	loadClose	other				18908723	2	833	3	0	next
Picture	wrongHand	false_alarm	6	1647	3	18909556	1	1833	2	0	next
Picture	loadClose	other				18911389	1	71317	2	0	next
Picture	view	other				18982706	1	6499	2	0	next
Picture	move	other				18989205	1	31826	2	0	next
Picture	loadClose	other				19021031	1	74150	2	0	next
Picture	view	other				19095181	1	6832	2	0	next
Picture	move	other				19102013	1	37324	3	0	next
Picture	loadClose	other				19139337	2	78149	4	0	next
Picture	view	other				19217486	2	6499	3	0	next
Picture	move	other				19223985	1	35492	2	0	next
Picture	loadClose	other				19259477	1	75296	189	0	next
Picture	view	other				19334773	188	4686	189	0	next
Picture	move	other				19339459	1	33659	2	0	next
Picture	loadClose	other				19373118	1	79802	182	0	next
Picture	view	other				19452920	181	4679	182	0	next
Picture	move	other				19457599	1	35325	2	0	next
Picture	loadClose	other				19492924	1	77649	2	0	next
Picture	view	other				19570573	1	4999	2	0	next
Picture	move	other				19575572	1	34159	2	0	next
Picture	loadClose	other				19609731	1	78315	3	0	next
Picture	view	other				19688046	2	5310	193	0	next
Picture	move	other				19693356	191	35515	192	0	next
Picture	loadClose	other				19728871	1	74150	2	0	next
Picture	view	other				19803021	1	5165	3	0	next
Picture	move	other				19808186	2	32993	3	0	next
Picture	loadClose	other				19841179	1	73132	187	0	next
Picture	view	other				19914311	186	5183	188	0	next
Picture	move	other				19919494	2	38658	3	0	next
Picture	loadClose	other				19958152	1	57987	2	0	next
Picture	view	other				20016139	1	6999	2	0	next
Picture	move	other				20023138	1	34325	2	0	next
Picture	endSession	other				20057463	1	36117	2	0	next
