Scenario - opto_replant
Logfile written - 08/16/2014 11:38:02

Subject	Trial	Event Type	Code	Time	TTime	Uncertainty	Duration	Uncertainty	ReqTime	ReqDur	Stim Type	Pair Index

03_26	1	Picture	begin	332	0	2	1139583	3	0	next	other	0
03_26	1	Response	9	1139794	1139462	2
03_26	2	Picture	loadClose	1139915	0	1	247613	2	0	next	other	0
03_26	2	Response	6	1218783	78868	1
03_26	2	Response	5	1219233	79318	1
03_26	2	Response	9	1387400	247485	2
03_26	3	Picture	view	1387528	0	1	7331	3	0	next	other	0
03_26	3	Response	8	1394610	7082	2
03_26	4	Picture	move	1394859	0	2	50156	3	0	next	other	0
03_26	5	Picture	check	1445015	0	1	11997	2	0	next	other	0
03_26	5	Response	2	1456911	11896	1
03_26	6	Picture	loadClose	1457012	0	1	68652	2	0	next	other	0
03_26	6	Response	6	1458449	1437	2
03_26	6	Response	9	1525548	68536	2
03_26	7	Picture	view	1525664	0	1	8165	2	0	next	other	0
03_26	7	Response	8	1533648	7984	2
03_26	8	Picture	move	1533829	0	1	50155	3	0	next	other	0
03_26	8	Response	2	1583149	49320	1
03_26	9	Picture	loadClose	1583984	0	2	763999	3	0	next	other	0
03_26	9	Response	6	1596007	12023	2
03_26	9	Response	9	2347905	763921	2
03_26	10	Picture	view	2347983	0	1	7665	2	0	next	other	0
03_26	10	Response	8	2355495	7512	2
03_26	11	Picture	move	2355648	0	1	49132	193	0	next	other	0
03_26	11	Response	2	2398017	42369	1
03_26	11	Response	6	2404745	49097	1
03_26	12	Picture	loadClose	2404780	0	192	100502	193	0	next	other	0
03_26	12	Response	9	2505173	100393	2
03_26	13	Picture	view	2505282	0	1	7998	2	0	next	other	0
03_26	13	Response	8	2513143	7861	2
03_26	14	Picture	move	2513280	0	1	47656	2	0	next	other	0
03_26	14	Response	6	2560852	47572	2
03_26	15	Picture	check	2560936	0	1	10331	2	0	next	other	0
03_26	15	Response	3	2571134	10198	1
03_26	16	Picture	loadClose	2571267	0	1	74484	3	0	next	other	0
03_26	16	Response	9	2645601	74334	2
03_26	17	Picture	view	2645751	0	2	6499	3	0	next	other	0
03_26	17	Response	8	2652141	6390	2
03_26	18	Picture	move	2652250	0	1	46989	2	0	next	other	0
03_26	18	Response	2	2688732	36482	1
03_26	18	Response	6	2699100	46850	2
03_26	19	Picture	loadClose	2699239	0	1	71151	2	0	next	other	0
03_26	19	Response	9	2770359	71120	2
03_26	20	Picture	view	2770390	0	1	7499	2	0	next	other	0
03_26	20	Response	8	2777602	7212	15
03_26	21	Picture	move	2777889	0	1	48656	2	0	next	other	0
03_26	21	Response	2	2818650	40761	1
03_26	21	Response	6	2826428	48539	2
03_26	22	Picture	loadClose	2826545	0	1	77482	3	0	next	other	0
03_26	22	Response	9	2903847	77302	2
03_26	23	Picture	view	2904027	0	2	6166	3	0	next	other	0
03_26	23	Response	8	2909927	5900	2
03_26	24	Picture	move	2910193	0	1	43823	3	0	next	other	0
03_26	24	Response	2	2945208	35015	1
03_26	24	Response	6	2953896	43703	2
03_26	25	Picture	loadClose	2954016	0	2	81649	4	0	next	other	0
03_26	25	Response	9	3035515	81499	2
03_26	26	Picture	view	3035665	0	2	6165	4	0	next	other	0
03_26	26	Response	8	3041605	5940	2
03_26	27	Picture	move	3041830	0	2	45100	227	0	next	other	0
03_26	27	Response	2	3077686	35856	1
03_26	27	Response	6	3086864	45034	2
03_26	28	Picture	loadClose	3086930	0	225	71875	226	0	next	other	0
03_26	28	Response	9	3158753	71823	2
03_26	29	Picture	view	3158805	0	1	7998	3	0	next	other	0
03_26	29	Response	8	3166523	7718	2
03_26	30	Picture	move	3166803	0	2	50156	3	0	next	other	0
03_26	30	Response	2	3208724	41921	1
03_26	31	Picture	loadClose	3216959	0	1	73484	2	0	next	other	0
03_26	31	Response	6	3218862	1903	2
03_26	31	Response	9	3290331	73372	2
03_26	32	Picture	view	3290443	0	1	5998	3	0	next	other	0
03_26	32	Response	8	3296201	5758	2
03_26	33	Picture	move	3296441	0	2	48489	4	0	next	other	0
03_26	33	Response	2	3334320	37879	3
03_26	33	Response	6	3344820	48379	2
03_26	34	Picture	loadClose	3344930	0	2	77817	3	0	next	other	0
03_26	34	Response	9	3422589	77659	2
03_26	35	Picture	view	3422747	0	1	7332	3	0	next	other	0
03_26	35	Response	8	3429859	7112	2
03_26	36	Picture	move	3430079	0	2	49989	3	0	next	other	0
03_26	36	Response	2	3466800	36721	1
03_26	36	Response	6	3479858	49779	2
03_26	37	Picture	loadClose	3480068	0	1	78482	2	0	next	other	0
03_26	37	Response	9	3558427	78359	2
03_26	38	Picture	view	3558550	0	1	7832	2	0	next	other	0
03_26	38	Response	8	3566157	7607	2
03_26	39	Picture	move	3566382	0	1	44490	2	0	next	other	0
03_26	39	Response	2	3599118	32736	1
03_26	39	Response	6	3610746	44364	2
03_26	40	Picture	loadClose	3610872	0	1	65986	2	0	next	other	0
03_26	40	Response	9	3676785	65913	2
03_26	41	Picture	view	3676858	0	1	8497	3	0	next	other	0
03_26	41	Response	8	3685105	8247	2
03_26	42	Picture	move	3685355	0	2	47157	3	0	next	other	0
03_26	42	Response	6	3732304	46949	2
03_26	43	Picture	check	3732512	0	1	22662	2	0	next	other	0
03_26	43	Response	2	3755116	22604	1
03_26	44	Picture	loadClose	3755174	0	1	63152	3	0	next	other	0
03_26	44	Response	9	3818263	63089	2
03_26	45	Picture	view	3818326	0	2	5666	3	0	next	other	0
03_26	45	Response	8	3823813	5487	2
03_26	46	Picture	move	3823992	0	1	42824	2	0	next	other	0
03_26	46	Response	2	3865672	41680	3
03_26	46	Response	6	3866602	42610	2
03_26	47	Picture	loadClose	3866816	0	1	71817	3	0	next	other	0
03_26	47	Response	9	3938491	71675	2
03_26	48	Picture	view	3938633	0	2	6332	4	0	next	other	0
03_26	48	Response	8	3944731	6098	2
03_26	49	Picture	move	3944965	0	2	43491	3	0	next	other	0
03_26	49	Response	2	3977833	32868	1
03_26	49	Response	6	3988250	43285	2
03_26	50	Picture	loadClose	3988456	0	1	62153	2	0	next	other	0
03_26	50	Response	9	4050529	62073	2
03_26	51	Picture	view	4050609	0	1	11497	3	0	next	other	0
03_26	51	Response	8	4061919	11310	2
03_26	52	Picture	move	4062106	0	2	46657	3	0	next	other	0
03_26	52	Response	2	4107111	45005	1
03_26	52	Response	6	4108619	46513	1
03_26	53	Picture	loadClose	4108763	0	1	77649	2	0	next	other	0
03_26	53	Response	9	4186257	77494	2
03_26	54	Picture	view	4186412	0	1	7165	3	0	next	other	0
03_26	54	Response	8	4193367	6955	2
03_26	55	Picture	move	4193577	0	2	45989	4	0	next	other	0
03_26	55	Response	2	4238467	44890	2
03_26	55	Response	6	4239467	45890	2
03_26	56	Picture	loadClose	4239566	0	2	75485	3	0	next	other	0
03_26	56	Response	9	4314895	75329	2
03_26	57	Picture	view	4315051	0	1	7998	2	0	next	other	0
03_26	57	Response	8	4322795	7744	2
03_26	58	Picture	move	4323049	0	1	44157	2	0	next	other	0
03_26	58	Response	2	4353827	30778	1
03_26	58	Response	6	4367005	43956	2
03_26	59	Picture	loadClose	4367206	0	1	90790	192	0	next	other	0
03_26	59	Response	9	4457983	90777	2
03_26	60	Picture	view	4457996	0	191	7688	192	0	next	other	0
03_26	60	Response	8	4465433	7437	2
03_26	61	Picture	move	4465684	0	1	46323	2	0	next	other	0
03_26	61	Response	2	4500545	34861	1
03_26	61	Response	6	4511812	46128	2
03_26	62	Picture	loadClose	4512007	0	1	72651	2	0	next	other	0
03_26	62	Response	9	4584511	72504	2
03_26	63	Picture	view	4584658	0	1	7498	3	0	next	other	0
03_26	63	Response	8	4591851	7193	2
03_26	64	Picture	move	4592156	0	2	46490	3	0	next	other	0
03_26	64	Response	2	4630623	38467	1
03_26	64	Response	6	4638480	46324	2
03_26	65	Picture	loadClose	4638646	0	1	69318	2	0	next	other	0
03_26	65	Response	9	4707849	69203	2
03_26	66	Picture	view	4707964	0	1	6832	2	0	next	other	0
03_26	66	Response	8	4714599	6635	2
03_26	67	Picture	move	4714796	0	1	45990	2	0	next	other	0
03_26	67	Response	2	4746621	31825	1
03_26	67	Response	6	4760599	45803	1
03_26	68	Picture	loadClose	4760786	0	1	65985	2	0	next	other	0
03_26	68	Response	9	4826688	65902	2
03_26	69	Picture	view	4826771	0	1	7975	193	0	next	other	0
03_26	69	Response	8	4834647	7876	2
03_26	70	Picture	move	4834746	0	192	48325	381	0	next	other	0
03_26	70	Response	2	4871259	36513	1
03_26	70	Response	6	4883017	48271	2
03_26	71	Picture	loadClose	4883071	0	189	73338	191	0	next	other	0
03_26	71	Response	9	4956286	73215	1
03_26	72	Picture	view	4956409	0	2	6832	4	0	next	other	0
03_26	72	Response	8	4963076	6667	1
03_26	73	Picture	move	4963241	0	2	44824	4	0	next	other	0
03_26	73	Response	2	4996855	33614	3
03_26	73	Response	6	5007965	44724	2
03_26	74	Picture	loadClose	5008065	0	2	58154	3	0	next	other	0
03_26	74	Response	9	5066104	58039	2
03_26	74	Response	9	5066113	58048	34
03_26	75	Picture	view	5066219	0	1	7331	3	0	next	other	0
03_26	75	Response	8	5073424	7205	2
03_26	76	Picture	move	5073550	0	2	48823	4	0	next	other	0
03_26	76	Response	2	5108375	34825	1
03_26	76	Response	6	5122133	48583	2
03_26	77	Picture	loadClose	5122373	0	2	76983	3	0	next	other	0
03_26	77	Response	9	5199222	76849	2
03_26	78	Picture	view	5199356	0	1	6665	3	0	next	other	0
03_26	78	Response	8	5205762	6406	2
03_26	79	Picture	move	5206021	0	2	47990	3	0	next	other	0
03_26	79	Response	2	5241653	35632	1
03_26	79	Response	6	5253951	47930	2
03_26	80	Picture	endBlock	5254011	0	1	30160	2	0	next	other	0
03_26	80	Response	8	5277861	23850	1
03_26	81	Picture	begin	5284171	0	1	615030	3	0	next	other	0
03_26	81	Response	7	5287651	3480	1
03_26	81	Response	5	5751313	467142	2
03_26	81	Response	6	5798783	514612	1
03_26	81	Response	9	5899041	614870	2
03_26	82	Picture	loadClose	5899201	0	2	56155	3	0	next	other	0
03_26	82	Response	9	5955310	56109	2
03_26	83	Picture	view	5955356	0	1	5832	2	0	next	other	0
03_26	83	Response	8	5960960	5604	2
03_26	84	Picture	move	5961188	0	1	43491	2	0	next	other	0
03_26	84	Response	2	5987242	26054	1
03_26	84	Response	6	6004590	43402	1
03_26	85	Picture	loadClose	6004679	0	1	51155	2	0	next	other	0
03_26	85	Response	9	6055779	51100	2
03_26	85	Response	9	6055787	51108	20
03_26	86	Picture	view	6055834	0	1	6499	2	0	next	other	0
03_26	86	Response	8	6062119	6285	2
03_26	87	Picture	move	6062333	0	1	40990	3	0	next	other	0
03_26	87	Response	2	6095560	33227	1
03_26	87	Response	6	6103218	40885	2
03_26	88	Picture	loadClose	6103323	0	2	44324	3	0	next	other	0
03_26	88	Response	9	6147567	44244	2
03_26	89	Picture	view	6147647	0	1	6165	3	0	next	other	0
03_26	89	Response	8	6153637	5990	2
03_26	90	Picture	move	6153812	0	2	37325	4	0	next	other	0
03_26	90	Response	2	6173159	19347	1
03_26	90	Response	6	6190957	37145	2
03_26	91	Picture	loadClose	6191137	0	2	49323	3	0	next	other	0
03_26	91	Response	9	6240356	49219	2
03_26	92	Picture	view	6240460	0	1	7165	2	0	next	other	0
03_26	92	Response	8	6247406	6946	2
03_26	93	Picture	move	6247625	0	1	50156	2	0	next	other	0
03_26	93	Response	2	6270597	22972	1
03_26	94	Picture	loadClose	6297781	0	1	48989	2	0	next	other	0
03_26	94	Response	6	6299985	2204	2
03_26	94	Response	9	6346604	48823	2
03_26	95	Picture	view	6346770	0	1	6481	186	0	next	other	0
03_26	95	Response	8	6353164	6394	2
03_26	96	Picture	move	6353251	0	185	43841	186	0	next	other	0
03_26	96	Response	2	6377636	24385	1
03_26	96	Response	6	6396884	43633	1
03_26	97	Picture	loadClose	6397092	0	1	50156	2	0	next	other	0
03_26	97	Response	9	6447073	49981	2
03_26	98	Picture	view	6447248	0	1	4832	2	0	next	other	0
03_26	98	Response	8	6451843	4595	1
03_26	99	Picture	move	6452080	0	1	41991	2	0	next	other	0
03_26	99	Response	2	6474594	22514	1
03_26	99	Response	6	6493932	41852	2
03_26	100	Picture	loadClose	6494071	0	1	46489	3	0	next	other	0
03_26	100	Response	9	6540421	46350	2
03_26	101	Picture	view	6540560	0	2	7832	4	0	next	other	0
03_26	101	Response	8	6548271	7711	2
03_26	102	Picture	move	6548392	0	2	41158	3	0	next	other	0
03_26	102	Response	2	6570753	22361	1
03_26	102	Response	6	6589421	41029	1
03_26	103	Picture	loadClose	6589550	0	1	46490	2	0	next	other	0
03_26	103	Response	9	6635880	46330	2
03_26	104	Picture	view	6636040	0	1	6165	2	0	next	other	0
03_26	104	Response	8	6642080	6040	2
03_26	105	Picture	move	6642205	0	1	38991	2	0	next	other	0
03_26	105	Response	2	6666911	24706	1
03_26	105	Response	6	6680989	38784	2
03_26	106	Picture	loadClose	6681196	0	1	48156	2	0	next	other	0
03_26	106	Response	9	6729289	48093	1
03_26	107	Picture	view	6729352	0	1	7832	2	0	next	other	0
03_26	107	Response	8	6737068	7716	2
03_26	108	Picture	move	6737184	0	1	41657	3	0	next	other	0
03_26	108	Response	2	6763550	26366	1
03_26	108	Response	6	6778658	41474	2
03_26	109	Picture	loadClose	6778841	0	2	48990	3	0	next	other	0
03_26	109	Response	9	6827717	48876	2
03_26	109	Response	9	6827729	48888	33
03_26	110	Picture	view	6827831	0	1	6498	3	0	next	other	0
03_26	110	Response	8	6834227	6396	2
03_26	111	Picture	move	6834329	0	2	40825	3	0	next	other	0
03_26	111	Response	2	6861148	26819	1
03_26	111	Response	6	6875026	40697	2
03_26	112	Picture	loadClose	6875154	0	1	49155	3	0	next	other	0
03_26	112	Response	9	6924166	49012	1
03_26	113	Picture	view	6924309	0	2	9332	3	0	next	other	0
03_26	113	Response	8	6933475	9166	2
03_26	114	Picture	move	6933641	0	1	44323	2	0	next	other	0
03_26	114	Response	2	6953627	19986	1
03_26	114	Response	6	6977895	44254	1
03_26	115	Picture	loadClose	6977964	0	1	59154	2	0	next	other	0
03_26	115	Response	9	7036944	58980	2
03_26	116	Picture	view	7037118	0	1	6665	2	0	next	other	0
03_26	116	Response	8	7043574	6456	1
03_26	117	Picture	move	7043783	0	1	46990	2	0	next	other	0
03_26	117	Response	2	7080025	36242	1
03_26	117	Response	6	7090583	46800	2
03_26	118	Picture	loadClose	7090773	0	1	41991	2	0	next	other	0
03_26	118	Response	9	7132672	41899	2
03_26	119	Picture	view	7132764	0	1	7331	3	0	next	other	0
03_26	119	Response	8	7139842	7078	2
03_26	120	Picture	move	7140095	0	2	44157	3	0	next	other	0
03_26	120	Response	2	7184023	43928	1
03_26	120	Response	6	7184102	44007	1
03_26	121	Picture	loadClose	7184252	0	1	44824	2	0	next	other	0
03_26	121	Response	9	7228931	44679	2
03_26	122	Picture	view	7229076	0	1	5998	3	0	next	other	0
03_26	122	Response	8	7234961	5885	2
03_26	123	Picture	move	7235074	0	2	48156	4	0	next	other	0
03_26	123	Response	2	7265302	30228	1
03_26	123	Response	6	7283030	47956	2
03_26	124	Picture	loadClose	7283230	0	2	48479	181	0	next	other	0
03_26	124	Response	9	7331699	48469	2
03_26	125	Picture	view	7331709	0	179	5843	180	0	next	other	0
03_26	125	Response	8	7337379	5670	2
03_26	126	Picture	move	7337552	0	1	46156	3	0	next	other	0
03_26	126	Response	2	7358261	20709	1
03_26	126	Response	6	7383539	45987	2
03_26	127	Picture	loadClose	7383708	0	2	57154	4	0	next	other	0
03_26	127	Response	9	7440718	57010	1
03_26	127	Response	9	7440727	57019	29
03_26	128	Picture	view	7440862	0	2	6166	4	0	next	other	0
03_26	128	Response	8	7446838	5976	1
03_26	129	Picture	move	7447028	0	2	42490	4	0	next	other	0
03_26	129	Response	2	7470739	23711	1
03_26	129	Response	6	7489437	42409	2
03_26	130	Picture	loadClose	7489518	0	2	58987	4	0	next	other	0
03_26	130	Response	9	7548456	58938	2
03_26	131	Picture	view	7548505	0	2	4333	3	0	next	other	0
03_26	131	Response	8	7552656	4151	2
03_26	132	Picture	move	7552838	0	1	44336	489	0	next	other	0
03_26	132	Response	6	7597105	44267	2
03_26	133	Response	2	7597135	1	4
03_26	134	Picture	loadClose	7597174	0	488	45144	489	0	next	other	0
03_26	134	Response	9	7642165	44991	1
03_26	135	Picture	view	7642318	0	1	7499	2	0	next	other	0
03_26	135	Response	8	7649674	7356	2
03_26	136	Picture	move	7649817	0	1	45156	2	0	next	other	0
03_26	136	Response	2	7691536	41719	1
03_26	136	Response	6	7694774	44957	2
03_26	137	Picture	loadClose	7694973	0	1	39825	2	0	next	other	0
03_26	137	Response	9	7734633	39660	2
03_26	138	Picture	view	7734798	0	1	6498	3	0	next	other	0
03_26	138	Response	8	7741043	6245	2
03_26	139	Picture	move	7741296	0	2	44156	4	0	next	other	0
03_26	139	Response	2	7764815	23519	1
03_26	139	Response	6	7785272	43976	2
03_26	140	Picture	loadClose	7785452	0	2	42992	3	0	next	other	0
03_26	140	Response	9	7828262	42810	2
03_26	141	Picture	view	7828444	0	1	6665	2	0	next	other	0
03_26	141	Response	8	7834852	6408	1
03_26	142	Picture	move	7835109	0	1	42657	2	0	next	other	0
03_26	142	Response	2	7858573	23464	1
03_26	142	Response	6	7877591	42482	2
03_26	143	Picture	loadClose	7877766	0	1	40824	3	0	next	other	0
03_26	143	Response	9	7918480	40714	2
03_26	144	Picture	view	7918590	0	2	6833	3	0	next	other	0
03_26	144	Response	8	7925310	6720	2
03_26	145	Picture	move	7925423	0	1	41990	2	0	next	other	0
03_26	145	Response	2	7950732	25309	1
03_26	145	Response	6	7967270	41847	1
03_26	146	Picture	loadClose	7967413	0	1	41991	2	0	next	other	0
03_26	146	Response	9	8009299	41886	2
03_26	147	Picture	view	8009404	0	1	5999	2	0	next	other	0
03_26	147	Response	8	8015209	5805	2
03_26	148	Picture	move	8015403	0	1	45323	2	0	next	other	0
03_26	148	Response	2	8035850	20447	1
03_26	148	Response	6	8060538	45135	2
03_26	149	Picture	loadClose	8060726	0	1	44490	2	0	next	other	0
03_26	149	Response	9	8105088	44362	1
03_26	150	Picture	view	8105216	0	1	6332	3	0	next	other	0
03_26	150	Response	8	8111307	6091	2
03_26	151	Picture	move	8111548	0	2	44490	4	0	next	other	0
03_26	151	Response	2	8134729	23181	1
03_26	151	Response	6	8155847	44299	2
03_26	152	Picture	loadClose	8156038	0	2	45297	197	0	next	other	0
03_26	152	Response	9	8201326	45288	2
03_26	153	Picture	view	8201335	0	195	4026	196	0	next	other	0
03_26	153	Response	8	8205156	3821	2
03_26	154	Picture	move	8205361	0	1	45323	2	0	next	other	0
03_26	154	Response	2	8229128	23767	1
03_26	154	Response	6	8250625	45264	2
03_26	155	Picture	endBlock	8250684	0	1	30160	2	0	next	other	0
03_26	156	Picture	begin	8280844	0	1	5428139	3	0	next	other	0
03_26	156	Response	7	8286945	6101	1
03_26	156	Response	8	8287015	6171	1
03_26	156	Response	5	10722738	2441894	1
03_26	156	Response	7	10729177	2448333	2
03_26	156	Response	6	10938254	2657410	2
03_26	156	Response	5	10986333	2705489	2
03_26	156	Response	7	11051613	2770769	1
03_26	156	Response	8	11054492	2773648	2
03_26	156	Response	5	11070522	2789678	2
03_26	156	Response	6	11071102	2790258	2
03_26	156	Response	7	11092792	2811948	2
03_26	156	Response	5	11119591	2838747	2
03_26	156	Response	7	11131521	2850677	2
03_26	156	Response	5	11133331	2852487	2
03_26	156	Response	7	11206480	2925636	2
03_26	156	Response	5	11267159	2986315	2
03_26	156	Response	7	11276919	2996075	2
03_26	156	Response	5	11398357	3117513	2
03_26	156	Response	7	11401597	3120753	2
03_26	156	Response	5	11414157	3133313	2
03_26	156	Response	7	11417937	3137093	2
03_26	156	Response	8	11614234	3333390	2
03_26	156	Response	5	13665223	5384379	1
03_26	156	Response	6	13665823	5384979	1
03_26	156	Response	7	13670763	5389919	1
03_26	156	Response	8	13673202	5392358	3
03_26	156	Response	5	13679032	5398188	2
03_26	156	Response	7	13680132	5399288	2
03_26	156	Response	6	13686652	5405808	2
03_26	156	Response	5	13686732	5405888	2
03_26	156	Response	9	13708842	5427998	2
03_26	157	Picture	loadClose	13708983	0	2	323929	3	0	next	other	0
03_26	157	Response	9	14032817	323834	2
03_26	158	Picture	view	14032912	0	1	9998	2	0	next	other	0
03_26	158	Response	7	14042797	9885	2
03_26	159	Picture	move	14042910	0	1	50156	2	0	next	other	0
03_26	160	Picture	check	14093066	0	1	8831	2	0	next	other	0
03_26	160	Response	2	14101838	8772	1
03_26	161	Picture	loadClose	14101897	0	1	19496	2	0	next	other	0
03_26	161	Response	5	14111936	10039	2
03_26	161	Response	7	14121366	19469	1
03_26	162	Picture	wrongHand	14121393	0	1	1499	2	0	next	false_alarm	406
03_26	162	Response	5	14122796	1403	2
03_26	163	Picture	loadClose	14122892	0	1	179461	3	0	next	other	0
03_26	163	Response	2	14257035	134143	1
03_26	163	Response	9	14302253	179361	2
03_26	164	Picture	view	14302353	0	2	7665	3	0	next	other	0
03_26	164	Response	7	14309783	7430	1
03_26	165	Picture	move	14310018	0	1	50156	2	0	next	other	0
03_26	165	Response	2	14356074	46056	1
03_26	166	Picture	loadClose	14360174	0	1	132804	2	0	next	other	0
03_26	166	Response	5	14363432	3258	2
03_26	166	Response	2	14462632	102458	1
03_26	166	Response	9	14492810	132636	2
03_26	167	Picture	view	14492978	0	1	5998	3	0	next	other	0
03_26	167	Response	7	14498810	5832	2
03_26	168	Picture	move	14498976	0	2	50156	3	0	next	other	0
03_26	169	Picture	check	14549132	0	1	18496	2	0	next	other	0
03_26	169	Response	2	14567591	18459	1
03_26	170	Picture	loadClose	14567628	0	1	104977	2	0	next	other	0
03_26	170	Response	5	14573039	5411	1
03_26	170	Response	9	14672487	104859	2
03_26	171	Picture	view	14672605	0	1	5165	3	0	next	other	0
03_26	171	Response	7	14677627	5022	2
03_26	172	Picture	move	14677770	0	2	50156	3	0	next	other	0
03_26	172	Response	2	14726948	49178	1
03_26	173	Picture	loadClose	14727926	0	1	92128	187	0	next	other	0
03_26	173	Response	5	14732336	4410	2
03_26	173	Response	9	14820045	92119	2
03_26	174	Picture	view	14820054	0	186	6017	187	0	next	other	0
03_26	174	Response	7	14825825	5771	2
03_26	175	Picture	move	14826071	0	1	50156	2	0	next	other	0
03_26	176	Picture	check	14876227	0	1	1499	2	0	next	other	0
03_26	176	Response	2	14877666	1439	1
03_26	177	Picture	loadClose	14877726	0	1	105476	3	0	next	other	0
03_26	177	Response	5	14883944	6218	2
03_26	177	Response	9	14983052	105326	2
03_26	178	Picture	view	14983202	0	2	5667	3	0	next	other	0
03_26	178	Response	7	14988722	5520	2
03_26	179	Picture	move	14988869	0	1	50155	2	0	next	other	0
03_26	180	Picture	check	15039024	0	1	11331	2	0	next	other	0
03_26	180	Response	5	15040072	1048	1
03_26	180	Response	2	15050303	11279	1
03_26	181	Picture	loadClose	15050355	0	1	85481	2	0	next	other	0
03_26	181	Response	9	15135770	85415	2
03_26	182	Picture	view	15135836	0	1	6832	2	0	next	other	0
03_26	182	Response	7	15142510	6674	2
03_26	183	Picture	move	15142668	0	1	50156	2	0	next	other	0
03_26	183	Response	2	15179421	36753	1
03_26	184	Picture	loadClose	15192824	0	1	95978	3	0	next	other	0
03_26	184	Response	5	15192889	65	2
03_26	184	Response	9	15288748	95924	2
03_26	184	Response	9	15288756	95932	20
03_26	185	Picture	view	15288802	0	2	6999	3	0	next	other	0
03_26	185	Response	7	15295688	6886	1
03_26	186	Picture	move	15295801	0	1	50156	2	0	next	other	0
03_26	186	Response	2	15333819	38018	1
03_26	187	Picture	loadClose	15345957	0	1	106143	2	0	next	other	0
03_26	187	Response	5	15353227	7270	2
03_26	187	Response	9	15451995	106038	2
03_26	188	Picture	view	15452100	0	1	7145	189	0	next	other	0
03_26	188	Response	7	15459165	7065	2
03_26	189	Picture	move	15459245	0	188	50176	189	0	next	other	0
03_26	190	Picture	check	15509421	0	1	3999	2	0	next	other	0
03_26	190	Response	3	15513336	3915	1
03_26	191	Picture	loadClose	15513420	0	1	117474	2	0	next	other	0
03_26	191	Response	5	15527744	14324	2
03_26	191	Response	9	15630773	117353	2
03_26	192	Picture	view	15630894	0	1	7332	2	0	next	other	0
03_26	192	Response	7	15638062	7168	2
03_26	193	Picture	move	15638226	0	1	50155	2	0	next	other	0
03_26	194	Picture	check	15688381	0	1	4999	2	0	next	other	0
03_26	194	Response	2	15693333	4952	1
03_26	195	Picture	loadClose	15693380	0	1	109643	2	0	next	other	0
03_26	195	Response	5	15704691	11311	2
03_26	195	Response	9	15802960	109580	2
03_26	196	Picture	view	15803023	0	1	7831	3	0	next	other	0
03_26	196	Response	7	15810680	7657	2
03_26	197	Picture	move	15810854	0	2	50155	4	0	next	other	0
03_26	197	Response	2	15856051	45197	1
03_26	198	Picture	loadClose	15861009	0	2	108810	4	0	next	other	0
03_26	198	Response	5	15866429	5420	2
03_26	198	Response	9	15969727	108718	2
03_26	199	Picture	view	15969819	0	2	7165	4	0	next	other	0
03_26	199	Response	7	15976767	6948	2
03_26	200	Picture	move	15976984	0	2	50156	3	0	next	other	0
03_26	200	Response	2	16021328	44344	1
03_26	200	Response	5	16027015	50031	17
03_26	201	Picture	loadClose	16027140	0	1	103810	3	0	next	other	0
03_26	201	Response	9	16130785	103645	2
03_26	202	Picture	view	16130950	0	2	6499	3	0	next	other	0
03_26	202	Response	7	16137285	6335	2
03_26	203	Picture	move	16137449	0	1	50156	2	0	next	other	0
03_26	203	Response	2	16178926	41477	1
03_26	204	Picture	loadClose	16187605	0	1	121806	2	0	next	other	0
03_26	204	Response	5	16190374	2769	2
03_26	204	Response	9	16309232	121627	2
03_26	205	Picture	view	16309411	0	1	8165	2	0	next	other	0
03_26	205	Response	7	16317442	8031	2
03_26	206	Picture	move	16317576	0	1	50155	3	0	next	other	0
03_26	207	Picture	check	16367731	0	2	1334	3	0	next	other	0
03_26	207	Response	2	16369003	1272	1
03_26	208	Picture	loadClose	16369065	0	1	99954	193	0	next	other	0
03_26	208	Response	5	16371081	2016	2
03_26	208	Response	9	16469010	99945	2
03_26	209	Picture	view	16469019	0	192	6689	193	0	next	other	0
03_26	209	Response	7	16475570	6551	1
03_26	210	Picture	move	16475708	0	1	50156	2	0	next	other	0
03_26	211	Picture	check	16525864	0	1	8498	2	0	next	other	0
03_26	211	Response	5	16530119	4255	2
03_26	211	Response	3	16534281	8417	1
03_26	212	Picture	loadClose	16534362	0	1	110642	2	0	next	other	0
03_26	212	Response	9	16644947	110585	2
03_26	213	Picture	view	16645004	0	1	6155	179	0	next	other	0
03_26	213	Response	7	16651077	6073	2
03_26	214	Picture	move	16651159	0	178	50166	179	0	next	other	0
03_26	215	Picture	check	16701325	0	1	6165	2	0	next	other	0
03_26	215	Response	2	16707398	6073	1
03_26	216	Picture	loadClose	16707490	0	1	125973	2	0	next	other	0
03_26	216	Response	5	16726356	18866	2
03_26	216	Response	9	16833334	125844	2
03_26	217	Picture	view	16833463	0	1	5331	3	0	next	other	0
03_26	217	Response	7	16838634	5171	2
03_26	218	Picture	move	16838794	0	2	50156	4	0	next	other	0
03_26	219	Picture	check	16888950	0	2	5166	3	0	next	other	0
03_26	219	Response	2	16893955	5005	1
03_26	220	Picture	loadClose	16894116	0	1	93813	2	0	next	other	0
03_26	220	Response	5	16905433	11317	3
03_26	220	Response	9	16987812	93696	2
03_26	221	Picture	view	16987929	0	1	5832	2	0	next	other	0
03_26	221	Response	7	16993652	5723	1
03_26	222	Picture	move	16993761	0	1	50155	2	0	next	other	0
03_26	223	Picture	check	17043916	0	1	6499	2	0	next	other	0
03_26	223	Response	2	17050273	6357	1
03_26	224	Picture	loadClose	17050415	0	1	109143	2	0	next	other	0
03_26	224	Response	5	17054091	3676	2
03_26	224	Response	9	17159389	108974	2
03_26	224	Response	9	17159401	108986	32
03_26	225	Picture	view	17159558	0	1	4499	2	0	next	other	0
03_26	225	Response	7	17163889	4331	2
03_26	226	Picture	move	17164057	0	1	50155	2	0	next	other	0
03_26	226	Response	2	17207230	43173	1
03_26	227	Picture	loadClose	17214212	0	1	95646	2	0	next	other	0
03_26	227	Response	5	17219168	4956	2
03_26	227	Response	9	17309707	95495	2
03_26	228	Picture	view	17309858	0	1	5332	2	0	next	other	0
03_26	228	Response	7	17315067	5209	2
03_26	229	Picture	move	17315190	0	1	50156	2	0	next	other	0
03_26	229	Response	2	17339548	24358	1
03_26	230	Picture	loadClose	17365346	0	1	90968	180	0	next	other	0
03_26	230	Response	5	17365566	220	2
03_26	230	Response	9	17456305	90959	1
03_26	231	Picture	view	17456314	0	179	6159	365	0	next	other	0
03_26	231	Response	7	17462385	6071	1
03_26	232	Picture	move	17462473	0	186	50174	187	0	next	other	0
03_26	233	Picture	check	17512647	0	1	3332	2	0	next	other	0
03_26	233	Response	2	17515866	3219	1
03_26	234	Picture	loadClose	17515979	0	1	90313	3	0	next	other	0
03_26	234	Response	5	17519524	3545	1
03_26	234	Response	9	17606222	90243	2
03_26	235	Picture	view	17606292	0	2	4999	4	0	next	other	0
03_26	235	Response	7	17611102	4810	2
03_26	236	Picture	move	17611291	0	2	50156	3	0	next	other	0
03_26	236	Response	2	17658743	47452	1
03_26	237	Picture	loadClose	17661447	0	1	104977	2	0	next	other	0
03_26	237	Response	5	17671871	10424	2
03_26	237	Response	9	17766310	104863	2
03_26	238	Picture	view	17766424	0	1	7314	187	0	next	other	0
03_26	238	Response	7	17773660	7236	2
03_26	239	Picture	move	17773738	0	186	50173	188	0	next	other	0
03_26	239	Response	2	17813141	39403	1
03_26	240	Picture	loadClose	17823911	0	2	99312	3	0	next	other	0
03_26	240	Response	5	17824399	488	2
03_26	240	Response	9	17923148	99237	1
03_26	241	Picture	view	17923223	0	1	6664	3	0	next	other	0
03_26	241	Response	7	17929737	6514	2
03_26	242	Picture	move	17929887	0	2	50157	3	0	next	other	0
03_26	243	Picture	check	17980044	0	1	8331	2	0	next	other	0
03_26	243	Response	2	17988338	8294	1
03_26	244	Picture	loadClose	17988375	0	1	88814	2	0	next	other	0
03_26	244	Response	5	17993236	4861	2
03_26	244	Response	2	18058577	70202	1
03_26	244	Response	9	18077135	88760	2
03_26	245	Picture	view	18077189	0	1	7305	196	0	next	other	0
03_26	245	Response	7	18084415	7226	2
03_26	246	Picture	move	18084494	0	195	50182	197	0	next	other	0
03_26	246	Response	2	18110897	26403	1
03_26	247	Picture	loadClose	18134676	0	2	113975	3	0	next	other	0
03_26	247	Response	5	18150854	16178	2
03_26	247	Response	8	18248633	113957	1
03_26	248	Picture	wrongHand	18248651	0	1	123140	2	0	next	false_alarm	595
03_26	248	Response	7	18250063	1412	1
03_26	248	Response	5	18370781	122130	1
03_26	248	Response	6	18371571	122920	1
03_26	249	Picture	loadClose	18371791	0	1	100644	3	0	next	other	0
03_26	249	Response	9	18472349	100558	2
03_26	250	Picture	view	18472435	0	2	7332	3	0	next	other	0
03_26	250	Response	7	18479549	7114	2
03_26	251	Picture	move	18479767	0	1	50156	2	0	next	other	0
03_26	251	Response	2	18522730	42963	1
03_26	252	Picture	endBlock	18529923	0	1	30160	2	0	next	other	0
03_26	252	Response	5	18531788	1865	2
03_26	253	Picture	begin	18560083	0	1	958955	3	0	next	other	0
03_26	253	Response	7	18581038	20955	1
03_26	253	Response	8	18581167	21084	2
03_26	253	Response	6	19180018	619935	2
03_26	253	Response	5	19180028	619945	2
03_26	253	Response	9	19518953	958870	2
03_26	254	Picture	loadClose	19519038	0	2	182127	3	0	next	other	0
03_26	254	Response	9	19700990	181952	2
03_26	255	Picture	view	19701165	0	1	7665	3	0	next	other	0
03_26	255	Response	7	19708670	7505	2
03_26	256	Picture	move	19708830	0	2	40991	3	0	next	other	0
03_26	256	Response	2	19731192	22362	1
03_26	256	Response	5	19749610	40780	1
03_26	257	Picture	loadClose	19749821	0	1	68485	2	0	next	other	0
03_26	257	Response	9	19818229	68408	2
03_26	258	Picture	view	19818306	0	1	6165	3	0	next	other	0
03_26	258	Response	7	19824319	6013	2
03_26	259	Picture	move	19824471	0	2	39325	3	0	next	other	0
03_26	259	Response	2	19842710	18239	1
03_26	259	Response	5	19863588	39117	2
03_26	260	Picture	loadClose	19863796	0	1	59820	2	0	next	other	0
03_26	260	Response	9	19923557	59761	2
03_26	261	Picture	view	19923616	0	1	6332	2	0	next	other	0
03_26	261	Response	7	19929717	6101	2
03_26	262	Picture	move	19929948	0	1	40991	2	0	next	other	0
03_26	262	Response	2	19950708	20760	1
03_26	262	Response	5	19970866	40918	2
03_26	263	Picture	loadClose	19970939	0	1	55321	2	0	next	other	0
03_26	263	Response	9	20026115	55176	2
03_26	264	Picture	view	20026260	0	1	7165	3	0	next	other	0
03_26	264	Response	7	20033275	7015	2
03_26	265	Picture	move	20033425	0	2	45157	3	0	next	other	0
03_26	265	Response	2	20052787	19362	1
03_26	265	Response	5	20078435	45010	1
03_26	266	Picture	loadClose	20078582	0	1	43324	2	0	next	other	0
03_26	266	Response	9	20121784	43202	2
03_26	267	Picture	view	20121906	0	1	8665	2	0	next	other	0
03_26	267	Response	7	20130434	8528	2
03_26	268	Picture	move	20130571	0	1	42990	2	0	next	other	0
03_26	268	Response	2	20150545	19974	1
03_26	268	Response	5	20173353	42782	2
03_26	269	Picture	loadClose	20173561	0	1	50489	2	0	next	other	0
03_26	269	Response	9	20223902	50341	2
03_26	270	Picture	view	20224050	0	1	7654	180	0	next	other	0
03_26	270	Response	7	20231622	7572	2
03_26	271	Picture	move	20231704	0	179	42502	180	0	next	other	0
03_26	271	Response	2	20251824	20120	1
03_26	271	Response	5	20274002	42298	1
03_26	272	Picture	loadClose	20274206	0	1	46656	2	0	next	other	0
03_26	272	Response	9	20320711	46505	2
03_26	272	Response	9	20320719	46513	16
03_26	273	Picture	view	20320862	0	1	6832	2	0	next	other	0
03_26	273	Response	7	20327471	6609	2
03_26	274	Picture	move	20327694	0	1	43657	2	0	next	other	0
03_26	274	Response	2	20348302	20608	1
03_26	274	Response	5	20371250	43556	2
03_26	275	Picture	loadClose	20371351	0	1	70651	2	0	next	other	0
03_26	275	Response	9	20441959	70608	2
03_26	275	Response	9	20441968	70617	19
03_26	276	Picture	view	20442002	0	1	9998	2	0	next	other	0
03_26	276	Response	7	20451799	9797	2
03_26	277	Picture	move	20452000	0	1	46490	2	0	next	other	0
03_26	277	Response	5	20498358	46358	2
03_26	278	Picture	check	20498490	0	1	3166	2	0	next	other	0
03_26	278	Response	2	20501580	3090	1
03_26	279	Picture	loadClose	20501656	0	1	38158	2	0	next	other	0
03_26	279	Response	9	20539678	38022	1
03_26	279	Response	9	20539686	38030	20
03_26	280	Picture	view	20539814	0	1	8498	2	0	next	other	0
03_26	280	Response	7	20548097	8283	2
03_26	281	Picture	move	20548312	0	1	45823	2	0	next	other	0
03_26	281	Response	2	20570379	22067	1
03_26	281	Response	5	20593987	45675	1
03_26	282	Picture	loadClose	20594135	0	1	38491	3	0	next	other	0
03_26	282	Response	9	20632546	38411	2
03_26	283	Picture	view	20632626	0	2	5833	3	0	next	other	0
03_26	283	Response	7	20638276	5650	2
03_26	284	Picture	move	20638459	0	1	42824	2	0	next	other	0
03_26	284	Response	2	20668457	29998	1
03_26	284	Response	5	20681125	42666	2
03_26	285	Picture	loadClose	20681283	0	1	37991	3	0	next	other	0
03_26	285	Response	9	20719145	37862	2
03_26	286	Picture	view	20719274	0	2	6499	3	0	next	other	0
03_26	286	Response	7	20725625	6351	1
03_26	287	Picture	move	20725773	0	1	47644	181	0	next	other	0
03_26	287	Response	2	20767176	41403	1
03_26	287	Response	5	20773374	47601	2
03_26	288	Picture	loadClose	20773417	0	180	50668	181	0	next	other	0
03_26	288	Response	9	20823983	50566	2
03_26	289	Picture	view	20824085	0	1	4832	2	0	next	other	0
03_26	289	Response	7	20828803	4718	2
03_26	290	Picture	move	20828917	0	1	41158	2	0	next	other	0
03_26	290	Response	2	20848135	19218	1
03_26	290	Response	5	20869983	41066	1
03_26	291	Picture	loadClose	20870075	0	1	47156	2	0	next	other	0
03_26	291	Response	9	20917092	47017	2
03_26	292	Picture	view	20917231	0	1	6998	3	0	next	other	0
03_26	292	Response	7	20924032	6801	1
03_26	293	Picture	move	20924229	0	2	44657	3	0	next	other	0
03_26	293	Response	2	20935973	11744	1
03_26	293	Response	5	20968821	44592	2
03_26	294	Picture	loadClose	20968886	0	1	46323	2	0	next	other	0
03_26	294	Response	9	21015120	46234	2
03_26	295	Picture	view	21015209	0	1	6311	190	0	next	other	0
03_26	295	Response	7	21021450	6241	2
03_26	296	Picture	move	21021520	0	189	43178	191	0	next	other	0
03_26	296	Response	2	21037412	15892	1
03_26	296	Response	5	21064610	43090	2
03_26	297	Picture	loadClose	21064698	0	2	49156	3	0	next	other	0
03_26	297	Response	9	21113669	48971	2
03_26	298	Picture	view	21113854	0	1	7499	2	0	next	other	0
03_26	298	Response	7	21121149	7295	1
03_26	299	Picture	move	21121353	0	1	48489	2	0	next	other	0
03_26	299	Response	2	21143810	22457	1
03_26	299	Response	5	21169778	48425	2
03_26	300	Picture	loadClose	21169842	0	1	54964	193	0	next	other	0
03_26	300	Response	9	21224797	54955	2
03_26	301	Picture	view	21224806	0	192	5689	194	0	next	other	0
03_26	301	Response	7	21230377	5571	2
03_26	302	Picture	move	21230495	0	2	42991	3	0	next	other	0
03_26	302	Response	2	21256128	25633	1
03_26	302	Response	5	21273286	42791	2
03_26	303	Picture	loadClose	21273486	0	1	51459	198	0	next	other	0
03_26	303	Response	9	21324936	51450	1
03_26	304	Picture	view	21324945	0	197	6860	200	0	next	other	0
03_26	304	Response	7	21331675	6730	2
03_26	305	Picture	move	21331805	0	3	46991	4	0	next	other	0
03_26	305	Response	2	21356447	24642	1
03_26	305	Response	5	21378645	46840	1
03_26	306	Picture	loadClose	21378796	0	1	50656	2	0	next	other	0
03_26	306	Response	9	21429364	50568	2
03_26	307	Picture	view	21429452	0	1	6976	191	0	next	other	0
03_26	307	Response	7	21436364	6912	2
03_26	308	Picture	move	21436428	0	190	47845	191	0	next	other	0
03_26	308	Response	2	21466685	30257	1
03_26	308	Response	5	21484073	47645	2
03_26	309	Picture	loadClose	21484273	0	1	68985	2	0	next	other	0
03_26	309	Response	9	21553102	68829	2
03_26	310	Picture	view	21553258	0	1	5998	3	0	next	other	0
03_26	310	Response	7	21559092	5834	2
03_26	311	Picture	move	21559256	0	2	45657	3	0	next	other	0
03_26	311	Response	2	21585243	25987	1
03_26	311	Response	5	21604851	45595	2
03_26	312	Picture	loadClose	21604913	0	1	47156	2	0	next	other	0
03_26	312	Response	9	21651981	47068	1
03_26	313	Picture	view	21652069	0	1	4999	2	0	next	other	0
03_26	313	Response	7	21656891	4822	1
03_26	314	Picture	move	21657068	0	1	45823	3	0	next	other	0
03_26	314	Response	2	21680122	23054	1
03_26	314	Response	5	21702680	45612	2
03_26	315	Picture	loadClose	21702891	0	2	41325	3	0	next	other	0
03_26	315	Response	9	21744149	41258	2
03_26	316	Picture	view	21744216	0	1	5998	3	0	next	other	0
03_26	316	Response	7	21749989	5773	2
03_26	317	Picture	move	21750214	0	2	42491	3	0	next	other	0
03_26	317	Response	2	21782680	32466	1
03_26	317	Response	5	21792598	42384	2
03_26	318	Picture	loadClose	21792705	0	1	42157	3	0	next	other	0
03_26	318	Response	9	21834818	42113	2
03_26	319	Picture	view	21834862	0	2	4666	4	0	next	other	0
03_26	319	Response	7	21839428	4566	1
03_26	320	Picture	move	21839528	0	2	44324	3	0	next	other	0
03_26	320	Response	2	21861079	21551	1
03_26	320	Response	5	21883647	44119	2
03_26	321	Picture	loadClose	21883852	0	1	46989	2	0	next	other	0
03_26	321	Response	9	21930786	46934	2
03_26	322	Picture	view	21930841	0	1	5499	2	0	next	other	0
03_26	322	Response	7	21936116	5275	2
03_26	323	Picture	move	21936340	0	1	45157	2	0	next	other	0
03_26	323	Response	2	21966518	30178	1
03_26	323	Response	5	21981396	45056	2
03_26	324	Picture	loadClose	21981497	0	1	41991	2	0	next	other	0
03_26	324	Response	9	22023445	41948	2
03_26	325	Picture	view	22023488	0	1	6831	3	0	next	other	0
03_26	325	Response	7	22030125	6637	2
03_26	326	Picture	move	22030319	0	2	47823	3	0	next	other	0
03_26	326	Response	2	22068916	38597	1
03_26	326	Response	5	22078094	47775	2
03_26	327	Picture	endSession	22078142	0	1	35537	2	0	next	other	0


Event Type	Code	Type	Response	RT	RT Uncertainty	Time	Uncertainty	Duration	Uncertainty	ReqTime	ReqDur

Picture	begin	other				332	2	1139583	3	0	next
Picture	loadClose	other				1139915	1	247613	2	0	next
Picture	view	other				1387528	1	7331	3	0	next
Picture	move	other				1394859	2	50156	3	0	next
Picture	check	other				1445015	1	11997	2	0	next
Picture	loadClose	other				1457012	1	68652	2	0	next
Picture	view	other				1525664	1	8165	2	0	next
Picture	move	other				1533829	1	50155	3	0	next
Picture	loadClose	other				1583984	2	763999	3	0	next
Picture	view	other				2347983	1	7665	2	0	next
Picture	move	other				2355648	1	49132	193	0	next
Picture	loadClose	other				2404780	192	100502	193	0	next
Picture	view	other				2505282	1	7998	2	0	next
Picture	move	other				2513280	1	47656	2	0	next
Picture	check	other				2560936	1	10331	2	0	next
Picture	loadClose	other				2571267	1	74484	3	0	next
Picture	view	other				2645751	2	6499	3	0	next
Picture	move	other				2652250	1	46989	2	0	next
Picture	loadClose	other				2699239	1	71151	2	0	next
Picture	view	other				2770390	1	7499	2	0	next
Picture	move	other				2777889	1	48656	2	0	next
Picture	loadClose	other				2826545	1	77482	3	0	next
Picture	view	other				2904027	2	6166	3	0	next
Picture	move	other				2910193	1	43823	3	0	next
Picture	loadClose	other				2954016	2	81649	4	0	next
Picture	view	other				3035665	2	6165	4	0	next
Picture	move	other				3041830	2	45100	227	0	next
Picture	loadClose	other				3086930	225	71875	226	0	next
Picture	view	other				3158805	1	7998	3	0	next
Picture	move	other				3166803	2	50156	3	0	next
Picture	loadClose	other				3216959	1	73484	2	0	next
Picture	view	other				3290443	1	5998	3	0	next
Picture	move	other				3296441	2	48489	4	0	next
Picture	loadClose	other				3344930	2	77817	3	0	next
Picture	view	other				3422747	1	7332	3	0	next
Picture	move	other				3430079	2	49989	3	0	next
Picture	loadClose	other				3480068	1	78482	2	0	next
Picture	view	other				3558550	1	7832	2	0	next
Picture	move	other				3566382	1	44490	2	0	next
Picture	loadClose	other				3610872	1	65986	2	0	next
Picture	view	other				3676858	1	8497	3	0	next
Picture	move	other				3685355	2	47157	3	0	next
Picture	check	other				3732512	1	22662	2	0	next
Picture	loadClose	other				3755174	1	63152	3	0	next
Picture	view	other				3818326	2	5666	3	0	next
Picture	move	other				3823992	1	42824	2	0	next
Picture	loadClose	other				3866816	1	71817	3	0	next
Picture	view	other				3938633	2	6332	4	0	next
Picture	move	other				3944965	2	43491	3	0	next
Picture	loadClose	other				3988456	1	62153	2	0	next
Picture	view	other				4050609	1	11497	3	0	next
Picture	move	other				4062106	2	46657	3	0	next
Picture	loadClose	other				4108763	1	77649	2	0	next
Picture	view	other				4186412	1	7165	3	0	next
Picture	move	other				4193577	2	45989	4	0	next
Picture	loadClose	other				4239566	2	75485	3	0	next
Picture	view	other				4315051	1	7998	2	0	next
Picture	move	other				4323049	1	44157	2	0	next
Picture	loadClose	other				4367206	1	90790	192	0	next
Picture	view	other				4457996	191	7688	192	0	next
Picture	move	other				4465684	1	46323	2	0	next
Picture	loadClose	other				4512007	1	72651	2	0	next
Picture	view	other				4584658	1	7498	3	0	next
Picture	move	other				4592156	2	46490	3	0	next
Picture	loadClose	other				4638646	1	69318	2	0	next
Picture	view	other				4707964	1	6832	2	0	next
Picture	move	other				4714796	1	45990	2	0	next
Picture	loadClose	other				4760786	1	65985	2	0	next
Picture	view	other				4826771	1	7975	193	0	next
Picture	move	other				4834746	192	48325	381	0	next
Picture	loadClose	other				4883071	189	73338	191	0	next
Picture	view	other				4956409	2	6832	4	0	next
Picture	move	other				4963241	2	44824	4	0	next
Picture	loadClose	other				5008065	2	58154	3	0	next
Picture	view	other				5066219	1	7331	3	0	next
Picture	move	other				5073550	2	48823	4	0	next
Picture	loadClose	other				5122373	2	76983	3	0	next
Picture	view	other				5199356	1	6665	3	0	next
Picture	move	other				5206021	2	47990	3	0	next
Picture	endBlock	other				5254011	1	30160	2	0	next
Picture	begin	other				5284171	1	615030	3	0	next
Picture	loadClose	other				5899201	2	56155	3	0	next
Picture	view	other				5955356	1	5832	2	0	next
Picture	move	other				5961188	1	43491	2	0	next
Picture	loadClose	other				6004679	1	51155	2	0	next
Picture	view	other				6055834	1	6499	2	0	next
Picture	move	other				6062333	1	40990	3	0	next
Picture	loadClose	other				6103323	2	44324	3	0	next
Picture	view	other				6147647	1	6165	3	0	next
Picture	move	other				6153812	2	37325	4	0	next
Picture	loadClose	other				6191137	2	49323	3	0	next
Picture	view	other				6240460	1	7165	2	0	next
Picture	move	other				6247625	1	50156	2	0	next
Picture	loadClose	other				6297781	1	48989	2	0	next
Picture	view	other				6346770	1	6481	186	0	next
Picture	move	other				6353251	185	43841	186	0	next
Picture	loadClose	other				6397092	1	50156	2	0	next
Picture	view	other				6447248	1	4832	2	0	next
Picture	move	other				6452080	1	41991	2	0	next
Picture	loadClose	other				6494071	1	46489	3	0	next
Picture	view	other				6540560	2	7832	4	0	next
Picture	move	other				6548392	2	41158	3	0	next
Picture	loadClose	other				6589550	1	46490	2	0	next
Picture	view	other				6636040	1	6165	2	0	next
Picture	move	other				6642205	1	38991	2	0	next
Picture	loadClose	other				6681196	1	48156	2	0	next
Picture	view	other				6729352	1	7832	2	0	next
Picture	move	other				6737184	1	41657	3	0	next
Picture	loadClose	other				6778841	2	48990	3	0	next
Picture	view	other				6827831	1	6498	3	0	next
Picture	move	other				6834329	2	40825	3	0	next
Picture	loadClose	other				6875154	1	49155	3	0	next
Picture	view	other				6924309	2	9332	3	0	next
Picture	move	other				6933641	1	44323	2	0	next
Picture	loadClose	other				6977964	1	59154	2	0	next
Picture	view	other				7037118	1	6665	2	0	next
Picture	move	other				7043783	1	46990	2	0	next
Picture	loadClose	other				7090773	1	41991	2	0	next
Picture	view	other				7132764	1	7331	3	0	next
Picture	move	other				7140095	2	44157	3	0	next
Picture	loadClose	other				7184252	1	44824	2	0	next
Picture	view	other				7229076	1	5998	3	0	next
Picture	move	other				7235074	2	48156	4	0	next
Picture	loadClose	other				7283230	2	48479	181	0	next
Picture	view	other				7331709	179	5843	180	0	next
Picture	move	other				7337552	1	46156	3	0	next
Picture	loadClose	other				7383708	2	57154	4	0	next
Picture	view	other				7440862	2	6166	4	0	next
Picture	move	other				7447028	2	42490	4	0	next
Picture	loadClose	other				7489518	2	58987	4	0	next
Picture	view	other				7548505	2	4333	3	0	next
Picture	move	other				7552838	1	44336	489	0	next
Picture	loadClose	other				7597174	488	45144	489	0	next
Picture	view	other				7642318	1	7499	2	0	next
Picture	move	other				7649817	1	45156	2	0	next
Picture	loadClose	other				7694973	1	39825	2	0	next
Picture	view	other				7734798	1	6498	3	0	next
Picture	move	other				7741296	2	44156	4	0	next
Picture	loadClose	other				7785452	2	42992	3	0	next
Picture	view	other				7828444	1	6665	2	0	next
Picture	move	other				7835109	1	42657	2	0	next
Picture	loadClose	other				7877766	1	40824	3	0	next
Picture	view	other				7918590	2	6833	3	0	next
Picture	move	other				7925423	1	41990	2	0	next
Picture	loadClose	other				7967413	1	41991	2	0	next
Picture	view	other				8009404	1	5999	2	0	next
Picture	move	other				8015403	1	45323	2	0	next
Picture	loadClose	other				8060726	1	44490	2	0	next
Picture	view	other				8105216	1	6332	3	0	next
Picture	move	other				8111548	2	44490	4	0	next
Picture	loadClose	other				8156038	2	45297	197	0	next
Picture	view	other				8201335	195	4026	196	0	next
Picture	move	other				8205361	1	45323	2	0	next
Picture	endBlock	other				8250684	1	30160	2	0	next
Picture	begin	other				8280844	1	5428139	3	0	next
Picture	loadClose	other				13708983	2	323929	3	0	next
Picture	view	other				14032912	1	9998	2	0	next
Picture	move	other				14042910	1	50156	2	0	next
Picture	check	other				14093066	1	8831	2	0	next
Picture	loadClose	other				14101897	1	19496	2	0	next
Picture	wrongHand	false_alarm	5	1403	3	14121393	1	1499	2	0	next
Picture	loadClose	other				14122892	1	179461	3	0	next
Picture	view	other				14302353	2	7665	3	0	next
Picture	move	other				14310018	1	50156	2	0	next
Picture	loadClose	other				14360174	1	132804	2	0	next
Picture	view	other				14492978	1	5998	3	0	next
Picture	move	other				14498976	2	50156	3	0	next
Picture	check	other				14549132	1	18496	2	0	next
Picture	loadClose	other				14567628	1	104977	2	0	next
Picture	view	other				14672605	1	5165	3	0	next
Picture	move	other				14677770	2	50156	3	0	next
Picture	loadClose	other				14727926	1	92128	187	0	next
Picture	view	other				14820054	186	6017	187	0	next
Picture	move	other				14826071	1	50156	2	0	next
Picture	check	other				14876227	1	1499	2	0	next
Picture	loadClose	other				14877726	1	105476	3	0	next
Picture	view	other				14983202	2	5667	3	0	next
Picture	move	other				14988869	1	50155	2	0	next
Picture	check	other				15039024	1	11331	2	0	next
Picture	loadClose	other				15050355	1	85481	2	0	next
Picture	view	other				15135836	1	6832	2	0	next
Picture	move	other				15142668	1	50156	2	0	next
Picture	loadClose	other				15192824	1	95978	3	0	next
Picture	view	other				15288802	2	6999	3	0	next
Picture	move	other				15295801	1	50156	2	0	next
Picture	loadClose	other				15345957	1	106143	2	0	next
Picture	view	other				15452100	1	7145	189	0	next
Picture	move	other				15459245	188	50176	189	0	next
Picture	check	other				15509421	1	3999	2	0	next
Picture	loadClose	other				15513420	1	117474	2	0	next
Picture	view	other				15630894	1	7332	2	0	next
Picture	move	other				15638226	1	50155	2	0	next
Picture	check	other				15688381	1	4999	2	0	next
Picture	loadClose	other				15693380	1	109643	2	0	next
Picture	view	other				15803023	1	7831	3	0	next
Picture	move	other				15810854	2	50155	4	0	next
Picture	loadClose	other				15861009	2	108810	4	0	next
Picture	view	other				15969819	2	7165	4	0	next
Picture	move	other				15976984	2	50156	3	0	next
Picture	loadClose	other				16027140	1	103810	3	0	next
Picture	view	other				16130950	2	6499	3	0	next
Picture	move	other				16137449	1	50156	2	0	next
Picture	loadClose	other				16187605	1	121806	2	0	next
Picture	view	other				16309411	1	8165	2	0	next
Picture	move	other				16317576	1	50155	3	0	next
Picture	check	other				16367731	2	1334	3	0	next
Picture	loadClose	other				16369065	1	99954	193	0	next
Picture	view	other				16469019	192	6689	193	0	next
Picture	move	other				16475708	1	50156	2	0	next
Picture	check	other				16525864	1	8498	2	0	next
Picture	loadClose	other				16534362	1	110642	2	0	next
Picture	view	other				16645004	1	6155	179	0	next
Picture	move	other				16651159	178	50166	179	0	next
Picture	check	other				16701325	1	6165	2	0	next
Picture	loadClose	other				16707490	1	125973	2	0	next
Picture	view	other				16833463	1	5331	3	0	next
Picture	move	other				16838794	2	50156	4	0	next
Picture	check	other				16888950	2	5166	3	0	next
Picture	loadClose	other				16894116	1	93813	2	0	next
Picture	view	other				16987929	1	5832	2	0	next
Picture	move	other				16993761	1	50155	2	0	next
Picture	check	other				17043916	1	6499	2	0	next
Picture	loadClose	other				17050415	1	109143	2	0	next
Picture	view	other				17159558	1	4499	2	0	next
Picture	move	other				17164057	1	50155	2	0	next
Picture	loadClose	other				17214212	1	95646	2	0	next
Picture	view	other				17309858	1	5332	2	0	next
Picture	move	other				17315190	1	50156	2	0	next
Picture	loadClose	other				17365346	1	90968	180	0	next
Picture	view	other				17456314	179	6159	365	0	next
Picture	move	other				17462473	186	50174	187	0	next
Picture	check	other				17512647	1	3332	2	0	next
Picture	loadClose	other				17515979	1	90313	3	0	next
Picture	view	other				17606292	2	4999	4	0	next
Picture	move	other				17611291	2	50156	3	0	next
Picture	loadClose	other				17661447	1	104977	2	0	next
Picture	view	other				17766424	1	7314	187	0	next
Picture	move	other				17773738	186	50173	188	0	next
Picture	loadClose	other				17823911	2	99312	3	0	next
Picture	view	other				17923223	1	6664	3	0	next
Picture	move	other				17929887	2	50157	3	0	next
Picture	check	other				17980044	1	8331	2	0	next
Picture	loadClose	other				17988375	1	88814	2	0	next
Picture	view	other				18077189	1	7305	196	0	next
Picture	move	other				18084494	195	50182	197	0	next
Picture	loadClose	other				18134676	2	113975	3	0	next
Picture	wrongHand	false_alarm	7	1412	2	18248651	1	123140	2	0	next
Picture	loadClose	other				18371791	1	100644	3	0	next
Picture	view	other				18472435	2	7332	3	0	next
Picture	move	other				18479767	1	50156	2	0	next
Picture	endBlock	other				18529923	1	30160	2	0	next
Picture	begin	other				18560083	1	958955	3	0	next
Picture	loadClose	other				19519038	2	182127	3	0	next
Picture	view	other				19701165	1	7665	3	0	next
Picture	move	other				19708830	2	40991	3	0	next
Picture	loadClose	other				19749821	1	68485	2	0	next
Picture	view	other				19818306	1	6165	3	0	next
Picture	move	other				19824471	2	39325	3	0	next
Picture	loadClose	other				19863796	1	59820	2	0	next
Picture	view	other				19923616	1	6332	2	0	next
Picture	move	other				19929948	1	40991	2	0	next
Picture	loadClose	other				19970939	1	55321	2	0	next
Picture	view	other				20026260	1	7165	3	0	next
Picture	move	other				20033425	2	45157	3	0	next
Picture	loadClose	other				20078582	1	43324	2	0	next
Picture	view	other				20121906	1	8665	2	0	next
Picture	move	other				20130571	1	42990	2	0	next
Picture	loadClose	other				20173561	1	50489	2	0	next
Picture	view	other				20224050	1	7654	180	0	next
Picture	move	other				20231704	179	42502	180	0	next
Picture	loadClose	other				20274206	1	46656	2	0	next
Picture	view	other				20320862	1	6832	2	0	next
Picture	move	other				20327694	1	43657	2	0	next
Picture	loadClose	other				20371351	1	70651	2	0	next
Picture	view	other				20442002	1	9998	2	0	next
Picture	move	other				20452000	1	46490	2	0	next
Picture	check	other				20498490	1	3166	2	0	next
Picture	loadClose	other				20501656	1	38158	2	0	next
Picture	view	other				20539814	1	8498	2	0	next
Picture	move	other				20548312	1	45823	2	0	next
Picture	loadClose	other				20594135	1	38491	3	0	next
Picture	view	other				20632626	2	5833	3	0	next
Picture	move	other				20638459	1	42824	2	0	next
Picture	loadClose	other				20681283	1	37991	3	0	next
Picture	view	other				20719274	2	6499	3	0	next
Picture	move	other				20725773	1	47644	181	0	next
Picture	loadClose	other				20773417	180	50668	181	0	next
Picture	view	other				20824085	1	4832	2	0	next
Picture	move	other				20828917	1	41158	2	0	next
Picture	loadClose	other				20870075	1	47156	2	0	next
Picture	view	other				20917231	1	6998	3	0	next
Picture	move	other				20924229	2	44657	3	0	next
Picture	loadClose	other				20968886	1	46323	2	0	next
Picture	view	other				21015209	1	6311	190	0	next
Picture	move	other				21021520	189	43178	191	0	next
Picture	loadClose	other				21064698	2	49156	3	0	next
Picture	view	other				21113854	1	7499	2	0	next
Picture	move	other				21121353	1	48489	2	0	next
Picture	loadClose	other				21169842	1	54964	193	0	next
Picture	view	other				21224806	192	5689	194	0	next
Picture	move	other				21230495	2	42991	3	0	next
Picture	loadClose	other				21273486	1	51459	198	0	next
Picture	view	other				21324945	197	6860	200	0	next
Picture	move	other				21331805	3	46991	4	0	next
Picture	loadClose	other				21378796	1	50656	2	0	next
Picture	view	other				21429452	1	6976	191	0	next
Picture	move	other				21436428	190	47845	191	0	next
Picture	loadClose	other				21484273	1	68985	2	0	next
Picture	view	other				21553258	1	5998	3	0	next
Picture	move	other				21559256	2	45657	3	0	next
Picture	loadClose	other				21604913	1	47156	2	0	next
Picture	view	other				21652069	1	4999	2	0	next
Picture	move	other				21657068	1	45823	3	0	next
Picture	loadClose	other				21702891	2	41325	3	0	next
Picture	view	other				21744216	1	5998	3	0	next
Picture	move	other				21750214	2	42491	3	0	next
Picture	loadClose	other				21792705	1	42157	3	0	next
Picture	view	other				21834862	2	4666	4	0	next
Picture	move	other				21839528	2	44324	3	0	next
Picture	loadClose	other				21883852	1	46989	2	0	next
Picture	view	other				21930841	1	5499	2	0	next
Picture	move	other				21936340	1	45157	2	0	next
Picture	loadClose	other				21981497	1	41991	2	0	next
Picture	view	other				22023488	1	6831	3	0	next
Picture	move	other				22030319	2	47823	3	0	next
Picture	endSession	other				22078142	1	35537	2	0	next
