Scenario - opto_replant
Logfile written - 11/26/2014 11:29:48

Subject	Trial	Event Type	Code	Time	TTime	Uncertainty	Duration	Uncertainty	ReqTime	ReqDur	Stim Type	Pair Index

03_37	1	Picture	begin	332	0	2	43894160	3	0	next	other	0
03_37	1	Response	5	40922995	40922663	2
03_37	1	Response	6	40923295	40922963	2
03_37	1	Response	8	41249839	41249507	2
03_37	1	Response	7	41250419	41250087	2
03_37	1	Response	6	41663891	41663559	2
03_37	1	Response	5	41668731	41668399	2
03_37	1	Response	8	41703511	41703179	2
03_37	1	Response	6	41846548	41846216	2
03_37	1	Response	8	41966176	41965844	2
03_37	1	Response	6	42025045	42024713	2
03_37	1	Response	7	42323289	42322957	2
03_37	1	Response	8	42323439	42323107	2
03_37	1	Response	5	43533317	43532985	2
03_37	1	Response	6	43533427	43533095	2
03_37	1	Response	9	43894331	43893999	2
03_37	2	Picture	loadClose	43894492	0	1	112475	2	0	next	other	0
03_37	2	Response	9	44006889	112397	1
03_37	3	Picture	view	44006967	0	1	73483	3	0	next	other	0
03_37	3	Response	8	44080307	73340	2
03_37	4	Picture	move	44080450	0	2	50156	3	0	next	other	0
03_37	5	Picture	check	44130606	0	1	9164	2	0	next	other	0
03_37	5	Response	2	44139626	9020	3
03_37	6	Picture	loadClose	44139770	0	1	128638	2	0	next	other	0
03_37	6	Response	6	44143656	3886	2
03_37	6	Response	9	44268264	128494	2
03_37	7	Picture	view	44268408	0	1	9331	3	0	next	other	0
03_37	7	Response	8	44277634	9226	2
03_37	8	Picture	move	44277739	0	2	50156	3	0	next	other	0
03_37	8	Response	2	44307945	30206	1
03_37	9	Picture	loadClose	44327895	0	1	88313	2	0	next	other	0
03_37	9	Response	6	44328583	688	2
03_37	9	Response	9	44416061	88166	2
03_37	10	Picture	view	44416208	0	1	10165	2	0	next	other	0
03_37	10	Response	8	44426261	10053	2
03_37	11	Picture	move	44426373	0	1	45156	2	0	next	other	0
03_37	11	Response	2	44459462	33089	1
03_37	11	Response	6	44471410	45037	2
03_37	12	Picture	loadClose	44471529	0	1	75983	2	0	next	other	0
03_37	12	Response	9	44547429	75900	2
03_37	13	Picture	view	44547512	0	1	9998	2	0	next	other	0
03_37	13	Response	8	44557379	9867	2
03_37	14	Picture	move	44557510	0	1	50155	3	0	next	other	0
03_37	14	Response	2	44592420	34910	1
03_37	15	Picture	loadClose	44607665	0	2	85981	3	0	next	other	0
03_37	15	Response	6	44607888	223	2
03_37	15	Response	9	44693566	85901	2
03_37	16	Picture	view	44693646	0	1	8831	3	0	next	other	0
03_37	16	Response	8	44702226	8580	2
03_37	17	Picture	move	44702477	0	2	50156	3	0	next	other	0
03_37	17	Response	2	44734017	31540	1
03_37	18	Picture	loadClose	44752633	0	1	92646	2	0	next	other	0
03_37	18	Response	6	44754845	2212	2
03_37	18	Response	9	44845253	92620	2
03_37	18	Response	9	44845273	92640	2
03_37	19	Picture	view	44845279	0	1	5998	3	0	next	other	0
03_37	19	Response	8	44851163	5884	2
03_37	20	Picture	move	44851277	0	2	46823	4	0	next	other	0
03_37	20	Response	2	44879295	28018	1
03_37	20	Response	6	44897913	46636	1
03_37	21	Picture	loadClose	44898100	0	2	95146	3	0	next	other	0
03_37	21	Response	9	44993061	94961	2
03_37	22	Picture	view	44993246	0	1	7165	3	0	next	other	0
03_37	22	Response	8	45000251	7005	2
03_37	23	Picture	move	45000411	0	2	42824	3	0	next	other	0
03_37	23	Response	2	45026972	26561	1
03_37	23	Response	6	45043040	42629	2
03_37	24	Picture	loadClose	45043235	0	1	84481	2	0	next	other	0
03_37	24	Response	9	45127658	84423	2
03_37	25	Picture	view	45127716	0	1	7474	193	0	next	other	0
03_37	25	Response	8	45135128	7412	2
03_37	26	Picture	move	45135190	0	192	42681	193	0	next	other	0
03_37	26	Response	2	45165209	30019	1
03_37	26	Response	6	45177747	42557	2
03_37	27	Picture	loadClose	45177871	0	1	67818	2	0	next	other	0
03_37	27	Response	9	45245666	67795	2
03_37	28	Picture	view	45245689	0	1	6499	2	0	next	other	0
03_37	28	Response	8	45252006	6317	2
03_37	29	Picture	move	45252188	0	1	36492	2	0	next	other	0
03_37	29	Response	2	45280887	28699	1
03_37	29	Response	6	45288515	36327	3
03_37	30	Picture	loadClose	45288680	0	1	111808	2	0	next	other	0
03_37	30	Response	9	45400423	111743	2
03_37	31	Picture	view	45400488	0	1	7331	3	0	next	other	0
03_37	31	Response	8	45407673	7185	2
03_37	32	Picture	move	45407819	0	2	47490	3	0	next	other	0
03_37	32	Response	2	45443604	35785	1
03_37	32	Response	6	45455162	47343	2
03_37	33	Picture	loadClose	45455309	0	1	62819	2	0	next	other	0
03_37	33	Response	9	45518061	62752	2
03_37	34	Picture	view	45518128	0	1	6999	2	0	next	other	0
03_37	34	Response	8	45524941	6813	2
03_37	35	Picture	move	45525127	0	1	40823	3	0	next	other	0
03_37	35	Response	2	45558482	33355	1
03_37	35	Response	6	45565790	40663	2
03_37	36	Picture	loadClose	45565950	0	2	67986	3	0	next	other	0
03_37	36	Response	9	45633879	67929	2
03_37	37	Picture	view	45633936	0	1	7331	3	0	next	other	0
03_37	37	Response	8	45641119	7183	2
03_37	38	Picture	move	45641267	0	2	46931	229	0	next	other	0
03_37	38	Response	2	45664720	23453	1
03_37	38	Response	6	45688158	46891	2
03_37	39	Picture	loadClose	45688198	0	227	81541	228	0	next	other	0
03_37	39	Response	9	45769607	81409	1
03_37	40	Picture	view	45769739	0	1	6976	191	0	next	other	0
03_37	40	Response	8	45776646	6907	2
03_37	41	Picture	move	45776715	0	190	38456	415	0	next	other	0
03_37	41	Response	2	45814638	37923	1
03_37	41	Response	6	45815126	38411	2
03_37	42	Picture	loadClose	45815171	0	225	74207	226	0	next	other	0
03_37	42	Response	9	45889354	74183	2
03_37	43	Picture	view	45889378	0	1	5976	192	0	next	other	0
03_37	43	Response	8	45895274	5896	2
03_37	44	Picture	move	45895354	0	191	44513	192	0	next	other	0
03_37	44	Response	2	45929996	34642	1
03_37	44	Response	6	45939724	44370	1
03_37	45	Picture	loadClose	45939867	0	1	80149	2	0	next	other	0
03_37	45	Response	9	46019842	79975	2
03_37	46	Picture	view	46020016	0	1	6165	2	0	next	other	0
03_37	46	Response	8	46025992	5976	2
03_37	47	Picture	move	46026181	0	1	38991	2	0	next	other	0
03_37	47	Response	2	46063593	37412	1
03_37	47	Response	6	46065011	38830	2
03_37	48	Picture	loadClose	46065172	0	1	342090	3	0	next	other	0
03_37	48	Response	9	46407175	342003	2
03_37	49	Picture	view	46407262	0	2	7332	3	0	next	other	0
03_37	49	Response	8	46414345	7083	2
03_37	50	Picture	move	46414594	0	1	40990	3	0	next	other	0
03_37	50	Response	2	46451264	36670	3
03_37	50	Response	6	46455374	40780	2
03_37	51	Picture	loadClose	46455584	0	2	75317	4	0	next	other	0
03_37	51	Response	9	46530853	75269	2
03_37	52	Picture	view	46530901	0	2	6499	3	0	next	other	0
03_37	52	Response	8	46537233	6332	1
03_37	53	Picture	move	46537400	0	1	43490	2	0	next	other	0
03_37	53	Response	2	46563904	26504	1
03_37	53	Response	6	46580702	43302	2
03_37	54	Picture	loadClose	46580890	0	1	76983	2	0	next	other	0
03_37	54	Response	9	46657700	76810	2
03_37	55	Picture	view	46657873	0	1	5499	2	0	next	other	0
03_37	55	Response	8	46663190	5317	2
03_37	56	Picture	move	46663372	0	1	37942	218	0	next	other	0
03_37	56	Response	2	46695582	32210	1
03_37	56	Response	6	46701270	37898	2
03_37	57	Picture	loadClose	46701314	0	217	78864	219	0	next	other	0
03_37	57	Response	9	46780028	78714	2
03_37	58	Picture	view	46780178	0	2	6810	193	0	next	other	0
03_37	58	Response	8	46786908	6730	2
03_37	59	Picture	move	46786988	0	191	41347	192	0	next	other	0
03_37	59	Response	2	46822459	35471	1
03_37	59	Response	6	46828187	41199	2
03_37	60	Picture	loadClose	46828335	0	1	88980	2	0	next	other	0
03_37	60	Response	9	46917156	88821	2
03_37	61	Picture	view	46917315	0	1	5998	3	0	next	other	0
03_37	61	Response	8	46923106	5791	1
03_37	62	Picture	move	46923313	0	2	36659	3	0	next	other	0
03_37	62	Response	2	46953817	30504	1
03_37	62	Response	6	46959825	36512	2
03_37	63	Picture	loadClose	46959972	0	1	75816	2	0	next	other	0
03_37	63	Response	9	47035694	75722	1
03_37	64	Picture	view	47035788	0	1	6665	4	0	next	other	0
03_37	64	Response	8	47042203	6415	2
03_37	65	Picture	move	47042453	0	3	36826	4	0	next	other	0
03_37	65	Response	2	47078615	36162	1
03_37	65	Response	6	47079133	36680	1
03_37	66	Picture	loadClose	47079279	0	1	116140	2	0	next	other	0
03_37	66	Response	9	47195301	116022	1
03_37	67	Picture	view	47195419	0	1	6499	2	0	next	other	0
03_37	67	Response	8	47201731	6312	1
03_37	68	Picture	move	47201918	0	1	45156	2	0	next	other	0
03_37	68	Response	2	47232212	30294	1
03_37	68	Response	6	47246960	45042	2
03_37	69	Picture	loadClose	47247074	0	1	78149	3	0	next	other	0
03_37	69	Response	9	47325088	78014	2
03_37	70	Picture	view	47325223	0	2	6665	4	0	next	other	0
03_37	70	Response	8	47331698	6475	2
03_37	71	Picture	move	47331888	0	2	45657	3	0	next	other	0
03_37	71	Response	2	47363409	31521	1
03_37	71	Response	6	47377347	45459	2
03_37	72	Picture	loadClose	47377545	0	1	85314	2	0	next	other	0
03_37	72	Response	9	47462806	85261	2
03_37	73	Picture	view	47462859	0	1	8332	2	0	next	other	0
03_37	73	Response	8	47471046	8187	1
03_37	74	Picture	move	47471191	0	1	43657	2	0	next	other	0
03_37	74	Response	2	47505487	34296	1
03_37	74	Response	6	47514725	43534	2
03_37	75	Picture	endBlock	47514848	0	1	30160	2	0	next	other	0
03_37	76	Picture	begin	47545008	0	1	514051	2	0	next	other	0
03_37	76	Response	9	48058835	513827	2
03_37	77	Picture	loadClose	48059059	0	1	41491	2	0	next	other	0
03_37	77	Response	9	48100394	41335	2
03_37	78	Picture	view	48100550	0	1	8498	2	0	next	other	0
03_37	78	Response	8	48108814	8264	2
03_37	79	Picture	move	48109048	0	1	33659	2	0	next	other	0
03_37	79	Response	2	48139553	30505	3
03_37	79	Response	6	48142593	33545	2
03_37	80	Picture	loadClose	48142707	0	1	51489	2	0	next	other	0
03_37	80	Response	9	48194072	51365	2
03_37	80	Response	9	48194092	51385	2
03_37	81	Picture	view	48194196	0	1	9331	2	0	next	other	0
03_37	81	Response	8	48203272	9076	2
03_37	82	Picture	move	48203527	0	1	30993	2	0	next	other	0
03_37	82	Response	6	48234352	30825	1
03_37	83	Picture	check	48234520	0	1	4499	2	0	next	other	0
03_37	83	Response	2	48238914	4394	1
03_37	84	Picture	loadClose	48239019	0	1	49655	3	0	next	other	0
03_37	84	Response	9	48288581	49562	1
03_37	85	Picture	view	48288674	0	2	5832	4	0	next	other	0
03_37	85	Response	8	48294271	5597	2
03_37	86	Picture	move	48294506	0	2	31660	3	0	next	other	0
03_37	86	Response	2	48321312	26806	1
03_37	86	Response	6	48326020	31514	2
03_37	87	Picture	loadClose	48326166	0	1	43823	3	0	next	other	0
03_37	87	Response	9	48369839	43673	2
03_37	88	Picture	view	48369989	0	2	5666	3	0	next	other	0
03_37	88	Response	8	48375479	5490	2
03_37	89	Picture	move	48375655	0	1	31660	2	0	next	other	0
03_37	89	Response	2	48399711	24056	1
03_37	89	Response	6	48407189	31534	1
03_37	90	Picture	loadClose	48407315	0	1	64485	2	0	next	other	0
03_37	90	Response	9	48471687	64372	2
03_37	91	Picture	view	48471800	0	1	6332	2	0	next	other	0
03_37	91	Response	8	48478007	6207	2
03_37	92	Picture	move	48478132	0	1	31326	2	0	next	other	0
03_37	92	Response	2	48507069	28937	1
03_37	92	Response	6	48509287	31155	1
03_37	93	Picture	loadClose	48509458	0	1	66152	2	0	next	other	0
03_37	93	Response	9	48575486	66028	1
03_37	94	Picture	view	48575610	0	1	5832	3	0	next	other	0
03_37	94	Response	8	48581305	5695	2
03_37	95	Picture	move	48581442	0	2	30827	3	0	next	other	0
03_37	95	Response	6	48612075	30633	2
03_37	96	Picture	check	48612269	0	1	1833	2	0	next	other	0
03_37	96	Response	2	48613947	1678	1
03_37	97	Picture	loadClose	48614102	0	1	51988	2	0	next	other	0
03_37	97	Response	9	48665944	51842	2
03_37	98	Picture	view	48666090	0	1	5165	3	0	next	other	0
03_37	98	Response	8	48671144	5054	1
03_37	99	Picture	move	48671255	0	2	33660	3	0	next	other	0
03_37	99	Response	2	48700345	29090	1
03_37	99	Response	6	48704733	33478	2
03_37	100	Picture	loadClose	48704915	0	1	47656	2	0	next	other	0
03_37	100	Response	9	48752432	47517	2
03_37	101	Picture	view	48752571	0	1	7165	2	0	next	other	0
03_37	101	Response	8	48759582	7011	2
03_37	102	Picture	move	48759736	0	1	35825	2	0	next	other	0
03_37	102	Response	2	48793623	33887	1
03_37	102	Response	6	48795411	35675	2
03_37	103	Picture	loadClose	48795561	0	1	55654	2	0	next	other	0
03_37	103	Response	9	48851160	55599	2
03_37	104	Picture	view	48851215	0	1	6165	3	0	next	other	0
03_37	104	Response	8	48857160	5945	2
03_37	105	Picture	move	48857380	0	2	30494	3	0	next	other	0
03_37	105	Response	2	48883702	26322	1
03_37	105	Response	6	48887810	30430	2
03_37	106	Picture	loadClose	48887874	0	1	50655	3	0	next	other	0
03_37	106	Response	9	48938349	50475	2
03_37	107	Picture	view	48938529	0	2	7809	193	0	next	other	0
03_37	107	Response	8	48946259	7730	2
03_37	108	Picture	move	48946338	0	191	32682	192	0	next	other	0
03_37	108	Response	2	48970420	24082	1
03_37	108	Response	6	48978858	32520	2
03_37	109	Picture	loadClose	48979020	0	1	52155	2	0	next	other	0
03_37	109	Response	9	49031137	52117	2
03_37	110	Picture	view	49031175	0	1	5665	3	0	next	other	0
03_37	110	Response	8	49036627	5452	2
03_37	111	Picture	move	49036840	0	2	32993	3	0	next	other	0
03_37	111	Response	2	49053619	16779	1
03_37	111	Response	6	49069756	32916	2
03_37	112	Picture	loadClose	49069833	0	1	42990	2	0	next	other	0
03_37	112	Response	9	49112786	42953	1
03_37	113	Picture	view	49112823	0	1	3833	3	0	next	other	0
03_37	113	Response	8	49116526	3703	1
03_37	114	Picture	move	49116656	0	2	35492	3	0	next	other	0
03_37	114	Response	2	49145457	28801	1
03_37	114	Response	6	49152055	35399	2
03_37	115	Picture	loadClose	49152148	0	1	43656	3	0	next	other	0
03_37	115	Response	9	49195744	43596	2
03_37	116	Picture	view	49195804	0	2	5999	4	0	next	other	0
03_37	116	Response	8	49201564	5760	2
03_37	117	Picture	move	49201803	0	2	31327	3	0	next	other	0
03_37	117	Response	2	49229776	27973	1
03_37	117	Response	6	49232954	31151	1
03_37	118	Picture	loadClose	49233130	0	1	47656	2	0	next	other	0
03_37	118	Response	9	49280743	47613	1
03_37	119	Picture	view	49280786	0	1	6998	2	0	next	other	0
03_37	119	Response	8	49287603	6817	1
03_37	120	Picture	move	49287784	0	1	31826	2	0	next	other	0
03_37	120	Response	2	49319374	31590	1
03_37	120	Response	6	49319502	31718	2
03_37	121	Picture	loadClose	49319610	0	1	43657	2	0	next	other	0
03_37	121	Response	9	49363101	43491	2
03_37	122	Picture	view	49363267	0	1	6999	2	0	next	other	0
03_37	122	Response	8	49370151	6884	2
03_37	123	Picture	move	49370266	0	1	29160	2	0	next	other	0
03_37	123	Response	2	49396972	26706	1
03_37	123	Response	6	49399210	28944	2
03_37	124	Picture	loadClose	49399426	0	1	47656	2	0	next	other	0
03_37	124	Response	9	49447050	47624	2
03_37	125	Picture	view	49447082	0	1	6332	2	0	next	other	0
03_37	125	Response	8	49453169	6087	2
03_37	126	Picture	move	49453414	0	1	30326	2	0	next	other	0
03_37	126	Response	6	49483699	30285	2
03_37	127	Picture	check	49483740	0	1	2000	2	0	next	other	0
03_37	127	Response	2	49485611	1871	1
03_37	128	Picture	loadClose	49485740	0	1	44656	3	0	next	other	0
03_37	128	Response	9	49530318	44578	2
03_37	129	Picture	view	49530396	0	2	5166	3	0	next	other	0
03_37	129	Response	8	49535308	4912	2
03_37	130	Picture	move	49535562	0	1	34325	4	0	next	other	0
03_37	130	Response	2	49553770	18208	1
03_37	130	Response	6	49569817	34255	2
03_37	131	Picture	loadClose	49569887	0	3	47989	5	0	next	other	0
03_37	131	Response	9	49617726	47839	2
03_37	131	Response	9	49617746	47859	2
03_37	132	Picture	view	49617876	0	2	5333	3	0	next	other	0
03_37	132	Response	8	49623096	5220	2
03_37	133	Picture	move	49623209	0	1	28827	3	0	next	other	0
03_37	133	Response	2	49639528	16319	1
03_37	133	Response	6	49651876	28667	2
03_37	134	Picture	loadClose	49652036	0	2	64152	3	0	next	other	0
03_37	134	Response	9	49716085	64049	1
03_37	135	Picture	view	49716188	0	1	4832	3	0	next	other	0
03_37	135	Response	8	49720785	4597	1
03_37	136	Picture	move	49721020	0	2	30327	3	0	next	other	0
03_37	136	Response	2	49743206	22186	1
03_37	136	Response	6	49751204	30184	2
03_37	137	Picture	loadClose	49751347	0	1	46323	2	0	next	other	0
03_37	137	Response	9	49797633	46286	2
03_37	138	Picture	view	49797670	0	1	5332	2	0	next	other	0
03_37	138	Response	8	49802843	5173	2
03_37	139	Picture	move	49803002	0	1	29660	2	0	next	other	0
03_37	139	Response	2	49826405	23403	1
03_37	139	Response	6	49832553	29551	1
03_37	140	Picture	loadClose	49832662	0	1	47823	2	0	next	other	0
03_37	140	Response	9	49880382	47720	1
03_37	141	Picture	view	49880485	0	1	6498	3	0	next	other	0
03_37	141	Response	8	49886732	6247	1
03_37	142	Picture	move	49886983	0	2	31493	3	0	next	other	0
03_37	142	Response	2	49912963	25980	1
03_37	142	Response	6	49918351	31368	2
03_37	143	Picture	loadClose	49918476	0	1	50822	2	0	next	other	0
03_37	143	Response	9	49969160	50684	2
03_37	144	Picture	view	49969298	0	1	4999	2	0	next	other	0
03_37	144	Response	8	49974170	4872	2
03_37	145	Picture	move	49974297	0	1	27994	2	0	next	other	0
03_37	145	Response	2	50001441	27144	1
03_37	145	Response	6	50002149	27852	2
03_37	146	Picture	loadClose	50002291	0	1	51655	2	0	next	other	0
03_37	146	Response	9	50053769	51478	1
03_37	147	Picture	view	50053946	0	1	6142	192	0	next	other	0
03_37	147	Response	8	50060008	6062	2
03_37	148	Picture	move	50060088	0	191	31683	192	0	next	other	0
03_37	148	Response	2	50084320	24232	1
03_37	148	Response	6	50091638	31550	2
03_37	149	Picture	loadClose	50091771	0	1	47322	3	0	next	other	0
03_37	149	Response	9	50139037	47266	2
03_37	150	Picture	view	50139093	0	2	6332	4	0	next	other	0
03_37	150	Response	8	50145257	6164	2
03_37	151	Picture	move	50145425	0	2	31327	3	0	next	other	0
03_37	151	Response	6	50176596	31171	2
03_37	152	Picture	endBlock	50176752	0	1	30160	2	0	next	other	0
03_37	152	Response	2	50178878	2126	1
03_37	152	Response	8	50194836	18084	2
03_37	152	Response	7	50195226	18474	2
03_37	153	Picture	begin	50206912	0	1	4170899	2	0	next	other	0
03_37	153	Response	6	51551071	1344159	2
03_37	153	Response	8	51552221	1345309	2
03_37	153	Response	5	51568061	1361149	2
03_37	153	Response	7	51568721	1361809	2
03_37	153	Response	5	52770449	2563537	2
03_37	153	Response	6	52770949	2564037	2
03_37	153	Response	8	52775509	2568597	2
03_37	153	Response	7	52775599	2568687	2
03_37	153	Response	6	52881577	2674665	2
03_37	153	Response	5	52882347	2675435	2
03_37	153	Response	7	52891907	2684995	2
03_37	153	Response	5	52895627	2688715	2
03_37	153	Response	8	52911376	2704464	2
03_37	153	Response	7	52911506	2704594	2
03_37	153	Response	6	53055424	2848512	2
03_37	153	Response	5	53055494	2848582	2
03_37	153	Response	7	53094953	2888041	2
03_37	153	Response	5	53144792	2937880	2
03_37	153	Response	7	53147642	2940730	2
03_37	153	Response	5	53148622	2941710	2
03_37	153	Response	7	53362158	3155246	2
03_37	153	Response	5	53401628	3194716	1
03_37	153	Response	7	53412157	3205245	2
03_37	153	Response	5	53414017	3207105	2
03_37	153	Response	7	53441767	3234855	2
03_37	153	Response	5	53479576	3272664	2
03_37	153	Response	7	53525645	3318733	2
03_37	153	Response	5	53565125	3358213	1
03_37	153	Response	7	53649893	3442981	2
03_37	153	Response	8	53650233	3443321	2
03_37	153	Response	5	53790340	3583428	2
03_37	153	Response	6	53791370	3584458	2
03_37	153	Response	7	53891379	3684467	1
03_37	153	Response	8	53891459	3684547	1
03_37	153	Response	5	54191883	3984971	2
03_37	153	Response	6	54192023	3985111	2
03_37	153	Response	9	54377720	4170808	2
03_37	154	Picture	loadClose	54377811	0	1	130638	2	0	next	other	0
03_37	154	Response	9	54508377	130566	2
03_37	155	Picture	view	54508449	0	1	7165	2	0	next	other	0
03_37	155	Response	7	54515477	7028	2
03_37	156	Picture	move	54515614	0	1	36658	2	0	next	other	0
03_37	156	Response	2	54549837	34223	2
03_37	156	Response	5	54552077	36463	2
03_37	157	Picture	loadClose	54552272	0	1	62319	3	0	next	other	0
03_37	157	Response	9	54614555	62283	2
03_37	158	Picture	view	54614591	0	2	5832	4	0	next	other	0
03_37	158	Response	7	54620185	5594	2
03_37	159	Picture	move	54620423	0	2	33493	3	0	next	other	0
03_37	159	Response	2	54646957	26534	1
03_37	159	Response	5	54653845	33422	1
03_37	160	Picture	loadClose	54653916	0	1	54488	2	0	next	other	0
03_37	160	Response	9	54708324	54408	2
03_37	161	Picture	view	54708404	0	1	6998	3	0	next	other	0
03_37	161	Response	7	54715284	6880	1
03_37	162	Picture	move	54715402	0	2	36659	3	0	next	other	0
03_37	162	Response	2	54742955	27553	1
03_37	162	Response	5	54751883	36481	2
03_37	163	Picture	loadClose	54752061	0	1	58820	2	0	next	other	0
03_37	163	Response	9	54810732	58671	2
03_37	164	Picture	view	54810881	0	1	4499	2	0	next	other	0
03_37	164	Response	7	54815252	4371	2
03_37	165	Picture	move	54815380	0	1	31659	3	0	next	other	0
03_37	165	Response	2	54843753	28373	1
03_37	165	Response	5	54846911	31531	2
03_37	166	Picture	loadClose	54847039	0	2	64986	3	0	next	other	0
03_37	166	Response	9	54911920	64881	2
03_37	167	Picture	view	54912025	0	1	4999	2	0	next	other	0
03_37	167	Response	7	54916890	4865	2
03_37	168	Picture	move	54917024	0	1	30493	2	0	next	other	0
03_37	168	Response	2	54943751	26727	1
03_37	168	Response	5	54947369	30345	2
03_37	169	Picture	loadClose	54947517	0	1	57154	2	0	next	other	0
03_37	169	Response	9	55004548	57031	2
03_37	170	Picture	view	55004671	0	1	4644	190	0	next	other	0
03_37	170	Response	7	55009238	4567	2
03_37	171	Picture	move	55009315	0	189	32014	190	0	next	other	0
03_37	171	Response	2	55038630	29315	1
03_37	171	Response	5	55041118	31803	1
03_37	172	Picture	loadClose	55041329	0	1	52655	2	0	next	other	0
03_37	172	Response	9	55093957	52628	1
03_37	173	Picture	view	55093984	0	1	3999	3	0	next	other	0
03_37	173	Response	9	55093987	3	2
03_37	173	Response	7	55097807	3823	1
03_37	174	Picture	move	55097983	0	2	33993	3	0	next	other	0
03_37	174	Response	2	55119588	21605	1
03_37	174	Response	5	55131846	33863	2
03_37	175	Picture	loadClose	55131976	0	1	59653	2	0	next	other	0
03_37	175	Response	9	55191585	59609	2
03_37	176	Picture	view	55191629	0	1	5665	3	0	next	other	0
03_37	176	Response	7	55197135	5506	2
03_37	177	Picture	move	55197294	0	2	34659	3	0	next	other	0
03_37	177	Response	2	55223746	26452	1
03_37	177	Response	5	55231744	34450	2
03_37	178	Picture	loadClose	55231953	0	1	39825	2	0	next	other	0
03_37	178	Response	9	55271743	39790	2
03_37	179	Picture	view	55271778	0	1	6332	2	0	next	other	0
03_37	179	Response	7	55277903	6125	2
03_37	180	Picture	move	55278110	0	1	29826	2	0	next	other	0
03_37	180	Response	2	55299905	21795	1
03_37	180	Response	5	55307743	29633	2
03_37	181	Picture	loadClose	55307936	0	1	60820	2	0	next	other	0
03_37	181	Response	9	55368722	60786	1
03_37	182	Picture	view	55368756	0	1	3999	2	0	next	other	0
03_37	182	Response	7	55372622	3866	1
03_37	183	Picture	move	55372755	0	1	30826	3	0	next	other	0
03_37	183	Response	2	55398623	25868	1
03_37	183	Response	5	55403381	30626	2
03_37	184	Picture	loadClose	55403581	0	2	114475	3	0	next	other	0
03_37	184	Response	9	55517909	114328	2
03_37	185	Picture	view	55518056	0	1	4999	2	0	next	other	0
03_37	185	Response	7	55522959	4903	2
03_37	186	Picture	move	55523055	0	1	34992	2	0	next	other	0
03_37	186	Response	2	55551900	28845	1
03_37	186	Response	5	55557918	34863	2
03_37	187	Picture	loadClose	55558047	0	1	40657	3	0	next	other	0
03_37	187	Response	9	55598657	40610	2
03_37	188	Picture	view	55598704	0	2	5166	3	0	next	other	0
03_37	188	Response	7	55603607	4903	2
03_37	189	Picture	move	55603870	0	1	30160	2	0	next	other	0
03_37	189	Response	5	55633917	30047	2
03_37	190	Picture	check	55634030	0	1	666	3	0	next	other	0
03_37	190	Response	2	55634619	589	1
03_37	191	Picture	loadClose	55634696	0	2	50322	4	0	next	other	0
03_37	191	Response	9	55684976	50280	2
03_37	192	Picture	view	55685018	0	2	3666	4	0	next	other	0
03_37	192	Response	7	55688476	3458	2
03_37	193	Picture	move	55688684	0	2	31993	3	0	next	other	0
03_37	193	Response	5	55720545	31861	2
03_37	194	Picture	check	55720677	0	1	3333	2	0	next	other	0
03_37	194	Response	2	55723897	3220	1
03_37	195	Picture	loadClose	55724010	0	1	44990	2	0	next	other	0
03_37	195	Response	9	55768974	44964	2
03_37	196	Picture	view	55769000	0	1	3141	194	0	next	other	0
03_37	196	Response	7	55772054	3054	2
03_37	197	Picture	move	55772141	0	193	31351	194	0	next	other	0
03_37	197	Response	5	55803414	31273	2
03_37	198	Picture	check	55803492	0	1	2833	2	0	next	other	0
03_37	198	Response	2	55806296	2804	1
03_37	199	Picture	loadClose	55806325	0	1	45156	2	0	next	other	0
03_37	199	Response	9	55851303	44978	2
03_37	200	Picture	view	55851481	0	1	3166	3	0	next	other	0
03_37	200	Response	7	55854483	3002	2
03_37	201	Picture	move	55854647	0	2	32326	3	0	next	other	0
03_37	201	Response	2	55883734	29087	1
03_37	201	Response	5	55886752	32105	2
03_37	202	Picture	loadClose	55886973	0	1	58321	2	0	next	other	0
03_37	202	Response	9	55945171	58198	2
03_37	203	Picture	view	55945294	0	1	4165	3	0	next	other	0
03_37	203	Response	7	55949331	4037	2
03_37	204	Picture	move	55949459	0	2	34659	3	0	next	other	0
03_37	204	Response	2	55970773	21314	1
03_37	204	Response	5	55984060	34601	2
03_37	205	Picture	loadClose	55984118	0	1	61653	2	0	next	other	0
03_37	205	Response	9	56045609	61491	2
03_37	205	Response	9	56045629	61511	2
03_37	206	Picture	view	56045771	0	1	4166	2	0	next	other	0
03_37	206	Response	7	56049779	4008	2
03_37	207	Picture	move	56049937	0	1	28827	2	0	next	other	0
03_37	207	Response	2	56072691	22754	1
03_37	207	Response	5	56078659	28722	2
03_37	208	Picture	loadClose	56078764	0	1	62152	3	0	next	other	0
03_37	208	Response	9	56140758	61994	1
03_37	208	Response	9	56140778	62014	1
03_37	209	Picture	view	56140916	0	2	3166	4	0	next	other	0
03_37	209	Response	7	56143918	3002	1
03_37	210	Picture	move	56144082	0	2	32327	3	0	next	other	0
03_37	210	Response	2	56163089	19007	1
03_37	210	Response	5	56176307	32225	2
03_37	211	Picture	loadClose	56176409	0	1	60819	2	0	next	other	0
03_37	211	Response	9	56237146	60737	2
03_37	212	Picture	view	56237228	0	1	4149	186	0	next	other	0
03_37	212	Response	7	56241296	4068	2
03_37	213	Picture	move	56241377	0	185	35509	186	0	next	other	0
03_37	213	Response	2	56273807	32430	1
03_37	213	Response	5	56276805	35428	2
03_37	214	Picture	loadClose	56276886	0	1	45990	2	0	next	other	0
03_37	214	Response	9	56322724	45838	2
03_37	215	Picture	view	56322876	0	1	4665	3	0	next	other	0
03_37	215	Response	7	56327344	4468	2
03_37	216	Picture	move	56327541	0	2	32160	3	0	next	other	0
03_37	216	Response	5	56359594	32053	1
03_37	217	Picture	check	56359701	0	1	3832	2	0	next	other	0
03_37	217	Response	2	56363405	3704	1
03_37	218	Picture	loadClose	56363533	0	1	48823	2	0	next	other	0
03_37	218	Response	9	56412273	48740	1
03_37	219	Picture	view	56412356	0	1	4499	2	0	next	other	0
03_37	219	Response	7	56416653	4297	1
03_37	220	Picture	move	56416855	0	1	30993	2	0	next	other	0
03_37	220	Response	2	56444684	27829	1
03_37	220	Response	5	56447702	30847	2
03_37	221	Picture	loadClose	56447848	0	1	48322	2	0	next	other	0
03_37	221	Response	9	56496081	48233	2
03_37	222	Picture	view	56496170	0	1	5332	3	0	next	other	0
03_37	222	Response	7	56501341	5171	2
03_37	223	Picture	move	56501502	0	2	32826	3	0	next	other	0
03_37	223	Response	2	56522602	21100	1
03_37	223	Response	5	56534170	32668	2
03_37	224	Picture	loadClose	56534328	0	1	59320	3	0	next	other	0
03_37	224	Response	9	56593489	59161	2
03_37	225	Picture	view	56593648	0	2	3666	4	0	next	other	0
03_37	225	Response	7	56597209	3561	2
03_37	226	Picture	move	56597314	0	2	32980	183	0	next	other	0
03_37	226	Response	2	56622441	25127	1
03_37	226	Response	5	56630229	32915	1
03_37	227	Picture	loadClose	56630294	0	181	53334	183	0	next	other	0
03_37	227	Response	9	56683518	53224	1
03_37	228	Picture	view	56683628	0	2	4832	4	0	next	other	0
03_37	228	Response	7	56688328	4700	1
03_37	229	Picture	move	56688460	0	2	31493	4	0	next	other	0
03_37	229	Response	2	56706439	17979	1
03_37	229	Response	5	56719877	31417	2
03_37	230	Picture	endBlock	56719953	0	2	30160	4	0	next	other	0
03_37	230	Response	7	56732847	12894	2
03_37	230	Response	8	56733317	13364	2
03_37	231	Picture	begin	56750113	0	2	233781	3	0	next	other	0
03_37	231	Response	5	56980672	230559	2
03_37	231	Response	6	56981052	230939	2
03_37	231	Response	9	56983802	233689	2
03_37	232	Picture	loadClose	56983894	0	1	95812	2	0	next	other	0
03_37	232	Response	9	57079661	95767	1
03_37	233	Picture	view	57079706	0	1	6665	3	0	next	other	0
03_37	233	Response	7	57086160	6454	2
03_37	234	Picture	move	57086371	0	2	36812	183	0	next	other	0
03_37	234	Response	2	57102270	15899	3
03_37	234	Response	8	57123180	36809	1
03_37	235	Picture	wrongHand	57123183	0	181	65999	182	0	next	false_alarm	594
03_37	235	Response	9	57186289	63106	1
03_37	235	Response	6	57188999	65816	1
03_37	235	Response	5	57189118	65935	2
03_37	236	Picture	loadClose	57189182	0	1	305598	2	0	next	other	0
03_37	236	Response	9	57494643	305461	2
03_37	237	Picture	view	57494780	0	1	9311	189	0	next	other	0
03_37	237	Response	7	57504023	9243	2
03_37	238	Picture	move	57504091	0	188	48343	189	0	next	other	0
03_37	238	Response	2	57515223	11132	2
03_37	238	Response	5	57552222	48131	2
03_37	239	Picture	loadClose	57552434	0	1	91979	2	0	next	other	0
03_37	239	Response	9	57644310	91876	2
03_37	240	Picture	view	57644413	0	1	3999	3	0	next	other	0
03_37	240	Response	7	57648300	3887	2
03_37	241	Picture	move	57648412	0	2	41824	3	0	next	other	0
03_37	241	Response	2	57684180	35768	2
03_37	241	Response	5	57690149	41737	2
03_37	242	Picture	loadClose	57690236	0	1	118140	3	0	next	other	0
03_37	242	Response	9	57808317	118081	2
03_37	243	Picture	view	57808376	0	2	7149	187	0	next	other	0
03_37	243	Response	7	57815447	7071	2
03_37	244	Picture	move	57815525	0	185	43007	186	0	next	other	0
03_37	244	Response	2	57846578	31053	1
03_37	244	Response	5	57858416	42891	2
03_37	245	Picture	loadClose	57858532	0	1	92979	2	0	next	other	0
03_37	245	Response	9	57951405	92873	1
03_37	246	Picture	view	57951511	0	1	7332	2	0	next	other	0
03_37	246	Response	7	57958714	7203	2
03_37	247	Picture	move	57958843	0	1	38325	2	0	next	other	0
03_37	247	Response	5	57997004	38161	2
03_37	248	Picture	check	57997168	0	1	2499	2	0	next	other	0
03_37	248	Response	2	57999536	2368	1
03_37	249	Picture	loadClose	57999667	0	1	87814	2	0	next	other	0
03_37	249	Response	9	58087452	87785	2
03_37	250	Picture	view	58087481	0	1	3821	180	0	next	other	0
03_37	250	Response	7	58091222	3741	2
03_37	251	Picture	move	58091302	0	179	39669	180	0	next	other	0
03_37	251	Response	2	58125933	34631	1
03_37	251	Response	5	58130861	39559	2
03_37	252	Picture	loadClose	58130971	0	1	84481	2	0	next	other	0
03_37	252	Response	9	58215430	84459	2
03_37	253	Picture	view	58215452	0	1	5832	2	0	next	other	0
03_37	253	Response	7	58221150	5698	1
03_37	254	Picture	move	58221284	0	1	41158	2	0	next	other	0
03_37	254	Response	2	58236971	15687	1
03_37	254	Response	5	58262269	40985	2
03_37	255	Picture	loadClose	58262442	0	1	83647	3	0	next	other	0
03_37	255	Response	9	58345947	83505	2
03_37	256	Picture	view	58346089	0	2	6498	4	0	next	other	0
03_37	256	Response	7	58352437	6348	2
03_37	257	Picture	move	58352587	0	2	36493	3	0	next	other	0
03_37	257	Response	2	58387208	34621	1
03_37	257	Response	5	58388977	36390	1
03_37	258	Picture	loadClose	58389080	0	1	89646	3	0	next	other	0
03_37	258	Response	9	58478665	89585	2
03_37	259	Picture	view	58478726	0	2	6832	4	0	next	other	0
03_37	259	Response	7	58485445	6719	2
03_37	260	Picture	move	58485558	0	2	37825	3	0	next	other	0
03_37	260	Response	2	58518246	32688	1
03_37	260	Response	5	58523284	37726	2
03_37	261	Picture	loadClose	58523383	0	1	73817	2	0	next	other	0
03_37	261	Response	9	58597163	73780	2
03_37	262	Picture	view	58597200	0	1	8331	3	0	next	other	0
03_37	262	Response	7	58605283	8083	2
03_37	263	Picture	move	58605531	0	2	36141	188	0	next	other	0
03_37	263	Response	2	58626085	20554	1
03_37	263	Response	5	58641622	36091	2
03_37	264	Picture	loadClose	58641672	0	186	72335	187	0	next	other	0
03_37	264	Response	9	58713971	72299	1
03_37	265	Picture	view	58714007	0	1	5832	2	0	next	other	0
03_37	265	Response	7	58719601	5594	1
03_37	266	Picture	move	58719839	0	1	37158	3	0	next	other	0
03_37	266	Response	2	58744162	24323	1
03_37	266	Response	5	58756940	37101	2
03_37	267	Picture	loadClose	58756997	0	2	4666	3	0	next	other	0
03_37	267	Response	7	58761530	4533	2
03_37	268	Picture	wrongHand	58761663	0	1	2333	2	0	next	false_alarm	671
03_37	268	Response	5	58763870	2207	2
03_37	269	Picture	loadClose	58763996	0	1	55154	2	0	next	other	0
03_37	269	Response	9	58819059	55063	2
03_37	270	Picture	view	58819150	0	1	4499	3	0	next	other	0
03_37	270	Response	7	58823539	4389	1
03_37	271	Picture	move	58823649	0	2	34826	3	0	next	other	0
03_37	271	Response	2	58853280	29631	1
03_37	271	Response	5	58858368	34719	2
03_37	272	Picture	loadClose	58858475	0	1	83814	2	0	next	other	0
03_37	272	Response	9	58942147	83672	1
03_37	272	Response	9	58942167	83692	1
03_37	273	Picture	view	58942289	0	1	5166	2	0	next	other	0
03_37	273	Response	7	58947356	5067	3
03_37	274	Picture	move	58947455	0	1	42824	2	0	next	other	0
03_37	274	Response	2	58973918	26463	1
03_37	274	Response	5	58990186	42731	2
03_37	275	Picture	loadClose	58990279	0	1	60986	2	0	next	other	0
03_37	275	Response	9	59051135	60856	1
03_37	276	Picture	view	59051265	0	1	5499	2	0	next	other	0
03_37	276	Response	7	59056554	5289	2
03_37	277	Picture	move	59056764	0	1	34815	179	0	next	other	0
03_37	277	Response	2	59083196	26432	1
03_37	277	Response	5	59091534	34770	2
03_37	278	Picture	loadClose	59091579	0	178	69328	179	0	next	other	0
03_37	278	Response	9	59160863	69284	1
03_37	279	Picture	view	59160907	0	1	4665	3	0	next	other	0
03_37	279	Response	7	59165372	4465	2
03_37	280	Picture	move	59165572	0	2	35993	3	0	next	other	0
03_37	280	Response	2	59191034	25462	1
03_37	280	Response	5	59201412	35840	2
03_37	281	Picture	loadClose	59201565	0	1	80815	2	0	next	other	0
03_37	281	Response	9	59282230	80665	2
03_37	282	Picture	view	59282380	0	1	4999	2	0	next	other	0
03_37	282	Response	7	59287140	4760	2
03_37	283	Picture	move	59287379	0	1	36325	2	0	next	other	0
03_37	283	Response	2	59314552	27173	1
03_37	283	Response	5	59323620	36241	1
03_37	284	Picture	loadClose	59323704	0	1	79482	2	0	next	other	0
03_37	284	Response	9	59403058	79354	2
03_37	285	Picture	view	59403186	0	1	3666	2	0	next	other	0
03_37	285	Response	7	59406628	3442	2
03_37	286	Picture	move	59406852	0	1	38991	2	0	next	other	0
03_37	286	Response	2	59442229	35377	1
03_37	286	Response	5	59445627	38775	2
03_37	287	Picture	loadClose	59445843	0	1	74483	3	0	next	other	0
03_37	287	Response	9	59520266	74423	2
03_37	288	Picture	view	59520326	0	2	6978	191	0	next	other	0
03_37	288	Response	7	59527236	6910	2
03_37	289	Picture	move	59527304	0	189	31014	190	0	next	other	0
03_37	289	Response	2	59555027	27723	1
03_37	289	Response	5	59558185	30881	2
03_37	290	Picture	loadClose	59558318	0	1	76816	3	0	next	other	0
03_37	290	Response	9	59634974	76656	2
03_37	291	Picture	view	59635134	0	2	4833	3	0	next	other	0
03_37	291	Response	7	59639824	4690	2
03_37	292	Picture	move	59639967	0	1	32825	3	0	next	other	0
03_37	292	Response	2	59663665	23698	1
03_37	292	Response	5	59672673	32706	2
03_37	293	Picture	loadClose	59672792	0	2	67485	4	0	next	other	0
03_37	293	Response	9	59740142	67350	2
03_37	294	Picture	view	59740277	0	2	6665	4	0	next	other	0
03_37	294	Response	7	59746702	6425	2
03_37	295	Picture	move	59746942	0	2	32659	4	0	next	other	0
03_37	295	Response	2	59777263	30321	1
03_37	295	Response	5	59779471	32529	2
03_37	296	Picture	loadClose	59779601	0	2	71485	3	0	next	other	0
03_37	296	Response	9	59851060	71459	2
03_37	297	Picture	view	59851086	0	1	3311	190	0	next	other	0
03_37	297	Response	7	59854310	3224	2
03_37	298	Picture	move	59854397	0	189	32181	190	0	next	other	0
03_37	298	Response	2	59883181	28784	1
03_37	298	Response	5	59886409	32012	2
03_37	299	Picture	loadClose	59886578	0	1	72650	3	0	next	other	0
03_37	299	Response	9	59959208	72630	2
03_37	300	Picture	view	59959228	0	2	6332	4	0	next	other	0
03_37	300	Response	7	59965368	6140	2
03_37	301	Picture	move	59965560	0	2	31327	3	0	next	other	0
03_37	301	Response	5	59996847	31287	2
03_37	302	Picture	check	59996887	0	1	7165	2	0	next	other	0
03_37	302	Response	2	60003979	7092	1
03_37	303	Picture	loadClose	60004052	0	1	55321	2	0	next	other	0
03_37	303	Response	9	60059266	55214	2
03_37	304	Picture	view	60059373	0	1	5832	2	0	next	other	0
03_37	304	Response	7	60065096	5723	2
03_37	305	Picture	move	60065205	0	1	33325	3	0	next	other	0
03_37	305	Response	2	60084138	18933	1
03_37	305	Response	5	60098415	33210	2
03_37	306	Picture	loadClose	60098530	0	2	65153	3	0	next	other	0
03_37	306	Response	9	60163654	65124	2
03_37	307	Picture	view	60163683	0	1	3832	2	0	next	other	0
03_37	307	Response	7	60167294	3611	2
03_37	308	Picture	move	60167515	0	1	32659	3	0	next	other	0
03_37	308	Response	2	60196136	28621	1
03_37	308	Response	5	60200054	32539	1
03_37	309	Picture	loadClose	60200174	0	2	101311	3	0	next	other	0
03_37	309	Response	9	60301302	101128	2
03_37	310	Picture	view	60301485	0	1	3666	2	0	next	other	0
03_37	310	Response	7	60304932	3447	2
03_37	311	Picture	move	60305151	0	1	31326	2	0	next	other	0
03_37	311	Response	2	60333093	27942	1
03_37	311	Response	5	60336381	31230	2
03_37	312	Picture	endSession	60336477	0	1	35782	2	0	next	other	0
03_37	312	Response	7	60356621	20144	2
03_37	312	Response	8	60356861	20384	2


Event Type	Code	Type	Response	RT	RT Uncertainty	Time	Uncertainty	Duration	Uncertainty	ReqTime	ReqDur

Picture	begin	other				332	2	43894160	3	0	next
Picture	loadClose	other				43894492	1	112475	2	0	next
Picture	view	other				44006967	1	73483	3	0	next
Picture	move	other				44080450	2	50156	3	0	next
Picture	check	other				44130606	1	9164	2	0	next
Picture	loadClose	other				44139770	1	128638	2	0	next
Picture	view	other				44268408	1	9331	3	0	next
Picture	move	other				44277739	2	50156	3	0	next
Picture	loadClose	other				44327895	1	88313	2	0	next
Picture	view	other				44416208	1	10165	2	0	next
Picture	move	other				44426373	1	45156	2	0	next
Picture	loadClose	other				44471529	1	75983	2	0	next
Picture	view	other				44547512	1	9998	2	0	next
Picture	move	other				44557510	1	50155	3	0	next
Picture	loadClose	other				44607665	2	85981	3	0	next
Picture	view	other				44693646	1	8831	3	0	next
Picture	move	other				44702477	2	50156	3	0	next
Picture	loadClose	other				44752633	1	92646	2	0	next
Picture	view	other				44845279	1	5998	3	0	next
Picture	move	other				44851277	2	46823	4	0	next
Picture	loadClose	other				44898100	2	95146	3	0	next
Picture	view	other				44993246	1	7165	3	0	next
Picture	move	other				45000411	2	42824	3	0	next
Picture	loadClose	other				45043235	1	84481	2	0	next
Picture	view	other				45127716	1	7474	193	0	next
Picture	move	other				45135190	192	42681	193	0	next
Picture	loadClose	other				45177871	1	67818	2	0	next
Picture	view	other				45245689	1	6499	2	0	next
Picture	move	other				45252188	1	36492	2	0	next
Picture	loadClose	other				45288680	1	111808	2	0	next
Picture	view	other				45400488	1	7331	3	0	next
Picture	move	other				45407819	2	47490	3	0	next
Picture	loadClose	other				45455309	1	62819	2	0	next
Picture	view	other				45518128	1	6999	2	0	next
Picture	move	other				45525127	1	40823	3	0	next
Picture	loadClose	other				45565950	2	67986	3	0	next
Picture	view	other				45633936	1	7331	3	0	next
Picture	move	other				45641267	2	46931	229	0	next
Picture	loadClose	other				45688198	227	81541	228	0	next
Picture	view	other				45769739	1	6976	191	0	next
Picture	move	other				45776715	190	38456	415	0	next
Picture	loadClose	other				45815171	225	74207	226	0	next
Picture	view	other				45889378	1	5976	192	0	next
Picture	move	other				45895354	191	44513	192	0	next
Picture	loadClose	other				45939867	1	80149	2	0	next
Picture	view	other				46020016	1	6165	2	0	next
Picture	move	other				46026181	1	38991	2	0	next
Picture	loadClose	other				46065172	1	342090	3	0	next
Picture	view	other				46407262	2	7332	3	0	next
Picture	move	other				46414594	1	40990	3	0	next
Picture	loadClose	other				46455584	2	75317	4	0	next
Picture	view	other				46530901	2	6499	3	0	next
Picture	move	other				46537400	1	43490	2	0	next
Picture	loadClose	other				46580890	1	76983	2	0	next
Picture	view	other				46657873	1	5499	2	0	next
Picture	move	other				46663372	1	37942	218	0	next
Picture	loadClose	other				46701314	217	78864	219	0	next
Picture	view	other				46780178	2	6810	193	0	next
Picture	move	other				46786988	191	41347	192	0	next
Picture	loadClose	other				46828335	1	88980	2	0	next
Picture	view	other				46917315	1	5998	3	0	next
Picture	move	other				46923313	2	36659	3	0	next
Picture	loadClose	other				46959972	1	75816	2	0	next
Picture	view	other				47035788	1	6665	4	0	next
Picture	move	other				47042453	3	36826	4	0	next
Picture	loadClose	other				47079279	1	116140	2	0	next
Picture	view	other				47195419	1	6499	2	0	next
Picture	move	other				47201918	1	45156	2	0	next
Picture	loadClose	other				47247074	1	78149	3	0	next
Picture	view	other				47325223	2	6665	4	0	next
Picture	move	other				47331888	2	45657	3	0	next
Picture	loadClose	other				47377545	1	85314	2	0	next
Picture	view	other				47462859	1	8332	2	0	next
Picture	move	other				47471191	1	43657	2	0	next
Picture	endBlock	other				47514848	1	30160	2	0	next
Picture	begin	other				47545008	1	514051	2	0	next
Picture	loadClose	other				48059059	1	41491	2	0	next
Picture	view	other				48100550	1	8498	2	0	next
Picture	move	other				48109048	1	33659	2	0	next
Picture	loadClose	other				48142707	1	51489	2	0	next
Picture	view	other				48194196	1	9331	2	0	next
Picture	move	other				48203527	1	30993	2	0	next
Picture	check	other				48234520	1	4499	2	0	next
Picture	loadClose	other				48239019	1	49655	3	0	next
Picture	view	other				48288674	2	5832	4	0	next
Picture	move	other				48294506	2	31660	3	0	next
Picture	loadClose	other				48326166	1	43823	3	0	next
Picture	view	other				48369989	2	5666	3	0	next
Picture	move	other				48375655	1	31660	2	0	next
Picture	loadClose	other				48407315	1	64485	2	0	next
Picture	view	other				48471800	1	6332	2	0	next
Picture	move	other				48478132	1	31326	2	0	next
Picture	loadClose	other				48509458	1	66152	2	0	next
Picture	view	other				48575610	1	5832	3	0	next
Picture	move	other				48581442	2	30827	3	0	next
Picture	check	other				48612269	1	1833	2	0	next
Picture	loadClose	other				48614102	1	51988	2	0	next
Picture	view	other				48666090	1	5165	3	0	next
Picture	move	other				48671255	2	33660	3	0	next
Picture	loadClose	other				48704915	1	47656	2	0	next
Picture	view	other				48752571	1	7165	2	0	next
Picture	move	other				48759736	1	35825	2	0	next
Picture	loadClose	other				48795561	1	55654	2	0	next
Picture	view	other				48851215	1	6165	3	0	next
Picture	move	other				48857380	2	30494	3	0	next
Picture	loadClose	other				48887874	1	50655	3	0	next
Picture	view	other				48938529	2	7809	193	0	next
Picture	move	other				48946338	191	32682	192	0	next
Picture	loadClose	other				48979020	1	52155	2	0	next
Picture	view	other				49031175	1	5665	3	0	next
Picture	move	other				49036840	2	32993	3	0	next
Picture	loadClose	other				49069833	1	42990	2	0	next
Picture	view	other				49112823	1	3833	3	0	next
Picture	move	other				49116656	2	35492	3	0	next
Picture	loadClose	other				49152148	1	43656	3	0	next
Picture	view	other				49195804	2	5999	4	0	next
Picture	move	other				49201803	2	31327	3	0	next
Picture	loadClose	other				49233130	1	47656	2	0	next
Picture	view	other				49280786	1	6998	2	0	next
Picture	move	other				49287784	1	31826	2	0	next
Picture	loadClose	other				49319610	1	43657	2	0	next
Picture	view	other				49363267	1	6999	2	0	next
Picture	move	other				49370266	1	29160	2	0	next
Picture	loadClose	other				49399426	1	47656	2	0	next
Picture	view	other				49447082	1	6332	2	0	next
Picture	move	other				49453414	1	30326	2	0	next
Picture	check	other				49483740	1	2000	2	0	next
Picture	loadClose	other				49485740	1	44656	3	0	next
Picture	view	other				49530396	2	5166	3	0	next
Picture	move	other				49535562	1	34325	4	0	next
Picture	loadClose	other				49569887	3	47989	5	0	next
Picture	view	other				49617876	2	5333	3	0	next
Picture	move	other				49623209	1	28827	3	0	next
Picture	loadClose	other				49652036	2	64152	3	0	next
Picture	view	other				49716188	1	4832	3	0	next
Picture	move	other				49721020	2	30327	3	0	next
Picture	loadClose	other				49751347	1	46323	2	0	next
Picture	view	other				49797670	1	5332	2	0	next
Picture	move	other				49803002	1	29660	2	0	next
Picture	loadClose	other				49832662	1	47823	2	0	next
Picture	view	other				49880485	1	6498	3	0	next
Picture	move	other				49886983	2	31493	3	0	next
Picture	loadClose	other				49918476	1	50822	2	0	next
Picture	view	other				49969298	1	4999	2	0	next
Picture	move	other				49974297	1	27994	2	0	next
Picture	loadClose	other				50002291	1	51655	2	0	next
Picture	view	other				50053946	1	6142	192	0	next
Picture	move	other				50060088	191	31683	192	0	next
Picture	loadClose	other				50091771	1	47322	3	0	next
Picture	view	other				50139093	2	6332	4	0	next
Picture	move	other				50145425	2	31327	3	0	next
Picture	endBlock	other				50176752	1	30160	2	0	next
Picture	begin	other				50206912	1	4170899	2	0	next
Picture	loadClose	other				54377811	1	130638	2	0	next
Picture	view	other				54508449	1	7165	2	0	next
Picture	move	other				54515614	1	36658	2	0	next
Picture	loadClose	other				54552272	1	62319	3	0	next
Picture	view	other				54614591	2	5832	4	0	next
Picture	move	other				54620423	2	33493	3	0	next
Picture	loadClose	other				54653916	1	54488	2	0	next
Picture	view	other				54708404	1	6998	3	0	next
Picture	move	other				54715402	2	36659	3	0	next
Picture	loadClose	other				54752061	1	58820	2	0	next
Picture	view	other				54810881	1	4499	2	0	next
Picture	move	other				54815380	1	31659	3	0	next
Picture	loadClose	other				54847039	2	64986	3	0	next
Picture	view	other				54912025	1	4999	2	0	next
Picture	move	other				54917024	1	30493	2	0	next
Picture	loadClose	other				54947517	1	57154	2	0	next
Picture	view	other				55004671	1	4644	190	0	next
Picture	move	other				55009315	189	32014	190	0	next
Picture	loadClose	other				55041329	1	52655	2	0	next
Picture	view	other				55093984	1	3999	3	0	next
Picture	move	other				55097983	2	33993	3	0	next
Picture	loadClose	other				55131976	1	59653	2	0	next
Picture	view	other				55191629	1	5665	3	0	next
Picture	move	other				55197294	2	34659	3	0	next
Picture	loadClose	other				55231953	1	39825	2	0	next
Picture	view	other				55271778	1	6332	2	0	next
Picture	move	other				55278110	1	29826	2	0	next
Picture	loadClose	other				55307936	1	60820	2	0	next
Picture	view	other				55368756	1	3999	2	0	next
Picture	move	other				55372755	1	30826	3	0	next
Picture	loadClose	other				55403581	2	114475	3	0	next
Picture	view	other				55518056	1	4999	2	0	next
Picture	move	other				55523055	1	34992	2	0	next
Picture	loadClose	other				55558047	1	40657	3	0	next
Picture	view	other				55598704	2	5166	3	0	next
Picture	move	other				55603870	1	30160	2	0	next
Picture	check	other				55634030	1	666	3	0	next
Picture	loadClose	other				55634696	2	50322	4	0	next
Picture	view	other				55685018	2	3666	4	0	next
Picture	move	other				55688684	2	31993	3	0	next
Picture	check	other				55720677	1	3333	2	0	next
Picture	loadClose	other				55724010	1	44990	2	0	next
Picture	view	other				55769000	1	3141	194	0	next
Picture	move	other				55772141	193	31351	194	0	next
Picture	check	other				55803492	1	2833	2	0	next
Picture	loadClose	other				55806325	1	45156	2	0	next
Picture	view	other				55851481	1	3166	3	0	next
Picture	move	other				55854647	2	32326	3	0	next
Picture	loadClose	other				55886973	1	58321	2	0	next
Picture	view	other				55945294	1	4165	3	0	next
Picture	move	other				55949459	2	34659	3	0	next
Picture	loadClose	other				55984118	1	61653	2	0	next
Picture	view	other				56045771	1	4166	2	0	next
Picture	move	other				56049937	1	28827	2	0	next
Picture	loadClose	other				56078764	1	62152	3	0	next
Picture	view	other				56140916	2	3166	4	0	next
Picture	move	other				56144082	2	32327	3	0	next
Picture	loadClose	other				56176409	1	60819	2	0	next
Picture	view	other				56237228	1	4149	186	0	next
Picture	move	other				56241377	185	35509	186	0	next
Picture	loadClose	other				56276886	1	45990	2	0	next
Picture	view	other				56322876	1	4665	3	0	next
Picture	move	other				56327541	2	32160	3	0	next
Picture	check	other				56359701	1	3832	2	0	next
Picture	loadClose	other				56363533	1	48823	2	0	next
Picture	view	other				56412356	1	4499	2	0	next
Picture	move	other				56416855	1	30993	2	0	next
Picture	loadClose	other				56447848	1	48322	2	0	next
Picture	view	other				56496170	1	5332	3	0	next
Picture	move	other				56501502	2	32826	3	0	next
Picture	loadClose	other				56534328	1	59320	3	0	next
Picture	view	other				56593648	2	3666	4	0	next
Picture	move	other				56597314	2	32980	183	0	next
Picture	loadClose	other				56630294	181	53334	183	0	next
Picture	view	other				56683628	2	4832	4	0	next
Picture	move	other				56688460	2	31493	4	0	next
Picture	endBlock	other				56719953	2	30160	4	0	next
Picture	begin	other				56750113	2	233781	3	0	next
Picture	loadClose	other				56983894	1	95812	2	0	next
Picture	view	other				57079706	1	6665	3	0	next
Picture	move	other				57086371	2	36812	183	0	next
Picture	wrongHand	false_alarm	9	63106	182	57123183	181	65999	182	0	next
Picture	loadClose	other				57189182	1	305598	2	0	next
Picture	view	other				57494780	1	9311	189	0	next
Picture	move	other				57504091	188	48343	189	0	next
Picture	loadClose	other				57552434	1	91979	2	0	next
Picture	view	other				57644413	1	3999	3	0	next
Picture	move	other				57648412	2	41824	3	0	next
Picture	loadClose	other				57690236	1	118140	3	0	next
Picture	view	other				57808376	2	7149	187	0	next
Picture	move	other				57815525	185	43007	186	0	next
Picture	loadClose	other				57858532	1	92979	2	0	next
Picture	view	other				57951511	1	7332	2	0	next
Picture	move	other				57958843	1	38325	2	0	next
Picture	check	other				57997168	1	2499	2	0	next
Picture	loadClose	other				57999667	1	87814	2	0	next
Picture	view	other				58087481	1	3821	180	0	next
Picture	move	other				58091302	179	39669	180	0	next
Picture	loadClose	other				58130971	1	84481	2	0	next
Picture	view	other				58215452	1	5832	2	0	next
Picture	move	other				58221284	1	41158	2	0	next
Picture	loadClose	other				58262442	1	83647	3	0	next
Picture	view	other				58346089	2	6498	4	0	next
Picture	move	other				58352587	2	36493	3	0	next
Picture	loadClose	other				58389080	1	89646	3	0	next
Picture	view	other				58478726	2	6832	4	0	next
Picture	move	other				58485558	2	37825	3	0	next
Picture	loadClose	other				58523383	1	73817	2	0	next
Picture	view	other				58597200	1	8331	3	0	next
Picture	move	other				58605531	2	36141	188	0	next
Picture	loadClose	other				58641672	186	72335	187	0	next
Picture	view	other				58714007	1	5832	2	0	next
Picture	move	other				58719839	1	37158	3	0	next
Picture	loadClose	other				58756997	2	4666	3	0	next
Picture	wrongHand	false_alarm	5	2207	3	58761663	1	2333	2	0	next
Picture	loadClose	other				58763996	1	55154	2	0	next
Picture	view	other				58819150	1	4499	3	0	next
Picture	move	other				58823649	2	34826	3	0	next
Picture	loadClose	other				58858475	1	83814	2	0	next
Picture	view	other				58942289	1	5166	2	0	next
Picture	move	other				58947455	1	42824	2	0	next
Picture	loadClose	other				58990279	1	60986	2	0	next
Picture	view	other				59051265	1	5499	2	0	next
Picture	move	other				59056764	1	34815	179	0	next
Picture	loadClose	other				59091579	178	69328	179	0	next
Picture	view	other				59160907	1	4665	3	0	next
Picture	move	other				59165572	2	35993	3	0	next
Picture	loadClose	other				59201565	1	80815	2	0	next
Picture	view	other				59282380	1	4999	2	0	next
Picture	move	other				59287379	1	36325	2	0	next
Picture	loadClose	other				59323704	1	79482	2	0	next
Picture	view	other				59403186	1	3666	2	0	next
Picture	move	other				59406852	1	38991	2	0	next
Picture	loadClose	other				59445843	1	74483	3	0	next
Picture	view	other				59520326	2	6978	191	0	next
Picture	move	other				59527304	189	31014	190	0	next
Picture	loadClose	other				59558318	1	76816	3	0	next
Picture	view	other				59635134	2	4833	3	0	next
Picture	move	other				59639967	1	32825	3	0	next
Picture	loadClose	other				59672792	2	67485	4	0	next
Picture	view	other				59740277	2	6665	4	0	next
Picture	move	other				59746942	2	32659	4	0	next
Picture	loadClose	other				59779601	2	71485	3	0	next
Picture	view	other				59851086	1	3311	190	0	next
Picture	move	other				59854397	189	32181	190	0	next
Picture	loadClose	other				59886578	1	72650	3	0	next
Picture	view	other				59959228	2	6332	4	0	next
Picture	move	other				59965560	2	31327	3	0	next
Picture	check	other				59996887	1	7165	2	0	next
Picture	loadClose	other				60004052	1	55321	2	0	next
Picture	view	other				60059373	1	5832	2	0	next
Picture	move	other				60065205	1	33325	3	0	next
Picture	loadClose	other				60098530	2	65153	3	0	next
Picture	view	other				60163683	1	3832	2	0	next
Picture	move	other				60167515	1	32659	3	0	next
Picture	loadClose	other				60200174	2	101311	3	0	next
Picture	view	other				60301485	1	3666	2	0	next
Picture	move	other				60305151	1	31326	2	0	next
Picture	endSession	other				60336477	1	35782	2	0	next
