Scenario - opto_replant
Logfile written - 05/14/2014 15:10:40

Subject	Trial	Event Type	Code	Time	TTime	Uncertainty	Duration	Uncertainty	ReqTime	ReqDur	Stim Type	Pair Index

03_14	1	Picture	begin	332	0	2	243610	4	0	next	other	0
03_14	1	Response	7	129185	128853	2
03_14	1	Response	5	160304	159972	2
03_14	1	Response	9	243812	243480	2
03_14	2	Picture	loadClose	243942	0	2	199289	3	0	next	other	0
03_14	2	Response	9	443047	199105	2
03_14	3	Picture	view	443231	0	1	7653	181	0	next	other	0
03_14	3	Response	8	450807	7576	2
03_14	4	Picture	move	450884	0	180	50167	181	0	next	other	0
03_14	5	Picture	check	501051	0	1	14996	3	0	next	other	0
03_14	5	Response	6	504266	3215	2
03_14	5	Response	2	515908	14857	1
03_14	6	Picture	loadClose	516047	0	2	160630	4	0	next	other	0
03_14	6	Response	9	676602	160555	2
03_14	7	Picture	view	676677	0	2	5999	3	0	next	other	0
03_14	7	Response	8	682502	5825	2
03_14	8	Picture	move	682676	0	1	35304	190	0	next	other	0
03_14	8	Response	6	717961	35285	2
03_14	9	Picture	check	717980	0	189	16018	190	0	next	other	0
03_14	9	Response	2	733822	15842	1
03_14	10	Picture	loadClose	733998	0	1	81148	2	0	next	other	0
03_14	10	Response	9	815038	81040	3
03_14	11	Picture	view	815146	0	1	5665	2	0	next	other	0
03_14	11	Response	8	820688	5542	2
03_14	12	Picture	move	820811	0	1	32493	2	0	next	other	0
03_14	12	Response	6	853158	32347	2
03_14	13	Picture	check	853304	0	1	17329	2	0	next	other	0
03_14	13	Response	2	870459	17155	1
03_14	14	Picture	loadClose	870633	0	1	162796	2	0	next	other	0
03_14	14	Response	9	1033263	162630	2
03_14	15	Picture	view	1033429	0	1	7665	2	0	next	other	0
03_14	15	Response	8	1040943	7514	2
03_14	16	Picture	move	1041094	0	1	28827	2	0	next	other	0
03_14	16	Response	6	1069792	28698	2
03_14	17	Picture	check	1069921	0	1	30159	3	0	next	other	0
03_14	17	Response	2	1100054	30133	1
03_14	18	Picture	loadClose	1100080	0	2	137468	4	0	next	other	0
03_14	18	Response	9	1237488	137408	2
03_14	19	Picture	view	1237548	0	2	8166	3	0	next	other	0
03_14	19	Response	8	1245508	7960	2
03_14	20	Picture	move	1245714	0	1	27660	2	0	next	other	0
03_14	20	Response	6	1273277	27563	2
03_14	21	Picture	check	1273374	0	1	42157	2	0	next	other	0
03_14	21	Response	2	1315408	42034	1
03_14	22	Picture	loadClose	1315531	0	1	65818	2	0	next	other	0
03_14	22	Response	9	1381165	65634	2
03_14	23	Picture	view	1381349	0	1	6832	2	0	next	other	0
03_14	23	Response	8	1387995	6646	2
03_14	24	Picture	move	1388181	0	1	24631	199	0	next	other	0
03_14	24	Response	6	1412784	24603	2
03_14	25	Picture	check	1412812	0	198	27190	200	0	next	other	0
03_14	25	Response	2	1439885	27073	1
03_14	26	Picture	loadClose	1440002	0	2	78149	3	0	next	other	0
03_14	26	Response	9	1518062	78060	2
03_14	27	Picture	view	1518151	0	1	8665	2	0	next	other	0
03_14	27	Response	8	1526591	8440	2
03_14	28	Picture	move	1526816	0	1	30326	2	0	next	other	0
03_14	28	Response	6	1557001	30185	2
03_14	29	Picture	check	1557142	0	1	16663	2	0	next	other	0
03_14	29	Response	2	1573642	16500	1
03_14	30	Picture	loadClose	1573805	0	1	200621	2	0	next	other	0
03_14	30	Response	9	1774335	200530	2
03_14	31	Picture	view	1774426	0	1	6332	2	0	next	other	0
03_14	31	Response	8	1780575	6149	2
03_14	32	Picture	move	1780758	0	1	27660	2	0	next	other	0
03_14	32	Response	6	1808234	27476	2
03_14	33	Picture	check	1808418	0	1	11831	2	0	next	other	0
03_14	33	Response	2	1820196	11778	1
03_14	34	Picture	loadClose	1820249	0	1	88313	2	0	next	other	0
03_14	34	Response	9	1908462	88213	2
03_14	35	Picture	view	1908562	0	1	5149	185	0	next	other	0
03_14	35	Response	8	1913632	5070	2
03_14	36	Picture	move	1913711	0	184	25344	185	0	next	other	0
03_14	36	Response	6	1938971	25260	2
03_14	37	Picture	check	1939055	0	1	666	3	0	next	other	0
03_14	37	Response	8	1939681	626	2
03_14	38	Picture	wrongHand	1939721	0	2	3999	3	0	next	false_alarm	78
03_14	38	Response	6	1943501	3780	2
03_14	39	Picture	loadClose	1943720	0	1	128138	2	0	next	other	0
03_14	39	Response	2	1961153	17433	1
03_14	39	Response	9	2071808	128088	2
03_14	40	Picture	view	2071858	0	1	11330	3	0	next	other	0
03_14	40	Response	8	2082948	11090	2
03_14	41	Picture	move	2083188	0	2	26328	3	0	next	other	0
03_14	41	Response	6	2109417	26229	2
03_14	42	Picture	check	2109516	0	1	21661	3	0	next	other	0
03_14	42	Response	2	2131069	21553	1
03_14	43	Picture	loadClose	2131177	0	2	71151	3	0	next	other	0
03_14	43	Response	9	2202195	71018	2
03_14	44	Picture	view	2202328	0	1	9664	2	0	next	other	0
03_14	44	Response	8	2211825	9497	2
03_14	45	Picture	move	2211992	0	1	25494	2	0	next	other	0
03_14	45	Response	6	2237404	25412	2
03_14	46	Picture	check	2237486	0	1	42324	2	0	next	other	0
03_14	46	Response	2	2279705	42219	1
03_14	47	Picture	loadClose	2279810	0	1	217783	2	0	next	other	0
03_14	47	Response	8	2497558	217748	2
03_14	48	Picture	wrongHand	2497593	0	1	32826	2	0	next	false_alarm	99
03_14	48	Response	9	2499478	1885	2
03_14	48	Response	6	2530297	32704	2
03_14	49	Picture	loadClose	2530419	0	1	94479	2	0	next	other	0
03_14	49	Response	3	2557138	26719	1
03_14	49	Response	8	2624855	94436	2
03_14	50	Picture	wrongHand	2624898	0	1	9664	2	0	next	false_alarm	105
03_14	50	Response	6	2634355	9457	2
03_14	51	Picture	loadClose	2634562	0	1	185957	2	0	next	other	0
03_14	51	Response	9	2820410	185848	2
03_14	52	Picture	view	2820519	0	1	8832	2	0	next	other	0
03_14	52	Response	8	2829120	8601	2
03_14	53	Picture	move	2829351	0	1	37991	2	0	next	other	0
03_14	53	Response	6	2867179	37828	2
03_14	54	Picture	check	2867342	0	1	13830	2	0	next	other	0
03_14	54	Response	3	2880971	13629	1
03_14	55	Picture	loadClose	2881172	0	1	126471	2	0	next	other	0
03_14	55	Response	9	3007466	126294	2
03_14	56	Picture	view	3007643	0	1	6499	2	0	next	other	0
03_14	56	Response	8	3014005	6362	2
03_14	57	Picture	move	3014142	0	1	26327	2	0	next	other	0
03_14	57	Response	6	3040365	26223	2
03_14	58	Picture	check	3040469	0	1	32159	2	0	next	other	0
03_14	58	Response	2	3072486	32017	1
03_14	59	Picture	loadClose	3072628	0	1	71817	2	0	next	other	0
03_14	59	Response	2	3122085	49457	1
03_14	59	Response	9	3144302	71674	2
03_14	60	Picture	view	3144445	0	1	6473	195	0	next	other	0
03_14	60	Response	8	3150832	6387	2
03_14	61	Picture	move	3150918	0	194	23687	195	0	next	other	0
03_14	61	Response	6	3174432	23514	2
03_14	62	Picture	check	3174605	0	1	27493	3	0	next	other	0
03_14	62	Response	2	3201923	27318	1
03_14	63	Picture	loadClose	3202098	0	2	74483	4	0	next	other	0
03_14	63	Response	9	3276539	74441	2
03_14	64	Picture	view	3276581	0	2	6666	3	0	next	other	0
03_14	64	Response	8	3283139	6558	2
03_14	65	Picture	move	3283247	0	1	24494	2	0	next	other	0
03_14	65	Response	6	3307598	24351	2
03_14	66	Picture	check	3307741	0	1	8331	2	0	next	other	0
03_14	66	Response	2	3316000	8259	1
03_14	67	Picture	loadClose	3316072	0	1	85981	2	0	next	other	0
03_14	67	Response	9	3401886	85814	2
03_14	68	Picture	view	3402053	0	1	6165	2	0	next	other	0
03_14	68	Response	8	3407976	5923	2
03_14	69	Picture	move	3408218	0	1	25661	2	0	next	other	0
03_14	69	Response	6	3433835	25617	2
03_14	70	Picture	check	3433879	0	1	17496	2	0	next	other	0
03_14	70	Response	2	3451197	17318	1
03_14	71	Picture	loadClose	3451375	0	1	87979	3	0	next	other	0
03_14	71	Response	9	3539233	87858	2
03_14	71	Response	9	3539253	87878	2
03_14	72	Picture	view	3539354	0	2	7999	4	0	next	other	0
03_14	72	Response	8	3547153	7799	2
03_14	73	Picture	move	3547353	0	2	24494	3	0	next	other	0
03_14	73	Response	6	3571722	24369	2
03_14	74	Picture	check	3571847	0	1	28962	200	0	next	other	0
03_14	74	Response	2	3600793	28946	1
03_14	75	Picture	loadClose	3600809	0	199	120504	200	0	next	other	0
03_14	75	Response	9	3721288	120479	2
03_14	76	Picture	view	3721313	0	1	5665	3	0	next	other	0
03_14	76	Response	8	3726768	5455	2
03_14	77	Picture	move	3726978	0	2	21162	3	0	next	other	0
03_14	77	Response	6	3747948	20970	2
03_14	78	Picture	check	3748140	0	1	500	2	0	next	other	0
03_14	78	Response	8	3748608	468	2
03_14	79	Picture	wrongHand	3748640	0	1	1000	2	0	next	false_alarm	165
03_14	79	Response	6	3749478	838	2
03_14	80	Picture	loadClose	3749640	0	1	132636	2	0	next	other	0
03_14	80	Response	2	3781109	31469	1
03_14	80	Response	9	3882144	132504	2
03_14	81	Picture	view	3882276	0	1	12664	2	0	next	other	0
03_14	81	Response	8	3894804	12528	2
03_14	82	Picture	move	3894940	0	1	24160	3	0	next	other	0
03_14	82	Response	6	3918924	23984	2
03_14	83	Picture	check	3919100	0	2	22995	4	0	next	other	0
03_14	83	Response	2	3941905	22805	1
03_14	84	Picture	loadClose	3942095	0	2	88147	3	0	next	other	0
03_14	84	Response	9	4030161	88066	2
03_14	84	Response	9	4030181	88086	2
03_14	85	Picture	view	4030242	0	1	6832	2	0	next	other	0
03_14	85	Response	8	4036881	6639	2
03_14	86	Picture	move	4037074	0	1	23661	2	0	next	other	0
03_14	86	Response	6	4060650	23576	2
03_14	87	Picture	check	4060735	0	1	17496	2	0	next	other	0
03_14	87	Response	2	4078062	17327	1
03_14	88	Picture	loadClose	4078231	0	1	82814	2	0	next	other	0
03_14	88	Response	9	4160988	82757	2
03_14	89	Picture	view	4161045	0	1	6332	2	0	next	other	0
03_14	89	Response	8	4167258	6213	2
03_14	90	Picture	move	4167377	0	1	36658	3	0	next	other	0
03_14	90	Response	2	4192299	24922	1
03_14	90	Response	6	4203857	36480	2
03_14	91	Picture	check	4204035	0	2	657016	4	0	next	other	0
03_14	91	Response	2	4860923	656888	1
03_14	92	Picture	loadClose	4861051	0	2	343422	3	0	next	other	0
03_14	92	Response	9	5204453	343402	2
03_14	93	Picture	view	5204473	0	1	9497	3	0	next	other	0
03_14	93	Response	9	5204473	0	2
03_14	93	Response	8	5213872	9399	2
03_14	94	Picture	move	5213970	0	2	27161	3	0	next	other	0
03_14	94	Response	6	5240932	26962	2
03_14	95	Picture	check	5241131	0	1	20278	220	0	next	other	0
03_14	95	Response	2	5261393	20262	1
03_14	96	Picture	loadClose	5261409	0	219	51539	220	0	next	other	0
03_14	96	Response	9	5312860	51451	2
03_14	97	Picture	view	5312948	0	1	6165	2	0	next	other	0
03_14	97	Response	8	5318990	6042	2
03_14	98	Picture	move	5319113	0	1	25827	3	0	next	other	0
03_14	98	Response	6	5344769	25656	2
03_14	99	Picture	check	5344940	0	2	14997	3	0	next	other	0
03_14	99	Response	2	5359791	14851	1
03_14	100	Picture	loadClose	5359937	0	1	104809	3	0	next	other	0
03_14	100	Response	9	5464646	104709	2
03_14	101	Picture	view	5464746	0	2	10640	194	0	next	other	0
03_14	101	Response	8	5475306	10560	2
03_14	102	Picture	move	5475386	0	192	35349	194	0	next	other	0
03_14	102	Response	6	5510695	35309	2
03_14	103	Picture	check	5510735	0	2	17497	3	0	next	other	0
03_14	103	Response	3	5528107	17372	1
03_14	104	Picture	loadClose	5528232	0	1	242444	2	0	next	other	0
03_14	104	Response	9	5770619	242387	2
03_14	105	Picture	view	5770676	0	1	6665	3	0	next	other	0
03_14	105	Response	8	5777159	6483	2
03_14	106	Picture	move	5777341	0	2	23328	3	0	next	other	0
03_14	106	Response	6	5800508	23167	2
03_14	107	Picture	check	5800669	0	1	53988	3	0	next	other	0
03_14	107	Response	3	5854499	53830	1
03_14	108	Picture	loadClose	5854657	0	2	85980	3	0	next	other	0
03_14	108	Response	9	5940515	85858	2
03_14	109	Picture	view	5940637	0	1	7998	3	0	next	other	0
03_14	109	Response	8	5948525	7888	2
03_14	110	Picture	move	5948635	0	2	27494	3	0	next	other	0
03_14	110	Response	6	5976014	27379	2
03_14	111	Picture	check	5976129	0	1	14497	2	0	next	other	0
03_14	111	Response	3	5990495	14366	1
03_14	112	Picture	loadClose	5990626	0	1	131469	3	0	next	other	0
03_14	112	Response	9	6122030	131404	2
03_14	113	Picture	view	6122095	0	2	5832	4	0	next	other	0
03_14	113	Response	8	6127720	5625	2
03_14	114	Picture	move	6127927	0	2	26469	195	0	next	other	0
03_14	114	Response	6	6154370	26443	2
03_14	115	Picture	check	6154396	0	193	26353	194	0	next	other	0
03_14	115	Response	2	6180571	26175	1
03_14	116	Picture	loadClose	6180749	0	1	67151	2	0	next	other	0
03_14	116	Response	9	6247747	66998	2
03_14	117	Picture	view	6247900	0	1	7998	3	0	next	other	0
03_14	117	Response	8	6255767	7867	2
03_14	118	Picture	move	6255898	0	2	36617	211	0	next	other	0
03_14	118	Response	6	6292486	36588	2
03_14	119	Picture	check	6292515	0	209	20370	210	0	next	other	0
03_14	119	Response	3	6312728	20213	1
03_14	120	Picture	loadClose	6312885	0	1	114974	2	0	next	other	0
03_14	120	Response	8	6427743	114858	2
03_14	121	Picture	wrongHand	6427859	0	1	33159	2	0	next	false_alarm	253
03_14	121	Response	6	6460822	32963	2
03_14	122	Picture	loadClose	6461018	0	1	49322	2	0	next	other	0
03_14	122	Response	9	6510241	49223	2
03_14	123	Picture	view	6510340	0	1	6481	186	0	next	other	0
03_14	123	Response	8	6516741	6401	2
03_14	124	Picture	move	6516821	0	185	26345	186	0	next	other	0
03_14	124	Response	6	6543060	26239	2
03_14	125	Picture	check	6543166	0	1	16496	2	0	next	other	0
03_14	125	Response	2	6559602	16436	1
03_14	126	Picture	loadClose	6559662	0	1	111308	2	0	next	other	0
03_14	126	Response	9	6670897	111235	2
03_14	127	Picture	view	6670970	0	1	9664	2	0	next	other	0
03_14	127	Response	8	6680517	9547	2
03_14	128	Picture	move	6680634	0	1	30660	2	0	next	other	0
03_14	128	Response	6	6711176	30542	2
03_14	129	Picture	check	6711294	0	1	12997	2	0	next	other	0
03_14	129	Response	2	6724078	12784	1
03_14	130	Picture	loadClose	6724291	0	1	73483	2	0	next	other	0
03_14	130	Response	9	6797674	73383	2
03_14	131	Picture	view	6797774	0	1	9831	2	0	next	other	0
03_14	131	Response	8	6807404	9630	2
03_14	132	Picture	move	6807605	0	1	32992	3	0	next	other	0
03_14	132	Response	6	6840573	32968	2
03_14	133	Picture	endBlock	6840597	0	2	30160	3	0	next	other	0
03_14	133	Response	2	6862794	22197	1
03_14	134	Picture	begin	6870757	0	1	695007	3	0	next	other	0
03_14	134	Response	7	6943551	72794	2
03_14	134	Response	8	6964500	93743	2
03_14	134	Response	6	7429559	558802	2
03_14	134	Response	5	7509597	638840	2
03_14	134	Response	7	7515977	645220	2
03_14	134	Response	5	7521127	650370	2
03_14	134	Response	9	7565596	694839	2
03_14	135	Picture	loadClose	7565764	0	2	86647	3	0	next	other	0
03_14	135	Response	9	7652374	86610	2
03_14	136	Picture	view	7652411	0	1	4666	2	0	next	other	0
03_14	136	Response	8	7656853	4442	2
03_14	137	Picture	move	7657077	0	1	26827	2	0	next	other	0
03_14	137	Response	2	7681015	23938	1
03_14	137	Response	6	7683813	26736	2
03_14	138	Picture	check	7683904	0	1	12830	3	0	next	other	0
03_14	138	Response	2	7696694	12790	1
03_14	139	Picture	loadClose	7696734	0	2	51322	3	0	next	other	0
03_14	139	Response	9	7747891	51157	2
03_14	140	Picture	view	7748056	0	1	5499	2	0	next	other	0
03_14	140	Response	8	7753311	5255	2
03_14	141	Picture	move	7753555	0	1	26149	180	0	next	other	0
03_14	141	Response	6	7779680	26125	2
03_14	142	Picture	check	7779704	0	179	13008	181	0	next	other	0
03_14	142	Response	2	7792532	12828	1
03_14	143	Picture	loadClose	7792712	0	2	319260	4	0	next	other	0
03_14	143	Response	9	8111932	319220	2
03_14	144	Picture	view	8111972	0	2	5333	3	0	next	other	0
03_14	144	Response	8	8117142	5170	2
03_14	145	Picture	move	8117305	0	1	28826	2	0	next	other	0
03_14	145	Response	6	8146042	28737	2
03_14	146	Picture	check	8146131	0	1	25494	3	0	next	other	0
03_14	146	Response	2	8171563	25432	1
03_14	147	Picture	loadClose	8171625	0	2	105310	3	0	next	other	0
03_14	147	Response	9	8276878	105253	2
03_14	148	Picture	view	8276935	0	1	9164	3	0	next	other	0
03_14	148	Response	8	8285928	8993	2
03_14	149	Picture	move	8286099	0	2	23995	3	0	next	other	0
03_14	149	Response	6	8309938	23839	2
03_14	150	Picture	check	8310094	0	1	13996	3	0	next	other	0
03_14	150	Response	3	8324039	13945	1
03_14	151	Picture	loadClose	8324090	0	2	83148	3	0	next	other	0
03_14	151	Response	9	8407195	83105	2
03_14	152	Picture	view	8407238	0	1	3999	2	0	next	other	0
03_14	152	Response	8	8411075	3837	2
03_14	153	Picture	move	8411237	0	1	26327	3	0	next	other	0
03_14	153	Response	6	8437395	26158	2
03_14	154	Picture	check	8437564	0	2	11134	200	0	next	other	0
03_14	154	Response	2	8448676	11112	1
03_14	155	Picture	loadClose	8448698	0	198	91010	199	0	next	other	0
03_14	155	Response	9	8539672	90974	2
03_14	156	Picture	view	8539708	0	1	4665	3	0	next	other	0
03_14	156	Response	8	8544232	4524	2
03_14	157	Picture	move	8544373	0	2	21662	3	0	next	other	0
03_14	157	Response	6	8565952	21579	2
03_14	158	Picture	check	8566035	0	1	11134	199	0	next	other	0
03_14	158	Response	2	8577153	11118	1
03_14	159	Picture	loadClose	8577169	0	198	54351	200	0	next	other	0
03_14	159	Response	9	8631340	54171	2
03_14	160	Picture	view	8631520	0	2	5165	4	0	next	other	0
03_14	160	Response	8	8636450	4930	2
03_14	161	Picture	move	8636685	0	2	22828	4	0	next	other	0
03_14	161	Response	6	8659349	22664	2
03_14	162	Picture	check	8659513	0	2	23329	3	0	next	other	0
03_14	162	Response	2	8682751	23238	1
03_14	163	Picture	loadClose	8682842	0	1	59819	2	0	next	other	0
03_14	163	Response	9	8742537	59695	2
03_14	164	Picture	view	8742661	0	1	4999	2	0	next	other	0
03_14	164	Response	8	8747427	4766	2
03_14	165	Picture	move	8747660	0	1	23161	2	0	next	other	0
03_14	165	Response	6	8770747	23087	2
03_14	166	Picture	check	8770821	0	1	14497	2	0	next	other	0
03_14	166	Response	2	8785148	14327	1
03_14	167	Picture	loadClose	8785318	0	1	54154	2	0	next	other	0
03_14	167	Response	9	8839405	54087	2
03_14	168	Picture	view	8839472	0	1	5999	2	0	next	other	0
03_14	168	Response	8	8845345	5873	2
03_14	169	Picture	move	8845471	0	1	23328	2	0	next	other	0
03_14	169	Response	6	8868614	23143	2
03_14	170	Picture	check	8868799	0	1	9331	2	0	next	other	0
03_14	170	Response	2	8877946	9147	1
03_14	171	Picture	loadClose	8878130	0	1	135636	2	0	next	other	0
03_14	171	Response	9	9013731	135601	2
03_14	172	Picture	view	9013766	0	1	4832	2	0	next	other	0
03_14	172	Response	8	9018481	4715	2
03_14	173	Picture	move	9018598	0	1	22995	2	0	next	other	0
03_14	173	Response	6	9041520	22922	2
03_14	174	Picture	check	9041593	0	1	13965	200	0	next	other	0
03_14	174	Response	2	9055542	13949	1
03_14	175	Picture	loadClose	9055558	0	199	90011	200	0	next	other	0
03_14	175	Response	9	9145498	89940	2
03_14	176	Picture	view	9145569	0	1	4998	3	0	next	other	0
03_14	176	Response	8	9150397	4828	2
03_14	177	Picture	move	9150567	0	2	19996	3	0	next	other	0
03_14	177	Response	6	9170417	19850	2
03_14	178	Picture	check	9170563	0	1	25631	199	0	next	other	0
03_14	178	Response	2	9196178	25615	1
03_14	179	Picture	loadClose	9196194	0	198	49685	199	0	next	other	0
03_14	179	Response	9	9245715	49521	2
03_14	180	Picture	view	9245879	0	1	6499	2	0	next	other	0
03_14	180	Response	8	9252255	6376	2
03_14	181	Picture	move	9252378	0	1	20661	3	0	next	other	0
03_14	181	Response	6	9272874	20496	2
03_14	182	Picture	check	9273039	0	2	16113	220	0	next	other	0
03_14	182	Response	2	9289136	16097	1
03_14	183	Picture	loadClose	9289152	0	218	53371	220	0	next	other	0
03_14	183	Response	9	9342413	53261	2
03_14	184	Picture	view	9342523	0	2	4666	3	0	next	other	0
03_14	184	Response	8	9347023	4500	2
03_14	185	Picture	move	9347189	0	1	21162	2	0	next	other	0
03_14	185	Response	6	9368292	21103	2
03_14	186	Picture	check	9368351	0	1	21119	212	0	next	other	0
03_14	186	Response	2	9389454	21103	1
03_14	187	Picture	loadClose	9389470	0	211	61862	212	0	next	other	0
03_14	187	Response	9	9451250	61780	2
03_14	188	Picture	view	9451332	0	1	5984	183	0	next	other	0
03_14	188	Response	8	9457230	5898	2
03_14	189	Picture	move	9457316	0	182	20010	183	0	next	other	0
03_14	189	Response	6	9477240	19924	2
03_14	190	Picture	check	9477326	0	1	16141	191	0	next	other	0
03_14	190	Response	2	9493451	16125	1
03_14	191	Picture	loadClose	9493467	0	190	50010	192	0	next	other	0
03_14	191	Response	9	9543388	49921	2
03_14	192	Picture	view	9543477	0	2	5832	4	0	next	other	0
03_14	192	Response	8	9549118	5641	2
03_14	193	Picture	move	9549309	0	2	19829	3	0	next	other	0
03_14	193	Response	6	9568967	19658	2
03_14	194	Picture	check	9569138	0	1	6999	2	0	next	other	0
03_14	194	Response	2	9576009	6871	1
03_14	195	Picture	loadClose	9576137	0	1	84147	2	0	next	other	0
03_14	195	Response	9	9660205	84068	2
03_14	196	Picture	view	9660284	0	1	5165	3	0	next	other	0
03_14	196	Response	8	9665305	5021	2
03_14	197	Picture	move	9665449	0	2	21162	3	0	next	other	0
03_14	197	Response	6	9686474	21025	2
03_14	198	Picture	check	9686611	0	1	29160	2	0	next	other	0
03_14	198	Response	2	9715686	29075	1
03_14	199	Picture	loadClose	9715771	0	1	74650	2	0	next	other	0
03_14	199	Response	9	9790352	74581	2
03_14	199	Response	9	9790361	74590	9
03_14	200	Picture	view	9790421	0	1	5642	192	0	next	other	0
03_14	200	Response	8	9796002	5581	2
03_14	201	Picture	move	9796063	0	191	20685	192	0	next	other	0
03_14	201	Response	6	9816681	20618	2
03_14	202	Picture	check	9816748	0	1	35492	2	0	next	other	0
03_14	202	Response	2	9852163	35415	1
03_14	203	Picture	loadClose	9852240	0	1	58319	3	0	next	other	0
03_14	203	Response	9	9910529	58289	2
03_14	204	Picture	view	9910559	0	2	4667	3	0	next	other	0
03_14	204	Response	8	9915059	4500	2
03_14	205	Picture	move	9915226	0	1	20995	2	0	next	other	0
03_14	205	Response	6	9936038	20812	2
03_14	206	Picture	check	9936221	0	1	15795	203	0	next	other	0
03_14	206	Response	2	9952000	15779	1
03_14	207	Picture	loadClose	9952016	0	202	68519	203	0	next	other	0
03_14	207	Response	9	10020396	68380	2
03_14	208	Picture	view	10020535	0	1	4165	3	0	next	other	0
03_14	208	Response	8	10024576	4041	2
03_14	209	Picture	move	10024700	0	2	23162	3	0	next	other	0
03_14	209	Response	6	10047726	23026	2
03_14	210	Picture	check	10047862	0	1	10331	2	0	next	other	0
03_14	210	Response	2	10058077	10215	1
03_14	211	Picture	loadClose	10058193	0	1	45489	2	0	next	other	0
03_14	211	Response	9	10103654	45461	2
03_14	212	Picture	view	10103682	0	1	4976	192	0	next	other	0
03_14	212	Response	8	10108594	4912	2
03_14	213	Picture	move	10108658	0	191	22351	193	0	next	other	0
03_14	213	Response	6	10130844	22186	2
03_14	214	Picture	check	10131009	0	2	12497	4	0	next	other	0
03_14	214	Response	2	10143355	12346	1
03_14	215	Picture	loadClose	10143506	0	2	60486	4	0	next	other	0
03_14	215	Response	9	10203922	60416	2
03_14	216	Picture	view	10203992	0	2	4833	3	0	next	other	0
03_14	216	Response	8	10208692	4700	2
03_14	217	Picture	move	10208825	0	1	22995	2	0	next	other	0
03_14	217	Response	6	10231711	22886	2
03_14	218	Picture	check	10231820	0	1	18495	2	0	next	other	0
03_14	218	Response	2	10250233	18413	1
03_14	219	Picture	loadClose	10250315	0	1	59820	2	0	next	other	0
03_14	219	Response	9	10309949	59634	2
03_14	220	Picture	view	10310135	0	1	4999	2	0	next	other	0
03_14	220	Response	8	10314959	4824	2
03_14	221	Picture	move	10315134	0	1	21828	2	0	next	other	0
03_14	221	Response	6	10336899	21765	2
03_14	222	Picture	check	10336962	0	1	20162	2	0	next	other	0
03_14	222	Response	2	10356950	19988	1
03_14	223	Picture	loadClose	10357124	0	1	45990	2	0	next	other	0
03_14	223	Response	9	10402947	45823	2
03_14	224	Picture	view	10403114	0	1	7498	2	0	next	other	0
03_14	224	Response	8	10410497	7383	2
03_14	225	Picture	move	10410612	0	1	21662	2	0	next	other	0
03_14	225	Response	2	10431188	20576	1
03_14	225	Response	6	10432166	21554	2
03_14	226	Picture	check	10432274	0	1	17496	2	0	next	other	0
03_14	226	Response	2	10449588	17314	1
03_14	227	Picture	loadClose	10449770	0	1	45156	2	0	next	other	0
03_14	227	Response	9	10494795	45025	2
03_14	228	Picture	view	10494926	0	1	4166	2	0	next	other	0
03_14	228	Response	8	10498885	3959	2
03_14	229	Picture	move	10499092	0	1	19662	2	0	next	other	0
03_14	229	Response	6	10518604	19512	2
03_14	230	Picture	check	10518754	0	1	23494	2	0	next	other	0
03_14	230	Response	2	10542066	23312	1
03_14	231	Picture	loadClose	10542248	0	1	30827	2	0	next	other	0
03_14	231	Response	9	10573033	30785	2
03_14	232	Picture	view	10573075	0	1	6498	3	0	next	other	0
03_14	232	Response	8	10579403	6328	2
03_14	233	Picture	move	10579573	0	2	20995	3	0	next	other	0
03_14	233	Response	6	10600522	20949	2
03_14	234	Picture	endBlock	10600568	0	1	30160	2	0	next	other	0
03_14	235	Picture	begin	10630728	0	1	10263146	3	0	next	other	0
03_14	235	Response	7	10678491	47763	2
03_14	235	Response	8	10679571	48843	2
03_14	235	Response	5	10790338	159610	2
03_14	235	Response	7	10806077	175349	3
03_14	235	Response	6	12775630	2144902	2
03_14	235	Response	8	12777960	2147232	2
03_14	235	Response	6	12779150	2148422	2
03_14	235	Response	8	12781050	2150322	2
03_14	235	Response	6	12781920	2151192	2
03_14	235	Response	8	12782910	2152182	2
03_14	235	Response	6	12783670	2152942	2
03_14	235	Response	8	12784730	2154002	2
03_14	235	Response	6	12785370	2154642	2
03_14	235	Response	8	12786380	2155652	2
03_14	235	Response	6	13659049	3028321	2
03_14	235	Response	8	13667128	3036400	2
03_14	235	Response	6	13687438	3056710	2
03_14	235	Response	8	13697688	3066960	2
03_14	235	Response	6	13730927	3100199	2
03_14	235	Response	8	13745467	3114739	2
03_14	235	Response	6	13781606	3150878	2
03_14	235	Response	8	13798655	3167927	2
03_14	235	Response	6	13867854	3237126	2
03_14	235	Response	8	13872764	3242036	2
03_14	235	Response	6	13874403	3243675	2
03_14	235	Response	8	13879103	3248375	2
03_14	235	Response	6	13883023	3252295	2
03_14	235	Response	8	13893083	3262355	2
03_14	235	Response	6	14270874	3640146	2
03_14	235	Response	8	14281054	3650326	2
03_14	235	Response	6	14465229	3834501	2
03_14	235	Response	8	14470769	3840041	2
03_14	235	Response	6	14497208	3866480	2
03_14	235	Response	8	14499668	3868940	2
03_14	235	Response	6	14645325	4014597	2
03_14	235	Response	8	14680144	4049416	2
03_14	235	Response	6	14923998	4293270	2
03_14	235	Response	8	14928258	4297530	2
03_14	235	Response	6	15174472	4543744	2
03_14	235	Response	8	15178592	4547864	2
03_14	235	Response	6	15454045	4823317	2
03_14	235	Response	8	15458765	4828037	2
03_14	235	Response	6	15490884	4860156	2
03_14	235	Response	8	15494704	4863976	2
03_14	235	Response	6	15960633	5329905	2
03_14	235	Response	8	15978553	5347825	2
03_14	235	Response	6	16012612	5381884	2
03_14	235	Response	8	16020922	5390194	2
03_14	235	Response	6	16054171	5423443	2
03_14	235	Response	8	16065611	5434883	2
03_14	235	Response	6	17053427	6422699	2
03_14	235	Response	8	17053767	6423039	2
03_14	235	Response	6	17055027	6424299	2
03_14	235	Response	8	17069386	6438658	2
03_14	235	Response	6	17073356	6442628	2
03_14	235	Response	8	17076086	6445358	2
03_14	235	Response	6	17077376	6446648	2
03_14	235	Response	8	17079966	6449238	2
03_14	235	Response	6	17081066	6450338	2
03_14	235	Response	8	17086496	6455768	2
03_14	235	Response	6	17124865	6494137	2
03_14	235	Response	8	17125465	6494737	2
03_14	235	Response	6	17126245	6495517	2
03_14	235	Response	8	17129505	6498777	2
03_14	235	Response	6	17188324	6557596	2
03_14	235	Response	8	17191603	6560875	2
03_14	235	Response	6	17212063	6581335	2
03_14	235	Response	8	17213443	6582715	2
03_14	235	Response	6	17882207	7251479	2
03_14	235	Response	8	17951785	7321057	2
03_14	235	Response	6	17991134	7360406	2
03_14	235	Response	8	18095822	7465094	2
03_14	235	Response	6	18274757	7644029	2
03_14	235	Response	8	18277807	7647079	2
03_14	235	Response	6	18284247	7653519	2
03_14	235	Response	8	18298267	7667539	2
03_14	235	Response	6	18326786	7696058	2
03_14	235	Response	8	18350955	7720227	2
03_14	235	Response	6	18353995	7723267	2
03_14	235	Response	8	18362255	7731527	2
03_14	235	Response	6	18367915	7737187	2
03_14	235	Response	8	18369835	7739107	2
03_14	235	Response	6	18488592	7857864	2
03_14	235	Response	8	18543991	7913263	2
03_14	235	Response	6	18549071	7918343	2
03_14	235	Response	8	18551351	7920623	2
03_14	235	Response	6	18552751	7922023	2
03_14	235	Response	8	18576910	7946182	2
03_14	235	Response	6	18592510	7961782	2
03_14	235	Response	8	18594580	7963852	2
03_14	235	Response	6	18597030	7966302	2
03_14	235	Response	8	18599010	7968282	1
03_14	235	Response	6	18610969	7980241	2
03_14	235	Response	8	18633799	8003071	2
03_14	235	Response	6	18637169	8006441	2
03_14	235	Response	8	18653688	8022960	2
03_14	235	Response	6	18677378	8046650	1
03_14	235	Response	8	18678438	8047710	2
03_14	235	Response	6	18680348	8049620	2
03_14	235	Response	8	18685847	8055119	2
03_14	235	Response	6	18686467	8055739	2
03_14	235	Response	8	18686907	8056179	2
03_14	235	Response	6	18687687	8056959	2
03_14	235	Response	8	18833744	8203016	2
03_14	235	Response	6	18861863	8231135	2
03_14	235	Response	8	18862123	8231395	2
03_14	235	Response	6	18969801	8339073	2
03_14	235	Response	8	18973670	8342942	2
03_14	235	Response	6	19002600	8371872	2
03_14	235	Response	8	19006380	8375652	2
03_14	235	Response	6	19029239	8398511	2
03_14	235	Response	8	19113127	8482399	2
03_14	235	Response	6	19210895	8580167	2
03_14	235	Response	8	19249334	8618606	2
03_14	235	Response	6	19318992	8688264	2
03_14	235	Response	8	19322332	8691604	2
03_14	235	Response	6	19323852	8693124	2
03_14	235	Response	8	19325072	8694344	2
03_14	235	Response	6	19325732	8695004	2
03_14	235	Response	8	19328502	8697774	2
03_14	235	Response	6	19565586	8934858	2
03_14	235	Response	8	19569386	8938658	2
03_14	235	Response	6	19631545	9000817	2
03_14	235	Response	8	19698803	9068075	2
03_14	235	Response	6	19758682	9127954	2
03_14	235	Response	8	19940637	9309909	2
03_14	235	Response	6	19966237	9335509	2
03_14	235	Response	8	19969976	9339248	2
03_14	235	Response	6	19997556	9366828	2
03_14	235	Response	8	20041175	9410447	2
03_14	235	Response	6	20069854	9439126	2
03_14	235	Response	8	20070554	9439826	2
03_14	235	Response	6	20071934	9441206	2
03_14	235	Response	8	20085654	9454926	2
03_14	235	Response	6	20087904	9457176	2
03_14	235	Response	8	20115993	9485265	2
03_14	235	Response	6	20143892	9513164	2
03_14	235	Response	8	20148912	9518184	2
03_14	235	Response	6	20168162	9537434	2
03_14	235	Response	8	20264699	9633971	2
03_14	235	Response	6	20287609	9656881	2
03_14	235	Response	8	20312868	9682140	2
03_14	235	Response	6	20331538	9700810	2
03_14	235	Response	5	20347867	9717139	2
03_14	235	Response	7	20350057	9719329	2
03_14	235	Response	5	20353667	9722939	2
03_14	235	Response	7	20355267	9724539	2
03_14	235	Response	5	20358667	9727939	2
03_14	235	Response	8	20358787	9728059	2
03_14	235	Response	7	20359727	9728999	2
03_14	235	Response	5	20363157	9732429	2
03_14	235	Response	7	20364767	9734039	2
03_14	235	Response	6	20366777	9736049	2
03_14	235	Response	5	20367367	9736639	2
03_14	235	Response	8	20368497	9737769	2
03_14	235	Response	7	20368547	9737819	2
03_14	235	Response	5	20369577	9738849	2
03_14	235	Response	6	20370647	9739919	2
03_14	235	Response	7	20370907	9740179	2
03_14	235	Response	8	20372267	9741539	2
03_14	235	Response	5	20373527	9742799	2
03_14	235	Response	6	20374237	9743509	2
03_14	235	Response	7	20374767	9744039	2
03_14	235	Response	8	20375737	9745009	1
03_14	235	Response	5	20376027	9745299	2
03_14	235	Response	7	20377127	9746399	2
03_14	235	Response	6	20380927	9750199	1
03_14	235	Response	8	20383326	9752598	2
03_14	235	Response	6	20384906	9754178	2
03_14	235	Response	8	20386736	9756008	2
03_14	235	Response	6	20388006	9757278	3
03_14	235	Response	8	20389286	9758558	2
03_14	235	Response	6	20390246	9759518	2
03_14	235	Response	8	20391486	9760758	2
03_14	235	Response	6	20392086	9761358	2
03_14	235	Response	8	20393386	9762658	2
03_14	235	Response	6	20394366	9763638	2
03_14	235	Response	8	20395376	9764648	2
03_14	235	Response	6	20396966	9766238	2
03_14	235	Response	8	20398036	9767308	2
03_14	235	Response	6	20399266	9768538	2
03_14	235	Response	8	20400786	9770058	2
03_14	235	Response	6	20402146	9771418	2
03_14	235	Response	8	20403626	9772898	2
03_14	235	Response	6	20404786	9774058	2
03_14	235	Response	8	20406106	9775378	2
03_14	235	Response	6	20406956	9776228	2
03_14	235	Response	8	20408066	9777338	2
03_14	235	Response	6	20408826	9778098	2
03_14	235	Response	8	20410066	9779338	2
03_14	235	Response	6	20411006	9780278	2
03_14	235	Response	8	20412256	9781528	2
03_14	235	Response	6	20413006	9782278	2
03_14	235	Response	8	20414086	9783358	2
03_14	235	Response	6	20415066	9784338	2
03_14	235	Response	8	20416846	9786118	2
03_14	235	Response	6	20418286	9787558	2
03_14	235	Response	8	20419016	9788288	2
03_14	235	Response	6	20420536	9789808	1
03_14	235	Response	8	20422406	9791678	1
03_14	235	Response	6	20423545	9792817	2
03_14	235	Response	8	20424805	9794077	2
03_14	235	Response	5	20880574	10249846	2
03_14	235	Response	7	20888894	10258166	2
03_14	235	Response	9	20893674	10262946	2
03_14	236	Picture	loadClose	20893874	0	2	27994	3	0	next	other	0
03_14	236	Response	5	20918844	24970	2
03_14	236	Response	7	20921713	27839	2
03_14	237	Picture	wrongHand	20921868	0	1	41657	2	0	next	false_alarm	698
03_14	237	Response	5	20963352	41484	2
03_14	238	Picture	loadClose	20963525	0	1	666	3	0	next	other	0
03_14	238	Response	7	20964162	637	3
03_14	239	Picture	wrongHand	20964191	0	2	1148	189	0	next	false_alarm	702
03_14	239	Response	5	20965292	1101	2
03_14	240	Picture	loadClose	20965339	0	187	20014	188	0	next	other	0
03_14	240	Response	6	20980812	15473	2
03_14	240	Response	8	20985322	19983	2
03_14	241	Picture	wrongHand	20985353	0	1	2166	3	0	next	false_alarm	707
03_14	241	Response	6	20987332	1979	2
03_14	242	Picture	loadClose	20987519	0	2	76150	3	0	next	other	0
03_14	242	Response	9	21063590	76071	2
03_14	243	Picture	view	21063669	0	1	5332	2	0	next	other	0
03_14	243	Response	7	21068870	5201	2
03_14	244	Picture	move	21069001	0	1	11664	2	0	next	other	0
03_14	244	Response	5	21080550	11549	2
03_14	245	Picture	check	21080665	0	1	38491	2	0	next	other	0
03_14	245	Response	3	21119091	38426	1
03_14	246	Picture	loadClose	21119156	0	1	66318	2	0	next	other	0
03_14	246	Response	9	21185347	66191	2
03_14	247	Picture	view	21185474	0	1	5499	2	0	next	other	0
03_14	247	Response	7	21190807	5333	2
03_14	248	Picture	move	21190973	0	1	19329	2	0	next	other	0
03_14	248	Response	5	21210187	19214	2
03_14	249	Picture	check	21210302	0	1	21328	2	0	next	other	0
03_14	249	Response	2	21231568	21266	1
03_14	250	Picture	loadClose	21231630	0	1	24161	2	0	next	other	0
03_14	250	Response	9	21255765	24135	2
03_14	251	Picture	view	21255791	0	1	5650	185	0	next	other	0
03_14	251	Response	7	21261355	5564	2
03_14	252	Picture	move	21261441	0	184	17845	185	0	next	other	0
03_14	252	Response	5	21279085	17644	2
03_14	253	Picture	check	21279286	0	1	13330	2	0	next	other	0
03_14	253	Response	2	21292526	13240	1
03_14	254	Picture	loadClose	21292616	0	1	57820	2	0	next	other	0
03_14	254	Response	9	21350413	57797	2
03_14	255	Picture	view	21350436	0	1	4333	2	0	next	other	0
03_14	255	Response	7	21354623	4187	2
03_14	256	Picture	move	21354769	0	1	18662	2	0	next	other	0
03_14	256	Response	5	21373243	18474	2
03_14	257	Picture	check	21373431	0	1	3999	2	0	next	other	0
03_14	257	Response	2	21377324	3893	1
03_14	258	Picture	loadClose	21377430	0	1	37491	3	0	next	other	0
03_14	258	Response	9	21414862	37432	2
03_14	259	Picture	view	21414921	0	2	4333	3	0	next	other	0
03_14	259	Response	7	21419121	4200	2
03_14	260	Picture	move	21419254	0	1	18995	3	0	next	other	0
03_14	260	Response	2	21437003	17749	1
03_14	260	Response	5	21438201	18947	2
03_14	261	Picture	check	21438249	0	2	77982	4	0	next	other	0
03_14	261	Response	2	21516201	77952	1
03_14	262	Picture	loadClose	21516231	0	2	10331	4	0	next	other	0
03_14	262	Response	9	21526419	10188	2
03_14	262	Response	9	21526439	10208	2
03_14	263	Picture	view	21526562	0	2	4156	180	0	next	other	0
03_14	263	Response	7	21530639	4077	2
03_14	264	Picture	move	21530718	0	178	20065	620	0	next	other	0
03_14	264	Response	5	21550728	20010	2
03_14	265	Response	2	21550755	0	7
03_14	266	Picture	loadClose	21550783	0	442	67425	443	0	next	other	0
03_14	266	Response	9	21618057	67274	2
03_14	267	Picture	view	21618208	0	1	4166	2	0	next	other	0
03_14	267	Response	7	21622227	4019	2
03_14	268	Picture	move	21622374	0	1	21328	2	0	next	other	0
03_14	268	Response	5	21643636	21262	2
03_14	269	Picture	check	21643702	0	1	667	2	0	next	other	0
03_14	269	Response	2	21644198	496	1
03_14	270	Picture	loadClose	21644369	0	1	148466	2	0	next	other	0
03_14	270	Response	9	21792712	148343	2
03_14	271	Picture	view	21792835	0	1	5165	3	0	next	other	0
03_14	271	Response	7	21797772	4937	2
03_14	272	Picture	move	21798000	0	2	17829	4	0	next	other	0
03_14	272	Response	5	21815692	17692	2
03_14	273	Picture	check	21815829	0	2	1333	4	0	next	other	0
03_14	273	Response	7	21816992	1163	2
03_14	274	Picture	wrongHand	21817162	0	2	1167	3	0	next	false_alarm	774
03_14	274	Response	5	21818192	1030	2
03_14	275	Picture	loadClose	21818329	0	1	69317	2	0	next	other	0
03_14	275	Response	2	21819554	1225	1
03_14	275	Response	9	21887590	69261	2
03_14	276	Picture	view	21887646	0	1	6166	2	0	next	other	0
03_14	276	Response	7	21893600	5954	2
03_14	277	Picture	move	21893812	0	1	23827	3	0	next	other	0
03_14	277	Response	5	21917539	23727	3
03_14	278	Picture	check	21917639	0	2	34992	4	0	next	other	0
03_14	278	Response	3	21952511	34872	1
03_14	279	Picture	loadClose	21952631	0	2	37992	3	0	next	other	0
03_14	279	Response	9	21990578	37947	2
03_14	280	Picture	view	21990623	0	1	5165	3	0	next	other	0
03_14	280	Response	7	21995638	5015	2
03_14	281	Picture	move	21995788	0	2	17663	3	0	next	other	0
03_14	281	Response	5	22013327	17539	2
03_14	282	Picture	check	22013451	0	1	3166	2	0	next	other	0
03_14	282	Response	2	22016509	3058	1
03_14	283	Picture	loadClose	22016617	0	1	33659	2	0	next	other	0
03_14	283	Response	9	22050246	33629	2
03_14	284	Picture	wait	22050276	0	1	5665	2	0	next	other	0
03_14	285	Picture	view	22055941	0	1	3833	2	0	next	other	0
03_14	285	Response	7	22059606	3665	2
03_14	286	Picture	move	22059774	0	1	19162	2	0	next	other	0
03_14	286	Response	5	22078856	19082	2
03_14	287	Picture	check	22078936	0	1	147	188	0	next	other	0
03_14	287	Response	2	22079068	132	1
03_14	288	Picture	loadClose	22079083	0	187	37178	188	0	next	other	0
03_14	288	Response	9	22116085	37002	2
03_14	289	Picture	wait	22116261	0	1	3832	2	0	next	other	0
03_14	290	Picture	view	22120093	0	1	4332	3	0	next	other	0
03_14	290	Response	7	22124304	4211	2
03_14	291	Picture	move	22124425	0	2	19496	3	0	next	other	0
03_14	291	Response	5	22143834	19409	2
03_14	292	Picture	check	22143921	0	1	1500	2	0	next	other	0
03_14	292	Response	2	22145306	1385	1
03_14	293	Picture	loadClose	22145421	0	1	48655	2	0	next	other	0
03_14	293	Response	9	22193893	48472	2
03_14	294	Picture	view	22194076	0	1	3999	2	0	next	other	0
03_14	294	Response	7	22197943	3867	2
03_14	295	Picture	move	22198075	0	1	20162	2	0	next	other	0
03_14	295	Response	5	22218142	20067	2
03_14	296	Picture	check	22218237	0	1	10165	2	0	next	other	0
03_14	296	Response	2	22228344	10107	1
03_14	297	Picture	loadClose	22228402	0	1	104809	2	0	next	other	0
03_14	297	Response	9	22333179	104777	2
03_14	298	Picture	view	22333211	0	1	5832	2	0	next	other	0
03_14	298	Response	7	22338919	5708	2
03_14	299	Picture	move	22339043	0	1	21162	2	0	next	other	0
03_14	299	Response	2	22359061	20018	1
03_14	299	Response	5	22360129	21086	2
03_14	300	Picture	check	22360205	0	1	169127	3	0	next	other	0
03_14	300	Response	2	22529297	169092	1
03_14	301	Picture	loadClose	22529332	0	2	13664	3	0	next	other	0
03_14	301	Response	9	22542874	13542	2
03_14	302	Picture	view	22542996	0	1	4498	3	0	next	other	0
03_14	302	Response	7	22547294	4298	2
03_14	303	Picture	move	22547494	0	2	21663	3	0	next	other	0
03_14	303	Response	5	22569094	21600	2
03_14	304	Picture	check	22569157	0	1	132803	2	0	next	other	0
03_14	304	Response	3	22701772	132615	1
03_14	305	Picture	loadClose	22701960	0	1	14830	2	0	next	other	0
03_14	305	Response	9	22716630	14670	2
03_14	306	Picture	view	22716790	0	1	6498	2	0	next	other	0
03_14	306	Response	7	22723110	6320	2
03_14	307	Picture	move	22723288	0	1	19496	2	0	next	other	0
03_14	307	Response	5	22742630	19342	2
03_14	308	Picture	check	22742784	0	1	666	2	0	next	other	0
03_14	308	Response	2	22743371	587	1
03_14	309	Picture	loadClose	22743450	0	1	62652	3	0	next	other	0
03_14	309	Response	9	22805968	62518	2
03_14	310	Picture	view	22806102	0	2	5666	4	0	next	other	0
03_14	310	Response	7	22811618	5516	2
03_14	311	Picture	move	22811768	0	2	21495	3	0	next	other	0
03_14	311	Response	2	22831529	19761	1
03_14	311	Response	5	22833217	21449	2
03_14	312	Picture	check	22833263	0	1	104976	2	0	next	other	0
03_14	312	Response	9	22890866	57603	2
03_14	312	Response	2	22938087	104824	1
03_14	313	Picture	loadClose	22938239	0	1	11830	3	0	next	other	0
03_14	313	Response	9	22949925	11686	2
03_14	313	Response	9	22949945	11706	1
03_14	314	Picture	view	22950069	0	2	5333	3	0	next	other	0
03_14	314	Response	7	22955204	5135	2
03_14	315	Picture	move	22955402	0	1	21994	3	0	next	other	0
03_14	315	Response	5	22977284	21882	2
03_14	316	Picture	check	22977396	0	2	16497	3	0	next	other	0
03_14	316	Response	2	22993765	16369	1
03_14	317	Picture	loadClose	22993893	0	1	56653	2	0	next	other	0
03_14	317	Response	9	23050492	56599	2
03_14	318	Picture	view	23050546	0	1	4499	3	0	next	other	0
03_14	318	Response	7	23054912	4366	2
03_14	319	Picture	move	23055045	0	2	20329	3	0	next	other	0
03_14	319	Response	2	23073283	18238	1
03_14	319	Response	5	23075222	20177	1
03_14	320	Picture	check	23075374	0	1	62819	2	0	next	other	0
03_14	320	Response	9	23122530	47156	2
03_14	320	Response	2	23138082	62708	1
03_14	321	Picture	loadClose	23138193	0	1	16496	2	0	next	other	0
03_14	321	Response	9	23154630	16437	1
03_14	322	Picture	view	23154689	0	1	5332	3	0	next	other	0
03_14	322	Response	7	23159839	5150	3
03_14	323	Picture	move	23160021	0	2	20496	3	0	next	other	0
03_14	323	Response	5	23180399	20378	2
03_14	324	Picture	check	23180517	0	1	239278	2	0	next	other	0
03_14	324	Response	2	23419675	239158	1
03_14	325	Picture	loadClose	23419795	0	1	22661	3	0	next	other	0
03_14	325	Response	9	23442323	22528	2
03_14	326	Picture	view	23442456	0	2	5999	3	0	next	other	0
03_14	326	Response	7	23448263	5807	2
03_14	327	Picture	move	23448455	0	1	23661	2	0	next	other	0
03_14	327	Response	5	23472052	23597	2
03_14	328	Picture	check	23472116	0	1	13497	2	0	next	other	0
03_14	328	Response	2	23485434	13318	1
03_14	329	Picture	loadClose	23485613	0	1	181459	2	0	next	other	0
03_14	329	Response	9	23667027	181414	2
03_14	330	Picture	view	23667072	0	1	5498	3	0	next	other	0
03_14	330	Response	7	23672327	5255	2
03_14	331	Picture	move	23672570	0	2	19996	3	0	next	other	0
03_14	331	Response	2	23688949	16379	1
03_14	331	Response	5	23692437	19867	2
03_14	332	Picture	check	23692566	0	1	68317	3	0	next	other	0
03_14	332	Response	2	23760787	68221	1
03_14	333	Picture	loadClose	23760883	0	2	9665	3	0	next	other	0
03_14	333	Response	9	23770435	9552	2
03_14	334	Picture	view	23770548	0	1	5332	2	0	next	other	0
03_14	334	Response	7	23775705	5157	2
03_14	335	Picture	move	23775880	0	1	19829	2	0	next	other	0
03_14	335	Response	5	23795634	19754	2
03_14	336	Picture	check	23795709	0	1	15830	2	0	next	other	0
03_14	336	Response	2	23811506	15797	1
03_14	337	Picture	loadClose	23811539	0	1	47322	2	0	next	other	0
03_14	337	Response	9	23858773	47234	2
03_14	338	Picture	view	23858861	0	1	5999	2	0	next	other	0
03_14	338	Response	7	23864642	5781	2
03_14	339	Picture	move	23864860	0	1	20162	2	0	next	other	0
03_14	339	Response	5	23884882	20022	2
03_14	340	Picture	check	23885022	0	1	8664	2	0	next	other	0
03_14	340	Response	2	23893584	8562	1
03_14	341	Picture	loadClose	23893686	0	1	49489	2	0	next	other	0
03_14	341	Response	9	23943061	49375	2
03_14	342	Picture	view	23943175	0	1	5832	2	0	next	other	0
03_14	342	Response	7	23948880	5705	3
03_14	343	Picture	move	23949007	0	1	18996	2	0	next	other	0
03_14	343	Response	5	23967940	18933	2
03_14	344	Picture	check	23968003	0	1	3832	2	0	next	other	0
03_14	344	Response	2	23971662	3659	1
03_14	345	Picture	loadClose	23971835	0	1	70817	2	0	next	other	0
03_14	345	Response	9	24042598	70763	2
03_14	346	Picture	view	24042652	0	1	4166	3	0	next	other	0
03_14	346	Response	7	24046678	4026	2
03_14	347	Picture	move	24046818	0	2	19829	3	0	next	other	0
03_14	347	Response	5	24066568	19750	2
03_14	348	Picture	check	24066647	0	1	5832	2	0	next	other	0
03_14	348	Response	2	24072299	5652	1
03_14	349	Picture	loadClose	24072479	0	1	32492	2	0	next	other	0
03_14	349	Response	9	24104867	32388	2
03_14	350	Picture	wait	24104971	0	1	2000	2	0	next	other	0
03_14	351	Picture	view	24106971	0	1	4314	187	0	next	other	0
03_14	351	Response	7	24111197	4226	2
03_14	352	Picture	move	24111285	0	186	20014	187	0	next	other	0
03_14	352	Response	5	24131276	19991	2
03_14	353	Picture	check	24131299	0	1	13330	2	0	next	other	0
03_14	353	Response	2	24144458	13159	1
03_14	354	Picture	loadClose	24144629	0	1	38158	2	0	next	other	0
03_14	354	Response	9	24182665	38036	2
03_14	355	Picture	view	24182787	0	1	3999	2	0	next	other	0
03_14	355	Response	7	24186665	3878	2
03_14	356	Picture	move	24186786	0	1	19328	3	0	next	other	0
03_14	356	Response	5	24206054	19268	2
03_14	357	Picture	endBlock	24206114	0	2	30160	4	0	next	other	0
03_14	357	Response	2	24208616	2502	1
03_14	358	Picture	begin	24236274	0	2	341755	4	0	next	other	0
03_14	358	Response	9	24577895	341621	2
03_14	359	Picture	loadClose	24578029	0	2	90646	3	0	next	other	0
03_14	359	Response	9	24668553	90524	2
03_14	360	Picture	view	24668675	0	1	5332	3	0	next	other	0
03_14	360	Response	7	24673863	5188	2
03_14	361	Picture	move	24674007	0	2	24661	4	0	next	other	0
03_14	361	Response	5	24698542	24535	2
03_14	362	Picture	check	24698668	0	2	37647	181	0	next	other	0
03_14	362	Response	3	24736283	37615	1
03_14	363	Picture	loadClose	24736315	0	179	66830	180	0	next	other	0
03_14	363	Response	9	24803120	66805	2
03_14	364	Picture	view	24803145	0	1	5332	2	0	next	other	0
03_14	364	Response	7	24808300	5155	2
03_14	365	Picture	move	24808477	0	1	35991	2	0	next	other	0
03_14	365	Response	5	24844369	35892	2
03_14	366	Picture	check	24844468	0	1	3000	2	0	next	other	0
03_14	366	Response	2	24847321	2853	1
03_14	367	Picture	loadClose	24847468	0	1	84647	2	0	next	other	0
03_14	367	Response	9	24932017	84549	2
03_14	368	Picture	view	24932115	0	1	6165	2	0	next	other	0
03_14	368	Response	7	24938077	5962	2
03_14	369	Picture	move	24938280	0	1	27660	3	0	next	other	0
03_14	369	Response	5	24965896	27616	2
03_14	370	Picture	check	24965940	0	2	2167	3	0	next	other	0
03_14	370	Response	2	24967958	2018	1
03_14	371	Picture	loadClose	24968107	0	1	82647	3	0	next	other	0
03_14	371	Response	9	25050634	82527	2
03_14	372	Picture	view	25050754	0	2	8165	4	0	next	other	0
03_14	372	Response	7	25058784	8030	2
03_14	373	Picture	move	25058919	0	2	23328	3	0	next	other	0
03_14	373	Response	5	25082163	23244	2
03_14	374	Picture	check	25082247	0	1	9331	3	0	next	other	0
03_14	374	Response	2	25091475	9228	1
03_14	375	Picture	loadClose	25091578	0	2	93812	3	0	next	other	0
03_14	375	Response	9	25185231	93653	2
03_14	376	Picture	view	25185390	0	1	10830	4	0	next	other	0
03_14	376	Response	7	25196000	10610	2
03_14	377	Picture	move	25196220	0	3	24329	4	0	next	other	0
03_14	377	Response	5	25220410	24190	2
03_14	378	Picture	check	25220549	0	1	1833	2	0	next	other	0
03_14	378	Response	2	25222352	1803	1
03_14	379	Picture	loadClose	25222382	0	1	68484	2	0	next	other	0
03_14	379	Response	9	25290808	68426	2
03_14	380	Picture	view	25290866	0	1	8331	3	0	next	other	0
03_14	380	Response	7	25298958	8092	2
03_14	381	Picture	move	25299197	0	2	24995	3	0	next	other	0
03_14	381	Response	2	25322349	23152	1
03_14	381	Response	5	25324127	24930	2
03_14	382	Picture	check	25324192	0	1	131303	2	0	next	other	0
03_14	382	Response	2	25455466	131274	1
03_14	383	Picture	loadClose	25455495	0	1	31326	2	0	next	other	0
03_14	383	Response	9	25486653	31158	2
03_14	384	Picture	view	25486821	0	1	5140	195	0	next	other	0
03_14	384	Response	7	25491873	5052	2
03_14	385	Picture	move	25491961	0	194	25353	195	0	next	other	0
03_14	385	Response	2	25517064	25103	1
03_14	385	Response	5	25517123	25162	2
03_14	386	Picture	check	25517314	0	1	116973	2	0	next	other	0
03_14	386	Response	2	25634182	116868	1
03_14	387	Picture	loadClose	25634287	0	1	26161	2	0	next	other	0
03_14	387	Response	9	25660419	26132	2
03_14	388	Picture	view	25660448	0	1	5998	3	0	next	other	0
03_14	388	Response	7	25666299	5851	2
03_14	389	Picture	move	25666446	0	2	23828	3	0	next	other	0
03_14	389	Response	5	25690078	23632	2
03_14	390	Picture	check	25690274	0	1	1167	2	0	next	other	0
03_14	390	Response	2	25691300	1026	1
03_14	391	Picture	loadClose	25691441	0	1	74149	3	0	next	other	0
03_14	391	Response	9	25765457	74016	2
03_14	392	Picture	view	25765590	0	2	8998	4	0	next	other	0
03_14	392	Response	7	25774416	8826	2
03_14	393	Picture	move	25774588	0	2	24661	3	0	next	other	0
03_14	393	Response	5	25799176	24588	2
03_14	394	Picture	check	25799249	0	1	2666	3	0	next	other	0
03_14	394	Response	2	25801858	2609	1
03_14	395	Picture	loadClose	25801915	0	2	86481	3	0	next	other	0
03_14	395	Response	9	25888334	86419	2
03_14	396	Picture	view	25888396	0	1	5665	2	0	next	other	0
03_14	396	Response	7	25893894	5498	2
03_14	397	Picture	move	25894061	0	1	23495	2	0	next	other	0
03_14	397	Response	2	25915775	21714	1
03_14	397	Response	5	25917423	23362	2
03_14	398	Picture	check	25917556	0	1	143467	2	0	next	other	0
03_14	398	Response	2	26060891	143335	1
03_14	399	Picture	loadClose	26061023	0	1	74483	2	0	next	other	0
03_14	399	Response	9	26135338	74315	2
03_14	400	Picture	view	26135506	0	1	6831	3	0	next	other	0
03_14	400	Response	7	26142098	6592	2
03_14	401	Picture	move	26142337	0	2	20829	3	0	next	other	0
03_14	401	Response	5	26162987	20650	2
03_14	402	Picture	check	26163166	0	1	333	2	0	next	other	0
03_14	402	Response	7	26163397	231	2
03_14	403	Picture	wrongHand	26163499	0	1	2999	3	0	next	false_alarm	1040
03_14	403	Response	2	26165209	1710	1
03_14	403	Response	5	26166397	2898	2
03_14	404	Picture	loadClose	26166498	0	2	100811	3	0	next	other	0
03_14	404	Response	9	26267235	100737	2
03_14	405	Picture	view	26267309	0	1	7831	3	0	next	other	0
03_14	405	Response	7	26274984	7675	2
03_14	406	Picture	move	26275140	0	2	21829	3	0	next	other	0
03_14	406	Response	2	26279446	4306	1
03_14	406	Response	5	26296854	21714	2
03_14	407	Picture	check	26296969	0	1	110974	2	0	next	other	0
03_14	407	Response	2	26407763	110794	1
03_14	408	Picture	loadClose	26407943	0	1	69984	2	0	next	other	0
03_14	408	Response	9	26477819	69876	2
03_14	409	Picture	view	26477927	0	1	6832	2	0	next	other	0
03_14	409	Response	7	26484619	6692	2
03_14	410	Picture	move	26484759	0	1	22995	2	0	next	other	0
03_14	410	Response	5	26507569	22810	2
03_14	411	Picture	check	26507754	0	1	2166	2	0	next	other	0
03_14	411	Response	2	26509841	2087	1
03_14	412	Picture	loadClose	26509920	0	1	74816	2	0	next	other	0
03_14	412	Response	2	26563759	53839	1
03_14	412	Response	9	26584597	74677	2
03_14	413	Picture	view	26584736	0	1	6498	3	0	next	other	0
03_14	413	Response	7	26591047	6311	1
03_14	414	Picture	move	26591234	0	2	25828	3	0	next	other	0
03_14	414	Response	5	26616876	25642	2
03_14	415	Picture	check	26617062	0	1	7665	2	0	next	other	0
03_14	415	Response	2	26624558	7496	1
03_14	416	Picture	loadClose	26624727	0	1	58320	2	0	next	other	0
03_14	416	Response	2	26675277	50550	1
03_14	416	Response	9	26682974	58247	2
03_14	417	Picture	view	26683047	0	1	7665	2	0	next	other	0
03_14	417	Response	7	26690574	7527	2
03_14	418	Picture	move	26690712	0	1	22828	2	0	next	other	0
03_14	418	Response	5	26713394	22682	2
03_14	419	Picture	check	26713540	0	1	4165	3	0	next	other	0
03_14	419	Response	2	26717676	4136	1
03_14	420	Picture	loadClose	26717705	0	2	58320	4	0	next	other	0
03_14	420	Response	9	26775872	58167	2
03_14	421	Picture	view	26776025	0	2	10498	3	0	next	other	0
03_14	421	Response	7	26786332	10307	2
03_14	422	Picture	move	26786523	0	1	23661	2	0	next	other	0
03_14	422	Response	2	26806633	20110	1
03_14	422	Response	5	26810021	23498	2
03_14	423	Picture	check	26810184	0	1	48656	2	0	next	other	0
03_14	423	Response	2	26858792	48608	1
03_14	424	Picture	loadClose	26858840	0	1	103476	2	0	next	other	0
03_14	424	Response	9	26962188	103348	2
03_14	425	Picture	view	26962316	0	1	7804	196	0	next	other	0
03_14	425	Response	7	26970058	7742	2
03_14	426	Picture	move	26970120	0	195	24355	196	0	next	other	0
03_14	426	Response	5	26994327	24207	2
03_14	427	Picture	check	26994475	0	1	13497	2	0	next	other	0
03_14	427	Response	2	27007909	13434	1
03_14	428	Picture	loadClose	27007972	0	1	45157	2	0	next	other	0
03_14	428	Response	9	27053006	45034	2
03_14	429	Picture	view	27053129	0	1	7498	2	0	next	other	0
03_14	429	Response	7	27060465	7336	2
03_14	430	Picture	move	27060627	0	1	21495	2	0	next	other	0
03_14	430	Response	5	27081955	21328	2
03_14	431	Picture	check	27082122	0	1	16329	3	0	next	other	0
03_14	431	Response	2	27098306	16184	1
03_14	432	Picture	loadClose	27098451	0	2	58487	3	0	next	other	0
03_14	432	Response	9	27156843	58392	2
03_14	433	Picture	view	27156938	0	1	8165	3	0	next	other	0
03_14	433	Response	7	27164923	7985	2
03_14	434	Picture	move	27165103	0	2	22995	3	0	next	other	0
03_14	434	Response	5	27188012	22909	2
03_14	435	Picture	check	27188098	0	1	23328	2	0	next	other	0
03_14	435	Response	2	27211262	23164	3
03_14	436	Picture	loadClose	27211426	0	1	64818	2	0	next	other	0
03_14	436	Response	9	27276190	64764	2
03_14	437	Picture	view	27276244	0	1	5832	2	0	next	other	0
03_14	437	Response	7	27281820	5576	2
03_14	438	Picture	move	27282076	0	1	19662	2	0	next	other	0
03_14	438	Response	5	27301650	19574	1
03_14	439	Picture	check	27301738	0	1	17663	2	0	next	other	0
03_14	439	Response	2	27319261	17523	1
03_14	440	Picture	loadClose	27319401	0	1	85646	3	0	next	other	0
03_14	440	Response	2	27392219	72818	1
03_14	440	Response	9	27404927	85526	2
03_14	441	Picture	view	27405047	0	2	5166	4	0	next	other	0
03_14	441	Response	7	27410097	5050	2
03_14	442	Picture	move	27410213	0	2	22328	4	0	next	other	0
03_14	442	Response	5	27432346	22133	2
03_14	443	Picture	check	27432541	0	2	69984	4	0	next	other	0
03_14	443	Response	2	27502457	69916	1
03_14	444	Picture	loadClose	27502525	0	2	8832	3	0	next	other	0
03_14	444	Response	9	27511315	8790	2
03_14	445	Picture	view	27511357	0	1	6165	2	0	next	other	0
03_14	445	Response	7	27517294	5937	2
03_14	446	Picture	move	27517522	0	1	22828	2	0	next	other	0
03_14	446	Response	5	27540314	22792	2
03_14	447	Picture	check	27540350	0	1	83981	2	0	next	other	0
03_14	447	Response	2	27624214	83864	1
03_14	448	Picture	loadClose	27624331	0	1	106309	2	0	next	other	0
03_14	448	Response	9	27730469	106138	2
03_14	449	Picture	view	27730640	0	1	10664	2	0	next	other	0
03_14	449	Response	2	27740531	9891	1
03_14	449	Response	7	27741089	10449	2
03_14	450	Picture	move	27741304	0	1	24828	2	0	next	other	0
03_14	450	Response	5	27766028	24724	2
03_14	451	Picture	check	27766132	0	1	74316	2	0	next	other	0
03_14	451	Response	2	27840368	74236	1
03_14	452	Picture	loadClose	27840448	0	1	27160	3	0	next	other	0
03_14	452	Response	9	27867486	27038	2
03_14	453	Picture	view	27867608	0	2	8332	3	0	next	other	0
03_14	453	Response	7	27875726	8118	2
03_14	454	Picture	move	27875940	0	1	21995	2	0	next	other	0
03_14	454	Response	5	27897825	21885	2
03_14	455	Picture	check	27897935	0	1	10830	3	0	next	other	0
03_14	455	Response	2	27908687	10752	1
03_14	456	Picture	loadClose	27908765	0	2	54821	3	0	next	other	0
03_14	456	Response	9	27963464	54699	2
03_14	457	Picture	view	27963586	0	1	7150	184	0	next	other	0
03_14	457	Response	7	27970653	7067	2
03_14	458	Picture	move	27970736	0	183	20344	184	0	next	other	0
03_14	458	Response	5	27991003	20267	2
03_14	459	Picture	check	27991080	0	1	58	278	0	next	other	0
03_14	459	Response	2	27991085	5	1
03_14	460	Picture	loadClose	27991138	0	277	93254	278	0	next	other	0
03_14	460	Response	2	28081003	89865	1
03_14	460	Response	9	28084321	93183	2
03_14	461	Picture	view	28084392	0	1	6998	3	0	next	other	0
03_14	461	Response	7	28091201	6809	2
03_14	462	Picture	move	28091390	0	2	21829	3	0	next	other	0
03_14	462	Response	5	28113100	21710	2
03_14	463	Picture	endSession	28113219	0	1	35641	2	0	next	other	0
03_14	463	Response	2	28139241	26022	1
03_14	463	Response	7	28142889	29670	2


Event Type	Code	Type	Response	RT	RT Uncertainty	Time	Uncertainty	Duration	Uncertainty	ReqTime	ReqDur

Picture	begin	other				332	2	243610	4	0	next
Picture	loadClose	other				243942	2	199289	3	0	next
Picture	view	other				443231	1	7653	181	0	next
Picture	move	other				450884	180	50167	181	0	next
Picture	check	other				501051	1	14996	3	0	next
Picture	loadClose	other				516047	2	160630	4	0	next
Picture	view	other				676677	2	5999	3	0	next
Picture	move	other				682676	1	35304	190	0	next
Picture	check	other				717980	189	16018	190	0	next
Picture	loadClose	other				733998	1	81148	2	0	next
Picture	view	other				815146	1	5665	2	0	next
Picture	move	other				820811	1	32493	2	0	next
Picture	check	other				853304	1	17329	2	0	next
Picture	loadClose	other				870633	1	162796	2	0	next
Picture	view	other				1033429	1	7665	2	0	next
Picture	move	other				1041094	1	28827	2	0	next
Picture	check	other				1069921	1	30159	3	0	next
Picture	loadClose	other				1100080	2	137468	4	0	next
Picture	view	other				1237548	2	8166	3	0	next
Picture	move	other				1245714	1	27660	2	0	next
Picture	check	other				1273374	1	42157	2	0	next
Picture	loadClose	other				1315531	1	65818	2	0	next
Picture	view	other				1381349	1	6832	2	0	next
Picture	move	other				1388181	1	24631	199	0	next
Picture	check	other				1412812	198	27190	200	0	next
Picture	loadClose	other				1440002	2	78149	3	0	next
Picture	view	other				1518151	1	8665	2	0	next
Picture	move	other				1526816	1	30326	2	0	next
Picture	check	other				1557142	1	16663	2	0	next
Picture	loadClose	other				1573805	1	200621	2	0	next
Picture	view	other				1774426	1	6332	2	0	next
Picture	move	other				1780758	1	27660	2	0	next
Picture	check	other				1808418	1	11831	2	0	next
Picture	loadClose	other				1820249	1	88313	2	0	next
Picture	view	other				1908562	1	5149	185	0	next
Picture	move	other				1913711	184	25344	185	0	next
Picture	check	other				1939055	1	666	3	0	next
Picture	wrongHand	false_alarm	6	3780	4	1939721	2	3999	3	0	next
Picture	loadClose	other				1943720	1	128138	2	0	next
Picture	view	other				2071858	1	11330	3	0	next
Picture	move	other				2083188	2	26328	3	0	next
Picture	check	other				2109516	1	21661	3	0	next
Picture	loadClose	other				2131177	2	71151	3	0	next
Picture	view	other				2202328	1	9664	2	0	next
Picture	move	other				2211992	1	25494	2	0	next
Picture	check	other				2237486	1	42324	2	0	next
Picture	loadClose	other				2279810	1	217783	2	0	next
Picture	wrongHand	false_alarm	9	1885	3	2497593	1	32826	2	0	next
Picture	loadClose	other				2530419	1	94479	2	0	next
Picture	wrongHand	false_alarm	6	9457	3	2624898	1	9664	2	0	next
Picture	loadClose	other				2634562	1	185957	2	0	next
Picture	view	other				2820519	1	8832	2	0	next
Picture	move	other				2829351	1	37991	2	0	next
Picture	check	other				2867342	1	13830	2	0	next
Picture	loadClose	other				2881172	1	126471	2	0	next
Picture	view	other				3007643	1	6499	2	0	next
Picture	move	other				3014142	1	26327	2	0	next
Picture	check	other				3040469	1	32159	2	0	next
Picture	loadClose	other				3072628	1	71817	2	0	next
Picture	view	other				3144445	1	6473	195	0	next
Picture	move	other				3150918	194	23687	195	0	next
Picture	check	other				3174605	1	27493	3	0	next
Picture	loadClose	other				3202098	2	74483	4	0	next
Picture	view	other				3276581	2	6666	3	0	next
Picture	move	other				3283247	1	24494	2	0	next
Picture	check	other				3307741	1	8331	2	0	next
Picture	loadClose	other				3316072	1	85981	2	0	next
Picture	view	other				3402053	1	6165	2	0	next
Picture	move	other				3408218	1	25661	2	0	next
Picture	check	other				3433879	1	17496	2	0	next
Picture	loadClose	other				3451375	1	87979	3	0	next
Picture	view	other				3539354	2	7999	4	0	next
Picture	move	other				3547353	2	24494	3	0	next
Picture	check	other				3571847	1	28962	200	0	next
Picture	loadClose	other				3600809	199	120504	200	0	next
Picture	view	other				3721313	1	5665	3	0	next
Picture	move	other				3726978	2	21162	3	0	next
Picture	check	other				3748140	1	500	2	0	next
Picture	wrongHand	false_alarm	6	838	3	3748640	1	1000	2	0	next
Picture	loadClose	other				3749640	1	132636	2	0	next
Picture	view	other				3882276	1	12664	2	0	next
Picture	move	other				3894940	1	24160	3	0	next
Picture	check	other				3919100	2	22995	4	0	next
Picture	loadClose	other				3942095	2	88147	3	0	next
Picture	view	other				4030242	1	6832	2	0	next
Picture	move	other				4037074	1	23661	2	0	next
Picture	check	other				4060735	1	17496	2	0	next
Picture	loadClose	other				4078231	1	82814	2	0	next
Picture	view	other				4161045	1	6332	2	0	next
Picture	move	other				4167377	1	36658	3	0	next
Picture	check	other				4204035	2	657016	4	0	next
Picture	loadClose	other				4861051	2	343422	3	0	next
Picture	view	other				5204473	1	9497	3	0	next
Picture	move	other				5213970	2	27161	3	0	next
Picture	check	other				5241131	1	20278	220	0	next
Picture	loadClose	other				5261409	219	51539	220	0	next
Picture	view	other				5312948	1	6165	2	0	next
Picture	move	other				5319113	1	25827	3	0	next
Picture	check	other				5344940	2	14997	3	0	next
Picture	loadClose	other				5359937	1	104809	3	0	next
Picture	view	other				5464746	2	10640	194	0	next
Picture	move	other				5475386	192	35349	194	0	next
Picture	check	other				5510735	2	17497	3	0	next
Picture	loadClose	other				5528232	1	242444	2	0	next
Picture	view	other				5770676	1	6665	3	0	next
Picture	move	other				5777341	2	23328	3	0	next
Picture	check	other				5800669	1	53988	3	0	next
Picture	loadClose	other				5854657	2	85980	3	0	next
Picture	view	other				5940637	1	7998	3	0	next
Picture	move	other				5948635	2	27494	3	0	next
Picture	check	other				5976129	1	14497	2	0	next
Picture	loadClose	other				5990626	1	131469	3	0	next
Picture	view	other				6122095	2	5832	4	0	next
Picture	move	other				6127927	2	26469	195	0	next
Picture	check	other				6154396	193	26353	194	0	next
Picture	loadClose	other				6180749	1	67151	2	0	next
Picture	view	other				6247900	1	7998	3	0	next
Picture	move	other				6255898	2	36617	211	0	next
Picture	check	other				6292515	209	20370	210	0	next
Picture	loadClose	other				6312885	1	114974	2	0	next
Picture	wrongHand	false_alarm	6	32963	3	6427859	1	33159	2	0	next
Picture	loadClose	other				6461018	1	49322	2	0	next
Picture	view	other				6510340	1	6481	186	0	next
Picture	move	other				6516821	185	26345	186	0	next
Picture	check	other				6543166	1	16496	2	0	next
Picture	loadClose	other				6559662	1	111308	2	0	next
Picture	view	other				6670970	1	9664	2	0	next
Picture	move	other				6680634	1	30660	2	0	next
Picture	check	other				6711294	1	12997	2	0	next
Picture	loadClose	other				6724291	1	73483	2	0	next
Picture	view	other				6797774	1	9831	2	0	next
Picture	move	other				6807605	1	32992	3	0	next
Picture	endBlock	other				6840597	2	30160	3	0	next
Picture	begin	other				6870757	1	695007	3	0	next
Picture	loadClose	other				7565764	2	86647	3	0	next
Picture	view	other				7652411	1	4666	2	0	next
Picture	move	other				7657077	1	26827	2	0	next
Picture	check	other				7683904	1	12830	3	0	next
Picture	loadClose	other				7696734	2	51322	3	0	next
Picture	view	other				7748056	1	5499	2	0	next
Picture	move	other				7753555	1	26149	180	0	next
Picture	check	other				7779704	179	13008	181	0	next
Picture	loadClose	other				7792712	2	319260	4	0	next
Picture	view	other				8111972	2	5333	3	0	next
Picture	move	other				8117305	1	28826	2	0	next
Picture	check	other				8146131	1	25494	3	0	next
Picture	loadClose	other				8171625	2	105310	3	0	next
Picture	view	other				8276935	1	9164	3	0	next
Picture	move	other				8286099	2	23995	3	0	next
Picture	check	other				8310094	1	13996	3	0	next
Picture	loadClose	other				8324090	2	83148	3	0	next
Picture	view	other				8407238	1	3999	2	0	next
Picture	move	other				8411237	1	26327	3	0	next
Picture	check	other				8437564	2	11134	200	0	next
Picture	loadClose	other				8448698	198	91010	199	0	next
Picture	view	other				8539708	1	4665	3	0	next
Picture	move	other				8544373	2	21662	3	0	next
Picture	check	other				8566035	1	11134	199	0	next
Picture	loadClose	other				8577169	198	54351	200	0	next
Picture	view	other				8631520	2	5165	4	0	next
Picture	move	other				8636685	2	22828	4	0	next
Picture	check	other				8659513	2	23329	3	0	next
Picture	loadClose	other				8682842	1	59819	2	0	next
Picture	view	other				8742661	1	4999	2	0	next
Picture	move	other				8747660	1	23161	2	0	next
Picture	check	other				8770821	1	14497	2	0	next
Picture	loadClose	other				8785318	1	54154	2	0	next
Picture	view	other				8839472	1	5999	2	0	next
Picture	move	other				8845471	1	23328	2	0	next
Picture	check	other				8868799	1	9331	2	0	next
Picture	loadClose	other				8878130	1	135636	2	0	next
Picture	view	other				9013766	1	4832	2	0	next
Picture	move	other				9018598	1	22995	2	0	next
Picture	check	other				9041593	1	13965	200	0	next
Picture	loadClose	other				9055558	199	90011	200	0	next
Picture	view	other				9145569	1	4998	3	0	next
Picture	move	other				9150567	2	19996	3	0	next
Picture	check	other				9170563	1	25631	199	0	next
Picture	loadClose	other				9196194	198	49685	199	0	next
Picture	view	other				9245879	1	6499	2	0	next
Picture	move	other				9252378	1	20661	3	0	next
Picture	check	other				9273039	2	16113	220	0	next
Picture	loadClose	other				9289152	218	53371	220	0	next
Picture	view	other				9342523	2	4666	3	0	next
Picture	move	other				9347189	1	21162	2	0	next
Picture	check	other				9368351	1	21119	212	0	next
Picture	loadClose	other				9389470	211	61862	212	0	next
Picture	view	other				9451332	1	5984	183	0	next
Picture	move	other				9457316	182	20010	183	0	next
Picture	check	other				9477326	1	16141	191	0	next
Picture	loadClose	other				9493467	190	50010	192	0	next
Picture	view	other				9543477	2	5832	4	0	next
Picture	move	other				9549309	2	19829	3	0	next
Picture	check	other				9569138	1	6999	2	0	next
Picture	loadClose	other				9576137	1	84147	2	0	next
Picture	view	other				9660284	1	5165	3	0	next
Picture	move	other				9665449	2	21162	3	0	next
Picture	check	other				9686611	1	29160	2	0	next
Picture	loadClose	other				9715771	1	74650	2	0	next
Picture	view	other				9790421	1	5642	192	0	next
Picture	move	other				9796063	191	20685	192	0	next
Picture	check	other				9816748	1	35492	2	0	next
Picture	loadClose	other				9852240	1	58319	3	0	next
Picture	view	other				9910559	2	4667	3	0	next
Picture	move	other				9915226	1	20995	2	0	next
Picture	check	other				9936221	1	15795	203	0	next
Picture	loadClose	other				9952016	202	68519	203	0	next
Picture	view	other				10020535	1	4165	3	0	next
Picture	move	other				10024700	2	23162	3	0	next
Picture	check	other				10047862	1	10331	2	0	next
Picture	loadClose	other				10058193	1	45489	2	0	next
Picture	view	other				10103682	1	4976	192	0	next
Picture	move	other				10108658	191	22351	193	0	next
Picture	check	other				10131009	2	12497	4	0	next
Picture	loadClose	other				10143506	2	60486	4	0	next
Picture	view	other				10203992	2	4833	3	0	next
Picture	move	other				10208825	1	22995	2	0	next
Picture	check	other				10231820	1	18495	2	0	next
Picture	loadClose	other				10250315	1	59820	2	0	next
Picture	view	other				10310135	1	4999	2	0	next
Picture	move	other				10315134	1	21828	2	0	next
Picture	check	other				10336962	1	20162	2	0	next
Picture	loadClose	other				10357124	1	45990	2	0	next
Picture	view	other				10403114	1	7498	2	0	next
Picture	move	other				10410612	1	21662	2	0	next
Picture	check	other				10432274	1	17496	2	0	next
Picture	loadClose	other				10449770	1	45156	2	0	next
Picture	view	other				10494926	1	4166	2	0	next
Picture	move	other				10499092	1	19662	2	0	next
Picture	check	other				10518754	1	23494	2	0	next
Picture	loadClose	other				10542248	1	30827	2	0	next
Picture	view	other				10573075	1	6498	3	0	next
Picture	move	other				10579573	2	20995	3	0	next
Picture	endBlock	other				10600568	1	30160	2	0	next
Picture	begin	other				10630728	1	10263146	3	0	next
Picture	loadClose	other				20893874	2	27994	3	0	next
Picture	wrongHand	false_alarm	5	41484	3	20921868	1	41657	2	0	next
Picture	loadClose	other				20963525	1	666	3	0	next
Picture	wrongHand	false_alarm	5	1101	4	20964191	2	1148	189	0	next
Picture	loadClose	other				20965339	187	20014	188	0	next
Picture	wrongHand	false_alarm	6	1979	3	20985353	1	2166	3	0	next
Picture	loadClose	other				20987519	2	76150	3	0	next
Picture	view	other				21063669	1	5332	2	0	next
Picture	move	other				21069001	1	11664	2	0	next
Picture	check	other				21080665	1	38491	2	0	next
Picture	loadClose	other				21119156	1	66318	2	0	next
Picture	view	other				21185474	1	5499	2	0	next
Picture	move	other				21190973	1	19329	2	0	next
Picture	check	other				21210302	1	21328	2	0	next
Picture	loadClose	other				21231630	1	24161	2	0	next
Picture	view	other				21255791	1	5650	185	0	next
Picture	move	other				21261441	184	17845	185	0	next
Picture	check	other				21279286	1	13330	2	0	next
Picture	loadClose	other				21292616	1	57820	2	0	next
Picture	view	other				21350436	1	4333	2	0	next
Picture	move	other				21354769	1	18662	2	0	next
Picture	check	other				21373431	1	3999	2	0	next
Picture	loadClose	other				21377430	1	37491	3	0	next
Picture	view	other				21414921	2	4333	3	0	next
Picture	move	other				21419254	1	18995	3	0	next
Picture	check	other				21438249	2	77982	4	0	next
Picture	loadClose	other				21516231	2	10331	4	0	next
Picture	view	other				21526562	2	4156	180	0	next
Picture	move	other				21530718	178	20065	620	0	next
Picture	loadClose	other				21550783	442	67425	443	0	next
Picture	view	other				21618208	1	4166	2	0	next
Picture	move	other				21622374	1	21328	2	0	next
Picture	check	other				21643702	1	667	2	0	next
Picture	loadClose	other				21644369	1	148466	2	0	next
Picture	view	other				21792835	1	5165	3	0	next
Picture	move	other				21798000	2	17829	4	0	next
Picture	check	other				21815829	2	1333	4	0	next
Picture	wrongHand	false_alarm	5	1030	4	21817162	2	1167	3	0	next
Picture	loadClose	other				21818329	1	69317	2	0	next
Picture	view	other				21887646	1	6166	2	0	next
Picture	move	other				21893812	1	23827	3	0	next
Picture	check	other				21917639	2	34992	4	0	next
Picture	loadClose	other				21952631	2	37992	3	0	next
Picture	view	other				21990623	1	5165	3	0	next
Picture	move	other				21995788	2	17663	3	0	next
Picture	check	other				22013451	1	3166	2	0	next
Picture	loadClose	other				22016617	1	33659	2	0	next
Picture	wait	other				22050276	1	5665	2	0	next
Picture	view	other				22055941	1	3833	2	0	next
Picture	move	other				22059774	1	19162	2	0	next
Picture	check	other				22078936	1	147	188	0	next
Picture	loadClose	other				22079083	187	37178	188	0	next
Picture	wait	other				22116261	1	3832	2	0	next
Picture	view	other				22120093	1	4332	3	0	next
Picture	move	other				22124425	2	19496	3	0	next
Picture	check	other				22143921	1	1500	2	0	next
Picture	loadClose	other				22145421	1	48655	2	0	next
Picture	view	other				22194076	1	3999	2	0	next
Picture	move	other				22198075	1	20162	2	0	next
Picture	check	other				22218237	1	10165	2	0	next
Picture	loadClose	other				22228402	1	104809	2	0	next
Picture	view	other				22333211	1	5832	2	0	next
Picture	move	other				22339043	1	21162	2	0	next
Picture	check	other				22360205	1	169127	3	0	next
Picture	loadClose	other				22529332	2	13664	3	0	next
Picture	view	other				22542996	1	4498	3	0	next
Picture	move	other				22547494	2	21663	3	0	next
Picture	check	other				22569157	1	132803	2	0	next
Picture	loadClose	other				22701960	1	14830	2	0	next
Picture	view	other				22716790	1	6498	2	0	next
Picture	move	other				22723288	1	19496	2	0	next
Picture	check	other				22742784	1	666	2	0	next
Picture	loadClose	other				22743450	1	62652	3	0	next
Picture	view	other				22806102	2	5666	4	0	next
Picture	move	other				22811768	2	21495	3	0	next
Picture	check	other				22833263	1	104976	2	0	next
Picture	loadClose	other				22938239	1	11830	3	0	next
Picture	view	other				22950069	2	5333	3	0	next
Picture	move	other				22955402	1	21994	3	0	next
Picture	check	other				22977396	2	16497	3	0	next
Picture	loadClose	other				22993893	1	56653	2	0	next
Picture	view	other				23050546	1	4499	3	0	next
Picture	move	other				23055045	2	20329	3	0	next
Picture	check	other				23075374	1	62819	2	0	next
Picture	loadClose	other				23138193	1	16496	2	0	next
Picture	view	other				23154689	1	5332	3	0	next
Picture	move	other				23160021	2	20496	3	0	next
Picture	check	other				23180517	1	239278	2	0	next
Picture	loadClose	other				23419795	1	22661	3	0	next
Picture	view	other				23442456	2	5999	3	0	next
Picture	move	other				23448455	1	23661	2	0	next
Picture	check	other				23472116	1	13497	2	0	next
Picture	loadClose	other				23485613	1	181459	2	0	next
Picture	view	other				23667072	1	5498	3	0	next
Picture	move	other				23672570	2	19996	3	0	next
Picture	check	other				23692566	1	68317	3	0	next
Picture	loadClose	other				23760883	2	9665	3	0	next
Picture	view	other				23770548	1	5332	2	0	next
Picture	move	other				23775880	1	19829	2	0	next
Picture	check	other				23795709	1	15830	2	0	next
Picture	loadClose	other				23811539	1	47322	2	0	next
Picture	view	other				23858861	1	5999	2	0	next
Picture	move	other				23864860	1	20162	2	0	next
Picture	check	other				23885022	1	8664	2	0	next
Picture	loadClose	other				23893686	1	49489	2	0	next
Picture	view	other				23943175	1	5832	2	0	next
Picture	move	other				23949007	1	18996	2	0	next
Picture	check	other				23968003	1	3832	2	0	next
Picture	loadClose	other				23971835	1	70817	2	0	next
Picture	view	other				24042652	1	4166	3	0	next
Picture	move	other				24046818	2	19829	3	0	next
Picture	check	other				24066647	1	5832	2	0	next
Picture	loadClose	other				24072479	1	32492	2	0	next
Picture	wait	other				24104971	1	2000	2	0	next
Picture	view	other				24106971	1	4314	187	0	next
Picture	move	other				24111285	186	20014	187	0	next
Picture	check	other				24131299	1	13330	2	0	next
Picture	loadClose	other				24144629	1	38158	2	0	next
Picture	view	other				24182787	1	3999	2	0	next
Picture	move	other				24186786	1	19328	3	0	next
Picture	endBlock	other				24206114	2	30160	4	0	next
Picture	begin	other				24236274	2	341755	4	0	next
Picture	loadClose	other				24578029	2	90646	3	0	next
Picture	view	other				24668675	1	5332	3	0	next
Picture	move	other				24674007	2	24661	4	0	next
Picture	check	other				24698668	2	37647	181	0	next
Picture	loadClose	other				24736315	179	66830	180	0	next
Picture	view	other				24803145	1	5332	2	0	next
Picture	move	other				24808477	1	35991	2	0	next
Picture	check	other				24844468	1	3000	2	0	next
Picture	loadClose	other				24847468	1	84647	2	0	next
Picture	view	other				24932115	1	6165	2	0	next
Picture	move	other				24938280	1	27660	3	0	next
Picture	check	other				24965940	2	2167	3	0	next
Picture	loadClose	other				24968107	1	82647	3	0	next
Picture	view	other				25050754	2	8165	4	0	next
Picture	move	other				25058919	2	23328	3	0	next
Picture	check	other				25082247	1	9331	3	0	next
Picture	loadClose	other				25091578	2	93812	3	0	next
Picture	view	other				25185390	1	10830	4	0	next
Picture	move	other				25196220	3	24329	4	0	next
Picture	check	other				25220549	1	1833	2	0	next
Picture	loadClose	other				25222382	1	68484	2	0	next
Picture	view	other				25290866	1	8331	3	0	next
Picture	move	other				25299197	2	24995	3	0	next
Picture	check	other				25324192	1	131303	2	0	next
Picture	loadClose	other				25455495	1	31326	2	0	next
Picture	view	other				25486821	1	5140	195	0	next
Picture	move	other				25491961	194	25353	195	0	next
Picture	check	other				25517314	1	116973	2	0	next
Picture	loadClose	other				25634287	1	26161	2	0	next
Picture	view	other				25660448	1	5998	3	0	next
Picture	move	other				25666446	2	23828	3	0	next
Picture	check	other				25690274	1	1167	2	0	next
Picture	loadClose	other				25691441	1	74149	3	0	next
Picture	view	other				25765590	2	8998	4	0	next
Picture	move	other				25774588	2	24661	3	0	next
Picture	check	other				25799249	1	2666	3	0	next
Picture	loadClose	other				25801915	2	86481	3	0	next
Picture	view	other				25888396	1	5665	2	0	next
Picture	move	other				25894061	1	23495	2	0	next
Picture	check	other				25917556	1	143467	2	0	next
Picture	loadClose	other				26061023	1	74483	2	0	next
Picture	view	other				26135506	1	6831	3	0	next
Picture	move	other				26142337	2	20829	3	0	next
Picture	check	other				26163166	1	333	2	0	next
Picture	wrongHand	false_alarm	2	1710	2	26163499	1	2999	3	0	next
Picture	loadClose	other				26166498	2	100811	3	0	next
Picture	view	other				26267309	1	7831	3	0	next
Picture	move	other				26275140	2	21829	3	0	next
Picture	check	other				26296969	1	110974	2	0	next
Picture	loadClose	other				26407943	1	69984	2	0	next
Picture	view	other				26477927	1	6832	2	0	next
Picture	move	other				26484759	1	22995	2	0	next
Picture	check	other				26507754	1	2166	2	0	next
Picture	loadClose	other				26509920	1	74816	2	0	next
Picture	view	other				26584736	1	6498	3	0	next
Picture	move	other				26591234	2	25828	3	0	next
Picture	check	other				26617062	1	7665	2	0	next
Picture	loadClose	other				26624727	1	58320	2	0	next
Picture	view	other				26683047	1	7665	2	0	next
Picture	move	other				26690712	1	22828	2	0	next
Picture	check	other				26713540	1	4165	3	0	next
Picture	loadClose	other				26717705	2	58320	4	0	next
Picture	view	other				26776025	2	10498	3	0	next
Picture	move	other				26786523	1	23661	2	0	next
Picture	check	other				26810184	1	48656	2	0	next
Picture	loadClose	other				26858840	1	103476	2	0	next
Picture	view	other				26962316	1	7804	196	0	next
Picture	move	other				26970120	195	24355	196	0	next
Picture	check	other				26994475	1	13497	2	0	next
Picture	loadClose	other				27007972	1	45157	2	0	next
Picture	view	other				27053129	1	7498	2	0	next
Picture	move	other				27060627	1	21495	2	0	next
Picture	check	other				27082122	1	16329	3	0	next
Picture	loadClose	other				27098451	2	58487	3	0	next
Picture	view	other				27156938	1	8165	3	0	next
Picture	move	other				27165103	2	22995	3	0	next
Picture	check	other				27188098	1	23328	2	0	next
Picture	loadClose	other				27211426	1	64818	2	0	next
Picture	view	other				27276244	1	5832	2	0	next
Picture	move	other				27282076	1	19662	2	0	next
Picture	check	other				27301738	1	17663	2	0	next
Picture	loadClose	other				27319401	1	85646	3	0	next
Picture	view	other				27405047	2	5166	4	0	next
Picture	move	other				27410213	2	22328	4	0	next
Picture	check	other				27432541	2	69984	4	0	next
Picture	loadClose	other				27502525	2	8832	3	0	next
Picture	view	other				27511357	1	6165	2	0	next
Picture	move	other				27517522	1	22828	2	0	next
Picture	check	other				27540350	1	83981	2	0	next
Picture	loadClose	other				27624331	1	106309	2	0	next
Picture	view	other				27730640	1	10664	2	0	next
Picture	move	other				27741304	1	24828	2	0	next
Picture	check	other				27766132	1	74316	2	0	next
Picture	loadClose	other				27840448	1	27160	3	0	next
Picture	view	other				27867608	2	8332	3	0	next
Picture	move	other				27875940	1	21995	2	0	next
Picture	check	other				27897935	1	10830	3	0	next
Picture	loadClose	other				27908765	2	54821	3	0	next
Picture	view	other				27963586	1	7150	184	0	next
Picture	move	other				27970736	183	20344	184	0	next
Picture	check	other				27991080	1	58	278	0	next
Picture	loadClose	other				27991138	277	93254	278	0	next
Picture	view	other				28084392	1	6998	3	0	next
Picture	move	other				28091390	2	21829	3	0	next
Picture	endSession	other				28113219	1	35641	2	0	next
