Scenario - opto_replant
Logfile written - 12/23/2014 10:55:12

Subject	Trial	Event Type	Code	Time	TTime	Uncertainty	Duration	Uncertainty	ReqTime	ReqDur	Stim Type	Pair Index

03_41	1	Picture	begin	332	0	2	3086939	188	0	next	other	0
03_41	1	Response	6	465342	465010	2
03_41	1	Response	8	466952	466620	1
03_41	1	Response	6	494611	494279	2
03_41	1	Response	8	501621	501289	2
03_41	1	Response	6	506051	505719	2
03_41	1	Response	8	516681	516349	1
03_41	1	Response	6	526770	526438	2
03_41	1	Response	5	1384860	1384528	1
03_41	1	Response	7	1386950	1386618	1
03_41	1	Response	8	1530366	1530034	2
03_41	1	Response	6	1611204	1610872	2
03_41	1	Response	8	1624014	1623682	2
03_41	1	Response	6	1625054	1624722	2
03_41	1	Response	9	3087199	3086867	1
03_41	2	Picture	loadClose	3087271	0	186	41176	187	0	next	other	0
03_41	2	Response	9	3128258	40987	1
03_41	3	Picture	view	3128447	0	1	232280	2	0	next	other	0
03_41	3	Response	2	3172886	44439	3
03_41	3	Response	8	3360692	232245	2
03_41	4	Picture	wrongHand	3360727	0	1	19495	2	0	next	false_alarm	22
03_41	4	Response	6	3380021	19294	2
03_41	5	Picture	loadClose	3380222	0	1	51322	2	0	next	other	0
03_41	5	Response	9	3431400	51178	2
03_41	6	Picture	view	3431544	0	1	53654	2	0	next	other	0
03_41	6	Response	5	3476539	44995	2
03_41	6	Response	7	3484759	53215	2
03_41	7	Picture	move	3485198	0	1	50155	2	0	next	other	0
03_41	7	Response	2	3489519	4321	3
03_41	8	Picture	loadClose	3535353	0	1	14830	2	0	next	other	0
03_41	8	Response	5	3540968	5615	1
03_41	8	Response	7	3550107	14754	2
03_41	9	Picture	wrongHand	3550183	0	1	6665	2	0	next	false_alarm	34
03_41	9	Response	5	3556697	6514	2
03_41	10	Picture	loadClose	3556848	0	1	203953	2	0	next	other	0
03_41	10	Response	3	3703914	147066	2
03_41	10	Response	9	3760632	203784	2
03_41	11	Picture	view	3760801	0	1	4999	3	0	next	other	0
03_41	11	Response	7	3765692	4891	2
03_41	12	Picture	move	3765800	0	2	32160	3	0	next	other	0
03_41	12	Response	2	3794633	28833	1
03_41	12	Response	5	3797791	31991	2
03_41	13	Picture	loadClose	3797960	0	1	44656	2	0	next	other	0
03_41	13	Response	9	3842500	44540	2
03_41	14	Picture	view	3842616	0	1	5999	2	0	next	other	0
03_41	14	Response	7	3848360	5744	2
03_41	15	Picture	move	3848615	0	1	33300	194	0	next	other	0
03_41	15	Response	2	3867432	18817	1
03_41	15	Response	5	3881869	33254	2
03_41	16	Picture	loadClose	3881915	0	193	103168	194	0	next	other	0
03_41	16	Response	9	3984947	103032	2
03_41	17	Picture	view	3985083	0	1	6165	3	0	next	other	0
03_41	17	Response	7	3991117	6034	2
03_41	18	Picture	move	3991248	0	2	29475	188	0	next	other	0
03_41	18	Response	2	4008388	17140	1
03_41	18	Response	5	4020666	29418	2
03_41	19	Picture	loadClose	4020723	0	186	49840	188	0	next	other	0
03_41	19	Response	9	4070385	49662	2
03_41	20	Picture	view	4070563	0	2	6166	3	0	next	other	0
03_41	20	Response	7	4076585	6022	1
03_41	21	Picture	move	4076729	0	1	29160	2	0	next	other	0
03_41	21	Response	2	4102786	26057	1
03_41	21	Response	5	4105724	28995	2
03_41	22	Picture	loadClose	4105889	0	1	44323	2	0	next	other	0
03_41	22	Response	9	4150043	44154	2
03_41	23	Picture	view	4150212	0	1	5480	187	0	next	other	0
03_41	23	Response	7	4155613	5401	1
03_41	24	Picture	move	4155692	0	186	30948	417	0	next	other	0
03_41	24	Response	2	4183904	28212	1
03_41	24	Response	5	4186592	30900	2
03_41	25	Picture	loadClose	4186640	0	231	58217	232	0	next	other	0
03_41	25	Response	9	4244721	58081	1
03_41	26	Picture	view	4244857	0	1	6831	3	0	next	other	0
03_41	26	Response	7	4251560	6703	2
03_41	27	Picture	move	4251688	0	2	28494	3	0	next	other	0
03_41	27	Response	2	4277022	25334	1
03_41	27	Response	5	4279990	28302	2
03_41	28	Picture	loadClose	4280182	0	1	151132	2	0	next	other	0
03_41	28	Response	9	4431226	151044	2
03_41	29	Picture	view	4431314	0	1	6165	2	0	next	other	0
03_41	29	Response	7	4437266	5952	2
03_41	30	Picture	move	4437479	0	1	28493	3	0	next	other	0
03_41	30	Response	2	4461335	23856	3
03_41	30	Response	5	4465785	28306	2
03_41	31	Picture	loadClose	4465972	0	2	50822	4	0	next	other	0
03_41	31	Response	9	4516694	50722	2
03_41	32	Picture	view	4516794	0	2	4832	4	0	next	other	0
03_41	32	Response	7	4521504	4710	2
03_41	33	Picture	move	4521626	0	2	24817	181	0	next	other	0
03_41	33	Response	2	4541495	19869	1
03_41	33	Response	5	4546393	24767	2
03_41	34	Picture	loadClose	4546443	0	179	42834	181	0	next	other	0
03_41	34	Response	9	4589172	42729	2
03_41	35	Picture	view	4589277	0	2	8332	3	0	next	other	0
03_41	35	Response	7	4597432	8155	2
03_41	36	Picture	move	4597609	0	1	35658	2	0	next	other	0
03_41	36	Response	2	4620533	22924	1
03_41	36	Response	5	4633101	35492	2
03_41	37	Picture	loadClose	4633267	0	1	43657	2	0	next	other	0
03_41	37	Response	9	4676800	43533	2
03_41	38	Picture	view	4676924	0	1	7665	2	0	next	other	0
03_41	38	Response	7	4684410	7486	2
03_41	39	Picture	move	4684589	0	1	33610	218	0	next	other	0
03_41	39	Response	2	4717811	33222	1
03_41	39	Response	5	4718149	33560	2
03_41	40	Picture	loadClose	4718199	0	217	49371	218	0	next	other	0
03_41	40	Response	9	4767458	49259	2
03_41	41	Picture	view	4767570	0	1	6165	2	0	next	other	0
03_41	41	Response	7	4773518	5948	2
03_41	42	Picture	move	4773735	0	1	30765	230	0	next	other	0
03_41	42	Response	2	4800369	26634	1
03_41	42	Response	5	4804457	30722	2
03_41	43	Picture	loadClose	4804500	0	229	40385	230	0	next	other	0
03_41	43	Response	9	4844706	40206	2
03_41	44	Picture	view	4844885	0	1	5819	182	0	next	other	0
03_41	44	Response	7	4850636	5751	2
03_41	45	Picture	move	4850704	0	181	29673	182	0	next	other	0
03_41	45	Response	2	4876047	25343	1
03_41	45	Response	5	4880225	29521	2
03_41	46	Picture	loadClose	4880377	0	1	47823	2	0	next	other	0
03_41	46	Response	9	4928144	47767	2
03_41	47	Picture	view	4928200	0	1	6331	3	0	next	other	0
03_41	47	Response	7	4934314	6114	2
03_41	48	Picture	move	4934531	0	2	28778	219	0	next	other	0
03_41	48	Response	2	4953965	19434	1
03_41	48	Response	5	4963263	28732	2
03_41	49	Picture	loadClose	4963309	0	217	44872	218	0	next	other	0
03_41	49	Response	9	5008042	44733	2
03_41	50	Picture	view	5008181	0	1	6499	2	0	next	other	0
03_41	50	Response	7	5014562	6381	2
03_41	51	Picture	move	5014680	0	1	31326	2	0	next	other	0
03_41	51	Response	2	5038123	23443	1
03_41	51	Response	5	5045811	31131	2
03_41	52	Picture	loadClose	5046006	0	1	43823	2	0	next	other	0
03_41	52	Response	9	5089660	43654	2
03_41	53	Picture	view	5089829	0	1	6165	3	0	next	other	0
03_41	53	Response	7	5095810	5981	2
03_41	54	Picture	move	5095994	0	2	29660	3	0	next	other	0
03_41	54	Response	2	5123081	27087	1
03_41	54	Response	5	5125499	29505	2
03_41	55	Picture	loadClose	5125654	0	1	56320	3	0	next	other	0
03_41	55	Response	9	5181798	56144	2
03_41	56	Picture	view	5181974	0	2	4666	3	0	next	other	0
03_41	56	Response	7	5186518	4544	2
03_41	57	Picture	move	5186640	0	1	34159	2	0	next	other	0
03_41	57	Response	2	5214439	27799	1
03_41	57	Response	5	5220677	34037	2
03_41	58	Picture	loadClose	5220799	0	1	39824	2	0	next	other	0
03_41	58	Response	9	5260566	39767	2
03_41	59	Picture	view	5260623	0	1	5832	2	0	next	other	0
03_41	59	Response	7	5266226	5603	2
03_41	60	Picture	move	5266455	0	1	30326	3	0	next	other	0
03_41	60	Response	2	5291077	24622	1
03_41	60	Response	5	5296615	30160	2
03_41	61	Picture	loadClose	5296781	0	2	45323	4	0	next	other	0
03_41	61	Response	9	5342004	45223	2
03_41	62	Picture	view	5342104	0	2	6332	4	0	next	other	0
03_41	62	Response	7	5348314	6210	2
03_41	63	Picture	move	5348436	0	2	28605	225	0	next	other	0
03_41	63	Response	2	5375395	26959	1
03_41	63	Response	5	5376993	28557	2
03_41	64	Picture	loadClose	5377041	0	223	54876	224	0	next	other	0
03_41	64	Response	9	5431802	54761	2
03_41	65	Picture	view	5431917	0	1	3666	2	0	next	other	0
03_41	65	Response	7	5435432	3515	2
03_41	66	Picture	move	5435583	0	1	29826	2	0	next	other	0
03_41	66	Response	2	5462913	27330	1
03_41	66	Response	5	5465201	29618	2
03_41	67	Picture	loadClose	5465409	0	1	43657	2	0	next	other	0
03_41	67	Response	9	5509000	43591	2
03_41	68	Picture	view	5509066	0	1	5665	3	0	next	other	0
03_41	68	Response	7	5514490	5424	2
03_41	69	Picture	move	5514731	0	2	32493	3	0	next	other	0
03_41	69	Response	2	5543071	28340	1
03_41	69	Response	5	5547049	32318	2
03_41	70	Picture	loadClose	5547224	0	1	47156	2	0	next	other	0
03_41	70	Response	9	5594288	47064	2
03_41	71	Picture	view	5594380	0	1	5165	2	0	next	other	0
03_41	71	Response	7	5599398	5018	2
03_41	72	Picture	move	5599545	0	1	29993	2	0	next	other	0
03_41	72	Response	2	5620509	20964	1
03_41	72	Response	5	5629417	29872	2
03_41	73	Picture	loadClose	5629538	0	1	39158	2	0	next	other	0
03_41	73	Response	9	5668586	39048	2
03_41	74	Picture	view	5668696	0	1	5832	2	0	next	other	0
03_41	74	Response	7	5674296	5600	2
03_41	75	Picture	move	5674528	0	1	31659	2	0	next	other	0
03_41	75	Response	2	5699067	24539	1
03_41	75	Response	5	5706055	31527	2
03_41	76	Picture	loadClose	5706187	0	1	39491	2	0	next	other	0
03_41	76	Response	9	5745544	39357	2
03_41	77	Picture	view	5745678	0	1	6977	190	0	next	other	0
03_41	77	Response	7	5752564	6886	2
03_41	78	Picture	move	5752655	0	189	33014	190	0	next	other	0
03_41	78	Response	2	5777465	24810	1
03_41	78	Response	5	5785583	32928	2
03_41	79	Picture	endBlock	5785669	0	1	30160	2	0	next	other	0
03_41	79	Response	7	5798913	13244	2
03_41	79	Response	5	5810343	24674	2
03_41	80	Picture	begin	5815829	0	1	456895	2	0	next	other	0
03_41	80	Response	8	5966039	150210	2
03_41	80	Response	6	6093026	277197	2
03_41	80	Response	9	6272552	456723	1
03_41	81	Picture	loadClose	6272724	0	1	51488	2	0	next	other	0
03_41	81	Response	2	6301933	29209	1
03_41	81	Response	9	6324040	51316	2
03_41	82	Picture	view	6324212	0	1	5665	2	0	next	other	0
03_41	82	Response	7	6329630	5418	2
03_41	83	Picture	move	6329877	0	1	43323	3	0	next	other	0
03_41	83	Response	2	6358891	29014	1
03_41	83	Response	5	6373039	43162	2
03_41	84	Picture	loadClose	6373200	0	2	74150	3	0	next	other	0
03_41	84	Response	9	6447327	74127	2
03_41	85	Picture	view	6447350	0	1	6665	3	0	next	other	0
03_41	85	Response	7	6453807	6457	2
03_41	86	Picture	move	6454015	0	2	33991	5	0	next	other	0
03_41	86	Response	5	6487847	33832	2
03_41	87	Picture	check	6488006	0	3	6167	4	0	next	other	0
03_41	87	Response	2	6494088	6082	1
03_41	88	Picture	loadClose	6494173	0	1	68817	2	0	next	other	0
03_41	88	Response	9	6562865	68692	1
03_41	89	Picture	view	6562990	0	1	6499	2	0	next	other	0
03_41	89	Response	7	6569255	6265	1
03_41	90	Picture	move	6569489	0	1	50154	3	0	next	other	0
03_41	90	Response	2	6605926	36437	1
03_41	91	Picture	loadClose	6619643	0	2	193623	3	0	next	other	0
03_41	91	Response	5	6621693	2050	2
03_41	91	Response	9	6813209	193566	1
03_41	92	Picture	view	6813266	0	1	6332	2	0	next	other	0
03_41	92	Response	7	6819359	6093	1
03_41	93	Picture	move	6819598	0	1	43157	2	0	next	other	0
03_41	93	Response	2	6850720	31122	1
03_41	93	Response	5	6862627	43029	2
03_41	94	Picture	loadClose	6862755	0	1	67651	2	0	next	other	0
03_41	94	Response	9	6930276	67521	2
03_41	95	Picture	view	6930406	0	1	5809	192	0	next	other	0
03_41	95	Response	7	6936136	5730	1
03_41	96	Picture	move	6936215	0	191	35348	192	0	next	other	0
03_41	96	Response	2	6960477	24262	1
03_41	96	Response	5	6971355	35140	2
03_41	97	Picture	loadClose	6971563	0	1	62152	2	0	next	other	0
03_41	97	Response	9	7033623	62060	2
03_41	98	Picture	view	7033715	0	1	5666	2	0	next	other	0
03_41	98	Response	7	7039263	5548	2
03_41	99	Picture	move	7039381	0	1	33159	2	0	next	other	0
03_41	99	Response	2	7070714	31333	1
03_41	99	Response	5	7072352	32971	2
03_41	100	Picture	loadClose	7072540	0	1	67317	3	0	next	other	0
03_41	100	Response	9	7139731	67191	2
03_41	101	Picture	view	7139857	0	2	6166	3	0	next	other	0
03_41	101	Response	7	7145851	5994	1
03_41	102	Picture	move	7146023	0	1	37824	2	0	next	other	0
03_41	102	Response	2	7174712	28689	1
03_41	102	Response	5	7183770	37747	2
03_41	103	Picture	loadClose	7183847	0	1	72650	2	0	next	other	0
03_41	103	Response	9	7256368	72521	2
03_41	104	Picture	view	7256497	0	1	6665	3	0	next	other	0
03_41	104	Response	7	7263028	6531	2
03_41	105	Picture	move	7263162	0	2	31314	182	0	next	other	0
03_41	105	Response	2	7289909	26747	1
03_41	105	Response	5	7294427	31265	2
03_41	106	Picture	loadClose	7294476	0	180	69829	182	0	next	other	0
03_41	106	Response	9	7364265	69789	2
03_41	107	Picture	view	7364305	0	2	6833	3	0	next	other	0
03_41	107	Response	7	7371005	6700	2
03_41	108	Picture	move	7371138	0	1	35825	2	0	next	other	0
03_41	108	Response	2	7396946	25808	1
03_41	108	Response	5	7406864	35726	2
03_41	109	Picture	loadClose	7406963	0	1	66318	2	0	next	other	0
03_41	109	Response	9	7473223	66260	2
03_41	110	Picture	view	7473281	0	1	6332	3	0	next	other	0
03_41	110	Response	7	7479503	6222	2
03_41	111	Picture	move	7479613	0	2	35158	3	0	next	other	0
03_41	111	Response	2	7507022	27409	3
03_41	111	Response	5	7514552	34939	1
03_41	112	Picture	loadClose	7514771	0	1	66818	2	0	next	other	0
03_41	112	Response	9	7581420	66649	2
03_41	113	Picture	view	7581589	0	1	5332	3	0	next	other	0
03_41	113	Response	7	7586670	5081	2
03_41	114	Picture	move	7586921	0	2	38158	4	0	next	other	0
03_41	114	Response	2	7623661	36740	1
03_41	114	Response	5	7624989	38068	2
03_41	115	Picture	loadClose	7625079	0	2	667	3	0	next	other	0
03_41	115	Response	7	7625709	630	2
03_41	116	Picture	wrongHand	7625746	0	1	1487	181	0	next	false_alarm	286
03_41	116	Response	5	7627179	1433	2
03_41	117	Picture	loadClose	7627233	0	180	76994	182	0	next	other	0
03_41	117	Response	9	7704167	76934	2
03_41	118	Picture	view	7704227	0	2	5833	3	0	next	other	0
03_41	118	Response	7	7709847	5620	2
03_41	119	Picture	move	7710060	0	1	37324	3	0	next	other	0
03_41	119	Response	2	7744298	34238	1
03_41	119	Response	5	7747206	37146	2
03_41	120	Picture	loadClose	7747384	0	2	69818	3	0	next	other	0
03_41	120	Response	9	7817074	69690	2
03_41	121	Picture	view	7817202	0	1	6331	3	0	next	other	0
03_41	121	Response	7	7823334	6132	2
03_41	122	Picture	move	7823533	0	2	36325	4	0	next	other	0
03_41	122	Response	2	7855175	31642	1
03_41	122	Response	5	7859753	36220	2
03_41	123	Picture	loadClose	7859858	0	2	71484	3	0	next	other	0
03_41	123	Response	9	7931282	71424	1
03_41	124	Picture	view	7931342	0	1	7498	3	0	next	other	0
03_41	124	Response	7	7938602	7260	1
03_41	125	Picture	move	7938840	0	2	33314	182	0	next	other	0
03_41	125	Response	2	7966853	28013	1
03_41	125	Response	5	7972101	33261	1
03_41	126	Picture	loadClose	7972154	0	180	71495	182	0	next	other	0
03_41	126	Response	9	8043519	71365	2
03_41	127	Picture	view	8043649	0	2	6666	3	0	next	other	0
03_41	127	Response	7	8050139	6490	2
03_41	128	Picture	move	8050315	0	1	33159	2	0	next	other	0
03_41	128	Response	5	8083388	33073	2
03_41	129	Picture	check	8083474	0	1	666	2	0	next	other	0
03_41	129	Response	2	8083970	496	1
03_41	130	Picture	loadClose	8084140	0	1	81648	2	0	next	other	0
03_41	130	Response	9	8165656	81516	2
03_41	131	Picture	view	8165788	0	1	4499	2	0	next	other	0
03_41	131	Response	7	8170076	4288	2
03_41	132	Picture	move	8170287	0	1	31160	2	0	next	other	0
03_41	132	Response	5	8201345	31058	2
03_41	133	Picture	check	8201447	0	1	666	2	0	next	other	0
03_41	133	Response	2	8202047	600	1
03_41	134	Picture	loadClose	8202113	0	1	80981	3	0	next	other	0
03_41	134	Response	9	8283053	80940	2
03_41	135	Picture	view	8283094	0	2	3833	3	0	next	other	0
03_41	135	Response	7	8286773	3679	2
03_41	136	Picture	move	8286927	0	1	28660	2	0	next	other	0
03_41	136	Response	5	8315502	28575	2
03_41	137	Picture	check	8315587	0	1	2999	2	0	next	other	0
03_41	137	Response	2	8318524	2937	1
03_41	138	Picture	loadClose	8318586	0	1	75483	2	0	next	other	0
03_41	138	Response	9	8394021	75435	2
03_41	139	Picture	view	8394069	0	1	5999	2	0	next	other	0
03_41	139	Response	7	8399930	5861	2
03_41	140	Picture	move	8400068	0	1	39157	2	0	next	other	0
03_41	140	Response	5	8439119	39051	2
03_41	141	Picture	check	8439225	0	1	12164	3	0	next	other	0
03_41	141	Response	2	8451321	12096	1
03_41	142	Picture	loadClose	8451389	0	2	74983	3	0	next	other	0
03_41	142	Response	9	8526257	74868	2
03_41	143	Picture	view	8526372	0	1	4644	190	0	next	other	0
03_41	143	Response	7	8530937	4565	2
03_41	144	Picture	move	8531016	0	189	32180	191	0	next	other	0
03_41	144	Response	5	8563056	32040	2
03_41	145	Picture	check	8563196	0	2	17997	3	0	next	other	0
03_41	145	Response	2	8581078	17882	1
03_41	146	Picture	loadClose	8581193	0	1	58486	2	0	next	other	0
03_41	146	Response	9	8639565	58372	1
03_41	147	Picture	view	8639679	0	1	5665	3	0	next	other	0
03_41	147	Response	7	8645214	5535	2
03_41	148	Picture	move	8645344	0	2	35326	3	0	next	other	0
03_41	148	Response	5	8680554	35210	1
03_41	149	Picture	check	8680670	0	1	16996	2	0	next	other	0
03_41	149	Response	2	8697555	16885	1
03_41	150	Picture	loadClose	8697666	0	1	50988	2	0	next	other	0
03_41	150	Response	9	8748502	50836	2
03_41	151	Picture	view	8748654	0	1	6665	3	0	next	other	0
03_41	151	Response	7	8755222	6568	2
03_41	152	Picture	move	8755319	0	2	35659	3	0	next	other	0
03_41	152	Response	5	8790831	35512	2
03_41	153	Picture	check	8790978	0	1	7331	2	0	next	other	0
03_41	153	Response	2	8798193	7215	1
03_41	154	Picture	loadClose	8798309	0	1	63652	2	0	next	other	0
03_41	154	Response	9	8861869	63560	2
03_41	155	Picture	view	8861961	0	1	5999	2	0	next	other	0
03_41	155	Response	7	8867819	5858	2
03_41	156	Picture	move	8867960	0	1	37658	2	0	next	other	0
03_41	156	Response	5	8905448	37488	2
03_41	157	Picture	check	8905618	0	1	2333	2	0	next	other	0
03_41	157	Response	2	8907790	2172	1
03_41	158	Picture	loadClose	8907951	0	1	168628	2	0	next	other	0
03_41	158	Response	9	9076504	168553	2
03_41	159	Picture	view	9076579	0	1	6665	3	0	next	other	0
03_41	159	Response	7	9083094	6515	2
03_41	160	Picture	move	9083244	0	2	33325	4	0	next	other	0
03_41	160	Response	2	9113223	29979	3
03_41	160	Response	5	9116383	33139	2
03_41	161	Picture	loadClose	9116569	0	2	74150	3	0	next	other	0
03_41	161	Response	9	9190541	73972	2
03_41	161	Response	9	9190561	73992	2
03_41	162	Picture	view	9190719	0	1	6165	3	0	next	other	0
03_41	162	Response	7	9196751	6032	2
03_41	163	Picture	move	9196884	0	2	33826	3	0	next	other	0
03_41	163	Response	5	9230600	33716	2
03_41	164	Picture	endBlock	9230710	0	1	30160	2	0	next	other	0
03_41	165	Picture	begin	9260870	0	1	4431647	2	0	next	other	0
03_41	165	Response	7	9289019	28149	2
03_41	165	Response	8	9291659	30789	2
03_41	165	Response	6	11819148	2558278	2
03_41	165	Response	8	11823448	2562578	2
03_41	165	Response	6	11834088	2573218	1
03_41	165	Response	8	11836537	2575667	2
03_41	165	Response	6	11840037	2579167	2
03_41	165	Response	5	11864947	2604077	2
03_41	165	Response	8	11900636	2639766	2
03_41	165	Response	7	11914436	2653566	2
03_41	165	Response	6	11939625	2678755	2
03_41	165	Response	8	11940705	2679835	2
03_41	165	Response	6	11941955	2681085	2
03_41	165	Response	5	12053952	2793082	2
03_41	165	Response	7	12268057	3007187	2
03_41	165	Response	5	12330926	3070056	1
03_41	165	Response	8	12716956	3456086	2
03_41	165	Response	6	12763345	3502475	2
03_41	165	Response	8	12799404	3538534	2
03_41	165	Response	6	12841033	3580163	2
03_41	165	Response	8	12869223	3608353	1
03_41	165	Response	6	12906952	3646082	1
03_41	165	Response	7	13171335	3910465	2
03_41	165	Response	5	13224494	3963624	2
03_41	165	Response	9	13692343	4431473	2
03_41	166	Picture	loadClose	13692517	0	1	77316	2	0	next	other	0
03_41	166	Response	9	13769751	77234	2
03_41	167	Picture	view	13769833	0	1	5305	196	0	next	other	0
03_41	167	Response	8	13775051	5218	1
03_41	168	Picture	move	13775138	0	195	42684	196	0	next	other	0
03_41	168	Response	6	13817680	42542	1
03_41	169	Picture	check	13817822	0	1	6332	2	0	next	other	0
03_41	169	Response	2	13823990	6168	2
03_41	170	Picture	loadClose	13824154	0	1	207785	2	0	next	other	0
03_41	170	Response	9	14031785	207631	2
03_41	171	Picture	view	14031939	0	1	7332	2	0	next	other	0
03_41	171	Response	8	14039114	7175	2
03_41	172	Picture	move	14039271	0	1	40490	2	0	next	other	0
03_41	172	Response	6	14079643	40372	2
03_41	173	Picture	check	14079761	0	1	1000	2	0	next	other	0
03_41	173	Response	8	14080703	942	2
03_41	174	Picture	wrongHand	14080761	0	1	2332	3	0	next	false_alarm	430
03_41	174	Response	2	14081743	982	3
03_41	174	Response	6	14082973	2212	2
03_41	175	Picture	loadClose	14083093	0	2	82648	4	0	next	other	0
03_41	175	Response	9	14165721	82628	2
03_41	176	Picture	view	14165741	0	2	6499	3	0	next	other	0
03_41	176	Response	8	14172081	6340	2
03_41	177	Picture	move	14172240	0	1	39991	2	0	next	other	0
03_41	177	Response	2	14211022	38782	1
03_41	177	Response	6	14212110	39870	2
03_41	178	Picture	loadClose	14212231	0	1	322259	2	0	next	other	0
03_41	178	Response	9	14534382	322151	2
03_41	179	Picture	view	14534490	0	1	4666	2	0	next	other	0
03_41	179	Response	8	14539012	4522	2
03_41	180	Picture	move	14539156	0	1	34825	2	0	next	other	0
03_41	180	Response	2	14571172	32016	2
03_41	180	Response	6	14573771	34615	2
03_41	181	Picture	loadClose	14573981	0	1	153	349	0	next	other	0
03_41	181	Response	8	14574131	150	2
03_41	182	Picture	wrongHand	14574134	0	348	2003	526	0	next	false_alarm	449
03_41	182	Response	6	14576081	1947	2
03_41	183	Picture	loadClose	14576137	0	178	74160	179	0	next	other	0
03_41	183	Response	9	14650150	74013	1
03_41	184	Picture	view	14650297	0	1	4999	2	0	next	other	0
03_41	184	Response	8	14655059	4762	2
03_41	185	Picture	move	14655296	0	1	36543	450	0	next	other	0
03_41	185	Response	6	14691769	36473	1
03_41	186	Response	2	14691797	5	18
03_41	187	Picture	loadClose	14691839	0	449	72598	450	0	next	other	0
03_41	187	Response	9	14764357	72518	2
03_41	188	Picture	view	14764437	0	1	4999	2	0	next	other	0
03_41	188	Response	8	14769307	4870	2
03_41	189	Picture	move	14769436	0	1	34825	3	0	next	other	0
03_41	189	Response	2	14802848	33412	1
03_41	189	Response	6	14804196	34760	2
03_41	190	Picture	loadClose	14804261	0	2	68318	3	0	next	other	0
03_41	190	Response	9	14872414	68153	2
03_41	191	Picture	view	14872579	0	1	4499	2	0	next	other	0
03_41	191	Response	8	14876904	4325	2
03_41	192	Picture	move	14877078	0	1	37491	3	0	next	other	0
03_41	192	Response	6	14914413	37335	2
03_41	193	Picture	check	14914569	0	2	3833	3	0	next	other	0
03_41	193	Response	3	14918205	3636	1
03_41	194	Picture	loadClose	14918402	0	1	68318	2	0	next	other	0
03_41	194	Response	9	14986602	68200	2
03_41	195	Picture	view	14986720	0	1	5665	2	0	next	other	0
03_41	195	Response	8	14992161	5441	2
03_41	196	Picture	move	14992385	0	1	29660	2	0	next	other	0
03_41	196	Response	2	15013883	21498	1
03_41	196	Response	6	15021911	29526	1
03_41	197	Picture	loadClose	15022045	0	1	64652	2	0	next	other	0
03_41	197	Response	9	15086599	64554	2
03_41	198	Picture	view	15086697	0	1	5165	2	0	next	other	0
03_41	198	Response	8	15091699	5002	2
03_41	199	Picture	move	15091862	0	1	33992	2	0	next	other	0
03_41	199	Response	2	15125560	33698	1
03_41	199	Response	6	15125688	33826	2
03_41	200	Picture	loadClose	15125854	0	1	72317	2	0	next	other	0
03_41	200	Response	9	15198126	72272	2
03_41	201	Picture	view	15198171	0	1	6165	3	0	next	other	0
03_41	201	Response	8	15204096	5925	2
03_41	202	Picture	move	15204336	0	2	33326	3	0	next	other	0
03_41	202	Response	2	15231477	27141	1
03_41	202	Response	6	15237475	33139	2
03_41	203	Picture	loadClose	15237662	0	1	64318	3	0	next	other	0
03_41	203	Response	9	15301874	64212	2
03_41	204	Picture	view	15301980	0	2	5666	3	0	next	other	0
03_41	204	Response	8	15307474	5494	2
03_41	205	Picture	move	15307646	0	1	32992	2	0	next	other	0
03_41	205	Response	2	15329075	21429	1
03_41	205	Response	6	15340443	32797	2
03_41	206	Picture	loadClose	15340638	0	1	65152	2	0	next	other	0
03_41	206	Response	9	15405711	65073	2
03_41	207	Picture	view	15405790	0	1	4999	2	0	next	other	0
03_41	207	Response	8	15410651	4861	2
03_41	208	Picture	move	15410789	0	1	29826	2	0	next	other	0
03_41	208	Response	2	15435152	24363	1
03_41	208	Response	6	15440501	29712	1
03_41	209	Picture	loadClose	15440615	0	1	833	3	0	next	other	0
03_41	209	Response	8	15441291	676	1
03_41	210	Picture	wrongHand	15441448	0	2	2000	3	0	next	false_alarm	510
03_41	210	Response	6	15443310	1862	2
03_41	211	Picture	loadClose	15443448	0	1	92145	2	0	next	other	0
03_41	211	Response	9	15535438	91990	2
03_41	212	Picture	view	15535593	0	1	6165	3	0	next	other	0
03_41	212	Response	8	15541558	5965	2
03_41	213	Picture	move	15541758	0	2	44157	3	0	next	other	0
03_41	213	Response	2	15574989	33231	1
03_41	213	Response	6	15585767	44009	2
03_41	214	Picture	loadClose	15585915	0	1	69817	3	0	next	other	0
03_41	214	Response	9	15655655	69740	2
03_41	215	Picture	view	15655732	0	2	4666	3	0	next	other	0
03_41	215	Response	8	15660295	4563	2
03_41	216	Picture	move	15660398	0	1	34325	3	0	next	other	0
03_41	216	Response	2	15685706	25308	1
03_41	216	Response	6	15694584	34186	2
03_41	217	Picture	loadClose	15694723	0	2	75150	4	0	next	other	0
03_41	217	Response	9	15769833	75110	1
03_41	218	Picture	view	15769873	0	2	4999	3	0	next	other	0
03_41	218	Response	8	15774662	4789	2
03_41	219	Picture	move	15774872	0	1	30493	2	0	next	other	0
03_41	219	Response	2	15803624	28752	1
03_41	219	Response	6	15805272	30400	1
03_41	220	Picture	loadClose	15805365	0	1	71816	3	0	next	other	0
03_41	220	Response	9	15877040	71675	2
03_41	221	Picture	view	15877181	0	2	4306	197	0	next	other	0
03_41	221	Response	8	15881410	4229	2
03_41	222	Picture	move	15881487	0	195	29853	196	0	next	other	0
03_41	222	Response	2	15907461	25974	1
03_41	222	Response	6	15911189	29702	2
03_41	223	Picture	loadClose	15911340	0	1	69318	2	0	next	other	0
03_41	223	Response	9	15980628	69288	1
03_41	224	Picture	view	15980658	0	1	5498	3	0	next	other	0
03_41	224	Response	8	15986057	5399	2
03_41	225	Picture	move	15986156	0	2	29494	3	0	next	other	0
03_41	225	Response	2	16011619	25463	1
03_41	225	Response	6	16015527	29371	1
03_41	226	Picture	loadClose	16015650	0	1	76482	2	0	next	other	0
03_41	226	Response	9	16092005	76355	2
03_41	227	Picture	view	16092132	0	1	5332	3	0	next	other	0
03_41	227	Response	8	16097305	5173	1
03_41	228	Picture	move	16097464	0	2	32659	3	0	next	other	0
03_41	228	Response	2	16126336	28872	1
03_41	228	Response	6	16129944	32480	2
03_41	229	Picture	loadClose	16130123	0	1	94645	2	0	next	other	0
03_41	229	Response	9	16224592	94469	1
03_41	230	Picture	view	16224768	0	1	4499	3	0	next	other	0
03_41	230	Response	8	16229122	4354	1
03_41	231	Picture	move	16229267	0	2	30826	4	0	next	other	0
03_41	231	Response	2	16258813	29546	1
03_41	231	Response	6	16259941	30674	2
03_41	232	Picture	loadClose	16260093	0	2	76983	3	0	next	other	0
03_41	232	Response	9	16336999	76906	2
03_41	233	Picture	view	16337076	0	1	5332	2	0	next	other	0
03_41	233	Response	8	16342289	5213	2
03_41	234	Picture	move	16342408	0	1	28993	2	0	next	other	0
03_41	234	Response	6	16371208	28800	2
03_41	235	Picture	check	16371401	0	1	18163	2	0	next	other	0
03_41	235	Response	2	16389529	18128	1
03_41	236	Picture	loadClose	16389564	0	1	55987	2	0	next	other	0
03_41	236	Response	9	16445526	55962	2
03_41	236	Response	9	16445535	55971	9
03_41	237	Picture	view	16445551	0	1	4665	3	0	next	other	0
03_41	237	Response	8	16450006	4455	2
03_41	238	Picture	move	16450216	0	2	32493	3	0	next	other	0
03_41	238	Response	6	16482575	32359	2
03_41	239	Picture	check	16482709	0	1	32326	3	0	next	other	0
03_41	239	Response	2	16514966	32257	1
03_41	240	Picture	loadClose	16515035	0	2	67318	3	0	next	other	0
03_41	240	Response	9	16582193	67158	2
03_41	241	Picture	view	16582353	0	1	6332	2	0	next	other	0
03_41	241	Response	8	16588563	6210	2
03_41	242	Picture	move	16588685	0	1	27327	2	0	next	other	0
03_41	242	Response	2	16608884	20199	1
03_41	242	Response	6	16615942	27257	2
03_41	243	Picture	loadClose	16616012	0	1	62319	2	0	next	other	0
03_41	243	Response	9	16678161	62149	2
03_41	244	Picture	view	16678331	0	1	5665	2	0	next	other	0
03_41	244	Response	8	16683790	5459	2
03_41	245	Picture	move	16683996	0	1	29993	2	0	next	other	0
03_41	245	Response	2	16700402	16406	1
03_41	245	Response	6	16713840	29844	2
03_41	246	Picture	loadClose	16713989	0	1	77482	2	0	next	other	0
03_41	246	Response	9	16791308	77319	2
03_41	247	Picture	view	16791471	0	1	4832	3	0	next	other	0
03_41	247	Response	8	16796078	4607	2
03_41	248	Picture	move	16796303	0	2	31160	3	0	next	other	0
03_41	248	Response	2	16823119	26816	1
03_41	248	Response	6	16827367	31064	2
03_41	249	Picture	loadClose	16827463	0	1	79148	3	0	next	other	0
03_41	249	Response	9	16906575	79112	2
03_41	250	Picture	view	16906611	0	2	4833	3	0	next	other	0
03_41	250	Response	8	16911275	4664	2
03_41	251	Picture	move	16911444	0	1	31826	2	0	next	other	0
03_41	251	Response	6	16943194	31750	2
03_41	252	Picture	check	16943270	0	1	3166	2	0	next	other	0
03_41	252	Response	2	16946316	3046	1
03_41	253	Picture	loadClose	16946436	0	1	69650	2	0	next	other	0
03_41	253	Response	9	17016043	69607	1
03_41	254	Picture	view	17016086	0	1	3833	2	0	next	other	0
03_41	254	Response	8	17019772	3686	2
03_41	255	Picture	move	17019919	0	1	30326	2	0	next	other	0
03_41	255	Response	6	17050212	30293	2
03_41	256	Picture	endBlock	17050245	0	1	30160	2	0	next	other	0
03_41	256	Response	3	17063433	13188	1
03_41	256	Response	8	17072751	22506	2
03_41	256	Response	7	17076731	26486	2
03_41	257	Picture	begin	17080405	0	1	186624	2	0	next	other	0
03_41	257	Response	5	17126370	45965	2
03_41	257	Response	6	17235727	155322	2
03_41	257	Response	9	17266837	186432	1
03_41	258	Picture	loadClose	17267029	0	1	33659	2	0	next	other	0
03_41	258	Response	9	17300596	33567	1
03_41	259	Picture	view	17300688	0	1	4499	2	0	next	other	0
03_41	259	Response	8	17304996	4308	1
03_41	260	Picture	move	17305187	0	1	27826	3	0	next	other	0
03_41	260	Response	2	17319267	14080	1
03_41	260	Response	6	17332915	27728	2
03_41	261	Picture	loadClose	17333013	0	2	130470	4	0	next	other	0
03_41	261	Response	9	17463422	130409	2
03_41	262	Picture	view	17463483	0	2	3978	192	0	next	other	0
03_41	262	Response	8	17467402	3919	2
03_41	263	Picture	move	17467461	0	190	24349	191	0	next	other	0
03_41	263	Response	6	17491641	24180	2
03_41	264	Picture	check	17491810	0	1	2666	2	0	next	other	0
03_41	264	Response	2	17494303	2493	1
03_41	265	Picture	loadClose	17494476	0	1	64819	2	0	next	other	0
03_41	265	Response	9	17559169	64693	2
03_41	266	Picture	view	17559295	0	1	3332	3	0	next	other	0
03_41	266	Response	8	17562489	3194	2
03_41	267	Picture	move	17562627	0	2	26827	4	0	next	other	0
03_41	267	Response	2	17583741	21114	1
03_41	267	Response	6	17589319	26692	1
03_41	268	Picture	loadClose	17589454	0	2	100977	3	0	next	other	0
03_41	268	Response	9	17690306	100852	2
03_41	269	Picture	view	17690431	0	1	5165	3	0	next	other	0
03_41	269	Response	8	17695396	4965	2
03_41	270	Picture	move	17695596	0	2	26828	3	0	next	other	0
03_41	270	Response	2	17716377	20781	1
03_41	270	Response	6	17722366	26770	1
03_41	271	Picture	loadClose	17722424	0	1	61986	2	0	next	other	0
03_41	271	Response	9	17784254	61830	2
03_41	272	Picture	view	17784410	0	1	4332	2	0	next	other	0
03_41	272	Response	8	17788584	4174	2
03_41	273	Picture	move	17788742	0	1	26161	2	0	next	other	0
03_41	273	Response	2	17812215	23473	1
03_41	273	Response	6	17814733	25991	2
03_41	274	Picture	loadClose	17814903	0	1	50988	2	0	next	other	0
03_41	274	Response	9	17865752	50849	2
03_41	275	Picture	view	17865891	0	1	3832	3	0	next	other	0
03_41	275	Response	8	17869572	3681	2
03_41	276	Picture	move	17869723	0	2	23995	3	0	next	other	0
03_41	276	Response	6	17893651	23928	2
03_41	277	Picture	check	17893718	0	1	5998	3	0	next	other	0
03_41	277	Response	2	17899573	5855	1
03_41	278	Picture	loadClose	17899716	0	2	40658	3	0	next	other	0
03_41	278	Response	9	17940300	40584	2
03_41	279	Picture	view	17940374	0	1	6332	2	0	next	other	0
03_41	279	Response	8	17946560	6186	2
03_41	280	Picture	move	17946706	0	1	22828	2	0	next	other	0
03_41	280	Response	2	17967891	21185	1
03_41	280	Response	6	17969410	22704	2
03_41	281	Picture	loadClose	17969534	0	1	47489	2	0	next	other	0
03_41	281	Response	9	18016958	47424	2
03_41	282	Picture	view	18017023	0	1	4165	3	0	next	other	0
03_41	282	Response	8	18020958	3935	2
03_41	283	Picture	move	18021188	0	2	25495	3	0	next	other	0
03_41	283	Response	2	18041008	19820	3
03_41	283	Response	6	18046468	25280	2
03_41	284	Picture	loadClose	18046683	0	1	44656	2	0	next	other	0
03_41	284	Response	9	18091207	44524	1
03_41	285	Picture	view	18091339	0	1	4832	3	0	next	other	0
03_41	285	Response	8	18095997	4658	1
03_41	286	Picture	move	18096171	0	2	25150	181	0	next	other	0
03_41	286	Response	6	18121296	25125	2
03_41	287	Picture	check	18121321	0	179	7843	180	0	next	other	0
03_41	287	Response	2	18129008	7687	1
03_41	288	Picture	loadClose	18129164	0	1	37658	2	0	next	other	0
03_41	288	Response	9	18166745	37581	2
03_41	289	Picture	view	18166822	0	1	3999	2	0	next	other	0
03_41	289	Response	8	18170705	3883	1
03_41	290	Picture	move	18170821	0	1	25161	2	0	next	other	0
03_41	290	Response	2	18193486	22665	1
03_41	290	Response	6	18195794	24973	2
03_41	291	Picture	loadClose	18195982	0	1	41990	2	0	next	other	0
03_41	291	Response	9	18237873	41891	2
03_41	292	Picture	view	18237972	0	1	3666	3	0	next	other	0
03_41	292	Response	8	18241443	3471	2
03_41	293	Picture	move	18241638	0	2	26660	4	0	next	other	0
03_41	293	Response	2	18263244	21606	1
03_41	293	Response	6	18268092	26454	2
03_41	294	Picture	loadClose	18268298	0	2	42491	3	0	next	other	0
03_41	294	Response	9	18310671	42373	2
03_41	295	Picture	view	18310789	0	1	3665	3	0	next	other	0
03_41	295	Response	8	18314331	3542	2
03_41	296	Picture	move	18314454	0	2	26994	3	0	next	other	0
03_41	296	Response	2	18332203	17749	1
03_41	296	Response	6	18341321	26867	2
03_41	297	Picture	loadClose	18341448	0	1	35659	2	0	next	other	0
03_41	297	Response	9	18376950	35502	2
03_41	298	Picture	view	18377107	0	1	3322	179	0	next	other	0
03_41	298	Response	8	18380360	3253	2
03_41	299	Picture	move	18380429	0	178	23671	180	0	next	other	0
03_41	299	Response	2	18400521	20092	1
03_41	299	Response	6	18403899	23470	2
03_41	300	Picture	loadClose	18404100	0	2	40325	3	0	next	other	0
03_41	300	Response	9	18444298	40198	2
03_41	301	Picture	view	18444425	0	1	3832	2	0	next	other	0
03_41	301	Response	8	18448008	3583	2
03_41	302	Picture	move	18448257	0	1	23828	2	0	next	other	0
03_41	302	Response	2	18468679	20422	1
03_41	302	Response	6	18471897	23640	2
03_41	303	Picture	loadClose	18472085	0	1	40657	2	0	next	other	0
03_41	303	Response	9	18512676	40591	2
03_41	303	Response	9	18512685	40600	6
03_41	304	Picture	view	18512742	0	1	4499	3	0	next	other	0
03_41	304	Response	8	18517076	4334	2
03_41	305	Picture	move	18517241	0	2	22828	3	0	next	other	0
03_41	305	Response	2	18534438	17197	1
03_41	305	Response	6	18539856	22615	2
03_41	306	Picture	loadClose	18540069	0	1	46323	2	0	next	other	0
03_41	306	Response	9	18586295	46226	1
03_41	307	Picture	view	18586392	0	1	3499	3	0	next	other	0
03_41	307	Response	8	18589705	3313	1
03_41	308	Picture	move	18589891	0	2	24828	3	0	next	other	0
03_41	308	Response	6	18614594	24703	2
03_41	309	Picture	check	18614719	0	1	3832	2	0	next	other	0
03_41	309	Response	2	18618436	3717	1
03_41	310	Picture	loadClose	18618551	0	1	35659	2	0	next	other	0
03_41	310	Response	9	18654093	35542	2
03_41	311	Picture	view	18654210	0	1	3999	2	0	next	other	0
03_41	311	Response	8	18658113	3903	2
03_41	312	Picture	move	18658209	0	1	22828	2	0	next	other	0
03_41	312	Response	2	18679874	21665	1
03_41	312	Response	6	18680862	22653	2
03_41	313	Picture	loadClose	18681037	0	1	59986	2	0	next	other	0
03_41	313	Response	9	18740901	59864	2
03_41	314	Picture	view	18741023	0	1	3166	2	0	next	other	0
03_41	314	Response	8	18744041	3018	2
03_41	315	Picture	move	18744189	0	1	25827	3	0	next	other	0
03_41	315	Response	2	18767392	23203	1
03_41	315	Response	6	18769790	25601	2
03_41	316	Picture	loadClose	18770016	0	2	32659	4	0	next	other	0
03_41	316	Response	9	18802539	32523	2
03_41	317	Picture	wait	18802675	0	2	1667	3	0	next	other	0
03_41	318	Picture	view	18804342	0	1	3666	2	0	next	other	0
03_41	318	Response	8	18807889	3547	2
03_41	319	Picture	move	18808008	0	1	24661	3	0	next	other	0
03_41	319	Response	2	18827391	19383	1
03_41	319	Response	6	18832529	24521	1
03_41	320	Picture	loadClose	18832669	0	2	47989	3	0	next	other	0
03_41	320	Response	9	18880558	47889	1
03_41	321	Picture	view	18880658	0	1	3166	2	0	next	other	0
03_41	321	Response	8	18883637	2979	2
03_41	322	Picture	move	18883824	0	1	24994	2	0	next	other	0
03_41	322	Response	2	18897789	13965	1
03_41	322	Response	6	18908697	24873	2
03_41	323	Picture	loadClose	18908818	0	1	53154	2	0	next	other	0
03_41	323	Response	9	18961856	53038	1
03_41	324	Picture	view	18961972	0	1	3499	3	0	next	other	0
03_41	324	Response	8	18965306	3334	1
03_41	325	Picture	move	18965471	0	2	23662	3	0	next	other	0
03_41	325	Response	2	18987227	21756	1
03_41	325	Response	6	18989055	23584	2
03_41	326	Picture	loadClose	18989133	0	1	43990	2	0	next	other	0
03_41	326	Response	9	19033014	43881	2
03_41	327	Picture	view	19033123	0	1	5498	3	0	next	other	0
03_41	327	Response	8	19038454	5331	2
03_41	328	Picture	move	19038621	0	2	23662	3	0	next	other	0
03_41	328	Response	2	19060665	22044	1
03_41	328	Response	6	19062133	23512	2
03_41	329	Picture	loadClose	19062283	0	1	101143	2	0	next	other	0
03_41	329	Response	9	19163291	101008	2
03_41	330	Picture	view	19163426	0	1	5165	3	0	next	other	0
03_41	330	Response	8	19168341	4915	2
03_41	331	Picture	move	19168591	0	2	26661	3	0	next	other	0
03_41	331	Response	2	19194422	25831	1
03_41	331	Response	6	19195140	26549	2
03_41	332	Picture	loadClose	19195252	0	1	44156	3	0	next	other	0
03_41	332	Response	9	19239339	44087	2
03_41	333	Picture	view	19239408	0	2	4000	3	0	next	other	0
03_41	333	Response	8	19243199	3791	2
03_41	334	Picture	move	19243408	0	1	28493	2	0	next	other	0
03_41	334	Response	2	19268020	24612	1
03_41	334	Response	6	19271858	28450	2
03_41	335	Picture	endSession	19271901	0	1	35792	2	0	next	other	0
03_41	335	Response	8	19282648	10747	2
03_41	335	Response	7	19289648	17747	1


Event Type	Code	Type	Response	RT	RT Uncertainty	Time	Uncertainty	Duration	Uncertainty	ReqTime	ReqDur

Picture	begin	other				332	2	3086939	188	0	next
Picture	loadClose	other				3087271	186	41176	187	0	next
Picture	view	other				3128447	1	232280	2	0	next
Picture	wrongHand	false_alarm	6	19294	3	3360727	1	19495	2	0	next
Picture	loadClose	other				3380222	1	51322	2	0	next
Picture	view	other				3431544	1	53654	2	0	next
Picture	move	other				3485198	1	50155	2	0	next
Picture	loadClose	other				3535353	1	14830	2	0	next
Picture	wrongHand	false_alarm	5	6514	3	3550183	1	6665	2	0	next
Picture	loadClose	other				3556848	1	203953	2	0	next
Picture	view	other				3760801	1	4999	3	0	next
Picture	move	other				3765800	2	32160	3	0	next
Picture	loadClose	other				3797960	1	44656	2	0	next
Picture	view	other				3842616	1	5999	2	0	next
Picture	move	other				3848615	1	33300	194	0	next
Picture	loadClose	other				3881915	193	103168	194	0	next
Picture	view	other				3985083	1	6165	3	0	next
Picture	move	other				3991248	2	29475	188	0	next
Picture	loadClose	other				4020723	186	49840	188	0	next
Picture	view	other				4070563	2	6166	3	0	next
Picture	move	other				4076729	1	29160	2	0	next
Picture	loadClose	other				4105889	1	44323	2	0	next
Picture	view	other				4150212	1	5480	187	0	next
Picture	move	other				4155692	186	30948	417	0	next
Picture	loadClose	other				4186640	231	58217	232	0	next
Picture	view	other				4244857	1	6831	3	0	next
Picture	move	other				4251688	2	28494	3	0	next
Picture	loadClose	other				4280182	1	151132	2	0	next
Picture	view	other				4431314	1	6165	2	0	next
Picture	move	other				4437479	1	28493	3	0	next
Picture	loadClose	other				4465972	2	50822	4	0	next
Picture	view	other				4516794	2	4832	4	0	next
Picture	move	other				4521626	2	24817	181	0	next
Picture	loadClose	other				4546443	179	42834	181	0	next
Picture	view	other				4589277	2	8332	3	0	next
Picture	move	other				4597609	1	35658	2	0	next
Picture	loadClose	other				4633267	1	43657	2	0	next
Picture	view	other				4676924	1	7665	2	0	next
Picture	move	other				4684589	1	33610	218	0	next
Picture	loadClose	other				4718199	217	49371	218	0	next
Picture	view	other				4767570	1	6165	2	0	next
Picture	move	other				4773735	1	30765	230	0	next
Picture	loadClose	other				4804500	229	40385	230	0	next
Picture	view	other				4844885	1	5819	182	0	next
Picture	move	other				4850704	181	29673	182	0	next
Picture	loadClose	other				4880377	1	47823	2	0	next
Picture	view	other				4928200	1	6331	3	0	next
Picture	move	other				4934531	2	28778	219	0	next
Picture	loadClose	other				4963309	217	44872	218	0	next
Picture	view	other				5008181	1	6499	2	0	next
Picture	move	other				5014680	1	31326	2	0	next
Picture	loadClose	other				5046006	1	43823	2	0	next
Picture	view	other				5089829	1	6165	3	0	next
Picture	move	other				5095994	2	29660	3	0	next
Picture	loadClose	other				5125654	1	56320	3	0	next
Picture	view	other				5181974	2	4666	3	0	next
Picture	move	other				5186640	1	34159	2	0	next
Picture	loadClose	other				5220799	1	39824	2	0	next
Picture	view	other				5260623	1	5832	2	0	next
Picture	move	other				5266455	1	30326	3	0	next
Picture	loadClose	other				5296781	2	45323	4	0	next
Picture	view	other				5342104	2	6332	4	0	next
Picture	move	other				5348436	2	28605	225	0	next
Picture	loadClose	other				5377041	223	54876	224	0	next
Picture	view	other				5431917	1	3666	2	0	next
Picture	move	other				5435583	1	29826	2	0	next
Picture	loadClose	other				5465409	1	43657	2	0	next
Picture	view	other				5509066	1	5665	3	0	next
Picture	move	other				5514731	2	32493	3	0	next
Picture	loadClose	other				5547224	1	47156	2	0	next
Picture	view	other				5594380	1	5165	2	0	next
Picture	move	other				5599545	1	29993	2	0	next
Picture	loadClose	other				5629538	1	39158	2	0	next
Picture	view	other				5668696	1	5832	2	0	next
Picture	move	other				5674528	1	31659	2	0	next
Picture	loadClose	other				5706187	1	39491	2	0	next
Picture	view	other				5745678	1	6977	190	0	next
Picture	move	other				5752655	189	33014	190	0	next
Picture	endBlock	other				5785669	1	30160	2	0	next
Picture	begin	other				5815829	1	456895	2	0	next
Picture	loadClose	other				6272724	1	51488	2	0	next
Picture	view	other				6324212	1	5665	2	0	next
Picture	move	other				6329877	1	43323	3	0	next
Picture	loadClose	other				6373200	2	74150	3	0	next
Picture	view	other				6447350	1	6665	3	0	next
Picture	move	other				6454015	2	33991	5	0	next
Picture	check	other				6488006	3	6167	4	0	next
Picture	loadClose	other				6494173	1	68817	2	0	next
Picture	view	other				6562990	1	6499	2	0	next
Picture	move	other				6569489	1	50154	3	0	next
Picture	loadClose	other				6619643	2	193623	3	0	next
Picture	view	other				6813266	1	6332	2	0	next
Picture	move	other				6819598	1	43157	2	0	next
Picture	loadClose	other				6862755	1	67651	2	0	next
Picture	view	other				6930406	1	5809	192	0	next
Picture	move	other				6936215	191	35348	192	0	next
Picture	loadClose	other				6971563	1	62152	2	0	next
Picture	view	other				7033715	1	5666	2	0	next
Picture	move	other				7039381	1	33159	2	0	next
Picture	loadClose	other				7072540	1	67317	3	0	next
Picture	view	other				7139857	2	6166	3	0	next
Picture	move	other				7146023	1	37824	2	0	next
Picture	loadClose	other				7183847	1	72650	2	0	next
Picture	view	other				7256497	1	6665	3	0	next
Picture	move	other				7263162	2	31314	182	0	next
Picture	loadClose	other				7294476	180	69829	182	0	next
Picture	view	other				7364305	2	6833	3	0	next
Picture	move	other				7371138	1	35825	2	0	next
Picture	loadClose	other				7406963	1	66318	2	0	next
Picture	view	other				7473281	1	6332	3	0	next
Picture	move	other				7479613	2	35158	3	0	next
Picture	loadClose	other				7514771	1	66818	2	0	next
Picture	view	other				7581589	1	5332	3	0	next
Picture	move	other				7586921	2	38158	4	0	next
Picture	loadClose	other				7625079	2	667	3	0	next
Picture	wrongHand	false_alarm	5	1433	3	7625746	1	1487	181	0	next
Picture	loadClose	other				7627233	180	76994	182	0	next
Picture	view	other				7704227	2	5833	3	0	next
Picture	move	other				7710060	1	37324	3	0	next
Picture	loadClose	other				7747384	2	69818	3	0	next
Picture	view	other				7817202	1	6331	3	0	next
Picture	move	other				7823533	2	36325	4	0	next
Picture	loadClose	other				7859858	2	71484	3	0	next
Picture	view	other				7931342	1	7498	3	0	next
Picture	move	other				7938840	2	33314	182	0	next
Picture	loadClose	other				7972154	180	71495	182	0	next
Picture	view	other				8043649	2	6666	3	0	next
Picture	move	other				8050315	1	33159	2	0	next
Picture	check	other				8083474	1	666	2	0	next
Picture	loadClose	other				8084140	1	81648	2	0	next
Picture	view	other				8165788	1	4499	2	0	next
Picture	move	other				8170287	1	31160	2	0	next
Picture	check	other				8201447	1	666	2	0	next
Picture	loadClose	other				8202113	1	80981	3	0	next
Picture	view	other				8283094	2	3833	3	0	next
Picture	move	other				8286927	1	28660	2	0	next
Picture	check	other				8315587	1	2999	2	0	next
Picture	loadClose	other				8318586	1	75483	2	0	next
Picture	view	other				8394069	1	5999	2	0	next
Picture	move	other				8400068	1	39157	2	0	next
Picture	check	other				8439225	1	12164	3	0	next
Picture	loadClose	other				8451389	2	74983	3	0	next
Picture	view	other				8526372	1	4644	190	0	next
Picture	move	other				8531016	189	32180	191	0	next
Picture	check	other				8563196	2	17997	3	0	next
Picture	loadClose	other				8581193	1	58486	2	0	next
Picture	view	other				8639679	1	5665	3	0	next
Picture	move	other				8645344	2	35326	3	0	next
Picture	check	other				8680670	1	16996	2	0	next
Picture	loadClose	other				8697666	1	50988	2	0	next
Picture	view	other				8748654	1	6665	3	0	next
Picture	move	other				8755319	2	35659	3	0	next
Picture	check	other				8790978	1	7331	2	0	next
Picture	loadClose	other				8798309	1	63652	2	0	next
Picture	view	other				8861961	1	5999	2	0	next
Picture	move	other				8867960	1	37658	2	0	next
Picture	check	other				8905618	1	2333	2	0	next
Picture	loadClose	other				8907951	1	168628	2	0	next
Picture	view	other				9076579	1	6665	3	0	next
Picture	move	other				9083244	2	33325	4	0	next
Picture	loadClose	other				9116569	2	74150	3	0	next
Picture	view	other				9190719	1	6165	3	0	next
Picture	move	other				9196884	2	33826	3	0	next
Picture	endBlock	other				9230710	1	30160	2	0	next
Picture	begin	other				9260870	1	4431647	2	0	next
Picture	loadClose	other				13692517	1	77316	2	0	next
Picture	view	other				13769833	1	5305	196	0	next
Picture	move	other				13775138	195	42684	196	0	next
Picture	check	other				13817822	1	6332	2	0	next
Picture	loadClose	other				13824154	1	207785	2	0	next
Picture	view	other				14031939	1	7332	2	0	next
Picture	move	other				14039271	1	40490	2	0	next
Picture	check	other				14079761	1	1000	2	0	next
Picture	wrongHand	false_alarm	2	982	4	14080761	1	2332	3	0	next
Picture	loadClose	other				14083093	2	82648	4	0	next
Picture	view	other				14165741	2	6499	3	0	next
Picture	move	other				14172240	1	39991	2	0	next
Picture	loadClose	other				14212231	1	322259	2	0	next
Picture	view	other				14534490	1	4666	2	0	next
Picture	move	other				14539156	1	34825	2	0	next
Picture	loadClose	other				14573981	1	153	349	0	next
Picture	wrongHand	false_alarm	6	1947	350	14574134	348	2003	526	0	next
Picture	loadClose	other				14576137	178	74160	179	0	next
Picture	view	other				14650297	1	4999	2	0	next
Picture	move	other				14655296	1	36543	450	0	next
Picture	loadClose	other				14691839	449	72598	450	0	next
Picture	view	other				14764437	1	4999	2	0	next
Picture	move	other				14769436	1	34825	3	0	next
Picture	loadClose	other				14804261	2	68318	3	0	next
Picture	view	other				14872579	1	4499	2	0	next
Picture	move	other				14877078	1	37491	3	0	next
Picture	check	other				14914569	2	3833	3	0	next
Picture	loadClose	other				14918402	1	68318	2	0	next
Picture	view	other				14986720	1	5665	2	0	next
Picture	move	other				14992385	1	29660	2	0	next
Picture	loadClose	other				15022045	1	64652	2	0	next
Picture	view	other				15086697	1	5165	2	0	next
Picture	move	other				15091862	1	33992	2	0	next
Picture	loadClose	other				15125854	1	72317	2	0	next
Picture	view	other				15198171	1	6165	3	0	next
Picture	move	other				15204336	2	33326	3	0	next
Picture	loadClose	other				15237662	1	64318	3	0	next
Picture	view	other				15301980	2	5666	3	0	next
Picture	move	other				15307646	1	32992	2	0	next
Picture	loadClose	other				15340638	1	65152	2	0	next
Picture	view	other				15405790	1	4999	2	0	next
Picture	move	other				15410789	1	29826	2	0	next
Picture	loadClose	other				15440615	1	833	3	0	next
Picture	wrongHand	false_alarm	6	1862	4	15441448	2	2000	3	0	next
Picture	loadClose	other				15443448	1	92145	2	0	next
Picture	view	other				15535593	1	6165	3	0	next
Picture	move	other				15541758	2	44157	3	0	next
Picture	loadClose	other				15585915	1	69817	3	0	next
Picture	view	other				15655732	2	4666	3	0	next
Picture	move	other				15660398	1	34325	3	0	next
Picture	loadClose	other				15694723	2	75150	4	0	next
Picture	view	other				15769873	2	4999	3	0	next
Picture	move	other				15774872	1	30493	2	0	next
Picture	loadClose	other				15805365	1	71816	3	0	next
Picture	view	other				15877181	2	4306	197	0	next
Picture	move	other				15881487	195	29853	196	0	next
Picture	loadClose	other				15911340	1	69318	2	0	next
Picture	view	other				15980658	1	5498	3	0	next
Picture	move	other				15986156	2	29494	3	0	next
Picture	loadClose	other				16015650	1	76482	2	0	next
Picture	view	other				16092132	1	5332	3	0	next
Picture	move	other				16097464	2	32659	3	0	next
Picture	loadClose	other				16130123	1	94645	2	0	next
Picture	view	other				16224768	1	4499	3	0	next
Picture	move	other				16229267	2	30826	4	0	next
Picture	loadClose	other				16260093	2	76983	3	0	next
Picture	view	other				16337076	1	5332	2	0	next
Picture	move	other				16342408	1	28993	2	0	next
Picture	check	other				16371401	1	18163	2	0	next
Picture	loadClose	other				16389564	1	55987	2	0	next
Picture	view	other				16445551	1	4665	3	0	next
Picture	move	other				16450216	2	32493	3	0	next
Picture	check	other				16482709	1	32326	3	0	next
Picture	loadClose	other				16515035	2	67318	3	0	next
Picture	view	other				16582353	1	6332	2	0	next
Picture	move	other				16588685	1	27327	2	0	next
Picture	loadClose	other				16616012	1	62319	2	0	next
Picture	view	other				16678331	1	5665	2	0	next
Picture	move	other				16683996	1	29993	2	0	next
Picture	loadClose	other				16713989	1	77482	2	0	next
Picture	view	other				16791471	1	4832	3	0	next
Picture	move	other				16796303	2	31160	3	0	next
Picture	loadClose	other				16827463	1	79148	3	0	next
Picture	view	other				16906611	2	4833	3	0	next
Picture	move	other				16911444	1	31826	2	0	next
Picture	check	other				16943270	1	3166	2	0	next
Picture	loadClose	other				16946436	1	69650	2	0	next
Picture	view	other				17016086	1	3833	2	0	next
Picture	move	other				17019919	1	30326	2	0	next
Picture	endBlock	other				17050245	1	30160	2	0	next
Picture	begin	other				17080405	1	186624	2	0	next
Picture	loadClose	other				17267029	1	33659	2	0	next
Picture	view	other				17300688	1	4499	2	0	next
Picture	move	other				17305187	1	27826	3	0	next
Picture	loadClose	other				17333013	2	130470	4	0	next
Picture	view	other				17463483	2	3978	192	0	next
Picture	move	other				17467461	190	24349	191	0	next
Picture	check	other				17491810	1	2666	2	0	next
Picture	loadClose	other				17494476	1	64819	2	0	next
Picture	view	other				17559295	1	3332	3	0	next
Picture	move	other				17562627	2	26827	4	0	next
Picture	loadClose	other				17589454	2	100977	3	0	next
Picture	view	other				17690431	1	5165	3	0	next
Picture	move	other				17695596	2	26828	3	0	next
Picture	loadClose	other				17722424	1	61986	2	0	next
Picture	view	other				17784410	1	4332	2	0	next
Picture	move	other				17788742	1	26161	2	0	next
Picture	loadClose	other				17814903	1	50988	2	0	next
Picture	view	other				17865891	1	3832	3	0	next
Picture	move	other				17869723	2	23995	3	0	next
Picture	check	other				17893718	1	5998	3	0	next
Picture	loadClose	other				17899716	2	40658	3	0	next
Picture	view	other				17940374	1	6332	2	0	next
Picture	move	other				17946706	1	22828	2	0	next
Picture	loadClose	other				17969534	1	47489	2	0	next
Picture	view	other				18017023	1	4165	3	0	next
Picture	move	other				18021188	2	25495	3	0	next
Picture	loadClose	other				18046683	1	44656	2	0	next
Picture	view	other				18091339	1	4832	3	0	next
Picture	move	other				18096171	2	25150	181	0	next
Picture	check	other				18121321	179	7843	180	0	next
Picture	loadClose	other				18129164	1	37658	2	0	next
Picture	view	other				18166822	1	3999	2	0	next
Picture	move	other				18170821	1	25161	2	0	next
Picture	loadClose	other				18195982	1	41990	2	0	next
Picture	view	other				18237972	1	3666	3	0	next
Picture	move	other				18241638	2	26660	4	0	next
Picture	loadClose	other				18268298	2	42491	3	0	next
Picture	view	other				18310789	1	3665	3	0	next
Picture	move	other				18314454	2	26994	3	0	next
Picture	loadClose	other				18341448	1	35659	2	0	next
Picture	view	other				18377107	1	3322	179	0	next
Picture	move	other				18380429	178	23671	180	0	next
Picture	loadClose	other				18404100	2	40325	3	0	next
Picture	view	other				18444425	1	3832	2	0	next
Picture	move	other				18448257	1	23828	2	0	next
Picture	loadClose	other				18472085	1	40657	2	0	next
Picture	view	other				18512742	1	4499	3	0	next
Picture	move	other				18517241	2	22828	3	0	next
Picture	loadClose	other				18540069	1	46323	2	0	next
Picture	view	other				18586392	1	3499	3	0	next
Picture	move	other				18589891	2	24828	3	0	next
Picture	check	other				18614719	1	3832	2	0	next
Picture	loadClose	other				18618551	1	35659	2	0	next
Picture	view	other				18654210	1	3999	2	0	next
Picture	move	other				18658209	1	22828	2	0	next
Picture	loadClose	other				18681037	1	59986	2	0	next
Picture	view	other				18741023	1	3166	2	0	next
Picture	move	other				18744189	1	25827	3	0	next
Picture	loadClose	other				18770016	2	32659	4	0	next
Picture	wait	other				18802675	2	1667	3	0	next
Picture	view	other				18804342	1	3666	2	0	next
Picture	move	other				18808008	1	24661	3	0	next
Picture	loadClose	other				18832669	2	47989	3	0	next
Picture	view	other				18880658	1	3166	2	0	next
Picture	move	other				18883824	1	24994	2	0	next
Picture	loadClose	other				18908818	1	53154	2	0	next
Picture	view	other				18961972	1	3499	3	0	next
Picture	move	other				18965471	2	23662	3	0	next
Picture	loadClose	other				18989133	1	43990	2	0	next
Picture	view	other				19033123	1	5498	3	0	next
Picture	move	other				19038621	2	23662	3	0	next
Picture	loadClose	other				19062283	1	101143	2	0	next
Picture	view	other				19163426	1	5165	3	0	next
Picture	move	other				19168591	2	26661	3	0	next
Picture	loadClose	other				19195252	1	44156	3	0	next
Picture	view	other				19239408	2	4000	3	0	next
Picture	move	other				19243408	1	28493	2	0	next
Picture	endSession	other				19271901	1	35792	2	0	next
