Scenario - opto_replant
Logfile written - 11/05/2013 12:58:24

Subject	Trial	Event Type	Code	Time	TTime	Uncertainty	Duration	Uncertainty	ReqTime	ReqDur	Stim Type	Pair Index

03_13	1	Picture	begin	332	0	2	390747	3	0	next	other	0
03_13	1	Response	7	391010	390678	2
03_13	2	Picture	loadClose	391079	0	1	93479	2	0	next	other	0
03_13	2	Response	7	484398	93319	2
03_13	2	Response	7	484401	93322	33
03_13	3	Picture	view	484558	0	1	5665	2	0	next	other	0
03_13	3	Response	6	490068	5510	2
03_13	4	Picture	move	490223	0	1	32659	3	0	next	other	0
03_13	4	Response	4	522807	32584	2
03_13	5	Picture	loadClose	522882	0	2	57321	3	0	next	other	0
03_13	5	Response	7	580096	57214	2
03_13	6	Picture	view	580203	0	1	6832	2	0	next	other	0
03_13	6	Response	6	586896	6693	2
03_13	7	Picture	move	587035	0	1	30993	2	0	next	other	0
03_13	7	Response	4	617876	30841	2
03_13	8	Picture	loadClose	618028	0	1	50822	2	0	next	other	0
03_13	8	Response	7	668745	50717	2
03_13	8	Response	7	668775	50747	2
03_13	9	Picture	view	668850	0	1	4332	3	0	next	other	0
03_13	9	Response	6	673065	4215	2
03_13	10	Picture	move	673182	0	2	29827	3	0	next	other	0
03_13	10	Response	4	702874	29692	2
03_13	11	Picture	loadClose	703009	0	1	47323	2	0	next	other	0
03_13	11	Response	7	750293	47284	2
03_13	12	Picture	view	750332	0	1	4499	2	0	next	other	0
03_13	12	Response	6	754603	4271	2
03_13	13	Picture	move	754831	0	1	27494	2	0	next	other	0
03_13	13	Response	4	782133	27302	2
03_13	14	Picture	loadClose	782325	0	1	42823	3	0	next	other	0
03_13	14	Response	7	824982	42657	2
03_13	15	Picture	view	825148	0	2	4333	3	0	next	other	0
03_13	15	Response	6	829352	4204	2
03_13	16	Picture	move	829481	0	1	27327	2	0	next	other	0
03_13	16	Response	4	856601	27120	2
03_13	17	Picture	loadClose	856808	0	1	70318	2	0	next	other	0
03_13	17	Response	7	927040	70232	2
03_13	18	Picture	view	927126	0	1	4665	3	0	next	other	0
03_13	18	Response	6	931540	4414	2
03_13	19	Picture	move	931791	0	2	27661	3	0	next	other	0
03_13	19	Response	4	959319	27528	2
03_13	20	Picture	loadClose	959452	0	1	53821	2	0	next	other	0
03_13	20	Response	7	1013158	53706	2
03_13	21	Picture	view	1013273	0	1	4832	3	0	next	other	0
03_13	21	Response	6	1017938	4665	2
03_13	22	Picture	move	1018105	0	2	26828	3	0	next	other	0
03_13	22	Response	4	1044858	26753	2
03_13	23	Picture	loadClose	1044933	0	1	47822	3	0	next	other	0
03_13	23	Response	7	1092607	47674	2
03_13	24	Picture	view	1092755	0	2	4666	3	0	next	other	0
03_13	24	Response	6	1097187	4432	2
03_13	25	Picture	move	1097421	0	1	26161	2	0	next	other	0
03_13	25	Response	4	1123516	26095	2
03_13	26	Picture	loadClose	1123582	0	1	43490	2	0	next	other	0
03_13	26	Response	7	1167046	43464	2
03_13	27	Picture	view	1167072	0	1	4146	189	0	next	other	0
03_13	27	Response	6	1171146	4074	1
03_13	28	Picture	move	1171218	0	188	29347	189	0	next	other	0
03_13	28	Response	4	1200425	29207	2
03_13	29	Picture	loadClose	1200565	0	1	48156	2	0	next	other	0
03_13	29	Response	7	1248674	48109	2
03_13	30	Picture	view	1248721	0	1	3665	3	0	next	other	0
03_13	30	Response	6	1252174	3453	2
03_13	31	Picture	move	1252386	0	2	25661	4	0	next	other	0
03_13	31	Response	4	1277954	25568	2
03_13	32	Picture	loadClose	1278047	0	2	36492	3	0	next	other	0
03_13	32	Response	7	1314493	36446	2
03_13	33	Picture	view	1314539	0	1	4999	3	0	next	other	0
03_13	33	Response	6	1319353	4814	2
03_13	34	Picture	move	1319538	0	2	25161	3	0	next	other	0
03_13	34	Response	4	1344532	24994	2
03_13	35	Picture	loadClose	1344699	0	1	35992	2	0	next	other	0
03_13	35	Response	7	1380582	35883	2
03_13	36	Picture	view	1380691	0	1	4166	2	0	next	other	0
03_13	36	Response	6	1384622	3931	2
03_13	37	Picture	move	1384857	0	1	28660	2	0	next	other	0
03_13	37	Response	4	1413311	28454	2
03_13	38	Picture	loadClose	1413517	0	1	38325	2	0	next	other	0
03_13	38	Response	7	1451710	38193	2
03_13	39	Picture	view	1451842	0	1	4304	31	0	next	other	0
03_13	39	Response	6	1456070	4228	2
03_13	40	Picture	move	1456146	0	30	24356	31	0	next	other	0
03_13	40	Response	4	1480330	24184	2
03_13	41	Picture	loadClose	1480502	0	1	48656	2	0	next	other	0
03_13	41	Response	7	1529019	48517	2
03_13	42	Picture	view	1529158	0	1	3833	2	0	next	other	0
03_13	42	Response	6	1532739	3581	2
03_13	43	Picture	move	1532991	0	1	27327	2	0	next	other	0
03_13	43	Response	4	1560258	27267	2
03_13	44	Picture	loadClose	1560318	0	1	50322	2	0	next	other	0
03_13	44	Response	7	1610608	50290	1
03_13	45	Picture	view	1610640	0	1	4666	2	0	next	other	0
03_13	45	Response	6	1615117	4477	2
03_13	46	Picture	move	1615306	0	1	28160	2	0	next	other	0
03_13	46	Response	4	1643347	28041	2
03_13	47	Picture	loadClose	1643466	0	1	42824	2	0	next	other	0
03_13	47	Response	7	1686266	42800	2
03_13	48	Picture	view	1686290	0	1	3832	3	0	next	other	0
03_13	48	Response	7	1686296	6	2
03_13	48	Response	6	1689906	3616	2
03_13	49	Picture	move	1690122	0	2	26828	3	0	next	other	0
03_13	49	Response	4	1716866	26744	2
03_13	50	Picture	loadClose	1716950	0	1	40324	2	0	next	other	0
03_13	50	Response	7	1757185	40235	2
03_13	51	Picture	view	1757274	0	1	4332	3	0	next	other	0
03_13	51	Response	6	1761485	4211	2
03_13	52	Picture	move	1761606	0	2	25328	3	0	next	other	0
03_13	52	Response	4	1786864	25258	2
03_13	53	Picture	loadClose	1786934	0	1	51655	2	0	next	other	0
03_13	53	Response	7	1838503	51569	2
03_13	53	Response	7	1838513	51579	2
03_13	54	Picture	view	1838589	0	1	4499	2	0	next	other	0
03_13	54	Response	6	1842893	4304	2
03_13	55	Picture	move	1843088	0	1	24495	2	0	next	other	0
03_13	55	Response	4	1867443	24355	2
03_13	56	Picture	loadClose	1867583	0	1	51155	2	0	next	other	0
03_13	56	Response	7	1918562	50979	2
03_13	57	Picture	view	1918738	0	1	3832	3	0	next	other	0
03_13	57	Response	6	1922332	3594	2
03_13	58	Picture	move	1922570	0	2	25995	3	0	next	other	0
03_13	58	Response	4	1948491	25921	2
03_13	59	Picture	loadClose	1948565	0	1	40824	2	0	next	other	0
03_13	59	Response	7	1989271	40706	2
03_13	60	Picture	view	1989389	0	1	3499	2	0	next	other	0
03_13	60	Response	6	1992751	3362	1
03_13	61	Picture	move	1992888	0	1	25328	2	0	next	other	0
03_13	61	Response	4	2018130	25242	2
03_13	62	Picture	loadClose	2018216	0	1	60986	2	0	next	other	0
03_13	62	Response	7	2079069	60853	2
03_13	63	Picture	view	2079202	0	1	3974	194	0	next	other	0
03_13	63	Response	6	2083099	3897	2
03_13	64	Picture	move	2083176	0	193	26352	195	0	next	other	0
03_13	64	Response	4	2109458	26282	2
03_13	65	Picture	loadClose	2109528	0	2	39492	3	0	next	other	0
03_13	65	Response	7	2148928	39400	2
03_13	66	Picture	view	2149020	0	1	4832	2	0	next	other	0
03_13	66	Response	6	2153618	4598	2
03_13	67	Picture	move	2153852	0	1	24995	2	0	next	other	0
03_13	67	Response	4	2178787	24935	2
03_13	68	Picture	loadClose	2178847	0	1	44823	2	0	next	other	0
03_13	68	Response	7	2223576	44729	2
03_13	69	Picture	view	2223670	0	1	3999	2	0	next	other	0
03_13	69	Response	6	2227486	3816	2
03_13	70	Picture	move	2227669	0	1	24495	2	0	next	other	0
03_13	70	Response	4	2252016	24347	2
03_13	71	Picture	loadClose	2252164	0	1	44823	2	0	next	other	0
03_13	71	Response	7	2296925	44761	2
03_13	72	Picture	view	2296987	0	1	4332	3	0	next	other	0
03_13	72	Response	6	2301155	4168	2
03_13	73	Picture	move	2301319	0	2	27161	3	0	next	other	0
03_13	73	Response	4	2328404	27085	2
03_13	74	Picture	endBlock	2328480	0	1	30160	2	0	next	other	0
03_13	74	Response	6	2345814	17334	2
03_13	74	Response	4	2352894	24414	2
03_13	74	Response	6	2354234	25754	2
03_13	75	Picture	begin	2358640	0	1	806820	2	0	next	other	0
03_13	75	Response	5	2363684	5044	2
03_13	75	Response	4	2381234	22594	1
03_13	75	Response	3	2381334	22694	1
03_13	75	Response	5	2478812	120172	2
03_13	75	Response	6	2479282	120642	2
03_13	75	Response	3	2771586	412946	2
03_13	75	Response	4	2772106	413466	2
03_13	75	Response	7	3165379	806739	2
03_13	76	Picture	loadClose	3165460	0	1	46156	2	0	next	other	0
03_13	76	Response	7	3211498	46038	2
03_13	77	Picture	view	3211616	0	1	10664	3	0	next	other	0
03_13	77	Response	6	3222048	10432	2
03_13	78	Picture	move	3222280	0	2	41324	3	0	next	other	0
03_13	78	Response	4	3263427	41147	2
03_13	79	Picture	loadClose	3263604	0	1	92646	2	0	next	other	0
03_13	79	Response	7	3356226	92622	2
03_13	80	Picture	view	3356250	0	1	7165	3	0	next	other	0
03_13	80	Response	7	3356256	6	2
03_13	80	Response	6	3363276	7026	1
03_13	81	Picture	move	3363415	0	2	34993	3	0	next	other	0
03_13	81	Response	4	3398255	34840	2
03_13	82	Picture	loadClose	3398408	0	1	70651	2	0	next	other	0
03_13	82	Response	7	3468964	70556	2
03_13	83	Picture	view	3469059	0	1	5813	188	0	next	other	0
03_13	83	Response	6	3474794	5735	1
03_13	84	Picture	move	3474872	0	187	39176	189	0	next	other	0
03_13	84	Response	4	3513903	39031	2
03_13	85	Picture	loadClose	3514048	0	2	61320	3	0	next	other	0
03_13	85	Response	7	3575322	61274	2
03_13	86	Picture	view	3575368	0	1	5472	196	0	next	other	0
03_13	86	Response	6	3580762	5394	2
03_13	87	Picture	move	3580840	0	195	30020	196	0	next	other	0
03_13	87	Response	4	3610741	29901	2
03_13	88	Picture	loadClose	3610860	0	1	79482	3	0	next	other	0
03_13	88	Response	7	3690320	79460	2
03_13	89	Picture	view	3690342	0	2	4999	4	0	next	other	0
03_13	89	Response	6	3695190	4848	1
03_13	90	Picture	move	3695341	0	2	34493	3	0	next	other	0
03_13	90	Response	4	3729709	34368	2
03_13	91	Picture	loadClose	3729834	0	1	64485	2	0	next	other	0
03_13	91	Response	7	3794248	64414	2
03_13	92	Picture	view	3794319	0	1	6499	3	0	next	other	0
03_13	92	Response	6	3800598	6279	2
03_13	93	Picture	move	3800818	0	2	36325	3	0	next	other	0
03_13	93	Response	4	3837077	36259	2
03_13	94	Picture	loadClose	3837143	0	1	78149	2	0	next	other	0
03_13	94	Response	7	3915126	77983	2
03_13	95	Picture	view	3915292	0	1	4832	3	0	next	other	0
03_13	95	Response	6	3919975	4683	2
03_13	96	Picture	move	3920124	0	2	38159	3	0	next	other	0
03_13	96	Response	4	3958115	37991	2
03_13	97	Picture	loadClose	3958283	0	1	79315	2	0	next	other	0
03_13	97	Response	7	4037523	79240	2
03_13	97	Response	7	4037533	79250	2
03_13	98	Picture	view	4037598	0	1	5332	3	0	next	other	0
03_13	98	Response	6	4042743	5145	2
03_13	99	Picture	move	4042930	0	2	33659	4	0	next	other	0
03_13	99	Response	4	4076463	33533	2
03_13	100	Picture	loadClose	4076589	0	2	63820	3	0	next	other	0
03_13	100	Response	7	4140251	63662	2
03_13	101	Picture	view	4140409	0	1	8331	2	0	next	other	0
03_13	101	Response	6	4148601	8192	2
03_13	102	Picture	move	4148740	0	1	30493	2	0	next	other	0
03_13	102	Response	4	4179131	30391	2
03_13	103	Picture	loadClose	4179233	0	1	57487	3	0	next	other	0
03_13	103	Response	7	4236700	57467	2
03_13	104	Picture	view	4236720	0	2	6832	4	0	next	other	0
03_13	104	Response	6	4243370	6650	1
03_13	105	Picture	move	4243552	0	2	36159	3	0	next	other	0
03_13	105	Response	4	4279639	36087	2
03_13	106	Picture	loadClose	4279711	0	1	57654	2	0	next	other	0
03_13	106	Response	7	4337188	57477	2
03_13	107	Picture	view	4337365	0	1	4998	3	0	next	other	0
03_13	107	Response	6	4342118	4753	2
03_13	108	Picture	move	4342363	0	2	34159	4	0	next	other	0
03_13	108	Response	4	4376397	34034	2
03_13	109	Picture	loadClose	4376522	0	2	47323	3	0	next	other	0
03_13	109	Response	7	4423816	47294	2
03_13	110	Picture	view	4423845	0	1	4833	2	0	next	other	0
03_13	110	Response	6	4428576	4731	2
03_13	111	Picture	move	4428678	0	1	34159	2	0	next	other	0
03_13	111	Response	4	4462776	34098	1
03_13	112	Picture	loadClose	4462837	0	1	68817	3	0	next	other	0
03_13	112	Response	7	4531574	68737	2
03_13	113	Picture	view	4531654	0	2	4999	4	0	next	other	0
03_13	113	Response	6	4536414	4760	2
03_13	114	Picture	move	4536653	0	2	33493	3	0	next	other	0
03_13	114	Response	4	4569954	33301	2
03_13	115	Picture	loadClose	4570146	0	1	56487	2	0	next	other	0
03_13	115	Response	7	4626513	56367	2
03_13	116	Picture	view	4626633	0	1	6499	2	0	next	other	0
03_13	116	Response	6	4633023	6390	1
03_13	117	Picture	move	4633132	0	1	31826	2	0	next	other	0
03_13	117	Response	4	4664892	31760	2
03_13	118	Picture	loadClose	4664958	0	1	55154	3	0	next	other	0
03_13	118	Response	7	4720081	55123	2
03_13	119	Picture	view	4720112	0	2	6499	4	0	next	other	0
03_13	119	Response	6	4726391	6279	2
03_13	120	Picture	move	4726611	0	2	34492	3	0	next	other	0
03_13	120	Response	4	4760950	34339	2
03_13	121	Picture	loadClose	4761103	0	1	62653	2	0	next	other	0
03_13	121	Response	7	4823729	62626	2
03_13	122	Picture	view	4823756	0	1	5317	184	0	next	other	0
03_13	122	Response	6	4829009	5253	2
03_13	123	Picture	move	4829073	0	183	34507	185	0	next	other	0
03_13	123	Response	4	4863438	34365	2
03_13	124	Picture	loadClose	4863580	0	2	53322	3	0	next	other	0
03_13	124	Response	7	4916877	53297	2
03_13	125	Picture	view	4916902	0	1	5332	2	0	next	other	0
03_13	125	Response	6	4922017	5115	2
03_13	126	Picture	move	4922234	0	1	30826	3	0	next	other	0
03_13	126	Response	4	4952927	30693	2
03_13	127	Picture	loadClose	4953060	0	2	54322	3	0	next	other	0
03_13	127	Response	7	5007256	54196	2
03_13	128	Picture	view	5007382	0	1	6665	2	0	next	other	0
03_13	128	Response	6	5013826	6444	1
03_13	129	Picture	move	5014047	0	1	29493	2	0	next	other	0
03_13	129	Response	4	5043385	29338	2
03_13	130	Picture	loadClose	5043540	0	1	56488	2	0	next	other	0
03_13	130	Response	7	5100014	56474	2
03_13	131	Picture	view	5100028	0	1	4998	3	0	next	other	0
03_13	131	Response	6	5104914	4886	2
03_13	132	Picture	move	5105026	0	2	25995	3	0	next	other	0
03_13	132	Response	4	5130943	25917	2
03_13	133	Picture	loadClose	5131021	0	1	68818	2	0	next	other	0
03_13	133	Response	7	5199752	68731	2
03_13	134	Picture	view	5199839	0	1	4332	2	0	next	other	0
03_13	134	Response	6	5204052	4213	2
03_13	135	Picture	move	5204171	0	1	37992	2	0	next	other	0
03_13	135	Response	4	5242061	37890	2
03_13	136	Picture	loadClose	5242163	0	1	56820	2	0	next	other	0
03_13	136	Response	7	5298900	56737	2
03_13	137	Picture	view	5298983	0	1	4832	3	0	next	other	0
03_13	137	Response	6	5303560	4577	2
03_13	138	Picture	move	5303815	0	2	31327	3	0	next	other	0
03_13	138	Response	4	5335060	31245	2
03_13	139	Picture	loadClose	5335142	0	1	58320	2	0	next	other	0
03_13	139	Response	7	5393439	58297	2
03_13	140	Picture	view	5393462	0	1	4832	3	0	next	other	0
03_13	140	Response	6	5398089	4627	1
03_13	141	Picture	move	5398294	0	2	28494	3	0	next	other	0
03_13	141	Response	4	5426688	28394	2
03_13	142	Picture	loadClose	5426788	0	1	69151	2	0	next	other	0
03_13	142	Response	7	5495857	69069	2
03_13	143	Picture	view	5495939	0	1	5666	2	0	next	other	0
03_13	143	Response	6	5501457	5518	2
03_13	144	Picture	move	5501605	0	1	27493	3	0	next	other	0
03_13	144	Response	4	5528966	27361	2
03_13	145	Picture	loadClose	5529098	0	2	65319	3	0	next	other	0
03_13	145	Response	7	5594305	65207	2
03_13	146	Picture	view	5594417	0	1	5166	2	0	next	other	0
03_13	146	Response	6	5599405	4988	2
03_13	147	Picture	move	5599583	0	1	28160	2	0	next	other	0
03_13	147	Response	4	5627714	28131	2
03_13	148	Picture	endBlock	5627743	0	1	30160	2	0	next	other	0
03_13	149	Picture	begin	5657903	0	1	7171232	2	0	next	other	0
03_13	149	Response	5	5730003	72100	1
03_13	149	Response	6	5730023	72120	1
03_13	149	Response	3	9508744	3850841	2
03_13	149	Response	5	9509914	3852011	1
03_13	149	Response	3	11427899	5769996	2
03_13	149	Response	4	11428709	5770806	2
03_13	149	Response	6	11439878	5781975	2
03_13	149	Response	5	11439918	5782015	2
03_13	149	Response	4	11465398	5807495	2
03_13	149	Response	3	11466558	5808655	2
03_13	149	Response	6	11473038	5815135	2
03_13	149	Response	5	11474708	5816805	2
03_13	149	Response	3	11591486	5933583	2
03_13	149	Response	4	11591826	5933923	2
03_13	149	Response	6	11797492	6139589	2
03_13	149	Response	5	11797672	6139769	2
03_13	149	Response	3	12009378	6351475	2
03_13	149	Response	4	12010208	6352305	2
03_13	149	Response	5	12013308	6355405	2
03_13	149	Response	6	12013468	6355565	2
03_13	149	Response	4	12097826	6439923	2
03_13	149	Response	3	12098736	6440833	2
03_13	149	Response	6	12589028	6931125	1
03_13	149	Response	4	12644556	6986653	2
03_13	149	Response	7	12829013	7171110	2
03_13	150	Picture	loadClose	12829135	0	1	110642	2	0	next	other	0
03_13	150	Response	7	12939621	110486	2
03_13	151	Picture	view	12939777	0	1	5498	3	0	next	other	0
03_13	151	Response	5	12945111	5334	2
03_13	152	Picture	move	12945275	0	2	510	493	0	next	other	0
03_13	152	Response	6	12945771	496	2
03_13	153	Picture	wrongHand	12945785	0	491	59310	492	0	next	false_alarm	344
03_13	153	Response	4	13004900	59115	2
03_13	154	Picture	loadClose	13005095	0	1	213286	2	0	next	other	0
03_13	154	Response	3	13010090	4995	2
03_13	154	Response	7	13218346	213251	2
03_13	155	Picture	view	13218381	0	1	5499	2	0	next	other	0
03_13	155	Response	5	13223756	5375	2
03_13	156	Picture	move	13223880	0	1	40324	2	0	next	other	0
03_13	156	Response	3	13264045	40165	2
03_13	157	Picture	loadClose	13264204	0	1	178793	3	0	next	other	0
03_13	157	Response	7	13442972	178768	2
03_13	158	Picture	view	13442997	0	2	4333	3	0	next	other	0
03_13	158	Response	5	13447102	4105	2
03_13	159	Picture	move	13447330	0	1	34992	2	0	next	other	0
03_13	159	Response	3	13482241	34911	2
03_13	160	Picture	loadClose	13482322	0	1	102644	2	0	next	other	0
03_13	160	Response	7	13584899	102577	2
03_13	161	Picture	view	13584966	0	1	4332	2	0	next	other	0
03_13	161	Response	5	13589149	4183	2
03_13	162	Picture	move	13589298	0	1	36492	2	0	next	other	0
03_13	162	Response	3	13625619	36321	2
03_13	163	Picture	loadClose	13625790	0	1	62486	2	0	next	other	0
03_13	163	Response	7	13688217	62427	2
03_13	164	Picture	view	13688276	0	1	24495	2	0	next	other	0
03_13	164	Response	5	13712557	24281	2
03_13	165	Picture	move	13712771	0	1	40990	2	0	next	other	0
03_13	165	Response	3	13753686	40915	2
03_13	166	Picture	loadClose	13753761	0	1	390413	2	0	next	other	0
03_13	166	Response	7	14143999	390238	2
03_13	167	Picture	view	14144174	0	1	3666	2	0	next	other	0
03_13	167	Response	5	14147619	3445	2
03_13	168	Picture	move	14147840	0	1	37158	2	0	next	other	0
03_13	168	Response	3	14184878	37038	2
03_13	169	Picture	loadClose	14184998	0	1	103144	2	0	next	other	0
03_13	169	Response	7	14288007	103009	1
03_13	170	Picture	view	14288142	0	1	5999	2	0	next	other	0
03_13	170	Response	5	14294006	5864	2
03_13	171	Picture	move	14294141	0	1	30826	2	0	next	other	0
03_13	171	Response	3	14324896	30755	2
03_13	172	Picture	loadClose	14324967	0	1	74483	3	0	next	other	0
03_13	172	Response	7	14399305	74338	1
03_13	173	Picture	view	14399450	0	2	3666	4	0	next	other	0
03_13	173	Response	5	14402934	3484	2
03_13	174	Picture	move	14403116	0	2	38992	3	0	next	other	0
03_13	174	Response	3	14442054	38938	2
03_13	175	Picture	loadClose	14442108	0	1	87647	2	0	next	other	0
03_13	175	Response	7	14529672	87564	2
03_13	176	Picture	view	14529755	0	1	6165	2	0	next	other	0
03_13	176	Response	5	14535692	5937	2
03_13	177	Picture	move	14535920	0	1	37325	2	0	next	other	0
03_13	177	Response	3	14573161	37241	2
03_13	178	Picture	loadClose	14573245	0	1	74650	2	0	next	other	0
03_13	178	Response	7	14647800	74555	2
03_13	179	Picture	view	14647895	0	1	3999	2	0	next	other	0
03_13	179	Response	5	14651710	3815	2
03_13	180	Picture	move	14651894	0	1	40658	2	0	next	other	0
03_13	180	Response	3	14692489	40595	2
03_13	181	Picture	loadClose	14692552	0	1	80148	3	0	next	other	0
03_13	181	Response	7	14772608	80056	2
03_13	182	Picture	view	14772700	0	2	3999	4	0	next	other	0
03_13	182	Response	5	14776448	3748	2
03_13	183	Picture	move	14776699	0	2	39825	3	0	next	other	0
03_13	183	Response	3	14816387	39688	2
03_13	184	Picture	loadClose	14816524	0	1	83648	2	0	next	other	0
03_13	184	Response	7	14900005	83481	2
03_13	185	Picture	view	14900172	0	1	3999	2	0	next	other	0
03_13	185	Response	5	14903985	3813	2
03_13	186	Picture	move	14904171	0	1	32993	2	0	next	other	0
03_13	186	Response	3	14937015	32844	2
03_13	187	Picture	loadClose	14937164	0	1	91646	2	0	next	other	0
03_13	187	Response	7	15028723	91559	2
03_13	188	Picture	view	15028810	0	1	5165	3	0	next	other	0
03_13	188	Response	5	15033733	4923	2
03_13	189	Picture	move	15033975	0	2	37143	185	0	next	other	0
03_13	189	Response	3	15071082	37107	2
03_13	190	Picture	loadClose	15071118	0	183	68167	184	0	next	other	0
03_13	190	Response	7	15139111	67993	2
03_13	191	Picture	view	15139285	0	1	3833	2	0	next	other	0
03_13	191	Response	5	15142941	3656	2
03_13	192	Picture	move	15143118	0	1	33992	2	0	next	other	0
03_13	192	Response	3	15177030	33912	2
03_13	193	Picture	loadClose	15177110	0	1	66985	2	0	next	other	0
03_13	193	Response	7	15243969	66859	2
03_13	194	Picture	view	15244095	0	1	4832	3	0	next	other	0
03_13	194	Response	5	15248739	4644	2
03_13	195	Picture	move	15248927	0	2	37647	181	0	next	other	0
03_13	195	Response	3	15286538	37611	2
03_13	196	Picture	loadClose	15286574	0	179	73828	181	0	next	other	0
03_13	196	Response	7	15360387	73813	2
03_13	197	Picture	view	15360402	0	2	3666	4	0	next	other	0
03_13	197	Response	5	15363897	3495	2
03_13	198	Picture	move	15364068	0	2	33826	3	0	next	other	0
03_13	198	Response	3	15397736	33668	2
03_13	199	Picture	loadClose	15397894	0	1	67485	2	0	next	other	0
03_13	199	Response	7	15465205	67311	2
03_13	200	Picture	view	15465379	0	1	4332	3	0	next	other	0
03_13	200	Response	5	15469525	4146	2
03_13	201	Picture	move	15469711	0	2	35159	3	0	next	other	0
03_13	201	Response	3	15504814	35103	2
03_13	202	Picture	loadClose	15504870	0	1	78982	3	0	next	other	0
03_13	202	Response	7	15583673	78803	2
03_13	203	Picture	view	15583852	0	2	5333	3	0	next	other	0
03_13	203	Response	5	15589023	5171	2
03_13	204	Picture	move	15589185	0	1	35325	2	0	next	other	0
03_13	204	Response	3	15624442	35257	2
03_13	205	Picture	loadClose	15624510	0	1	76983	2	0	next	other	0
03_13	205	Response	7	15701421	76911	2
03_13	206	Picture	view	15701493	0	1	5332	2	0	next	other	0
03_13	206	Response	5	15706731	5238	2
03_13	207	Picture	move	15706825	0	1	39325	2	0	next	other	0
03_13	207	Response	3	15745950	39125	2
03_13	208	Picture	loadClose	15746150	0	1	79815	2	0	next	other	0
03_13	208	Response	7	15825819	79669	1
03_13	209	Picture	view	15825965	0	1	4999	2	0	next	other	0
03_13	209	Response	5	15830758	4793	2
03_13	210	Picture	move	15830964	0	1	32659	2	0	next	other	0
03_13	210	Response	3	15863528	32564	2
03_13	211	Picture	loadClose	15863623	0	1	72318	2	0	next	other	0
03_13	211	Response	7	15935927	72304	1
03_13	212	Picture	view	15935941	0	1	4332	3	0	next	other	0
03_13	212	Response	5	15940106	4165	3
03_13	213	Picture	move	15940273	0	2	39158	3	0	next	other	0
03_13	213	Response	3	15979236	38963	2
03_13	214	Picture	loadClose	15979431	0	1	79649	2	0	next	other	0
03_13	214	Response	7	16059034	79603	2
03_13	215	Picture	view	16059080	0	1	5332	2	0	next	other	0
03_13	215	Response	5	16064304	5224	2
03_13	216	Picture	move	16064412	0	1	29160	2	0	next	other	0
03_13	216	Response	3	16093474	29062	2
03_13	217	Picture	loadClose	16093572	0	1	100811	2	0	next	other	0
03_13	217	Response	7	16194222	100650	2
03_13	218	Picture	view	16194383	0	1	4832	2	0	next	other	0
03_13	218	Response	5	16199082	4699	2
03_13	219	Picture	move	16199215	0	1	38158	2	0	next	other	0
03_13	219	Response	3	16237211	37996	2
03_13	220	Picture	loadClose	16237373	0	1	68152	2	0	next	other	0
03_13	220	Response	7	16305350	67977	2
03_13	221	Picture	view	16305525	0	1	4165	3	0	next	other	0
03_13	221	Response	5	16309520	3995	2
03_13	222	Picture	move	16309690	0	2	50156	3	0	next	other	0
03_13	223	Picture	loadClose	16359846	0	1	288269	2	0	next	other	0
03_13	223	Response	3	16380338	20492	2
03_13	223	Response	7	16647974	288128	1
03_13	224	Picture	view	16648115	0	1	4332	2	0	next	other	0
03_13	224	Response	5	16652213	4098	2
03_13	225	Picture	move	16652447	0	1	42491	2	0	next	other	0
03_13	225	Response	3	16694863	42416	2
03_13	226	Picture	endBlock	16694938	0	1	30160	2	0	next	other	0
03_13	227	Picture	begin	16725098	0	1	406742	2	0	next	other	0
03_13	227	Response	5	16733202	8104	2
03_13	227	Response	6	16749662	24564	2
03_13	227	Response	4	17113995	388897	2
03_13	227	Response	3	17114175	389077	2
03_13	227	Response	7	17131675	406577	2
03_13	228	Picture	loadClose	17131840	0	1	44657	2	0	next	other	0
03_13	228	Response	7	17176364	44524	2
03_13	229	Picture	view	17176497	0	1	3999	2	0	next	other	0
03_13	229	Response	5	17180364	3867	2
03_13	230	Picture	move	17180496	0	1	29493	2	0	next	other	0
03_13	230	Response	3	17209813	29317	2
03_13	231	Picture	loadClose	17209989	0	1	63486	2	0	next	other	0
03_13	231	Response	7	17273442	63453	2
03_13	232	Picture	view	17273475	0	1	3499	3	0	next	other	0
03_13	232	Response	5	17276802	3327	2
03_13	233	Picture	move	17276974	0	2	30493	4	0	next	other	0
03_13	233	Response	3	17307282	30308	1
03_13	234	Picture	loadClose	17307467	0	2	70485	3	0	next	other	0
03_13	234	Response	7	17377860	70393	2
03_13	235	Picture	view	17377952	0	1	3999	2	0	next	other	0
03_13	235	Response	5	17381790	3838	2
03_13	236	Picture	move	17381951	0	1	31659	3	0	next	other	0
03_13	236	Response	3	17413470	31519	1
03_13	237	Picture	loadClose	17413610	0	2	44824	3	0	next	other	0
03_13	237	Response	7	17458279	44669	2
03_13	238	Picture	view	17458434	0	1	3666	2	0	next	other	0
03_13	238	Response	5	17461889	3455	2
03_13	239	Picture	move	17462100	0	1	30493	2	0	next	other	0
03_13	239	Response	3	17492458	30358	2
03_13	240	Picture	loadClose	17492593	0	1	77982	2	0	next	other	0
03_13	240	Response	7	17570497	77904	2
03_13	241	Picture	view	17570575	0	1	3833	2	0	next	other	0
03_13	241	Response	5	17574187	3612	2
03_13	242	Picture	move	17574408	0	1	31993	2	0	next	other	0
03_13	242	Response	3	17606256	31848	2
03_13	243	Picture	loadClose	17606401	0	1	53321	2	0	next	other	0
03_13	243	Response	7	17659565	53164	2
03_13	244	Picture	view	17659722	0	1	4332	3	0	next	other	0
03_13	244	Response	5	17663895	4173	2
03_13	245	Picture	move	17664054	0	2	30327	3	0	next	other	0
03_13	245	Response	3	17694274	30220	2
03_13	246	Picture	loadClose	17694381	0	1	47489	2	0	next	other	0
03_13	246	Response	7	17741824	47443	2
03_13	247	Picture	view	17741870	0	1	4666	2	0	next	other	0
03_13	247	Response	5	17746324	4454	1
03_13	248	Picture	move	17746536	0	1	32659	2	0	next	other	0
03_13	248	Response	3	17779103	32567	2
03_13	249	Picture	loadClose	17779195	0	1	43991	2	0	next	other	0
03_13	249	Response	7	17823122	43927	2
03_13	250	Picture	view	17823186	0	1	3832	2	0	next	other	0
03_13	250	Response	5	17826802	3616	2
03_13	251	Picture	move	17827018	0	1	29327	2	0	next	other	0
03_13	251	Response	3	17856232	29214	1
03_13	252	Picture	loadClose	17856345	0	1	46989	2	0	next	other	0
03_13	252	Response	7	17903251	46906	2
03_13	253	Picture	view	17903334	0	1	4999	2	0	next	other	0
03_13	253	Response	5	17908201	4867	1
03_13	254	Picture	move	17908333	0	1	31326	3	0	next	other	0
03_13	254	Response	3	17939580	31247	2
03_13	255	Picture	loadClose	17939659	0	2	47323	3	0	next	other	0
03_13	255	Response	7	17986889	47230	2
03_13	256	Picture	view	17986982	0	1	3499	3	0	next	other	0
03_13	256	Response	5	17990349	3367	2
03_13	257	Picture	move	17990481	0	2	28827	4	0	next	other	0
03_13	257	Response	3	18019229	28748	1
03_13	258	Picture	loadClose	18019308	0	2	48323	3	0	next	other	0
03_13	258	Response	7	18067498	48190	2
03_13	259	Picture	view	18067631	0	1	3832	3	0	next	other	0
03_13	259	Response	5	18071318	3687	2
03_13	260	Picture	move	18071463	0	2	31327	3	0	next	other	0
03_13	260	Response	3	18102677	31214	2
03_13	261	Picture	loadClose	18102790	0	1	50322	2	0	next	other	0
03_13	261	Response	7	18153076	50286	2
03_13	262	Picture	view	18153112	0	1	3499	2	0	next	other	0
03_13	262	Response	5	18156486	3374	2
03_13	263	Picture	move	18156611	0	1	31160	2	0	next	other	0
03_13	263	Response	3	18187615	31004	2
03_13	264	Picture	loadClose	18187771	0	1	43490	2	0	next	other	0
03_13	264	Response	7	18231235	43464	2
03_13	265	Picture	view	18231261	0	1	3333	2	0	next	other	0
03_13	265	Response	5	18234375	3114	1
03_13	266	Picture	move	18234594	0	1	26327	2	0	next	other	0
03_13	266	Response	3	18260794	26200	2
03_13	267	Picture	loadClose	18260921	0	1	46490	2	0	next	other	0
03_13	267	Response	7	18307373	46452	2
03_13	268	Picture	view	18307411	0	1	3999	2	0	next	other	0
03_13	268	Response	5	18311163	3752	2
03_13	269	Picture	move	18311410	0	1	29160	2	0	next	other	0
03_13	269	Response	3	18340393	28983	2
03_13	270	Picture	loadClose	18340570	0	1	40991	2	0	next	other	0
03_13	270	Response	7	18381462	40892	2
03_13	271	Picture	view	18381561	0	1	3832	3	0	next	other	0
03_13	271	Response	5	18385192	3631	2
03_13	272	Picture	move	18385393	0	2	28494	3	0	next	other	0
03_13	272	Response	3	18413681	28288	2
03_13	273	Picture	loadClose	18413887	0	1	50489	2	0	next	other	0
03_13	273	Response	7	18464200	50313	2
03_13	274	Picture	view	18464376	0	1	3499	2	0	next	other	0
03_13	274	Response	5	18467690	3314	2
03_13	275	Picture	move	18467875	0	1	27994	2	0	next	other	0
03_13	275	Response	3	18495680	27805	2
03_13	276	Picture	loadClose	18495869	0	1	59986	2	0	next	other	0
03_13	276	Response	7	18555689	59820	2
03_13	277	Picture	view	18555855	0	1	4166	2	0	next	other	0
03_13	277	Response	5	18559789	3934	2
03_13	278	Picture	move	18560021	0	1	26994	2	0	next	other	0
03_13	278	Response	3	18586818	26797	2
03_13	279	Picture	loadClose	18587015	0	1	58820	2	0	next	other	0
03_13	279	Response	7	18645657	58642	2
03_13	279	Response	7	18645667	58652	2
03_13	280	Picture	view	18645835	0	1	4332	3	0	next	other	0
03_13	280	Response	5	18649997	4162	2
03_13	281	Picture	move	18650167	0	2	27161	3	0	next	other	0
03_13	281	Response	3	18677187	27020	1
03_13	282	Picture	loadClose	18677328	0	1	46490	2	0	next	other	0
03_13	282	Response	7	18723756	46428	2
03_13	283	Picture	view	18723818	0	1	3665	3	0	next	other	0
03_13	283	Response	5	18727376	3558	2
03_13	284	Picture	move	18727483	0	2	28827	4	0	next	other	0
03_13	284	Response	3	18756115	28632	2
03_13	285	Picture	loadClose	18756310	0	2	47656	4	0	next	other	0
03_13	285	Response	7	18803914	47604	2
03_13	286	Picture	view	18803966	0	2	6999	3	0	next	other	0
03_13	286	Response	5	18810764	6798	2
03_13	287	Picture	move	18810965	0	1	26161	2	0	next	other	0
03_13	287	Response	3	18836974	26009	2
03_13	288	Picture	loadClose	18837126	0	1	50488	3	0	next	other	0
03_13	288	Response	7	18887513	50387	2
03_13	289	Picture	view	18887614	0	2	3833	3	0	next	other	0
03_13	289	Response	5	18891263	3649	2
03_13	290	Picture	move	18891447	0	1	28827	2	0	next	other	0
03_13	290	Response	3	18920072	28625	2
03_13	291	Picture	loadClose	18920274	0	1	52821	2	0	next	other	0
03_13	291	Response	7	18973051	52777	2
03_13	292	Picture	view	18973095	0	1	4166	3	0	next	other	0
03_13	292	Response	5	18977121	4026	2
03_13	293	Picture	move	18977261	0	2	25828	3	0	next	other	0
03_13	293	Response	3	19002951	25690	2
03_13	294	Picture	loadClose	19003089	0	1	47156	2	0	next	other	0
03_13	294	Response	7	19050130	47041	2
03_13	295	Picture	view	19050245	0	1	3666	2	0	next	other	0
03_13	295	Response	5	19053680	3435	2
03_13	296	Picture	move	19053911	0	1	26494	2	0	next	other	0
03_13	296	Response	3	19080249	26338	2
03_13	297	Picture	loadClose	19080405	0	1	43990	2	0	next	other	0
03_13	297	Response	7	19124348	43943	2
03_13	298	Picture	view	19124395	0	1	3832	3	0	next	other	0
03_13	298	Response	5	19128108	3713	2
03_13	299	Picture	move	19128227	0	2	27494	3	0	next	other	0
03_13	299	Response	3	19155568	27341	2
03_13	300	Picture	endSession	19155721	0	1	35891	2	0	next	other	0


Event Type	Code	Type	Response	RT	RT Uncertainty	Time	Uncertainty	Duration	Uncertainty	ReqTime	ReqDur

Picture	begin	other				332	2	390747	3	0	next
Picture	loadClose	other				391079	1	93479	2	0	next
Picture	view	other				484558	1	5665	2	0	next
Picture	move	other				490223	1	32659	3	0	next
Picture	loadClose	other				522882	2	57321	3	0	next
Picture	view	other				580203	1	6832	2	0	next
Picture	move	other				587035	1	30993	2	0	next
Picture	loadClose	other				618028	1	50822	2	0	next
Picture	view	other				668850	1	4332	3	0	next
Picture	move	other				673182	2	29827	3	0	next
Picture	loadClose	other				703009	1	47323	2	0	next
Picture	view	other				750332	1	4499	2	0	next
Picture	move	other				754831	1	27494	2	0	next
Picture	loadClose	other				782325	1	42823	3	0	next
Picture	view	other				825148	2	4333	3	0	next
Picture	move	other				829481	1	27327	2	0	next
Picture	loadClose	other				856808	1	70318	2	0	next
Picture	view	other				927126	1	4665	3	0	next
Picture	move	other				931791	2	27661	3	0	next
Picture	loadClose	other				959452	1	53821	2	0	next
Picture	view	other				1013273	1	4832	3	0	next
Picture	move	other				1018105	2	26828	3	0	next
Picture	loadClose	other				1044933	1	47822	3	0	next
Picture	view	other				1092755	2	4666	3	0	next
Picture	move	other				1097421	1	26161	2	0	next
Picture	loadClose	other				1123582	1	43490	2	0	next
Picture	view	other				1167072	1	4146	189	0	next
Picture	move	other				1171218	188	29347	189	0	next
Picture	loadClose	other				1200565	1	48156	2	0	next
Picture	view	other				1248721	1	3665	3	0	next
Picture	move	other				1252386	2	25661	4	0	next
Picture	loadClose	other				1278047	2	36492	3	0	next
Picture	view	other				1314539	1	4999	3	0	next
Picture	move	other				1319538	2	25161	3	0	next
Picture	loadClose	other				1344699	1	35992	2	0	next
Picture	view	other				1380691	1	4166	2	0	next
Picture	move	other				1384857	1	28660	2	0	next
Picture	loadClose	other				1413517	1	38325	2	0	next
Picture	view	other				1451842	1	4304	31	0	next
Picture	move	other				1456146	30	24356	31	0	next
Picture	loadClose	other				1480502	1	48656	2	0	next
Picture	view	other				1529158	1	3833	2	0	next
Picture	move	other				1532991	1	27327	2	0	next
Picture	loadClose	other				1560318	1	50322	2	0	next
Picture	view	other				1610640	1	4666	2	0	next
Picture	move	other				1615306	1	28160	2	0	next
Picture	loadClose	other				1643466	1	42824	2	0	next
Picture	view	other				1686290	1	3832	3	0	next
Picture	move	other				1690122	2	26828	3	0	next
Picture	loadClose	other				1716950	1	40324	2	0	next
Picture	view	other				1757274	1	4332	3	0	next
Picture	move	other				1761606	2	25328	3	0	next
Picture	loadClose	other				1786934	1	51655	2	0	next
Picture	view	other				1838589	1	4499	2	0	next
Picture	move	other				1843088	1	24495	2	0	next
Picture	loadClose	other				1867583	1	51155	2	0	next
Picture	view	other				1918738	1	3832	3	0	next
Picture	move	other				1922570	2	25995	3	0	next
Picture	loadClose	other				1948565	1	40824	2	0	next
Picture	view	other				1989389	1	3499	2	0	next
Picture	move	other				1992888	1	25328	2	0	next
Picture	loadClose	other				2018216	1	60986	2	0	next
Picture	view	other				2079202	1	3974	194	0	next
Picture	move	other				2083176	193	26352	195	0	next
Picture	loadClose	other				2109528	2	39492	3	0	next
Picture	view	other				2149020	1	4832	2	0	next
Picture	move	other				2153852	1	24995	2	0	next
Picture	loadClose	other				2178847	1	44823	2	0	next
Picture	view	other				2223670	1	3999	2	0	next
Picture	move	other				2227669	1	24495	2	0	next
Picture	loadClose	other				2252164	1	44823	2	0	next
Picture	view	other				2296987	1	4332	3	0	next
Picture	move	other				2301319	2	27161	3	0	next
Picture	endBlock	other				2328480	1	30160	2	0	next
Picture	begin	other				2358640	1	806820	2	0	next
Picture	loadClose	other				3165460	1	46156	2	0	next
Picture	view	other				3211616	1	10664	3	0	next
Picture	move	other				3222280	2	41324	3	0	next
Picture	loadClose	other				3263604	1	92646	2	0	next
Picture	view	other				3356250	1	7165	3	0	next
Picture	move	other				3363415	2	34993	3	0	next
Picture	loadClose	other				3398408	1	70651	2	0	next
Picture	view	other				3469059	1	5813	188	0	next
Picture	move	other				3474872	187	39176	189	0	next
Picture	loadClose	other				3514048	2	61320	3	0	next
Picture	view	other				3575368	1	5472	196	0	next
Picture	move	other				3580840	195	30020	196	0	next
Picture	loadClose	other				3610860	1	79482	3	0	next
Picture	view	other				3690342	2	4999	4	0	next
Picture	move	other				3695341	2	34493	3	0	next
Picture	loadClose	other				3729834	1	64485	2	0	next
Picture	view	other				3794319	1	6499	3	0	next
Picture	move	other				3800818	2	36325	3	0	next
Picture	loadClose	other				3837143	1	78149	2	0	next
Picture	view	other				3915292	1	4832	3	0	next
Picture	move	other				3920124	2	38159	3	0	next
Picture	loadClose	other				3958283	1	79315	2	0	next
Picture	view	other				4037598	1	5332	3	0	next
Picture	move	other				4042930	2	33659	4	0	next
Picture	loadClose	other				4076589	2	63820	3	0	next
Picture	view	other				4140409	1	8331	2	0	next
Picture	move	other				4148740	1	30493	2	0	next
Picture	loadClose	other				4179233	1	57487	3	0	next
Picture	view	other				4236720	2	6832	4	0	next
Picture	move	other				4243552	2	36159	3	0	next
Picture	loadClose	other				4279711	1	57654	2	0	next
Picture	view	other				4337365	1	4998	3	0	next
Picture	move	other				4342363	2	34159	4	0	next
Picture	loadClose	other				4376522	2	47323	3	0	next
Picture	view	other				4423845	1	4833	2	0	next
Picture	move	other				4428678	1	34159	2	0	next
Picture	loadClose	other				4462837	1	68817	3	0	next
Picture	view	other				4531654	2	4999	4	0	next
Picture	move	other				4536653	2	33493	3	0	next
Picture	loadClose	other				4570146	1	56487	2	0	next
Picture	view	other				4626633	1	6499	2	0	next
Picture	move	other				4633132	1	31826	2	0	next
Picture	loadClose	other				4664958	1	55154	3	0	next
Picture	view	other				4720112	2	6499	4	0	next
Picture	move	other				4726611	2	34492	3	0	next
Picture	loadClose	other				4761103	1	62653	2	0	next
Picture	view	other				4823756	1	5317	184	0	next
Picture	move	other				4829073	183	34507	185	0	next
Picture	loadClose	other				4863580	2	53322	3	0	next
Picture	view	other				4916902	1	5332	2	0	next
Picture	move	other				4922234	1	30826	3	0	next
Picture	loadClose	other				4953060	2	54322	3	0	next
Picture	view	other				5007382	1	6665	2	0	next
Picture	move	other				5014047	1	29493	2	0	next
Picture	loadClose	other				5043540	1	56488	2	0	next
Picture	view	other				5100028	1	4998	3	0	next
Picture	move	other				5105026	2	25995	3	0	next
Picture	loadClose	other				5131021	1	68818	2	0	next
Picture	view	other				5199839	1	4332	2	0	next
Picture	move	other				5204171	1	37992	2	0	next
Picture	loadClose	other				5242163	1	56820	2	0	next
Picture	view	other				5298983	1	4832	3	0	next
Picture	move	other				5303815	2	31327	3	0	next
Picture	loadClose	other				5335142	1	58320	2	0	next
Picture	view	other				5393462	1	4832	3	0	next
Picture	move	other				5398294	2	28494	3	0	next
Picture	loadClose	other				5426788	1	69151	2	0	next
Picture	view	other				5495939	1	5666	2	0	next
Picture	move	other				5501605	1	27493	3	0	next
Picture	loadClose	other				5529098	2	65319	3	0	next
Picture	view	other				5594417	1	5166	2	0	next
Picture	move	other				5599583	1	28160	2	0	next
Picture	endBlock	other				5627743	1	30160	2	0	next
Picture	begin	other				5657903	1	7171232	2	0	next
Picture	loadClose	other				12829135	1	110642	2	0	next
Picture	view	other				12939777	1	5498	3	0	next
Picture	move	other				12945275	2	510	493	0	next
Picture	wrongHand	false_alarm	4	59115	493	12945785	491	59310	492	0	next
Picture	loadClose	other				13005095	1	213286	2	0	next
Picture	view	other				13218381	1	5499	2	0	next
Picture	move	other				13223880	1	40324	2	0	next
Picture	loadClose	other				13264204	1	178793	3	0	next
Picture	view	other				13442997	2	4333	3	0	next
Picture	move	other				13447330	1	34992	2	0	next
Picture	loadClose	other				13482322	1	102644	2	0	next
Picture	view	other				13584966	1	4332	2	0	next
Picture	move	other				13589298	1	36492	2	0	next
Picture	loadClose	other				13625790	1	62486	2	0	next
Picture	view	other				13688276	1	24495	2	0	next
Picture	move	other				13712771	1	40990	2	0	next
Picture	loadClose	other				13753761	1	390413	2	0	next
Picture	view	other				14144174	1	3666	2	0	next
Picture	move	other				14147840	1	37158	2	0	next
Picture	loadClose	other				14184998	1	103144	2	0	next
Picture	view	other				14288142	1	5999	2	0	next
Picture	move	other				14294141	1	30826	2	0	next
Picture	loadClose	other				14324967	1	74483	3	0	next
Picture	view	other				14399450	2	3666	4	0	next
Picture	move	other				14403116	2	38992	3	0	next
Picture	loadClose	other				14442108	1	87647	2	0	next
Picture	view	other				14529755	1	6165	2	0	next
Picture	move	other				14535920	1	37325	2	0	next
Picture	loadClose	other				14573245	1	74650	2	0	next
Picture	view	other				14647895	1	3999	2	0	next
Picture	move	other				14651894	1	40658	2	0	next
Picture	loadClose	other				14692552	1	80148	3	0	next
Picture	view	other				14772700	2	3999	4	0	next
Picture	move	other				14776699	2	39825	3	0	next
Picture	loadClose	other				14816524	1	83648	2	0	next
Picture	view	other				14900172	1	3999	2	0	next
Picture	move	other				14904171	1	32993	2	0	next
Picture	loadClose	other				14937164	1	91646	2	0	next
Picture	view	other				15028810	1	5165	3	0	next
Picture	move	other				15033975	2	37143	185	0	next
Picture	loadClose	other				15071118	183	68167	184	0	next
Picture	view	other				15139285	1	3833	2	0	next
Picture	move	other				15143118	1	33992	2	0	next
Picture	loadClose	other				15177110	1	66985	2	0	next
Picture	view	other				15244095	1	4832	3	0	next
Picture	move	other				15248927	2	37647	181	0	next
Picture	loadClose	other				15286574	179	73828	181	0	next
Picture	view	other				15360402	2	3666	4	0	next
Picture	move	other				15364068	2	33826	3	0	next
Picture	loadClose	other				15397894	1	67485	2	0	next
Picture	view	other				15465379	1	4332	3	0	next
Picture	move	other				15469711	2	35159	3	0	next
Picture	loadClose	other				15504870	1	78982	3	0	next
Picture	view	other				15583852	2	5333	3	0	next
Picture	move	other				15589185	1	35325	2	0	next
Picture	loadClose	other				15624510	1	76983	2	0	next
Picture	view	other				15701493	1	5332	2	0	next
Picture	move	other				15706825	1	39325	2	0	next
Picture	loadClose	other				15746150	1	79815	2	0	next
Picture	view	other				15825965	1	4999	2	0	next
Picture	move	other				15830964	1	32659	2	0	next
Picture	loadClose	other				15863623	1	72318	2	0	next
Picture	view	other				15935941	1	4332	3	0	next
Picture	move	other				15940273	2	39158	3	0	next
Picture	loadClose	other				15979431	1	79649	2	0	next
Picture	view	other				16059080	1	5332	2	0	next
Picture	move	other				16064412	1	29160	2	0	next
Picture	loadClose	other				16093572	1	100811	2	0	next
Picture	view	other				16194383	1	4832	2	0	next
Picture	move	other				16199215	1	38158	2	0	next
Picture	loadClose	other				16237373	1	68152	2	0	next
Picture	view	other				16305525	1	4165	3	0	next
Picture	move	other				16309690	2	50156	3	0	next
Picture	loadClose	other				16359846	1	288269	2	0	next
Picture	view	other				16648115	1	4332	2	0	next
Picture	move	other				16652447	1	42491	2	0	next
Picture	endBlock	other				16694938	1	30160	2	0	next
Picture	begin	other				16725098	1	406742	2	0	next
Picture	loadClose	other				17131840	1	44657	2	0	next
Picture	view	other				17176497	1	3999	2	0	next
Picture	move	other				17180496	1	29493	2	0	next
Picture	loadClose	other				17209989	1	63486	2	0	next
Picture	view	other				17273475	1	3499	3	0	next
Picture	move	other				17276974	2	30493	4	0	next
Picture	loadClose	other				17307467	2	70485	3	0	next
Picture	view	other				17377952	1	3999	2	0	next
Picture	move	other				17381951	1	31659	3	0	next
Picture	loadClose	other				17413610	2	44824	3	0	next
Picture	view	other				17458434	1	3666	2	0	next
Picture	move	other				17462100	1	30493	2	0	next
Picture	loadClose	other				17492593	1	77982	2	0	next
Picture	view	other				17570575	1	3833	2	0	next
Picture	move	other				17574408	1	31993	2	0	next
Picture	loadClose	other				17606401	1	53321	2	0	next
Picture	view	other				17659722	1	4332	3	0	next
Picture	move	other				17664054	2	30327	3	0	next
Picture	loadClose	other				17694381	1	47489	2	0	next
Picture	view	other				17741870	1	4666	2	0	next
Picture	move	other				17746536	1	32659	2	0	next
Picture	loadClose	other				17779195	1	43991	2	0	next
Picture	view	other				17823186	1	3832	2	0	next
Picture	move	other				17827018	1	29327	2	0	next
Picture	loadClose	other				17856345	1	46989	2	0	next
Picture	view	other				17903334	1	4999	2	0	next
Picture	move	other				17908333	1	31326	3	0	next
Picture	loadClose	other				17939659	2	47323	3	0	next
Picture	view	other				17986982	1	3499	3	0	next
Picture	move	other				17990481	2	28827	4	0	next
Picture	loadClose	other				18019308	2	48323	3	0	next
Picture	view	other				18067631	1	3832	3	0	next
Picture	move	other				18071463	2	31327	3	0	next
Picture	loadClose	other				18102790	1	50322	2	0	next
Picture	view	other				18153112	1	3499	2	0	next
Picture	move	other				18156611	1	31160	2	0	next
Picture	loadClose	other				18187771	1	43490	2	0	next
Picture	view	other				18231261	1	3333	2	0	next
Picture	move	other				18234594	1	26327	2	0	next
Picture	loadClose	other				18260921	1	46490	2	0	next
Picture	view	other				18307411	1	3999	2	0	next
Picture	move	other				18311410	1	29160	2	0	next
Picture	loadClose	other				18340570	1	40991	2	0	next
Picture	view	other				18381561	1	3832	3	0	next
Picture	move	other				18385393	2	28494	3	0	next
Picture	loadClose	other				18413887	1	50489	2	0	next
Picture	view	other				18464376	1	3499	2	0	next
Picture	move	other				18467875	1	27994	2	0	next
Picture	loadClose	other				18495869	1	59986	2	0	next
Picture	view	other				18555855	1	4166	2	0	next
Picture	move	other				18560021	1	26994	2	0	next
Picture	loadClose	other				18587015	1	58820	2	0	next
Picture	view	other				18645835	1	4332	3	0	next
Picture	move	other				18650167	2	27161	3	0	next
Picture	loadClose	other				18677328	1	46490	2	0	next
Picture	view	other				18723818	1	3665	3	0	next
Picture	move	other				18727483	2	28827	4	0	next
Picture	loadClose	other				18756310	2	47656	4	0	next
Picture	view	other				18803966	2	6999	3	0	next
Picture	move	other				18810965	1	26161	2	0	next
Picture	loadClose	other				18837126	1	50488	3	0	next
Picture	view	other				18887614	2	3833	3	0	next
Picture	move	other				18891447	1	28827	2	0	next
Picture	loadClose	other				18920274	1	52821	2	0	next
Picture	view	other				18973095	1	4166	3	0	next
Picture	move	other				18977261	2	25828	3	0	next
Picture	loadClose	other				19003089	1	47156	2	0	next
Picture	view	other				19050245	1	3666	2	0	next
Picture	move	other				19053911	1	26494	2	0	next
Picture	loadClose	other				19080405	1	43990	2	0	next
Picture	view	other				19124395	1	3832	3	0	next
Picture	move	other				19128227	2	27494	3	0	next
Picture	endSession	other				19155721	1	35891	2	0	next
