Scenario - opto_replant
Logfile written - 12/04/2014 09:55:59

Subject	Trial	Event Type	Code	Time	TTime	Uncertainty	Duration	Uncertainty	ReqTime	ReqDur	Stim Type	Pair Index

03_38	1	Picture	begin	332	0	2	7459527	185	0	next	other	0
03_38	1	Response	6	5019765	5019433	2
03_38	1	Response	8	5022315	5021983	1
03_38	1	Response	6	5023825	5023493	2
03_38	1	Response	8	5025165	5024833	1
03_38	1	Response	6	5029285	5028953	1
03_38	1	Response	8	5029935	5029603	1
03_38	1	Response	6	5031035	5030703	1
03_38	1	Response	8	5031555	5031223	1
03_38	1	Response	6	5032665	5032333	1
03_38	1	Response	8	5033105	5032773	2
03_38	1	Response	6	5034125	5033793	2
03_38	1	Response	8	5034675	5034343	1
03_38	1	Response	6	5035665	5035333	2
03_38	1	Response	8	5036345	5036013	1
03_38	1	Response	6	5037225	5036893	1
03_38	1	Response	8	5037765	5037433	1
03_38	1	Response	6	5038775	5038443	1
03_38	1	Response	8	5039415	5039083	1
03_38	1	Response	6	5040325	5039993	1
03_38	1	Response	8	5041285	5040953	1
03_38	1	Response	6	5042095	5041763	1
03_38	1	Response	8	5043065	5042733	1
03_38	1	Response	6	5049554	5049222	2
03_38	1	Response	8	5050474	5050142	2
03_38	1	Response	6	5051504	5051172	2
03_38	1	Response	8	5052504	5052172	2
03_38	1	Response	6	5053324	5052992	2
03_38	1	Response	8	5054824	5054492	2
03_38	1	Response	6	5062434	5062102	2
03_38	1	Response	8	5063914	5063582	2
03_38	1	Response	6	5076884	5076552	2
03_38	1	Response	8	5078594	5078262	2
03_38	1	Response	6	5186493	5186161	2
03_38	1	Response	5	5186813	5186481	1
03_38	1	Response	8	5196403	5196071	1
03_38	1	Response	7	5196683	5196351	1
03_38	1	Response	5	5202893	5202561	1
03_38	1	Response	6	5203103	5202771	1
03_38	1	Response	8	5205713	5205381	1
03_38	1	Response	7	5206163	5205831	1
03_38	1	Response	5	5209023	5208691	1
03_38	1	Response	6	5209032	5208700	2
03_38	1	Response	7	5231592	5231260	2
03_38	1	Response	8	5231662	5231330	2
03_38	1	Response	6	5332871	5332539	2
03_38	1	Response	5	5333071	5332739	2
03_38	1	Response	7	5354791	5354459	1
03_38	1	Response	5	5454619	5454287	2
03_38	1	Response	7	5477259	5476927	2
03_38	1	Response	5	5488739	5488407	2
03_38	1	Response	7	5515579	5515247	1
03_38	1	Response	5	5723276	5722944	2
03_38	1	Response	7	5741636	5741304	2
03_38	1	Response	5	5824715	5824383	2
03_38	1	Response	7	5840065	5839733	1
03_38	1	Response	5	5900424	5900092	2
03_38	1	Response	7	5912364	5912032	2
03_38	1	Response	8	5912624	5912292	2
03_38	1	Response	5	5996933	5996601	2
03_38	1	Response	6	5997183	5996851	2
03_38	1	Response	8	6034402	6034070	2
03_38	1	Response	7	6034412	6034080	2
03_38	1	Response	6	7429745	7429413	2
03_38	1	Response	5	7430155	7429823	2
03_38	1	Response	9	7459795	7459463	2
03_38	2	Picture	loadClose	7459859	0	183	194306	184	0	next	other	0
03_38	2	Response	9	7654102	194243	2
03_38	3	Picture	view	7654165	0	1	26994	2	0	next	other	0
03_38	3	Response	7	7681042	26877	2
03_38	4	Picture	move	7681159	0	1	49989	2	0	next	other	0
03_38	4	Response	5	7731041	49882	2
03_38	5	Picture	check	7731148	0	1	1167	2	0	next	other	0
03_38	5	Response	2	7732113	965	1
03_38	6	Picture	loadClose	7732315	0	1	123473	2	0	next	other	0
03_38	6	Response	9	7855610	123295	2
03_38	7	Picture	view	7855788	0	1	4999	2	0	next	other	0
03_38	7	Response	7	7860680	4892	2
03_38	8	Picture	move	7860787	0	1	35992	2	0	next	other	0
03_38	8	Response	2	7890191	29404	1
03_38	8	Response	5	7896599	35812	2
03_38	9	Picture	loadClose	7896779	0	1	62653	2	0	next	other	0
03_38	9	Response	9	7959259	62480	2
03_38	10	Picture	view	7959432	0	1	6665	2	0	next	other	0
03_38	10	Response	7	7965939	6507	1
03_38	11	Picture	move	7966097	0	1	37658	3	0	next	other	0
03_38	11	Response	2	7988430	22333	1
03_38	11	Response	5	8003568	37471	2
03_38	12	Picture	loadClose	8003755	0	2	50490	3	0	next	other	0
03_38	12	Response	9	8054117	50362	2
03_38	13	Picture	view	8054245	0	1	5498	3	0	next	other	0
03_38	13	Response	7	8059547	5302	2
03_38	14	Picture	move	8059743	0	2	36450	212	0	next	other	0
03_38	14	Response	2	8081869	22126	1
03_38	14	Response	5	8096147	36404	2
03_38	15	Picture	loadClose	8096193	0	210	53531	211	0	next	other	0
03_38	15	Response	9	8149546	53353	2
03_38	16	Picture	view	8149724	0	1	5832	2	0	next	other	0
03_38	16	Response	7	8155376	5652	2
03_38	17	Picture	move	8155556	0	1	37158	2	0	next	other	0
03_38	17	Response	2	8176108	20552	1
03_38	17	Response	5	8192596	37040	1
03_38	18	Picture	loadClose	8192714	0	1	56821	2	0	next	other	0
03_38	18	Response	9	8249505	56791	2
03_38	19	Picture	view	8249535	0	1	4166	2	0	next	other	0
03_38	19	Response	7	8253575	4040	2
03_38	20	Picture	move	8253701	0	1	35326	2	0	next	other	0
03_38	20	Response	2	8275307	21606	1
03_38	20	Response	5	8288905	35204	1
03_38	21	Picture	loadClose	8289027	0	1	50322	2	0	next	other	0
03_38	21	Response	9	8339184	50157	2
03_38	22	Picture	view	8339349	0	1	4319	182	0	next	other	0
03_38	22	Response	7	8343604	4255	2
03_38	23	Picture	move	8343668	0	181	31340	182	0	next	other	0
03_38	23	Response	2	8366345	22677	1
03_38	23	Response	5	8374883	31215	2
03_38	24	Picture	loadClose	8375008	0	1	71151	2	0	next	other	0
03_38	24	Response	9	8446053	71045	1
03_38	24	Response	9	8446073	71065	1
03_38	25	Picture	view	8446159	0	1	4499	2	0	next	other	0
03_38	25	Response	7	8450503	4344	1
03_38	26	Picture	move	8450658	0	1	39825	2	0	next	other	0
03_38	26	Response	2	8478984	28326	1
03_38	26	Response	5	8490342	39684	2
03_38	27	Picture	loadClose	8490483	0	1	66985	2	0	next	other	0
03_38	27	Response	9	8557341	66858	2
03_38	28	Picture	view	8557468	0	1	4166	2	0	next	other	0
03_38	28	Response	7	8561441	3973	2
03_38	29	Picture	move	8561634	0	1	36825	2	0	next	other	0
03_38	29	Response	2	8588423	26789	1
03_38	29	Response	5	8598251	36617	1
03_38	30	Picture	loadClose	8598459	0	1	49656	2	0	next	other	0
03_38	30	Response	9	8647960	49501	2
03_38	31	Picture	view	8648115	0	1	5832	3	0	next	other	0
03_38	31	Response	7	8653700	5585	2
03_38	32	Picture	move	8653947	0	2	36659	3	0	next	other	0
03_38	32	Response	2	8680902	26955	1
03_38	32	Response	5	8690450	36503	1
03_38	33	Picture	loadClose	8690606	0	1	51655	2	0	next	other	0
03_38	33	Response	9	8742219	51613	2
03_38	34	Picture	view	8742261	0	1	5499	2	0	next	other	0
03_38	34	Response	7	8747519	5258	2
03_38	35	Picture	move	8747760	0	1	33160	2	0	next	other	0
03_38	35	Response	2	8766500	18740	1
03_38	35	Response	5	8780768	33008	2
03_38	36	Picture	loadClose	8780920	0	1	46989	2	0	next	other	0
03_38	36	Response	9	8827838	46918	2
03_38	37	Picture	view	8827909	0	1	5499	3	0	next	other	0
03_38	37	Response	7	8833178	5269	2
03_38	38	Picture	move	8833408	0	2	35159	3	0	next	other	0
03_38	38	Response	2	8852579	19171	1
03_38	38	Response	5	8868357	34949	2
03_38	39	Picture	loadClose	8868567	0	1	51156	2	0	next	other	0
03_38	39	Response	9	8919647	51080	2
03_38	40	Picture	view	8919723	0	1	4999	2	0	next	other	0
03_38	40	Response	7	8924467	4744	1
03_38	41	Picture	move	8924722	0	1	31493	2	0	next	other	0
03_38	41	Response	2	8944578	19856	1
03_38	41	Response	5	8956036	31314	2
03_38	42	Picture	loadClose	8956215	0	1	49489	2	0	next	other	0
03_38	42	Response	9	9005646	49431	1
03_38	43	Picture	view	9005704	0	1	4332	3	0	next	other	0
03_38	43	Response	7	9009866	4162	1
03_38	44	Picture	move	9010036	0	2	35159	4	0	next	other	0
03_38	44	Response	2	9031297	21261	1
03_38	44	Response	5	9045055	35019	2
03_38	45	Picture	loadClose	9045195	0	2	42658	3	0	next	other	0
03_38	45	Response	9	9087725	42530	1
03_38	46	Picture	view	9087853	0	1	4165	3	0	next	other	0
03_38	46	Response	7	9091845	3992	2
03_38	47	Picture	move	9092018	0	2	35993	3	0	next	other	0
03_38	47	Response	2	9113696	21678	1
03_38	47	Response	5	9127854	35836	2
03_38	48	Picture	loadClose	9128011	0	1	44157	2	0	next	other	0
03_38	48	Response	9	9172124	44113	2
03_38	49	Picture	view	9172168	0	1	4832	2	0	next	other	0
03_38	49	Response	7	9176794	4626	1
03_38	50	Picture	move	9177000	0	1	33476	185	0	next	other	0
03_38	50	Response	2	9202175	25175	1
03_38	50	Response	5	9210433	33433	2
03_38	51	Picture	loadClose	9210476	0	184	54671	185	0	next	other	0
03_38	51	Response	9	9265013	54537	1
03_38	52	Picture	view	9265147	0	1	4000	2	0	next	other	0
03_38	52	Response	7	9268982	3835	2
03_38	53	Picture	move	9269147	0	1	18329	2	0	next	other	0
03_38	53	Response	8	9287312	18165	2
03_38	54	Picture	wrongHand	9287476	0	1	2333	2	0	next	false_alarm	188
03_38	54	Response	6	9289592	2116	2
03_38	55	Picture	loadClose	9289809	0	1	96979	2	0	next	other	0
03_38	55	Response	2	9290014	205	1
03_38	55	Response	5	9310402	20593	2
03_38	55	Response	9	9386711	96902	2
03_38	56	Picture	view	9386788	0	1	5832	2	0	next	other	0
03_38	56	Response	7	9392391	5603	2
03_38	57	Picture	move	9392620	0	1	33992	2	0	next	other	0
03_38	57	Response	2	9416413	23793	1
03_38	57	Response	5	9426460	33840	2
03_38	58	Picture	loadClose	9426612	0	1	50989	2	0	next	other	0
03_38	58	Response	9	9477530	50918	2
03_38	59	Picture	view	9477601	0	1	3999	3	0	next	other	0
03_38	59	Response	7	9481410	3809	2
03_38	60	Picture	move	9481600	0	2	31993	3	0	next	other	0
03_38	60	Response	2	9510489	28889	3
03_38	60	Response	5	9513389	31789	2
03_38	61	Picture	loadClose	9513593	0	1	47490	2	0	next	other	0
03_38	61	Response	9	9561059	47466	2
03_38	62	Picture	view	9561083	0	1	4474	195	0	next	other	0
03_38	62	Response	7	9565489	4406	2
03_38	63	Picture	move	9565557	0	194	31146	401	0	next	other	0
03_38	63	Response	2	9590970	25413	1
03_38	63	Response	5	9596658	31101	2
03_38	64	Picture	loadClose	9596703	0	207	43029	209	0	next	other	0
03_38	64	Response	9	9639608	42905	2
03_38	65	Picture	view	9639732	0	2	5666	4	0	next	other	0
03_38	65	Response	7	9645228	5496	2
03_38	66	Picture	move	9645398	0	2	30493	3	0	next	other	0
03_38	66	Response	2	9670969	25571	1
03_38	66	Response	5	9675727	30329	2
03_38	67	Picture	loadClose	9675891	0	1	49989	2	0	next	other	0
03_38	67	Response	9	9725787	49896	2
03_38	68	Picture	view	9725880	0	1	3666	3	0	next	other	0
03_38	68	Response	7	9729407	3527	2
03_38	69	Picture	move	9729546	0	2	31160	3	0	next	other	0
03_38	69	Response	2	9753048	23502	1
03_38	69	Response	5	9760526	30980	2
03_38	70	Picture	loadClose	9760706	0	1	47156	3	0	next	other	0
03_38	70	Response	9	9807736	47030	2
03_38	71	Picture	view	9807862	0	2	3833	3	0	next	other	0
03_38	71	Response	7	9811556	3694	1
03_38	72	Picture	move	9811695	0	1	36805	189	0	next	other	0
03_38	72	Response	2	9835607	23912	1
03_38	72	Response	5	9848455	36760	2
03_38	73	Picture	loadClose	9848500	0	188	56175	189	0	next	other	0
03_38	73	Response	9	9904615	56115	1
03_38	74	Picture	view	9904675	0	1	4832	2	0	next	other	0
03_38	74	Response	7	9909265	4590	1
03_38	75	Picture	move	9909507	0	1	31971	191	0	next	other	0
03_38	75	Response	2	9934486	24979	1
03_38	75	Response	5	9941414	31907	2
03_38	76	Picture	loadClose	9941478	0	190	60509	191	0	next	other	0
03_38	76	Response	9	10001843	60365	2
03_38	77	Picture	view	10001987	0	1	4665	3	0	next	other	0
03_38	77	Response	7	10006483	4496	2
03_38	78	Picture	move	10006652	0	2	31660	3	0	next	other	0
03_38	78	Response	2	10025845	19193	1
03_38	78	Response	5	10038273	31621	2
03_38	79	Picture	endBlock	10038312	0	1	30160	3	0	next	other	0
03_38	79	Response	7	10047423	9111	2
03_38	79	Response	5	10049983	11671	2
03_38	80	Picture	begin	10068472	0	2	357756	3	0	next	other	0
03_38	80	Response	7	10185611	117139	2
03_38	80	Response	8	10186001	117529	2
03_38	80	Response	6	10246330	177858	2
03_38	80	Response	5	10246570	178098	2
03_38	80	Response	9	10426058	357586	2
03_38	81	Picture	loadClose	10426228	0	1	84981	2	0	next	other	0
03_38	81	Response	9	10511117	84889	2
03_38	82	Picture	view	10511209	0	1	5666	2	0	next	other	0
03_38	82	Response	7	10516757	5548	2
03_38	83	Picture	move	10516875	0	1	36825	2	0	next	other	0
03_38	83	Response	5	10553527	36652	2
03_38	84	Picture	check	10553700	0	1	8831	3	0	next	other	0
03_38	84	Response	3	10562477	8777	2
03_38	85	Picture	loadClose	10562531	0	2	70985	4	0	next	other	0
03_38	85	Response	7	10633406	70875	1
03_38	86	Picture	wrongHand	10633516	0	2	30659	4	0	next	false_alarm	267
03_38	86	Response	5	10663955	30439	2
03_38	87	Picture	loadClose	10664175	0	2	111477	3	0	next	other	0
03_38	87	Response	9	10775514	111339	2
03_38	88	Picture	view	10775652	0	1	191458	2	0	next	other	0
03_38	88	Response	8	10966932	191280	1
03_38	89	Picture	wrongHand	10967110	0	1	12664	2	0	next	false_alarm	273
03_38	89	Response	6	10979631	12521	2
03_38	90	Picture	loadClose	10979774	0	1	74484	2	0	next	other	0
03_38	90	Response	9	11054090	74316	2
03_38	91	Picture	view	11054258	0	1	5665	2	0	next	other	0
03_38	91	Response	7	11059710	5452	2
03_38	92	Picture	move	11059923	0	1	40658	2	0	next	other	0
03_38	92	Response	2	11094790	34867	3
03_38	92	Response	5	11100410	40487	2
03_38	93	Picture	loadClose	11100581	0	1	93813	2	0	next	other	0
03_38	93	Response	9	11194219	93638	1
03_38	94	Picture	view	11194394	0	1	11664	2	0	next	other	0
03_38	94	Response	7	11205879	11485	1
03_38	95	Picture	move	11206058	0	1	37658	3	0	next	other	0
03_38	95	Response	2	11235910	29852	1
03_38	95	Response	5	11243538	37480	2
03_38	96	Picture	loadClose	11243716	0	2	97312	4	0	next	other	0
03_38	96	Response	9	11340907	97191	2
03_38	97	Picture	view	11341028	0	2	6499	4	0	next	other	0
03_38	97	Response	7	11347287	6259	2
03_38	98	Picture	move	11347527	0	2	39158	3	0	next	other	0
03_38	98	Response	2	11377828	30301	1
03_38	98	Response	5	11386546	39019	2
03_38	99	Picture	loadClose	11386685	0	1	75984	2	0	next	other	0
03_38	99	Response	9	11462515	75830	2
03_38	100	Picture	view	11462669	0	1	6332	2	0	next	other	0
03_38	100	Response	7	11468865	6196	2
03_38	101	Picture	move	11469001	0	1	36492	2	0	next	other	0
03_38	101	Response	2	11491747	22746	1
03_38	101	Response	5	11505345	36344	2
03_38	102	Picture	loadClose	11505493	0	1	80649	2	0	next	other	0
03_38	102	Response	9	11585964	80471	2
03_38	103	Picture	view	11586142	0	1	5165	3	0	next	other	0
03_38	103	Response	7	11591054	4912	2
03_38	104	Picture	move	11591307	0	2	39825	3	0	next	other	0
03_38	104	Response	2	11613985	22678	1
03_38	104	Response	5	11631003	39696	2
03_38	105	Picture	loadClose	11631132	0	1	79483	2	0	next	other	0
03_38	105	Response	9	11710462	79330	2
03_38	106	Picture	view	11710615	0	1	5332	2	0	next	other	0
03_38	106	Response	7	11715772	5157	2
03_38	107	Picture	move	11715947	0	1	38825	2	0	next	other	0
03_38	107	Response	2	11739424	23477	1
03_38	107	Response	5	11754682	38735	2
03_38	108	Picture	loadClose	11754772	0	1	73984	2	0	next	other	0
03_38	108	Response	9	11828731	73959	2
03_38	109	Picture	view	11828756	0	1	4832	2	0	next	other	0
03_38	109	Response	7	11833461	4705	2
03_38	110	Picture	move	11833588	0	1	33992	3	0	next	other	0
03_38	110	Response	2	11857182	23594	1
03_38	110	Response	5	11867480	33892	2
03_38	111	Picture	loadClose	11867580	0	2	266109	3	0	next	other	0
03_38	111	Response	9	12133567	265987	2
03_38	112	Picture	view	12133689	0	1	5332	3	0	next	other	0
03_38	112	Response	7	12138897	5208	2
03_38	113	Picture	move	12139021	0	2	33826	3	0	next	other	0
03_38	113	Response	2	12161657	22636	3
03_38	113	Response	5	12172677	33656	1
03_38	114	Picture	loadClose	12172847	0	1	65319	3	0	next	other	0
03_38	114	Response	9	12238016	65169	2
03_38	115	Picture	view	12238166	0	2	4166	3	0	next	other	0
03_38	115	Response	7	12242136	3970	2
03_38	116	Picture	move	12242332	0	1	33493	2	0	next	other	0
03_38	116	Response	2	12264057	21725	1
03_38	116	Response	5	12275635	33303	2
03_38	117	Picture	loadClose	12275825	0	1	72984	2	0	next	other	0
03_38	117	Response	9	12348694	72869	2
03_38	118	Picture	view	12348809	0	1	4832	3	0	next	other	0
03_38	118	Response	7	12353464	4655	2
03_38	119	Picture	move	12353641	0	2	35159	3	0	next	other	0
03_38	119	Response	2	12377016	23375	1
03_38	119	Response	5	12388714	35073	2
03_38	120	Picture	loadClose	12388800	0	1	105144	2	0	next	other	0
03_38	120	Response	9	12493793	104993	1
03_38	121	Picture	view	12493944	0	1	4666	2	0	next	other	0
03_38	121	Response	7	12498363	4419	1
03_38	122	Picture	move	12498610	0	1	32492	3	0	next	other	0
03_38	122	Response	2	12525174	26564	1
03_38	122	Response	5	12530932	32322	2
03_38	123	Picture	loadClose	12531102	0	2	93480	3	0	next	other	0
03_38	123	Response	9	12624401	93299	2
03_38	124	Picture	view	12624582	0	1	4833	2	0	next	other	0
03_38	124	Response	7	12629171	4589	2
03_38	125	Picture	move	12629415	0	1	33159	2	0	next	other	0
03_38	125	Response	2	12651733	22318	1
03_38	125	Response	5	12662491	33076	2
03_38	126	Picture	loadClose	12662574	0	1	73817	2	0	next	other	0
03_38	126	Response	9	12736370	73796	2
03_38	127	Picture	view	12736391	0	1	4478	190	0	next	other	0
03_38	127	Response	7	12740790	4399	2
03_38	128	Picture	move	12740869	0	189	33180	191	0	next	other	0
03_38	128	Response	2	12769331	28462	1
03_38	128	Response	5	12773869	33000	2
03_38	129	Picture	loadClose	12774049	0	2	73485	3	0	next	other	0
03_38	129	Response	9	12847498	73449	2
03_38	130	Picture	view	12847534	0	1	4499	2	0	next	other	0
03_38	130	Response	7	12851868	4334	2
03_38	131	Picture	move	12852033	0	1	35659	2	0	next	other	0
03_38	131	Response	2	12879250	27217	1
03_38	131	Response	5	12887598	35565	2
03_38	132	Picture	loadClose	12887692	0	1	73484	2	0	next	other	0
03_38	132	Response	9	12961067	73375	2
03_38	133	Picture	view	12961176	0	1	4499	2	0	next	other	0
03_38	133	Response	7	12965437	4261	2
03_38	134	Picture	move	12965675	0	1	36491	3	0	next	other	0
03_38	134	Response	2	12991089	25414	1
03_38	134	Response	5	13002036	36361	2
03_38	135	Picture	loadClose	13002166	0	2	71152	3	0	next	other	0
03_38	135	Response	9	13073176	71010	1
03_38	136	Picture	view	13073318	0	1	4332	3	0	next	other	0
03_38	136	Response	7	13077396	4078	1
03_38	137	Picture	move	13077650	0	2	33326	3	0	next	other	0
03_38	137	Response	2	13105167	27517	1
03_38	137	Response	5	13110905	33255	2
03_38	138	Picture	loadClose	13110976	0	1	72651	2	0	next	other	0
03_38	138	Response	9	13183594	72618	2
03_38	139	Picture	view	13183627	0	1	4333	2	0	next	other	0
03_38	139	Response	7	13187834	4207	2
03_38	140	Picture	move	13187960	0	1	34992	2	0	next	other	0
03_38	140	Response	2	13213006	25046	1
03_38	140	Response	5	13222744	34784	1
03_38	141	Picture	loadClose	13222952	0	1	76483	2	0	next	other	0
03_38	141	Response	9	13299353	76401	2
03_38	142	Picture	view	13299435	0	1	4666	2	0	next	other	0
03_38	142	Response	7	13303923	4488	1
03_38	143	Picture	move	13304101	0	1	36325	2	0	next	other	0
03_38	143	Response	2	13332684	28583	1
03_38	143	Response	5	13340202	36101	2
03_38	144	Picture	loadClose	13340426	0	1	70485	2	0	next	other	0
03_38	144	Response	9	13410871	70445	2
03_38	145	Picture	view	13410911	0	1	5665	3	0	next	other	0
03_38	145	Response	7	13416321	5410	2
03_38	146	Picture	move	13416576	0	2	30483	181	0	next	other	0
03_38	146	Response	2	13441643	25067	1
03_38	146	Response	5	13447021	30445	2
03_38	147	Picture	loadClose	13447059	0	179	80493	180	0	next	other	0
03_38	147	Response	9	13527500	80441	2
03_38	148	Picture	view	13527552	0	1	5332	3	0	next	other	0
03_38	148	Response	7	13532680	5128	2
03_38	149	Picture	move	13532884	0	2	30660	4	0	next	other	0
03_38	149	Response	2	13559881	26997	1
03_38	149	Response	5	13563460	30576	1
03_38	150	Picture	loadClose	13563544	0	2	72985	3	0	next	other	0
03_38	150	Response	9	13636489	72945	1
03_38	151	Picture	view	13636529	0	1	5165	2	0	next	other	0
03_38	151	Response	7	13641519	4990	1
03_38	152	Picture	move	13641694	0	1	32826	3	0	next	other	0
03_38	152	Response	2	13665640	23946	1
03_38	152	Response	5	13674438	32744	2
03_38	153	Picture	loadClose	13674520	0	2	70485	3	0	next	other	0
03_38	153	Response	9	13744907	70387	2
03_38	154	Picture	view	13745005	0	1	5165	3	0	next	other	0
03_38	154	Response	7	13750077	5072	2
03_38	155	Picture	move	13750170	0	2	32314	182	0	next	other	0
03_38	155	Response	2	13770599	20429	1
03_38	155	Response	5	13782447	32277	2
03_38	156	Picture	loadClose	13782484	0	180	72330	181	0	next	other	0
03_38	156	Response	9	13854726	72242	2
03_38	157	Picture	view	13854814	0	1	8332	3	0	next	other	0
03_38	157	Response	7	13863036	8222	2
03_38	158	Picture	move	13863146	0	2	31993	3	0	next	other	0
03_38	158	Response	2	13888517	25371	1
03_38	158	Response	5	13895025	31879	2
03_38	159	Picture	loadClose	13895139	0	1	73650	3	0	next	other	0
03_38	159	Response	9	13968625	73486	1
03_38	160	Picture	view	13968789	0	2	4144	192	0	next	other	0
03_38	160	Response	7	13972854	4065	2
03_38	161	Picture	move	13972933	0	190	35348	191	0	next	other	0
03_38	161	Response	2	13996196	23263	1
03_38	161	Response	5	14008214	35281	2
03_38	162	Picture	endBlock	14008281	0	1	30160	2	0	next	other	0
03_38	163	Picture	begin	14038441	0	1	2752007	2	0	next	other	0
03_38	163	Response	7	14260891	222450	2
03_38	163	Response	8	14264391	225950	2
03_38	163	Response	6	16746630	2708189	2
03_38	163	Response	5	16747280	2708839	2
03_38	163	Response	8	16763540	2725099	2
03_38	163	Response	7	16763580	2725139	2
03_38	163	Response	6	16779710	2741269	2
03_38	163	Response	5	16779750	2741309	2
03_38	163	Quit		16789922	2751481


Event Type	Code	Type	Response	RT	RT Uncertainty	Time	Uncertainty	Duration	Uncertainty	ReqTime	ReqDur

Picture	begin	other				332	2	7459527	185	0	next
Picture	loadClose	other				7459859	183	194306	184	0	next
Picture	view	other				7654165	1	26994	2	0	next
Picture	move	other				7681159	1	49989	2	0	next
Picture	check	other				7731148	1	1167	2	0	next
Picture	loadClose	other				7732315	1	123473	2	0	next
Picture	view	other				7855788	1	4999	2	0	next
Picture	move	other				7860787	1	35992	2	0	next
Picture	loadClose	other				7896779	1	62653	2	0	next
Picture	view	other				7959432	1	6665	2	0	next
Picture	move	other				7966097	1	37658	3	0	next
Picture	loadClose	other				8003755	2	50490	3	0	next
Picture	view	other				8054245	1	5498	3	0	next
Picture	move	other				8059743	2	36450	212	0	next
Picture	loadClose	other				8096193	210	53531	211	0	next
Picture	view	other				8149724	1	5832	2	0	next
Picture	move	other				8155556	1	37158	2	0	next
Picture	loadClose	other				8192714	1	56821	2	0	next
Picture	view	other				8249535	1	4166	2	0	next
Picture	move	other				8253701	1	35326	2	0	next
Picture	loadClose	other				8289027	1	50322	2	0	next
Picture	view	other				8339349	1	4319	182	0	next
Picture	move	other				8343668	181	31340	182	0	next
Picture	loadClose	other				8375008	1	71151	2	0	next
Picture	view	other				8446159	1	4499	2	0	next
Picture	move	other				8450658	1	39825	2	0	next
Picture	loadClose	other				8490483	1	66985	2	0	next
Picture	view	other				8557468	1	4166	2	0	next
Picture	move	other				8561634	1	36825	2	0	next
Picture	loadClose	other				8598459	1	49656	2	0	next
Picture	view	other				8648115	1	5832	3	0	next
Picture	move	other				8653947	2	36659	3	0	next
Picture	loadClose	other				8690606	1	51655	2	0	next
Picture	view	other				8742261	1	5499	2	0	next
Picture	move	other				8747760	1	33160	2	0	next
Picture	loadClose	other				8780920	1	46989	2	0	next
Picture	view	other				8827909	1	5499	3	0	next
Picture	move	other				8833408	2	35159	3	0	next
Picture	loadClose	other				8868567	1	51156	2	0	next
Picture	view	other				8919723	1	4999	2	0	next
Picture	move	other				8924722	1	31493	2	0	next
Picture	loadClose	other				8956215	1	49489	2	0	next
Picture	view	other				9005704	1	4332	3	0	next
Picture	move	other				9010036	2	35159	4	0	next
Picture	loadClose	other				9045195	2	42658	3	0	next
Picture	view	other				9087853	1	4165	3	0	next
Picture	move	other				9092018	2	35993	3	0	next
Picture	loadClose	other				9128011	1	44157	2	0	next
Picture	view	other				9172168	1	4832	2	0	next
Picture	move	other				9177000	1	33476	185	0	next
Picture	loadClose	other				9210476	184	54671	185	0	next
Picture	view	other				9265147	1	4000	2	0	next
Picture	move	other				9269147	1	18329	2	0	next
Picture	wrongHand	false_alarm	6	2116	3	9287476	1	2333	2	0	next
Picture	loadClose	other				9289809	1	96979	2	0	next
Picture	view	other				9386788	1	5832	2	0	next
Picture	move	other				9392620	1	33992	2	0	next
Picture	loadClose	other				9426612	1	50989	2	0	next
Picture	view	other				9477601	1	3999	3	0	next
Picture	move	other				9481600	2	31993	3	0	next
Picture	loadClose	other				9513593	1	47490	2	0	next
Picture	view	other				9561083	1	4474	195	0	next
Picture	move	other				9565557	194	31146	401	0	next
Picture	loadClose	other				9596703	207	43029	209	0	next
Picture	view	other				9639732	2	5666	4	0	next
Picture	move	other				9645398	2	30493	3	0	next
Picture	loadClose	other				9675891	1	49989	2	0	next
Picture	view	other				9725880	1	3666	3	0	next
Picture	move	other				9729546	2	31160	3	0	next
Picture	loadClose	other				9760706	1	47156	3	0	next
Picture	view	other				9807862	2	3833	3	0	next
Picture	move	other				9811695	1	36805	189	0	next
Picture	loadClose	other				9848500	188	56175	189	0	next
Picture	view	other				9904675	1	4832	2	0	next
Picture	move	other				9909507	1	31971	191	0	next
Picture	loadClose	other				9941478	190	60509	191	0	next
Picture	view	other				10001987	1	4665	3	0	next
Picture	move	other				10006652	2	31660	3	0	next
Picture	endBlock	other				10038312	1	30160	3	0	next
Picture	begin	other				10068472	2	357756	3	0	next
Picture	loadClose	other				10426228	1	84981	2	0	next
Picture	view	other				10511209	1	5666	2	0	next
Picture	move	other				10516875	1	36825	2	0	next
Picture	check	other				10553700	1	8831	3	0	next
Picture	loadClose	other				10562531	2	70985	4	0	next
Picture	wrongHand	false_alarm	5	30439	4	10633516	2	30659	4	0	next
Picture	loadClose	other				10664175	2	111477	3	0	next
Picture	view	other				10775652	1	191458	2	0	next
Picture	wrongHand	false_alarm	6	12521	3	10967110	1	12664	2	0	next
Picture	loadClose	other				10979774	1	74484	2	0	next
Picture	view	other				11054258	1	5665	2	0	next
Picture	move	other				11059923	1	40658	2	0	next
Picture	loadClose	other				11100581	1	93813	2	0	next
Picture	view	other				11194394	1	11664	2	0	next
Picture	move	other				11206058	1	37658	3	0	next
Picture	loadClose	other				11243716	2	97312	4	0	next
Picture	view	other				11341028	2	6499	4	0	next
Picture	move	other				11347527	2	39158	3	0	next
Picture	loadClose	other				11386685	1	75984	2	0	next
Picture	view	other				11462669	1	6332	2	0	next
Picture	move	other				11469001	1	36492	2	0	next
Picture	loadClose	other				11505493	1	80649	2	0	next
Picture	view	other				11586142	1	5165	3	0	next
Picture	move	other				11591307	2	39825	3	0	next
Picture	loadClose	other				11631132	1	79483	2	0	next
Picture	view	other				11710615	1	5332	2	0	next
Picture	move	other				11715947	1	38825	2	0	next
Picture	loadClose	other				11754772	1	73984	2	0	next
Picture	view	other				11828756	1	4832	2	0	next
Picture	move	other				11833588	1	33992	3	0	next
Picture	loadClose	other				11867580	2	266109	3	0	next
Picture	view	other				12133689	1	5332	3	0	next
Picture	move	other				12139021	2	33826	3	0	next
Picture	loadClose	other				12172847	1	65319	3	0	next
Picture	view	other				12238166	2	4166	3	0	next
Picture	move	other				12242332	1	33493	2	0	next
Picture	loadClose	other				12275825	1	72984	2	0	next
Picture	view	other				12348809	1	4832	3	0	next
Picture	move	other				12353641	2	35159	3	0	next
Picture	loadClose	other				12388800	1	105144	2	0	next
Picture	view	other				12493944	1	4666	2	0	next
Picture	move	other				12498610	1	32492	3	0	next
Picture	loadClose	other				12531102	2	93480	3	0	next
Picture	view	other				12624582	1	4833	2	0	next
Picture	move	other				12629415	1	33159	2	0	next
Picture	loadClose	other				12662574	1	73817	2	0	next
Picture	view	other				12736391	1	4478	190	0	next
Picture	move	other				12740869	189	33180	191	0	next
Picture	loadClose	other				12774049	2	73485	3	0	next
Picture	view	other				12847534	1	4499	2	0	next
Picture	move	other				12852033	1	35659	2	0	next
Picture	loadClose	other				12887692	1	73484	2	0	next
Picture	view	other				12961176	1	4499	2	0	next
Picture	move	other				12965675	1	36491	3	0	next
Picture	loadClose	other				13002166	2	71152	3	0	next
Picture	view	other				13073318	1	4332	3	0	next
Picture	move	other				13077650	2	33326	3	0	next
Picture	loadClose	other				13110976	1	72651	2	0	next
Picture	view	other				13183627	1	4333	2	0	next
Picture	move	other				13187960	1	34992	2	0	next
Picture	loadClose	other				13222952	1	76483	2	0	next
Picture	view	other				13299435	1	4666	2	0	next
Picture	move	other				13304101	1	36325	2	0	next
Picture	loadClose	other				13340426	1	70485	2	0	next
Picture	view	other				13410911	1	5665	3	0	next
Picture	move	other				13416576	2	30483	181	0	next
Picture	loadClose	other				13447059	179	80493	180	0	next
Picture	view	other				13527552	1	5332	3	0	next
Picture	move	other				13532884	2	30660	4	0	next
Picture	loadClose	other				13563544	2	72985	3	0	next
Picture	view	other				13636529	1	5165	2	0	next
Picture	move	other				13641694	1	32826	3	0	next
Picture	loadClose	other				13674520	2	70485	3	0	next
Picture	view	other				13745005	1	5165	3	0	next
Picture	move	other				13750170	2	32314	182	0	next
Picture	loadClose	other				13782484	180	72330	181	0	next
Picture	view	other				13854814	1	8332	3	0	next
Picture	move	other				13863146	2	31993	3	0	next
Picture	loadClose	other				13895139	1	73650	3	0	next
Picture	view	other				13968789	2	4144	192	0	next
Picture	move	other				13972933	190	35348	191	0	next
Picture	endBlock	other				14008281	1	30160	2	0	next
Picture	begin	other				14038441	1	2752007	2	0	next
